140, 10, 10, 10, 15, 15, 55, 10, 15, 10, 40, 25, 15, 10
Number of fish expected: 1480
140, 10
Number of fish expected: 1480
5, 0, 0, 0, 0, 5, 135, 0, 0, 0, 0
Number of fish expected: 1969
5, 0, 0, 0, 0
Number of fish expected: 1969
5, 0, 0
Number of fish expected: 1969
0, 0, 0, 0, 0, 0, 0, 0, 0, 0, 0, 0, 0, 0, 0, 0, 780, 0, 0, 0, 0, 0, 0, 0, 0
Number of fish expected: 13884
0, 0, 0, 0, 0, 0, 0, 0, 0, 0, 0, 0
Number of fish expected: 13884
0, 0, 0, 0, 0, 0, 0, 0, 0
Number of fish expected: 13884
0, 0, 0, 0, 0, 0, 0, 0, 0, 0
Number of fish expected: 13884
0, 0, 0, 0, 0, 0, 0, 0, 0, 0, 0, 0, 0, 0, 0, 0, 780, 0, 0
Number of fish expected: 13884
0, 0, 0, 0, 0, 0, 0, 0, 0, 0, 0, 0, 0, 0, 0, 0, 780, 0, 0, 0
Number of fish expected: 13884
0, 0, 0, 0, 0, 0, 0, 0, 0, 0, 0, 0, 0, 0, 0, 0
Number of fish expected: 13884
0, 0
Number of fish expected: 13884
0, 0, 0, 0, 0, 0, 0, 0, 0, 0, 0, 0, 0, 0, 0, 0, 780, 0, 0, 0
Number of fish expected: 13884
0, 0, 0, 0, 0, 0, 0, 0, 0, 0, 0, 0, 0
Number of fish expected: 13884
0, 0, 0, 0, 0, 0, 0, 0, 0, 0, 0, 0, 0, 0, 0, 0, 780, 0, 0, 0, 0, 0
Number of fish expected: 13884
0, 0, 0, 0
Number of fish expected: 13884
0, 0, 0, 0, 0, 0, 0, 0, 0, 0, 0, 0, 0, 0, 0
Number of fish expected: 13884
0, 0, 0, 0, 0, 0, 0, 0, 0, 0, 0, 0, 0, 0, 0, 0, 780, 0, 0, 0, 0, 0, 0, 0
Number of fish expected: 13884
0, 0, 0, 0, 0, 0
Number of fish expected: 13884
0, 0, 0, 0, 0, 0, 0, 0, 0, 0, 0, 0, 0, 0, 0, 0
Number of fish expected: 13884
0, 0, 0, 0, 0, 0, 0, 0, 0, 0, 0, 0, 0, 0, 0, 0, 780, 0, 0, 0, 0, 0, 0, 0
Number of fish expected: 13884
0, 0
Number of fish expected: 13884
0, 0, 0, 0, 0, 0, 0, 0, 0, 0, 0, 0, 0, 0, 0, 0, 780, 0, 0, 0
Number of fish expected: 13884
0, 0, 0, 0, 0, 0, 0, 0, 0, 0, 0, 0, 0
Number of fish expected: 13884
0, 0, 0, 0, 0, 0, 0, 0, 0, 0, 0, 0, 0
Number of fish expected: 13884
0, 0, 0, 0, 0, 0, 0, 0
Number of fish expected: 13884
0, 0, 0, 0, 0, 0, 0, 0, 0, 0, 0
Number of fish expected: 13884
0, 0, 0, 0, 0, 0, 0, 0, 0
Number of fish expected: 13884
0, 0, 0, 0, 0, 0, 0
Number of fish expected: 13884
0, 0, 0, 0, 0, 0, 0, 0, 0, 0, 0, 0, 0, 0, 0, 0, 780, 0, 0, 0, 0, 0, 0, 0, 0
Number of fish expected: 13884
0, 0, 0, 0, 0, 0, 0, 0, 0, 0, 0, 0, 0, 0, 0, 0, 780, 0, 0, 0, 0, 0, 0, 0, 0
Number of fish expected: 13884
0, 0, 0, 0, 0, 0, 0, 0, 0, 0, 0, 0, 0, 0, 0, 0, 780, 0, 0, 0, 0, 0, 0, 0, 0
Number of fish expected: 13884
0, 0, 0, 0, 0, 0, 0, 0, 0, 0, 0, 0, 0, 0, 0, 0, 780, 0, 0, 0, 0, 0, 0, 0, 0
Number of fish expected: 13884
0, 0, 0, 0, 0, 0, 0, 0, 0, 0, 0, 0, 0, 0, 0, 0, 780, 0, 0, 0, 0, 0, 0, 0, 0
Number of fish expected: 13884
0, 0, 0, 0, 0, 0, 0, 0, 0, 0, 0, 0, 0, 0, 0, 0, 780, 0, 0, 0, 0, 0, 0, 0, 0
Number of fish expected: 13884
0, 0, 0, 0, 0, 0, 0, 0, 0, 0, 0, 0, 0, 0, 0, 0, 780, 0, 0, 0, 0, 0, 0, 0, 0
Number of fish expected: 13884
0, 0, 0, 0, 0, 0, 0, 0, 0, 0, 0, 0, 0, 0, 0, 0, 780, 0, 0, 0, 0, 0, 0, 0, 0
Number of fish expected: 13884
0, 0, 0, 0, 0, 0, 0, 0, 0, 0, 0, 0, 0, 0, 0, 0, 780, 0, 0, 0, 0, 0, 0, 0, 0
Number of fish expected: 13884
0, 0, 0, 0, 0, 0, 0, 0, 0, 0, 0, 0, 0, 0, 0, 0, 780, 0, 0, 0, 0, 0, 0, 0, 0
Number of fish expected: 13884
0, 0, 0, 0, 0, 0, 0, 0, 0, 0, 0, 0, 0, 0, 0, 0, 780, 0, 0, 0, 0, 0, 0, 0, 0
Number of fish expected: 13884
0, 0, 0, 0, 0, 0, 0, 0, 0, 0, 0, 0, 0, 0, 0, 0, 780, 0, 0, 0, 0, 0, 0, 0, 0
Number of fish expected: 13884
0, 0, 0, 0, 0, 0, 0, 0, 0, 0, 0, 0, 0, 0, 0, 0, 780, 0, 0, 0, 0, 0, 0, 0, 0
Number of fish expected: 13884
0, 0, 0, 0, 0, 0, 0, 0, 0, 0, 0, 0, 0, 0, 0, 0, 780, 0, 0, 0, 0, 0, 0, 0, 0
Number of fish expected: 13884
0, 0, 0, 0, 0, 0, 0, 0, 0, 0, 0, 0, 0, 0, 0, 0, 780, 0, 0, 0, 0, 0, 0, 0, 0
Number of fish expected: 13884
0, 0, 0, 0, 0, 0, 0, 0, 0, 0, 0, 0, 0, 0, 0, 0, 780, 0, 0, 0, 0, 0, 0, 0, 0
Number of fish expected: 13884
0, 0, 0, 0, 0, 0, 0, 0, 0, 0, 0, 0, 0, 0, 0, 0, 780, 0, 0, 0, 0, 0, 0, 0, 0
Number of fish expected: 13884
0, 0, 0, 0, 0, 0, 0, 0, 0, 0, 0, 0, 0, 0, 0, 0, 780, 0, 0, 0, 0, 0, 0, 0, 0
Number of fish expected: 13884
0, 0, 0, 0, 0, 0, 0, 0, 0, 0, 0, 0, 0, 0, 0, 0, 780, 0, 0, 0, 0, 0, 0, 0, 0
Number of fish expected: 13884
0, 0, 0, 0, 0, 0, 0, 0, 0, 0, 0, 0, 0, 0, 0, 0, 780, 0, 0, 0, 0, 0, 0, 0, 0
Number of fish expected: 13884
0, 0, 0, 0, 0, 0, 0, 0, 0, 0, 0, 0, 0, 0, 0, 0, 780, 0, 0, 0, 0, 0, 0, 0, 0
Number of fish expected: 13884
0, 0, 0, 0, 0, 0, 0, 0, 0, 0, 0, 0, 0, 0, 0, 0, 780, 0, 0, 0, 0, 0, 0, 0, 0
Number of fish expected: 13884
0, 0, 0, 0, 0, 0, 0, 0, 0, 0, 0, 0, 0, 0, 0, 0, 780, 0, 0, 0, 0, 0, 0, 0, 0
Number of fish expected: 13884
0, 0, 0, 0, 0, 0, 0, 0, 0, 0, 0, 0, 0, 0, 0, 0, 780, 0, 0, 0, 0, 0, 0, 0, 0
Number of fish expected: 13884
0, 0, 0, 0, 0, 0, 0, 0, 0, 0, 0, 0, 0, 0, 0, 0, 780, 0, 0, 0, 0, 0, 0, 0, 0
Number of fish expected: 13884
0, 0, 0, 0, 0, 0, 0, 0, 0, 0, 0, 0, 0, 0, 0, 0, 780, 0, 0, 0, 0, 0, 0, 0, 0
Number of fish expected: 13884
0, 0, 0, 0, 0, 0, 0, 0, 0, 0, 0, 0, 0, 0, 0, 0, 780, 0, 0, 0, 0, 0, 0, 0, 0
Number of fish expected: 13884
0, 0, 0, 0, 0, 0, 0, 0, 0, 0, 0, 0, 0, 0, 0, 0, 780, 0, 0, 0, 0, 0, 0, 0, 0
Number of fish expected: 13884
0, 0, 0, 0, 0, 0, 0, 0, 0, 0, 0, 0, 0, 0, 0, 0, 780, 0, 0, 0, 0, 0, 0, 0, 0
Number of fish expected: 13884
0, 0, 0, 0, 0, 0, 0, 0, 0, 0, 0, 0, 0, 0, 0, 0, 780, 0, 0, 0, 0, 0, 0, 0, 0
Number of fish expected: 13884
0, 0, 0, 0, 0, 0, 0, 0, 0, 0, 0, 0, 0, 0, 0, 0, 780, 0, 0, 0, 0, 0, 0, 0, 0
Number of fish expected: 13884
0, 0, 0, 0, 0, 0, 0, 0, 0, 0, 0, 0, 0, 0, 0, 0, 780, 0, 0, 0, 0, 0, 0, 0, 0
Number of fish expected: 13884
0, 0, 0, 0, 0, 0, 0, 0, 0, 0, 0, 0, 0, 0, 0, 0, 780, 0, 0, 0, 0, 0, 0, 0, 0
Number of fish expected: 13884
0, 0, 0, 0, 0, 0, 0, 0, 0, 0, 0, 0, 0, 0, 0, 0, 780, 0, 0, 0, 0, 0, 0, 0, 0
Number of fish expected: 13884
0, 0, 0, 0, 0, 0, 0, 0, 0, 0, 0, 0, 0, 0, 0, 0, 780, 0, 0, 0, 0, 0, 0, 0, 0
Number of fish expected: 13884
0, 0, 0, 0, 0, 0, 0, 0, 0, 0, 0, 0, 0, 0, 0, 0, 780, 0, 0, 0, 0, 0, 0, 0, 0
Number of fish expected: 13884
0, 0, 0, 0, 0, 0, 0, 0, 0, 0, 0, 0, 0, 0, 0, 0, 780, 0, 0, 0, 0, 0, 0, 0, 0
Number of fish expected: 13884
0, 0, 0, 0, 0, 0, 0, 0, 0, 0, 0, 0, 0, 0, 0, 0, 780, 0, 0, 0, 0, 0, 0, 0, 0
Number of fish expected: 13884
0, 0, 0, 0, 0, 0, 0, 0, 0, 0, 0, 0, 0, 0, 0, 0, 780, 0, 0, 0, 0, 0, 0, 0, 0
Number of fish expected: 13884
0, 0, 0, 0, 0, 0, 0, 0, 0, 0, 0, 0, 0, 0, 0, 0, 780, 0, 0, 0, 0, 0, 0, 0, 0
Number of fish expected: 13884
0, 0, 0, 0, 0, 0, 0, 0, 0, 0, 0, 0, 0, 0, 0, 0, 780, 0, 0, 0, 0, 0, 0, 0, 0
Number of fish expected: 13884
0, 0, 0, 0, 0, 0, 0, 0, 0, 0, 0, 0, 0, 0, 0, 0, 780, 0, 0, 0, 0, 0, 0, 0, 0
Number of fish expected: 13884
0, 0, 0, 0, 0, 0, 0, 0, 0, 0, 0, 0, 0, 0, 0, 0, 780, 0, 0, 0, 0, 0, 0, 0, 0
Number of fish expected: 13884
0, 0, 0, 0, 0, 0, 0, 0, 0, 0, 0, 0, 0, 0, 0, 0, 780, 0, 0, 0, 0, 0, 0, 0, 0
Number of fish expected: 13884
0, 0, 0, 0, 0, 0, 0, 0, 0, 0, 0, 0, 0, 0, 0, 0, 780, 0, 0, 0, 0, 0, 0, 0, 0
Number of fish expected: 13884
0, 0, 0, 0, 0, 0, 0, 0, 0, 0, 0, 0, 0, 0, 0, 0, 780, 0, 0, 0, 0, 0, 0, 0, 0
Number of fish expected: 13884
0, 0, 0, 0, 0, 0, 0, 0, 0, 0, 0, 0, 0, 0, 0, 0, 780, 0, 0, 0, 0, 0, 0, 0, 0
Number of fish expected: 13884
0, 0, 0, 0, 0, 0, 0, 0, 0, 0, 0, 0, 0, 0, 0, 0, 780, 0, 0, 0, 0, 0, 0, 0, 0
Number of fish expected: 13884
0, 0, 0, 0, 0, 0, 0, 0, 0, 0, 0, 0, 0, 0, 0, 0, 780, 0, 0, 0, 0, 0, 0, 0, 0
Number of fish expected: 13884
0, 0, 0, 0, 0, 0, 0, 0, 0, 0, 0, 0, 0, 0, 0, 0, 780, 0, 0, 0, 0, 0, 0, 0, 0
Number of fish expected: 13884
0, 0, 0, 0, 0, 0, 0, 0, 0, 0, 0, 0, 0, 0, 0, 0, 780, 0, 0, 0, 0, 0, 0, 0, 0
Number of fish expected: 13884
0, 0, 0, 0, 0, 0, 0, 0, 0, 0, 0, 0, 0, 0, 0, 0, 780, 0, 0, 0, 0, 0, 0, 0, 0
Number of fish expected: 13884
0, 0, 0, 0, 0, 0, 0, 0, 0, 0, 0, 0, 0, 0, 0, 0, 780, 0, 0, 0, 0, 0, 0, 0, 0
Number of fish expected: 13884
0, 0, 0, 0, 0, 0, 0, 0, 0, 0, 0, 0, 0, 0, 0, 0, 780, 0, 0, 0, 0, 0, 0, 0, 0
Number of fish expected: 13884
0, 0, 0, 0, 0, 0, 0, 0, 0, 0, 0, 0, 0, 0, 0, 0, 780, 0, 0, 0, 0, 0, 0, 0, 0
Number of fish expected: 13884
0, 0, 0, 0, 0, 0, 0, 0, 0, 0, 0, 0, 0, 0, 0, 0, 780, 0, 0, 0, 0, 0, 0, 0, 0
Number of fish expected: 13884
0, 0, 0, 0, 0, 0, 0, 0, 0, 0, 0, 0, 0, 0, 0, 0, 780, 0, 0, 0, 0, 0, 0, 0, 0
Number of fish expected: 13884
0, 0, 0, 0, 0, 0, 0, 0, 0, 0, 0, 0, 0, 0, 0, 0, 780, 0, 0, 0, 0, 0, 0, 0, 0
Number of fish expected: 13884
0, 0, 0, 0, 0, 0, 0, 0, 0, 0, 0, 0, 0, 0, 0, 0, 780, 0, 0, 0, 0, 0, 0, 0, 0
Number of fish expected: 13884
0, 0, 0, 0, 0, 0, 0, 0, 0, 0, 0, 0, 0, 0, 0, 0, 780, 0, 0, 0, 0, 0, 0, 0, 0
Number of fish expected: 13884
0, 0
Number of fish expected: 13884
0, 0, 0
Number of fish expected: 13884
0, 0, 0, 0, 0, 0, 0
Number of fish expected: 13884
0, 0, 0, 0, 0, 0, 0, 0, 0, 0, 0, 0, 0, 0
Number of fish expected: 13884
0, 0, 0, 0, 0, 0, 0, 0, 0, 0, 0, 0, 0, 0, 0
Number of fish expected: 13884
0, 0, 0, 0, 0, 0, 0, 0, 0
Number of fish expected: 13884
0, 0, 0, 0, 0, 0, 0, 0, 0, 0, 0, 0, 0, 0, 0, 0, 780, 0, 0, 0, 0, 0, 0
Number of fish expected: 13884
0, 0, 0
Number of fish expected: 13884
0, 0, 0, 0, 0, 0, 0, 0, 0, 0, 0
Number of fish expected: 13884
0, 0, 0, 0, 0, 0, 0, 0, 0, 0, 0, 0, 0, 0, 0
Number of fish expected: 13884
0, 0, 0, 0, 0, 0, 0, 0, 0, 0, 0, 0, 0, 0, 0, 0, 780, 0, 0, 0, 0, 0, 0, 0
Number of fish expected: 13884
0, 0, 0, 0, 0, 0, 0, 0, 0, 0, 0, 0, 0, 0, 0, 0, 780, 0, 0, 0, 0, 0, 0, 0, 0
Number of fish expected: 13884
0, 0, 0, 0, 0, 0, 0, 0, 0, 0, 0, 0, 0, 0, 0, 0, 780, 0, 0, 0, 0, 0, 0
Number of fish expected: 13884
0, 0, 0, 0, 0, 0, 0, 0, 0, 0, 0, 0, 0, 0, 0, 0, 780, 0, 0, 0, 0, 0, 0, 0, 0
Number of fish expected: 13884
0, 0, 0, 0, 0, 0, 0, 0, 0, 0, 0, 0, 0, 0, 0, 0, 780, 0, 0, 0, 0, 0, 0
Number of fish expected: 13884
0, 0, 0, 0, 0, 0, 0, 0, 0, 0, 0, 0, 0, 0, 0, 0, 780, 0
Number of fish expected: 13884
0, 0, 0, 0, 0
Number of fish expected: 13884
0, 0, 0, 0, 0, 0, 0, 0, 0, 0, 0, 0, 0, 0, 0, 0, 780, 0, 0
Number of fish expected: 13884
0, 0, 0, 0, 0, 0, 0, 0, 0, 0, 0, 0, 0, 0, 0, 0
Number of fish expected: 13884
0, 0, 0
Number of fish expected: 13884
0, 0, 0, 0, 0, 0
Number of fish expected: 13884
0, 0, 0, 0, 0, 0, 0, 0, 0, 0
Number of fish expected: 13884
0, 0, 0, 0, 0, 0, 0, 0, 0
Number of fish expected: 13884
0, 0, 0
Number of fish expected: 13884
0, 0, 0, 0, 0, 0, 0
Number of fish expected: 13884
0, 0, 0, 0, 0, 0, 0, 0, 0, 0, 0, 0, 0, 0, 0, 0, 780, 0, 0, 0, 0, 0, 0
Number of fish expected: 13884
0, 0, 0, 0, 0, 0, 0, 0, 0, 0, 0, 0, 0, 0, 0, 0, 780, 0, 0, 0
Number of fish expected: 13884
0, 0, 0, 0
Number of fish expected: 13884
0, 0, 0, 0, 0, 0, 0, 0, 0, 0
Number of fish expected: 13884
0, 0, 0, 0
Number of fish expected: 13884
0, 0, 0, 0, 0, 0, 0, 0, 0, 0, 0, 0, 0
Number of fish expected: 13884
0, 0
Number of fish expected: 13884
0, 0, 0, 0, 0, 0, 0, 0, 0, 0, 0, 0, 0, 0
Number of fish expected: 13884
0, 0, 0, 0, 0, 0, 0, 0, 0, 0, 0, 0, 0, 0, 0, 0, 780, 0, 0, 0, 0, 0, 0, 0
Number of fish expected: 13884
0, 0, 0, 0, 0, 0, 0, 0, 0, 0
Number of fish expected: 13884
0, 0, 0, 0, 0, 0, 0, 0, 0, 0, 0, 0
Number of fish expected: 13884
0, 0, 0, 0, 0, 0, 0, 0, 0, 0, 0, 0, 0
Number of fish expected: 13884
0, 0, 0, 0, 0, 0, 0, 0, 0, 0, 0, 0, 0, 0
Number of fish expected: 13884
0, 0, 0, 0, 0, 0, 0, 0, 0, 0
Number of fish expected: 13884
0, 0, 0, 0, 0, 0, 0, 0
Number of fish expected: 13884
0, 0, 0, 0, 0, 0, 0, 0, 0, 0, 0, 0, 0, 0, 0, 0, 780
Number of fish expected: 13884
0, 0, 0, 0, 0, 0, 0, 0, 0, 0, 0, 0, 0, 0, 0, 0, 780, 0, 0, 0, 0, 0, 0
Number of fish expected: 13884
0, 0, 0, 0, 0, 0, 0, 0, 0, 0, 0, 0, 0, 0, 0, 0, 780, 0, 0
Number of fish expected: 13884
0, 0, 0, 0, 0, 0, 0, 0, 0, 0, 0, 0, 0, 0
Number of fish expected: 13884
0, 0, 0, 0, 0
Number of fish expected: 13884
0, 0, 0, 0, 0, 0, 0, 0, 0, 0, 0
Number of fish expected: 13884
0, 0, 0, 0, 0, 0, 0, 0, 0, 0
Number of fish expected: 13884
0, 0, 0, 0, 0, 0, 0, 0, 0, 0, 0, 0, 0, 0, 0, 0, 780, 0, 0, 0, 0
Number of fish expected: 13884
0, 0, 0, 0, 0, 0, 0, 0, 0, 0, 0, 0, 0, 0, 0, 0, 780
Number of fish expected: 13884
0, 0, 0, 0, 0, 0, 0, 0, 0, 0, 0, 0, 0, 0
Number of fish expected: 13884
0, 0, 0, 0, 0, 0, 0, 0, 0, 0, 0, 0, 0, 0
Number of fish expected: 13884
0, 0, 0, 0, 0, 0, 0, 0, 0, 0, 0, 0
Number of fish expected: 13884
0, 0, 0, 0, 0, 0, 0, 0, 0, 0
Number of fish expected: 13884
0, 0, 0, 0, 0, 0, 0, 0, 0, 0, 0, 0, 0, 0, 0, 0, 780
Number of fish expected: 13884
0, 0, 0, 0, 0, 0, 0, 0, 0, 0, 0
Number of fish expected: 13884
0, 0, 0, 0, 0, 0, 0, 0, 0, 0, 0, 0, 0, 0, 0, 0, 780, 0, 0, 0, 0
Number of fish expected: 13884
0, 0, 0, 0, 0, 0, 0, 0, 0, 0, 0, 0, 0, 0
Number of fish expected: 13884
0, 0, 0, 0, 0, 0, 0, 0, 0, 0, 0
Number of fish expected: 13884
0, 0, 0, 0, 0, 0, 0, 0, 0, 0, 0, 0, 0, 0, 0, 0, 780, 0, 0, 0, 0, 0, 0, 0, 0
Number of fish expected: 13884
0, 0, 0, 0, 0, 0, 0, 0, 0, 0, 0, 0, 0
Number of fish expected: 13884
0, 0, 0, 0, 0, 0, 0, 0, 0, 0, 0
Number of fish expected: 13884
0, 0, 0, 0, 0, 0, 0, 0, 0, 0, 0, 0, 0, 0, 0, 0
Number of fish expected: 13884
0, 0, 0, 0, 0, 0, 0, 0, 0, 0, 0, 0, 0, 0, 0, 0, 780, 0, 0, 0, 0, 0, 0, 0, 0
Number of fish expected: 13884
0, 0, 0, 0, 0, 0, 0, 0, 0, 0, 0, 0, 0, 0, 0, 0, 780, 0, 0, 0, 0, 0, 0, 0, 0
Number of fish expected: 13884
0, 0, 0, 0, 0, 0, 0, 0, 0, 0, 0, 0, 0, 0, 0, 0, 780, 0, 0, 0, 0, 0, 0, 0, 0
Number of fish expected: 13884
0, 0, 0, 0, 0, 0, 0, 0, 0, 0, 0, 0, 0, 0, 0, 0, 780, 0, 0, 0, 0, 0, 0, 0, 0
Number of fish expected: 13884
0, 0, 0, 0, 0, 0, 0, 0, 0, 0, 0, 0, 0, 0, 0, 0, 780, 0, 0, 0, 0, 0, 0, 0, 0
Number of fish expected: 13884
0, 0, 0, 0, 0, 0, 0, 0, 0, 0, 0, 0, 0, 0, 0, 0, 780, 0, 0, 0, 0, 0, 0, 0, 0
Number of fish expected: 13884
0, 0, 0, 0, 0, 0, 0, 0, 0, 0, 0, 0, 0, 0, 0, 0, 780, 0, 0, 0, 0, 0, 0, 0, 0
Number of fish expected: 13884
0, 0, 0, 0, 0, 0, 0, 0, 0, 0, 0, 0, 0, 0, 0, 0, 780, 0, 0, 0, 0, 0, 0, 0, 0
Number of fish expected: 13884
0, 0, 0, 0, 0, 0, 0, 0, 0, 0, 0, 0, 0, 0, 0, 0, 780, 0, 0, 0, 0, 0, 0, 0, 0
Number of fish expected: 13884
0, 0, 0, 0, 0, 0, 0, 0, 0, 0, 0, 0, 0, 0, 0, 0, 780, 0, 0, 0, 0, 0, 0, 0, 0
Number of fish expected: 13884
0, 0, 0, 0, 0, 0, 0, 0, 0, 0, 0, 0, 0, 0, 0, 0, 780, 0, 0, 0, 0, 0, 0, 0, 0
Number of fish expected: 13884
0, 0, 0, 0, 0, 0, 0, 0, 0, 0, 0, 0, 0, 0, 0, 0, 780, 0, 0, 0, 0, 0, 0, 0, 0
Number of fish expected: 13884
0, 0, 0, 0, 0, 0, 0, 0, 0, 0, 0, 0, 0, 0, 0, 0, 780, 0, 0, 0, 0, 0, 0, 0, 0
Number of fish expected: 13884
0, 0, 0, 0, 0, 0, 0, 0, 0, 0, 0, 0, 0, 0, 0, 0, 780, 0, 0, 0, 0, 0, 0, 0, 0
Number of fish expected: 13884
0, 0, 0, 0, 0, 0, 0, 0, 0, 0, 0, 0, 0, 0, 0, 0, 780, 0, 0, 0, 0, 0, 0, 0, 0
Number of fish expected: 13884
0, 0, 0, 0, 0, 0, 0, 0, 0, 0, 0, 0, 0, 0, 0, 0, 780, 0, 0, 0, 0, 0, 0, 0, 0
Number of fish expected: 13884
0, 0, 0, 0, 0, 0, 0, 0, 0, 0, 0, 0, 0, 0, 0, 0, 780, 0, 0, 0, 0, 0, 0, 0, 0
Number of fish expected: 13884
0, 0, 0, 0, 0, 0, 0, 0, 0, 0, 0, 0, 0, 0, 0, 0, 780, 0, 0, 0, 0, 0, 0, 0, 0
Number of fish expected: 13884
0, 0, 0, 0, 0, 0, 0, 0, 0, 0, 0, 0, 0, 0, 0, 0, 780, 0, 0, 0, 0, 0, 0, 0, 0
Number of fish expected: 13884
0, 0, 0, 0, 0, 0, 0, 0, 0, 0, 0, 0, 0, 0, 0, 0, 780, 0, 0, 0, 0, 0, 0, 0, 0
Number of fish expected: 13884
0, 0, 0, 0, 0, 0, 0, 0, 0, 0, 0, 0, 0, 0, 0, 0, 780, 0, 0, 0, 0, 0, 0, 0, 0
Number of fish expected: 13884
0, 0, 0, 0, 0, 0, 0, 0, 0, 0, 0, 0, 0, 0, 0, 0, 780, 0, 0, 0, 0, 0, 0, 0, 0
Number of fish expected: 13884
0, 0, 0, 0, 0, 0, 0, 0, 0, 0, 0, 0, 0, 0, 0, 0, 780, 0, 0, 0, 0, 0, 0, 0, 0
Number of fish expected: 13884
0, 0, 0, 0, 0, 0, 0, 0, 0, 0, 0, 0, 0, 0, 0, 0, 780, 0, 0, 0, 0, 0, 0, 0, 0
Number of fish expected: 13884
0, 0, 0, 0, 0, 0, 0, 0, 0, 0, 0, 0, 0, 0, 0, 0, 780, 0, 0, 0, 0, 0, 0, 0, 0
Number of fish expected: 13884
0, 0, 0, 0, 0, 0, 0, 0, 0, 0, 0, 0, 0, 0, 0, 0, 780, 0, 0, 0, 0, 0, 0, 0, 0
Number of fish expected: 13884
0, 0, 0, 0, 0, 0, 0, 0, 0, 0, 0, 0, 0, 0, 0, 0, 780, 0, 0, 0, 0, 0, 0, 0, 0
Number of fish expected: 13884
0, 0, 0, 0, 0, 0, 0, 0, 0, 0, 0, 0, 0, 0, 0, 0, 780, 0, 0, 0, 0, 0, 0, 0, 0
Number of fish expected: 13884
0, 0, 0, 0, 0, 0, 0, 0, 0, 0, 0, 0, 0, 0, 0, 0, 780, 0, 0, 0, 0, 0, 0, 0, 0
Number of fish expected: 13884
0, 0, 0, 0, 0, 0, 0, 0, 0, 0, 0, 0, 0, 0, 0, 0, 780, 0, 0, 0, 0, 0, 0, 0, 0
Number of fish expected: 13884
0, 0, 0, 0, 0, 0, 0, 0, 0, 0, 0, 0, 0, 0, 0, 0, 780, 0, 0, 0, 0, 0, 0, 0, 0
Number of fish expected: 13884
0, 0, 0, 0, 0, 0, 0, 0, 0, 0, 0, 0, 0, 0, 0, 0, 780, 0, 0, 0, 0, 0, 0, 0, 0
Number of fish expected: 13884
0, 0, 0, 0, 0, 0, 0, 0, 0, 0, 0, 0, 0, 0, 0, 0, 780, 0, 0, 0, 0, 0, 0, 0, 0
Number of fish expected: 13884
0, 0, 0, 0, 0, 0, 0, 0, 0, 0, 0, 0, 0, 0, 0, 0, 780, 0, 0, 0, 0, 0, 0, 0, 0
Number of fish expected: 13884
0, 0, 0, 0, 0, 0, 0, 0, 0, 0, 0, 0, 0, 0, 0, 0, 780, 0, 0, 0, 0, 0, 0, 0, 0
Number of fish expected: 13884
0, 0, 0, 0, 0, 0, 0, 0, 0, 0, 0, 0, 0, 0, 0, 0, 780, 0, 0, 0, 0, 0, 0, 0, 0
Number of fish expected: 13884
0, 0, 0, 0, 0, 0, 0, 0, 0, 0, 0, 0, 0, 0, 0, 0, 780, 0, 0, 0, 0, 0, 0, 0, 0
Number of fish expected: 13884
0, 0, 0, 0, 0, 0, 0, 0, 0, 0, 0, 0, 0, 0, 0, 0, 780, 0, 0, 0, 0, 0, 0, 0, 0
Number of fish expected: 13884
0, 0, 0, 0, 0, 0, 0, 0, 0, 0, 0, 0, 0, 0, 0, 0, 780, 0, 0, 0, 0, 0, 0, 0, 0
Number of fish expected: 13884
0, 0, 0, 0, 0, 0, 0, 0, 0, 0, 0, 0, 0, 0, 0, 0, 780, 0, 0, 0, 0, 0, 0, 0, 0
Number of fish expected: 13884
0, 0, 0, 0, 0, 0, 0, 0, 0, 0, 0, 0, 0, 0, 0, 0, 780, 0, 0, 0, 0, 0, 0, 0, 0
Number of fish expected: 13884
0, 0, 0, 0, 0, 0, 0, 0, 0, 0, 0, 0, 0, 0, 0, 0, 780, 0, 0, 0, 0, 0, 0, 0, 0
Number of fish expected: 13884
0, 0, 0, 0, 0, 0, 0, 0, 0, 0, 0, 0, 0, 0, 0, 0, 780, 0, 0, 0, 0, 0, 0, 0, 0
Number of fish expected: 13884
0, 0, 0, 0, 0, 0, 0, 0, 0, 0, 0, 0, 0, 0, 0, 0, 780, 0, 0, 0, 0, 0, 0, 0, 0
Number of fish expected: 13884
0, 0, 0, 0, 0, 0, 0, 0, 0, 0, 0, 0, 0, 0, 0, 0, 780, 0, 0, 0, 0, 0, 0, 0, 0
Number of fish expected: 13884
0, 0, 0, 0, 0, 0, 0, 0, 0, 0, 0, 0, 0, 0, 0, 0, 780, 0, 0, 0, 0, 0, 0, 0, 0
Number of fish expected: 13884
0, 0, 0, 0, 0, 0, 0, 0, 0, 0, 0, 0, 0, 0, 0, 0, 780, 0, 0, 0, 0, 0, 0, 0, 0
Number of fish expected: 13884
0, 0, 0, 0, 0, 0, 0, 0, 0, 0, 0, 0, 0, 0, 0, 0, 780, 0, 0, 0, 0, 0, 0, 0, 0
Number of fish expected: 13884
0, 0, 0, 0, 0, 0, 0, 0, 0, 0, 0, 0, 0, 0, 0, 0, 780, 0, 0, 0, 0, 0, 0, 0, 0
Number of fish expected: 13884
0, 0, 0, 0, 0, 0, 0, 0, 0, 0, 0, 0, 0, 0, 0, 0, 780, 0, 0, 0, 0, 0, 0, 0, 0
Number of fish expected: 13884
0, 0, 0, 0, 0, 0, 0, 0, 0, 0, 0, 0, 0, 0, 0, 0, 780, 0, 0, 0, 0, 0, 0, 0, 0
Number of fish expected: 13884
0, 0, 0, 0, 0, 0, 0, 0, 0, 0, 0, 0, 0, 0, 0, 0, 780, 0, 0, 0, 0, 0, 0, 0, 0
Number of fish expected: 13884
0, 0, 0, 0, 0, 0, 0, 0, 0, 0, 0, 0, 0, 0, 0, 0, 780, 0, 0, 0, 0, 0, 0, 0, 0
Number of fish expected: 13884
0, 0, 0, 0, 0, 0, 0, 0, 0, 0, 0, 0, 0, 0, 0, 0, 780, 0, 0, 0, 0, 0, 0, 0, 0
Number of fish expected: 13884
0, 0, 0, 0, 0, 0, 0, 0, 0, 0, 0, 0, 0, 0, 0, 0, 780, 0, 0, 0, 0, 0, 0, 0, 0
Number of fish expected: 13884
0, 0, 0, 0, 0, 0, 0, 0, 0, 0, 0, 0, 0, 0, 0, 0, 780, 0, 0, 0, 0, 0, 0, 0, 0
Number of fish expected: 13884
0, 0, 0, 0, 0, 0, 0, 0, 0, 0, 0, 0, 0, 0, 0, 0, 780, 0, 0, 0, 0, 0, 0, 0, 0
Number of fish expected: 13884
0, 0, 0, 0, 0, 0, 0, 0, 0, 0, 0, 0, 0, 0, 0, 0, 780, 0, 0, 0, 0, 0, 0, 0, 0
Number of fish expected: 13884
0, 0, 0, 0, 0, 0, 0, 0, 0, 0, 0, 0, 0, 0, 0, 0, 780, 0, 0, 0, 0, 0, 0, 0, 0
Number of fish expected: 13884
0, 0, 0, 0, 0, 0, 0, 0, 0, 0, 0, 0, 0, 0, 0, 0, 780, 0, 0, 0, 0, 0, 0, 0, 0
Number of fish expected: 13884
0, 0, 0, 0, 0, 0, 0, 0, 0, 0, 0, 0, 0, 0, 0, 0, 780, 0, 0, 0, 0, 0, 0, 0, 0
Number of fish expected: 13884
0, 0, 0, 0, 0, 0, 0, 0, 0, 0, 0, 0, 0, 0, 0, 0, 780, 0, 0, 0, 0, 0, 0, 0, 0
Number of fish expected: 13884
0, 0, 0, 0, 0, 0, 0, 0, 0, 0, 0, 0, 0, 0, 0, 0, 780, 0, 0, 0, 0, 0, 0, 0, 0
Number of fish expected: 13884
0, 0, 0, 0, 0, 0, 0, 0, 0, 0, 0, 0, 0, 0, 0, 0, 780, 0, 0, 0, 0, 0, 0, 0, 0
Number of fish expected: 13884
0, 0, 0, 0, 0, 0, 0, 0, 0, 0, 0, 0, 0, 0, 0, 0, 780, 0, 0, 0, 0, 0, 0, 0, 0
Number of fish expected: 13884
0, 0, 0, 0, 0, 0, 0, 0, 0, 0, 0, 0, 0, 0, 0, 0, 780, 0, 0, 0, 0, 0, 0, 0, 0
Number of fish expected: 13884
0, 0, 0, 0, 0, 0, 0, 0, 0, 0, 0, 0, 0, 0, 0, 0, 780, 0, 0, 0, 0, 0, 0, 0, 0
Number of fish expected: 13884
0, 0, 0, 0, 0, 0, 0, 0, 0, 0, 0, 0, 0, 0, 0, 0, 780, 0, 0, 0, 0, 0, 0, 0, 0
Number of fish expected: 13884
0, 0, 0, 0, 0, 0, 0, 0, 0, 0, 0, 0, 0, 0, 0, 0, 780, 0, 0, 0, 0, 0, 0, 0, 0
Number of fish expected: 13884
0, 0, 0, 0, 0, 0, 0, 0, 0, 0, 0, 0, 0, 0, 0, 0, 780, 0, 0, 0, 0, 0, 0, 0, 0
Number of fish expected: 13884
0, 0, 0, 0, 0, 0, 0, 0, 0, 0, 0, 0, 0, 0, 0, 0, 780, 0, 0, 0, 0, 0, 0, 0, 0
Number of fish expected: 13884
0, 0, 0, 0, 0, 0, 0, 0, 0, 0, 0, 0, 0, 0, 0, 0, 780, 0, 0, 0, 0, 0, 0, 0, 0
Number of fish expected: 13884
0, 0, 0, 0, 0, 0, 0, 0, 0, 0, 0, 0, 0, 0, 0, 0, 780, 0, 0, 0, 0, 0, 0, 0, 0
Number of fish expected: 13884
0, 0, 0, 0, 930, 0, 0, 0, 0, 0, 0, 0, 0, 0, 0, 0, 0, 0, 0, 0, 0, 0, 0, 0, 0
Number of fish expected: 18600
0, 0, 0, 0, 930, 0, 0, 0, 0, 0, 0, 0, 0, 0, 0, 0, 0, 0, 0, 0, 0, 0, 0, 0, 0
Number of fish expected: 18600
0, 0, 0, 0, 930, 0, 0, 0, 0, 0, 0, 0, 0, 0, 0, 0, 0, 0, 0, 0, 0, 0, 0, 0, 0
Number of fish expected: 18600
0, 0, 0, 0, 930, 0, 0, 0, 0, 0, 0, 0, 0, 0, 0, 0, 0, 0, 0, 0, 0, 0, 0, 0, 0
Number of fish expected: 18600
0, 0, 0, 0, 930, 0, 0, 0, 0, 0, 0, 0, 0, 0, 0, 0, 0, 0, 0, 0, 0, 0, 0, 0, 0
Number of fish expected: 18600
0, 0, 0, 0, 930, 0, 0, 0, 0, 0, 0, 0, 0, 0, 0, 0, 0, 0, 0, 0, 0, 0, 0, 0, 0
Number of fish expected: 18600
0, 0, 0, 0, 930, 0, 0, 0, 0, 0, 0, 0, 0, 0, 0, 0, 0, 0, 0, 0, 0, 0, 0, 0, 0
Number of fish expected: 18600
0, 0, 0, 0, 930, 0, 0, 0, 0, 0, 0, 0, 0, 0, 0, 0, 0, 0, 0, 0, 0, 0, 0, 0, 0
Number of fish expected: 18600
0, 0, 0, 0, 930, 0, 0, 0, 0, 0, 0, 0, 0, 0, 0, 0, 0, 0, 0, 0, 0, 0, 0, 0, 0
Number of fish expected: 18600
0, 0, 0, 0, 930, 0, 0, 0, 0, 0, 0, 0, 0, 0, 0, 0, 0, 0, 0, 0, 0, 0, 0, 0, 0
Number of fish expected: 18600
0, 0, 0, 0, 930, 0, 0, 0, 0, 0, 0, 0, 0, 0, 0, 0, 0, 0, 0, 0, 0, 0, 0, 0, 0
Number of fish expected: 18600
0, 0, 0, 0, 930, 0, 0, 0, 0, 0, 0, 0, 0, 0, 0, 0, 0, 0, 0, 0, 0, 0, 0, 0, 0
Number of fish expected: 18600
0, 0, 0, 0, 930, 0, 0, 0, 0, 0, 0, 0, 0, 0, 0, 0, 0, 0, 0, 0, 0, 0, 0, 0, 0
Number of fish expected: 18600
0, 0, 0, 0, 930, 0, 0, 0, 0, 0, 0, 0, 0, 0, 0, 0, 0, 0, 0, 0, 0, 0, 0, 0, 0
Number of fish expected: 18600
0, 0, 0, 0, 930, 0, 0, 0, 0, 0, 0, 0, 0, 0, 0, 0, 0, 0, 0, 0, 0, 0, 0, 0, 0
Number of fish expected: 18600
0, 0, 0, 0, 930, 0, 0, 0, 0, 0, 0, 0, 0, 0, 0, 0, 0, 0, 0, 0, 0, 0, 0, 0, 0
Number of fish expected: 18600
0, 0, 0, 0, 930, 0, 0, 0, 0, 0, 0, 0, 0, 0, 0, 0, 0, 0, 0, 0, 0, 0, 0, 0, 0
Number of fish expected: 18600
0, 0, 0, 0, 930, 0, 0, 0, 0, 0, 0, 0, 0, 0, 0, 0, 0, 0, 0, 0, 0, 0, 0, 0, 0
Number of fish expected: 18600
0, 0, 0, 0, 930, 0, 0, 0, 0, 0, 0, 0, 0, 0, 0, 0, 0, 0, 0, 0, 0, 0, 0, 0, 0
Number of fish expected: 18600
0, 0, 0, 0, 930, 0, 0, 0, 0, 0, 0, 0, 0, 0, 0, 0, 0, 0, 0, 0, 0, 0, 0, 0, 0
Number of fish expected: 18600
0, 0, 0, 0, 930, 0, 0, 0, 0, 0, 0, 0, 0, 0, 0, 0, 0, 0, 0, 0, 0, 0, 0, 0, 0
Number of fish expected: 18600
0, 0, 0, 0, 930, 0, 0, 0, 0, 0, 0, 0, 0, 0, 0, 0, 0, 0, 0, 0, 0, 0, 0, 0, 0
Number of fish expected: 18600
0, 0, 0, 0, 930, 0, 0, 0, 0, 0, 0, 0, 0, 0, 0, 0, 0, 0, 0, 0, 0, 0, 0, 0, 0
Number of fish expected: 18600
0, 0, 0, 0, 930, 0, 0, 0, 0, 0, 0, 0, 0, 0, 0, 0, 0, 0, 0, 0, 0, 0, 0, 0, 0
Number of fish expected: 18600
0, 0, 0, 0, 930, 0, 0, 0, 0, 0, 0, 0, 0, 0, 0, 0, 0, 0, 0, 0, 0, 0, 0, 0, 0
Number of fish expected: 18600
0, 0, 0, 0, 930, 0, 0, 0, 0, 0, 0, 0, 0, 0, 0, 0, 0, 0, 0, 0, 0, 0, 0, 0, 0
Number of fish expected: 18600
0, 0, 0, 0, 930, 0, 0, 0, 0, 0, 0, 0, 0, 0, 0, 0, 0, 0, 0, 0, 0, 0, 0, 0, 0
Number of fish expected: 18600
0, 0, 0, 0, 930, 0, 0, 0, 0, 0, 0, 0, 0, 0, 0, 0, 0, 0, 0, 0, 0, 0, 0, 0, 0
Number of fish expected: 18600
0, 0, 0, 0, 930, 0, 0, 0, 0, 0, 0, 0, 0, 0, 0, 0, 0, 0, 0, 0, 0, 0, 0, 0, 0
Number of fish expected: 18600
0, 0, 0, 0, 930, 0, 0, 0, 0, 0, 0, 0, 0, 0, 0, 0, 0, 0, 0, 0, 0, 0, 0, 0, 0
Number of fish expected: 18600
0, 0, 0, 0, 930, 0, 0, 0, 0, 0, 0, 0, 0, 0, 0, 0, 0, 0, 0, 0, 0, 0, 0, 0, 0
Number of fish expected: 18600
0, 0, 0, 0, 930, 0, 0, 0, 0, 0, 0, 0, 0, 0, 0, 0, 0, 0, 0, 0, 0, 0, 0, 0, 0
Number of fish expected: 18600
0, 0, 0, 0, 930, 0, 0, 0, 0, 0, 0, 0, 0, 0, 0, 0, 0, 0, 0, 0, 0, 0, 0, 0, 0
Number of fish expected: 18600
0, 0, 0, 0, 930, 0, 0, 0, 0, 0, 0, 0, 0, 0, 0, 0, 0, 0, 0, 0, 0, 0, 0, 0, 0
Number of fish expected: 18600
0, 0, 0, 0, 930, 0, 0, 0, 0, 0, 0, 0, 0, 0, 0, 0, 0, 0, 0, 0, 0, 0, 0, 0, 0
Number of fish expected: 18600
0, 0, 0, 0, 930, 0, 0, 0, 0, 0, 0, 0, 0, 0, 0, 0, 0, 0, 0, 0, 0, 0, 0, 0, 0
Number of fish expected: 18600
0, 0, 0, 0, 930, 0, 0, 0, 0, 0, 0, 0, 0, 0, 0, 0, 0, 0, 0, 0, 0, 0, 0, 0, 0
Number of fish expected: 18600
0, 0, 0, 0, 930, 0, 0, 0, 0, 0, 0, 0, 0, 0, 0, 0, 0, 0, 0, 0, 0, 0, 0, 0, 0
Number of fish expected: 18600
0, 0, 0, 0, 930, 0, 0, 0, 0, 0, 0, 0, 0, 0, 0, 0, 0, 0, 0, 0, 0, 0, 0, 0, 0
Number of fish expected: 18600
0, 0, 0, 0, 930, 0, 0, 0, 0, 0, 0, 0, 0, 0, 0, 0, 0, 0, 0, 0, 0, 0, 0, 0, 0
Number of fish expected: 18600
0, 0, 0, 0, 930, 0, 0, 0, 0, 0, 0, 0, 0, 0, 0, 0, 0, 0, 0, 0, 0, 0, 0, 0, 0
Number of fish expected: 18600
0, 0, 0, 0, 930, 0, 0, 0, 0, 0, 0, 0, 0, 0, 0, 0, 0, 0, 0, 0, 0, 0, 0, 0, 0
Number of fish expected: 18600
0, 0, 0, 0, 930, 0, 0, 0, 0, 0, 0, 0, 0, 0, 0, 0, 0, 0, 0, 0, 0, 0, 0, 0, 0
Number of fish expected: 18600
0, 0, 0, 0, 930, 0, 0, 0, 0, 0, 0, 0, 0, 0, 0, 0, 0, 0, 0, 0, 0, 0, 0, 0, 0
Number of fish expected: 18600
0, 0, 0, 0, 930, 0, 0, 0, 0, 0, 0, 0, 0, 0, 0, 0, 0, 0, 0, 0, 0, 0, 0, 0, 0
Number of fish expected: 18600
0, 0, 0, 0, 930, 0, 0, 0, 0, 0, 0, 0, 0, 0, 0, 0, 0, 0, 0, 0, 0, 0, 0, 0, 0
Number of fish expected: 18600
0, 0, 0, 0, 930, 0, 0, 0, 0, 0, 0, 0, 0, 0, 0, 0, 0, 0, 0, 0, 0, 0, 0, 0, 0
Number of fish expected: 18600
0, 0
Number of fish expected: 18600
0, 0, 0, 0
Number of fish expected: 18600
0, 0, 0, 0
Number of fish expected: 18600
0, 0, 0, 0, 930, 0, 0, 0, 0, 0
Number of fish expected: 18600
0, 0, 0, 0, 930, 0, 0, 0, 0, 0, 0, 0, 0, 0, 0, 0, 0, 0, 0, 0, 0, 0, 0, 0, 0
Number of fish expected: 18600
0, 0, 0, 0, 930, 0, 0, 0
Number of fish expected: 18600
0, 0, 0, 0, 930, 0, 0, 0, 0, 0, 0, 0, 0, 0, 0, 0, 0, 0, 0, 0, 0, 0, 0, 0, 0
Number of fish expected: 18600
0, 0, 0, 0, 930, 0, 0, 0, 0, 0, 0, 0, 0, 0
Number of fish expected: 18600
0, 0, 0, 0, 930, 0, 0, 0, 0, 0, 0, 0, 0, 0, 0, 0
Number of fish expected: 18600
0, 0, 0, 0, 930, 0, 0, 0, 0, 0, 0, 0, 0, 0, 0, 0, 0, 0, 0, 0, 0, 0, 0
Number of fish expected: 18600
0, 0, 0, 0, 930, 0, 0, 0, 0, 0, 0, 0, 0, 0, 0, 0, 0, 0
Number of fish expected: 18600
0, 0, 0, 0, 930, 0, 0, 0, 0, 0, 0, 0, 0, 0, 0, 0, 0, 0, 0, 0, 0, 0
Number of fish expected: 18600
0, 0, 0, 0, 930
Number of fish expected: 18600
0, 0, 0, 0, 930, 0, 0, 0, 0, 0, 0, 0, 0, 0, 0, 0, 0, 0, 0, 0, 0, 0, 0, 0, 0
Number of fish expected: 18600
0, 0, 0, 0, 930, 0, 0, 0, 0, 0, 0, 0, 0, 0, 0, 0, 0, 0
Number of fish expected: 18600
0, 0, 0, 0, 930, 0, 0, 0, 0, 0, 0
Number of fish expected: 18600
0, 0, 0, 0, 930, 0, 0, 0, 0, 0, 0, 0
Number of fish expected: 18600
0, 0, 0, 0, 930, 0, 0, 0, 0
Number of fish expected: 18600
0, 0, 0, 0, 930, 0, 0
Number of fish expected: 18600
0, 0
Number of fish expected: 18600
0, 0, 0, 0, 930, 0, 0, 0, 0, 0
Number of fish expected: 18600
0, 0, 0, 0, 930
Number of fish expected: 18600
0, 0, 0, 0, 930, 0, 0
Number of fish expected: 18600
0, 0, 0, 0, 930, 0
Number of fish expected: 18600
0, 0, 0, 0, 930, 0, 0, 0, 0, 0, 0, 0, 0, 0, 0, 0, 0
Number of fish expected: 18600
0, 0, 0, 0, 930, 0, 0, 0, 0, 0, 0, 0, 0, 0, 0, 0, 0, 0, 0, 0
Number of fish expected: 18600
0, 0, 0, 0, 930, 0, 0
Number of fish expected: 18600
0, 0, 0, 0, 930, 0, 0, 0, 0, 0, 0, 0, 0, 0, 0, 0, 0, 0, 0, 0, 0
Number of fish expected: 18600
0, 0, 0, 0, 930, 0, 0, 0, 0, 0, 0, 0, 0, 0, 0, 0, 0, 0, 0
Number of fish expected: 18600
0, 0, 0, 0, 930, 0, 0, 0, 0, 0, 0, 0, 0
Number of fish expected: 18600
0, 0, 0, 0
Number of fish expected: 18600
0, 0, 0, 0, 930, 0, 0, 0, 0, 0, 0, 0, 0, 0, 0, 0, 0, 0
Number of fish expected: 18600
0, 0, 0, 0, 930, 0, 0, 0, 0, 0, 0, 0, 0
Number of fish expected: 18600
0, 0, 0, 0, 930, 0, 0, 0, 0, 0, 0, 0
Number of fish expected: 18600
0, 0
Number of fish expected: 18600
0, 0, 0, 0, 930, 0, 0, 0, 0, 0, 0, 0, 0, 0, 0, 0
Number of fish expected: 18600
0, 0, 0, 0, 930, 0, 0, 0, 0, 0, 0, 0, 0, 0, 0, 0, 0, 0, 0, 0, 0, 0, 0
Number of fish expected: 18600
0, 0, 0, 0, 930, 0, 0, 0, 0, 0, 0, 0, 0, 0, 0, 0, 0, 0, 0, 0, 0, 0, 0, 0
Number of fish expected: 18600
0, 0, 0, 0, 930, 0, 0, 0, 0
Number of fish expected: 18600
0, 0, 0, 0, 930, 0, 0, 0, 0, 0, 0, 0, 0, 0, 0
Number of fish expected: 18600
0, 0, 0, 0, 930, 0, 0, 0
Number of fish expected: 18600
0, 0, 0, 0, 930, 0, 0, 0, 0, 0, 0, 0, 0, 0
Number of fish expected: 18600
0, 0, 0, 0, 930, 0, 0, 0, 0, 0, 0, 0, 0, 0, 0, 0, 0, 0, 0, 0
Number of fish expected: 18600
0, 0, 0, 0, 930, 0, 0, 0, 0, 0, 0, 0, 0, 0, 0, 0, 0, 0, 0, 0, 0, 0
Number of fish expected: 18600
0, 0, 0, 0, 930, 0, 0, 0, 0, 0, 0, 0, 0, 0, 0, 0, 0, 0
Number of fish expected: 18600
0, 0, 0, 0, 930, 0, 0, 0, 0
Number of fish expected: 18600
0, 0, 0, 0, 930, 0, 0, 0, 0, 0
Number of fish expected: 18600
0, 0, 0, 0, 930, 0, 0, 0, 0, 0, 0, 0, 0, 0, 0, 0, 0, 0, 0, 0, 0, 0, 0, 0, 0
Number of fish expected: 18600
0, 0, 0, 0, 930, 0, 0, 0, 0, 0, 0, 0, 0, 0, 0, 0, 0, 0, 0, 0, 0, 0, 0
Number of fish expected: 18600
0, 0, 0, 0, 930, 0, 0, 0, 0, 0, 0, 0, 0, 0, 0
Number of fish expected: 18600
0, 0
Number of fish expected: 18600
0, 0, 0, 0, 930, 0, 0, 0, 0, 0, 0, 0, 0
Number of fish expected: 18600
0, 0, 0, 0, 930, 0, 0, 0, 0, 0, 0, 0, 0, 0, 0
Number of fish expected: 18600
0, 0
Number of fish expected: 18600
0, 0, 0, 0, 930, 0, 0, 0, 0, 0, 0, 0
Number of fish expected: 18600
0, 0, 0, 0, 930, 0, 0, 0, 0, 0, 0
Number of fish expected: 18600
0, 0, 0, 0, 930, 0, 0, 0, 0, 0, 0, 0, 0, 0, 0, 0, 0, 0, 0, 0, 0
Number of fish expected: 18600
0, 0
Number of fish expected: 18600
0, 0, 0, 0, 930, 0, 0, 0, 0, 0, 0, 0, 0, 0, 0, 0, 0, 0, 0, 0, 0
Number of fish expected: 18600
0, 0, 0, 0, 930, 0, 0, 0, 0, 0, 0, 0, 0, 0, 0, 0, 0
Number of fish expected: 18600
0, 0, 0, 0, 930, 0, 0, 0, 0, 0, 0, 0, 0, 0, 0, 0, 0
Number of fish expected: 18600
0, 0, 0, 0, 930, 0, 0, 0, 0, 0, 0, 0, 0, 0, 0, 0, 0, 0, 0, 0, 0, 0
Number of fish expected: 18600
0, 0, 0, 0
Number of fish expected: 18600
0, 0, 0, 0, 930, 0, 0, 0, 0, 0, 0, 0, 0, 0, 0, 0, 0
Number of fish expected: 18600
0, 0, 0, 0, 930, 0, 0, 0, 0, 0, 0, 0, 0, 0, 0, 0, 0, 0, 0, 0
Number of fish expected: 18600
0, 0, 0, 0, 930
Number of fish expected: 18600
0, 0, 0, 0, 930, 0, 0, 0, 0, 0, 0, 0, 0, 0, 0, 0, 0, 0, 0, 0, 0, 0
Number of fish expected: 18600
0, 0, 0, 0, 930, 0, 0, 0, 0, 0, 0, 0, 0, 0, 0, 0, 0, 0, 0, 0, 0, 0
Number of fish expected: 18600
0, 0, 0, 0, 930, 0, 0, 0, 0, 0, 0, 0, 0, 0, 0, 0
Number of fish expected: 18600
0, 0, 0, 0, 930, 0, 0, 0, 0, 0, 0, 0, 0, 0
Number of fish expected: 18600
0, 0, 0, 0, 930, 0, 0, 0, 0, 0, 0, 0, 0, 0, 0, 0, 0, 0, 0, 0, 0, 0, 0, 0
Number of fish expected: 18600
0, 0, 0, 0, 930, 0, 0, 0, 0, 0, 0, 0, 0, 0, 0
Number of fish expected: 18600
0, 0, 0, 0, 930, 0, 0, 0
Number of fish expected: 18600
0, 0, 0, 0, 930, 0, 0, 0, 0, 0, 0, 0, 0, 0, 0, 0, 0, 0, 0, 0
Number of fish expected: 18600
0, 0, 0, 0, 930, 0, 0, 0, 0
Number of fish expected: 18600
0, 0, 0, 0, 930, 0, 0, 0, 0, 0, 0, 0, 0, 0, 0, 0, 0
Number of fish expected: 18600
0, 0, 0, 0, 930, 0, 0, 0, 0
Number of fish expected: 18600
0, 0, 0, 0, 930, 0, 0, 0, 0, 0, 0, 0, 0, 0, 0, 0, 0, 0, 0
Number of fish expected: 18600
0, 0, 0, 0, 930, 0, 0, 0, 0, 0, 0, 0, 0, 0, 0, 0, 0, 0, 0, 0, 0, 0, 0
Number of fish expected: 18600
0, 0, 0, 0, 930, 0, 0, 0, 0, 0, 0, 0
Number of fish expected: 18600
0, 0
Number of fish expected: 18600
0, 0, 0, 0, 930, 0, 0, 0, 0, 0, 0, 0, 0, 0, 0
Number of fish expected: 18600
0, 0, 0, 0, 930, 0, 0, 0, 0, 0, 0, 0, 0
Number of fish expected: 18600
0, 0, 0, 0, 930, 0, 0, 0, 0, 0, 0, 0, 0, 0, 0, 0, 0, 0, 0, 0, 0, 0, 0, 0
Number of fish expected: 18600
0, 0, 0, 0, 930, 0, 0, 0, 0, 0, 0, 0, 0, 0, 0, 0, 0, 0, 0, 0, 0, 0, 0
Number of fish expected: 18600
0, 0, 0, 0, 930, 0
Number of fish expected: 18600
0, 0, 0
Number of fish expected: 18600
0, 0, 0, 0, 930, 0
Number of fish expected: 18600
0, 0, 0, 0, 930, 0, 0, 0, 0, 0, 0, 0
Number of fish expected: 18600
0, 0, 0, 0, 930, 0, 0, 0, 0, 0, 0, 0, 0
Number of fish expected: 18600
0, 0, 0, 0, 930, 0, 0, 0, 0, 0, 0, 0, 0, 0, 0, 0, 0, 0, 0, 0, 0, 0, 0, 0, 0
Number of fish expected: 18600
0, 0, 0, 0, 930, 0, 0, 0, 0, 0, 0
Number of fish expected: 18600
0, 0, 0, 0, 930
Number of fish expected: 18600
0, 0, 0, 0, 930, 0, 0, 0, 0, 0, 0, 0, 0, 0, 0, 0, 0, 0, 0, 0
Number of fish expected: 18600
0, 0, 0, 0, 930, 0, 0, 0, 0, 0, 0, 0, 0, 0, 0, 0, 0, 0
Number of fish expected: 18600
0, 0, 0, 0, 930, 0, 0, 0, 0, 0, 0, 0, 0, 0, 0, 0, 0, 0, 0, 0, 0, 0
Number of fish expected: 18600
0, 0, 0, 0, 930, 0, 0, 0, 0, 0
Number of fish expected: 18600
0, 0, 0, 0, 930, 0, 0, 0, 0, 0, 0, 0, 0, 0, 0, 0, 0, 0, 0, 0, 0, 0, 0, 0
Number of fish expected: 18600
0, 0, 0, 0, 930, 0, 0, 0, 0
Number of fish expected: 18600
0, 0, 0, 0, 930, 0, 0
Number of fish expected: 18600
0, 0, 0, 0, 930, 0, 0, 0, 0, 0, 0, 0, 0, 0, 0, 0, 0, 0, 0, 0
Number of fish expected: 18600
0, 0, 0, 0, 930, 0, 0
Number of fish expected: 18600
0, 0, 0, 0
Number of fish expected: 18600
0, 0
Number of fish expected: 18600
0, 0, 0, 0, 930, 0, 0, 0, 0
Number of fish expected: 18600
0, 0, 0, 0, 930, 0, 0, 0, 0, 0, 0, 0, 0, 0, 0
Number of fish expected: 18600
0, 0, 0, 0, 930, 0, 0, 0, 0, 0, 0, 0, 0, 0, 0
Number of fish expected: 18600
0, 0, 0, 0, 930, 0, 0, 0, 0, 0, 0, 0, 0, 0, 0, 0, 0, 0, 0, 0, 0
Number of fish expected: 18600
0, 0, 0, 0, 930, 0, 0, 0
Number of fish expected: 18600
0, 0, 0, 0, 930, 0, 0, 0, 0, 0, 0, 0, 0, 0, 0, 0, 0
Number of fish expected: 18600
0, 0, 0, 0, 930, 0, 0, 0, 0, 0, 0, 0, 0, 0
Number of fish expected: 18600
0, 0, 0, 0, 930, 0, 0, 0, 0, 0, 0, 0, 0, 0, 0, 0, 0, 0, 0, 0, 0, 0
Number of fish expected: 18600
0, 0, 0, 0, 930, 0, 0, 0, 0, 0, 0, 0, 0, 0, 0, 0, 0
Number of fish expected: 18600
0, 0, 0
Number of fish expected: 18600
0, 0, 0, 0, 930, 0, 0, 0, 0, 0, 0, 0, 0, 0, 0, 0, 0, 0, 0, 0, 0, 0, 0, 0, 0
Number of fish expected: 18600
0, 0, 0, 0, 930, 0, 0
Number of fish expected: 18600
0, 0, 0, 0, 930, 0, 0, 0
Number of fish expected: 18600
0, 0
Number of fish expected: 18600
0, 0, 0, 0, 930
Number of fish expected: 18600
0, 0, 0, 0, 930, 0, 0, 0, 0, 0, 0, 0, 0, 0, 0, 0, 0, 0, 0, 0, 0, 0, 0, 0, 0
Number of fish expected: 18600
0, 0, 0, 0, 930, 0, 0, 0, 0, 0, 0, 0, 0, 0, 0, 0, 0, 0, 0, 0
Number of fish expected: 18600
0, 0, 0, 0, 930, 0, 0, 0, 0, 0
Number of fish expected: 18600
0, 0, 0
Number of fish expected: 18600
0, 0, 0, 0, 930, 0, 0, 0, 0, 0
Number of fish expected: 18600
0, 0, 0, 0, 930, 0, 0, 0, 0, 0, 0, 0, 0, 0, 0, 0, 0, 0, 0
Number of fish expected: 18600
0, 0, 0, 0, 930, 0, 0, 0, 0, 0, 0, 0, 0, 0, 0, 0, 0, 0, 0, 0, 0
Number of fish expected: 18600
0, 0, 0, 0, 930, 0, 0, 0, 0, 0, 0, 0, 0, 0, 0
Number of fish expected: 18600
0, 0, 0, 0, 930, 0, 0, 0, 0, 0, 0, 0, 0, 0, 0, 0, 0, 0, 0, 0, 0
Number of fish expected: 18600
0, 0, 0, 0, 930, 0, 0, 0, 0, 0, 0, 0, 0, 0, 0, 0, 0, 0, 0, 0, 0, 0
Number of fish expected: 18600
0, 0, 0, 0, 930, 0, 0, 0, 0, 0, 0, 0, 0, 0, 0, 0, 0
Number of fish expected: 18600
0, 0, 0, 0, 930, 0, 0, 0, 0, 0, 0, 0, 0, 0, 0, 0, 0, 0, 0, 0, 0, 0, 0, 0
Number of fish expected: 18600
0, 0, 0, 0, 930, 0, 0, 0, 0, 0, 0, 0, 0, 0
Number of fish expected: 18600
0, 0, 0, 0
Number of fish expected: 18600
0, 0, 0, 0, 930, 0, 0, 0, 0, 0, 0, 0, 0, 0, 0
Number of fish expected: 18600
0, 0, 0, 0, 930, 0, 0, 0, 0, 0, 0, 0, 0, 0
Number of fish expected: 18600
0, 0, 0, 0, 930, 0, 0, 0, 0, 0, 0, 0, 0, 0, 0, 0, 0
Number of fish expected: 18600
0, 0, 0, 0, 930, 0, 0, 0, 0, 0, 0, 0, 0, 0, 0, 0, 0, 0, 0, 0, 0
Number of fish expected: 18600
0, 0, 0, 0, 930, 0, 0, 0, 0, 0, 0, 0
Number of fish expected: 18600
0, 0
Number of fish expected: 18600
0, 0, 0, 0, 930, 0
Number of fish expected: 18600
0, 0, 0, 0, 930, 0, 0, 0, 0, 0, 0, 0, 0, 0, 0, 0, 0, 0, 0
Number of fish expected: 18600
0, 0, 0, 0, 930, 0, 0, 0, 0, 0, 0, 0, 0, 0
Number of fish expected: 18600
0, 0, 0, 0, 930
Number of fish expected: 18600
0, 0, 0, 0, 930, 0, 0, 0, 0, 0, 0, 0, 0, 0, 0, 0, 0, 0, 0, 0, 0, 0, 0, 0
Number of fish expected: 18600
0, 0, 0, 0, 930, 0, 0, 0, 0, 0, 0, 0, 0, 0, 0, 0
Number of fish expected: 18600
0, 0
Number of fish expected: 18600
0, 0, 0, 0, 930, 0, 0, 0, 0, 0, 0, 0, 0, 0, 0, 0, 0, 0, 0, 0, 0, 0, 0, 0, 0
Number of fish expected: 18600
0, 0, 0, 0, 930, 0, 0, 0, 0
Number of fish expected: 18600
0, 0, 0, 0, 930, 0, 0, 0, 0, 0, 0, 0, 0, 0, 0, 0, 0, 0, 0, 0
Number of fish expected: 18600
0, 0, 0, 0, 930, 0, 0, 0, 0, 0, 0, 0, 0, 0, 0, 0
Number of fish expected: 18600
0, 0, 0, 0, 930, 0, 0, 0, 0, 0, 0, 0, 0, 0, 0, 0, 0, 0, 0, 0, 0, 0, 0, 0
Number of fish expected: 18600
0, 0, 0, 0, 930, 0, 0, 0, 0, 0, 0
Number of fish expected: 18600
0, 0, 0, 0, 930, 0, 0, 0, 0, 0
Number of fish expected: 18600
0, 0, 0, 0, 930, 0, 0, 0, 0, 0, 0, 0, 0, 0, 0, 0, 0, 0
Number of fish expected: 18600
0, 0, 0, 0, 930, 0, 0, 0
Number of fish expected: 18600
0, 0, 0, 0, 930, 0, 0, 0, 0, 0, 0, 0, 0, 0, 0, 0, 0, 0, 0, 0, 0, 0
Number of fish expected: 18600
0, 0, 0, 0, 930, 0, 0, 0, 0, 0, 0, 0, 0, 0, 0, 0, 0, 0, 0, 0, 0, 0, 0
Number of fish expected: 18600
0, 0, 0, 0, 930, 0, 0, 0
Number of fish expected: 18600
0, 0, 0, 0, 930, 0, 0
Number of fish expected: 18600
0, 0, 0, 0, 930, 0, 0, 0, 0
Number of fish expected: 18600
0, 0, 0, 0, 930, 0, 0, 0, 0, 0, 0, 0, 0, 0, 0, 0, 0, 0, 0, 0
Number of fish expected: 18600
0, 0, 0, 0
Number of fish expected: 18600
0, 0, 0, 0, 930, 0, 0, 0, 0, 0, 0, 0, 0, 0, 0, 0, 0, 0, 0
Number of fish expected: 18600
0, 0, 0, 0, 930, 0, 0, 0, 0, 0, 0, 0, 0
Number of fish expected: 18600
0, 0, 0, 0, 930, 0
Number of fish expected: 18600
0, 0, 0, 0, 930, 0, 0, 0, 0, 0, 0, 0, 0, 0, 0, 0, 0
Number of fish expected: 18600
0, 0, 0, 0, 930, 0, 0, 0, 0, 0, 0, 0, 0, 0, 0, 0
Number of fish expected: 18600
0, 0, 0, 0, 930
Number of fish expected: 18600
0, 0, 0, 0, 930, 0, 0, 0, 0, 0
Number of fish expected: 18600
0, 0, 0, 0, 930, 0, 0, 0, 0, 0, 0, 0, 0, 0, 0, 0, 0, 0, 0, 0
Number of fish expected: 18600
0, 0, 0, 0, 930, 0, 0, 0, 0, 0, 0
Number of fish expected: 18600
0, 0, 0, 0, 930, 0, 0, 0, 0, 0
Number of fish expected: 18600
0, 0
Number of fish expected: 18600
0, 0, 0, 0, 930, 0, 0, 0, 0, 0, 0, 0, 0, 0, 0, 0, 0, 0
Number of fish expected: 18600
0, 0, 0, 0, 930, 0, 0, 0, 0, 0, 0, 0, 0
Number of fish expected: 18600
0, 0, 0, 0, 930, 0, 0, 0, 0, 0
Number of fish expected: 18600
0, 0, 0, 0, 930, 0, 0, 0, 0, 0, 0, 0, 0, 0, 0, 0, 0, 0
Number of fish expected: 18600
0, 0, 0, 0, 930, 0, 0, 0, 0, 0
Number of fish expected: 18600
0, 0, 0, 0, 930, 0, 0, 0, 0, 0, 0, 0, 0, 0, 0, 0, 0, 0, 0, 0, 0
Number of fish expected: 18600
0, 0, 0, 0, 930, 0, 0, 0, 0, 0
Number of fish expected: 18600
0, 0, 0, 0, 930, 0, 0, 0, 0, 0, 0, 0, 0, 0, 0
Number of fish expected: 18600
0, 0, 0, 0, 930, 0, 0, 0, 0, 0, 0, 0, 0, 0
Number of fish expected: 18600
0, 0
Number of fish expected: 18600
0, 0, 0, 0, 930, 0, 0, 0, 0, 0, 0, 0, 0, 0, 0, 0, 0, 0, 0, 0, 0, 0, 0
Number of fish expected: 18600
0, 0
Number of fish expected: 18600
0, 0, 0
Number of fish expected: 18600
0, 0, 0, 0, 930, 0, 0, 0, 0, 0, 0, 0, 0, 0, 0, 0, 0, 0, 0, 0, 0
Number of fish expected: 18600
0, 0, 0, 0, 930, 0
Number of fish expected: 18600
0, 0, 0, 0, 930, 0, 0, 0, 0, 0, 0, 0, 0, 0, 0, 0
Number of fish expected: 18600
0, 0, 0, 0, 930, 0, 0, 0, 0, 0, 0, 0, 0, 0, 0, 0, 0, 0, 0
Number of fish expected: 18600
0, 0, 0, 0, 930, 0, 0, 0, 0, 0, 0, 0, 0, 0, 0, 0, 0, 0, 0, 0, 0, 0, 0, 0, 0
Number of fish expected: 18600
0, 0, 0, 0, 930, 0, 0, 0, 0, 0, 0, 0, 0, 0, 0, 0, 0, 0, 0, 0, 0, 0, 0
Number of fish expected: 18600
0, 0, 0, 0, 930, 0, 0, 0
Number of fish expected: 18600
0, 0, 0, 0, 930, 0, 0
Number of fish expected: 18600
0, 0, 0, 0, 930, 0
Number of fish expected: 18600
0, 0, 0, 0, 930, 0, 0, 0, 0, 0, 0, 0, 0, 0
Number of fish expected: 18600
0, 0, 0, 0, 930, 0, 0, 0, 0, 0, 0, 0, 0, 0, 0, 0, 0, 0, 0, 0, 0, 0
Number of fish expected: 18600
0, 0, 0, 0, 930, 0, 0, 0, 0, 0, 0, 0, 0, 0, 0, 0, 0, 0, 0, 0, 0, 0, 0
Number of fish expected: 18600
0, 0, 0, 0, 930, 0, 0, 0, 0, 0, 0, 0, 0, 0, 0, 0, 0, 0, 0, 0
Number of fish expected: 18600
0, 0, 0, 0, 930, 0, 0, 0, 0, 0, 0, 0, 0, 0, 0, 0, 0
Number of fish expected: 18600
0, 0
Number of fish expected: 18600
0, 0, 0, 0, 930, 0, 0, 0, 0, 0, 0, 0, 0, 0, 0, 0, 0, 0, 0, 0, 0, 0
Number of fish expected: 18600
0, 0, 0, 0, 930, 0, 0, 0, 0, 0, 0, 0, 0
Number of fish expected: 18600
0, 0, 0, 0, 930, 0, 0
Number of fish expected: 18600
0, 0, 0, 0, 930, 0, 0, 0, 0, 0, 0, 0, 0, 0, 0, 0, 0, 0, 0, 0
Number of fish expected: 18600
0, 0, 0, 0, 930, 0, 0, 0, 0, 0, 0, 0, 0
Number of fish expected: 18600
0, 0, 0, 0, 930, 0, 0, 0, 0, 0, 0, 0, 0, 0, 0, 0
Number of fish expected: 18600
0, 0, 0, 0, 930, 0, 0, 0, 0, 0, 0, 0, 0, 0
Number of fish expected: 18600
0, 0, 0, 0, 930
Number of fish expected: 18600
0, 0, 0, 0
Number of fish expected: 18600
0, 0, 0, 0, 930, 0, 0, 0, 0, 0, 0, 0, 0, 0, 0
Number of fish expected: 18600
0, 0, 0, 0, 930, 0, 0, 0, 0, 0, 0, 0, 0, 0, 0, 0, 0, 0, 0, 0, 0
Number of fish expected: 18600
0, 0, 0, 0, 930, 0, 0, 0, 0, 0, 0, 0, 0, 0, 0, 0, 0, 0, 0, 0, 0, 0, 0, 0
Number of fish expected: 18600
0, 0, 0, 0, 930, 0
Number of fish expected: 18600
0, 0, 0, 0, 930
Number of fish expected: 18600
0, 0, 0, 0, 930, 0, 0, 0, 0, 0, 0, 0, 0, 0, 0
Number of fish expected: 18600
0, 0, 0, 0, 930, 0, 0
Number of fish expected: 18600
0, 0, 0, 0, 930, 0, 0, 0, 0, 0, 0, 0, 0, 0, 0, 0, 0, 0, 0, 0, 0
Number of fish expected: 18600
0, 0, 0, 0, 930, 0, 0, 0, 0, 0
Number of fish expected: 18600
0, 0, 0, 0, 930, 0, 0, 0, 0, 0, 0
Number of fish expected: 18600
0, 0
Number of fish expected: 18600
0, 0, 0, 0, 930, 0, 0, 0, 0, 0
Number of fish expected: 18600
0, 0, 0, 0, 930, 0, 0, 0, 0, 0, 0
Number of fish expected: 18600
0, 0
Number of fish expected: 18600
0, 0, 0
Number of fish expected: 18600
0, 0, 0, 0, 930, 0, 0, 0, 0, 0, 0, 0, 0, 0, 0, 0, 0, 0, 0, 0, 0, 0, 0
Number of fish expected: 18600
0, 0, 0, 0, 930, 0, 0, 0, 0, 0, 0, 0, 0
Number of fish expected: 18600
0, 0, 0, 0, 930, 0, 0, 0, 0, 0
Number of fish expected: 18600
0, 0, 0, 0, 930, 0, 0, 0, 0, 0
Number of fish expected: 18600
0, 0, 0, 0, 930, 0, 0, 0, 0, 0, 0, 0, 0, 0, 0, 0, 0, 0, 0, 0, 0
Number of fish expected: 18600
0, 0, 0, 0, 930, 0, 0, 0, 0, 0, 0, 0, 0, 0, 0, 0, 0, 0, 0, 0, 0, 0
Number of fish expected: 18600
0, 0, 0, 0, 930, 0, 0, 0, 0, 0, 0, 0, 0, 0, 0, 0, 0, 0, 0, 0, 0
Number of fish expected: 18600
0, 0, 0, 0, 930, 0, 0, 0, 0
Number of fish expected: 18600
0, 0, 0, 0, 930, 0, 0, 0, 0, 0, 0, 0, 0, 0, 0, 0, 0, 0, 0, 0, 0, 0, 0
Number of fish expected: 18600
0, 0, 0, 0, 930, 0, 0
Number of fish expected: 18600
0, 0, 0, 0, 930, 0, 0
Number of fish expected: 18600
0, 0, 0, 0, 930, 0, 0, 0, 0, 0, 0, 0, 0, 0, 0, 0, 0, 0, 0, 0, 0, 0, 0
Number of fish expected: 18600
0, 0, 0, 0, 930, 0, 0, 0, 0, 0
Number of fish expected: 18600
0, 0, 0, 0, 930, 0, 0, 0, 0, 0, 0, 0, 0, 0, 0, 0, 0, 0, 0
Number of fish expected: 18600
0, 0, 0, 0, 930, 0, 0, 0, 0, 0, 0
Number of fish expected: 18600
0, 0, 0, 0, 930, 0, 0, 0, 0, 0
Number of fish expected: 18600
0, 0, 0, 0, 930, 0, 0, 0, 0, 0, 0, 0, 0, 0, 0, 0, 0, 0, 0, 0, 0, 0
Number of fish expected: 18600
0, 0, 0, 0, 930, 0, 0, 0, 0, 0, 0, 0, 0, 0, 0, 0, 0, 0, 0, 0, 0, 0, 0, 0, 0
Number of fish expected: 18600
