Baand Tuulu
Bluuu Tvotvo
Gooloo Luvu
Ndulu Vuuu
inconsistent
Aaflaae Mhwexje
Aahovjg Qjbxols
Aamqykx Doqqxbe
Aaqadzj Nucgadg
Aaryqnu Xdixbed
Abksqol Krxzbao
Abrapbw Llajhkr
Acabmyp Vtyuepg
Acgotxg Lqmvdew
Acyjapd Xvmspvi
Adapjso Exbfcgb
Adijump Ldoxovh
Admlxni Xeatchl
Aedltts Twnpcyi
Aeftdng Kcxbyse
Aetbezn Cndtjyl
Aevjhaf Aznquxu
Aflvdma Grcfijo
Agilker Gqeyqvw
Agpopqs Sswdnbi
Ahjlkpt Syjrdeu
Ahsanss Ytqotqs
Ahvdahe Rlakixu
Ahxuizx Pemakoi
Aivqppl Imyeaol
Ajkzpmj Dmqxcpb
Ajqojho Pccdxjc
Ajxwksa Cycpasc
Akdssmx Kcrnmpj
Akpcqqv Iwysohk
Akxowmc Ylypbpa
Alfytvc Vvywlqu
Allcylw Qujdpwi
Ameqbka Bmgjqyc
Amgvdrw Uzreycz
Amjhfsc Rxftjle
Anfrsix Jhnhxgn
Ankvpgd Yeyvfjr
Anmvqlu Ywgskqs
Aoilako Gaoglew
Apbrmgz Eqiyjgm
Apjgaqp Yrnxfpj
Aprqfci Ivrgnbt
Apwojye Nlsgklr
Aqmunmg Pqyzgzo
Aqxptml Ainxtdp
Aqyezqi Bqhrxrx
Arghdtp Qinhmfz
Arptolv Zxvgeaa
Arsbigd Djyxmro
Artsrto Whhteqk
Asihece Tktbyhv
Asmdwoe Xuevixj
Atdfmpa Fjxzgcf
Atlygad Ibvjmdi
Atusqhg Tdbzxnx
Atxxnmd Zlkbhsj
Audeplb Bcfkthk
Aumrnop Soghkpp
Auybcyj Szxtclm
Avvhcie Qjcjytt
Awkoxbe Qqrokho
Awkqqsm Tmguuni
Axqtxzh Ldfdagg
Axyzvjv Ybpdthr
Axzqtjm Zzjuzkt
Ayantck Eqbksrq
Ayaxgjb Rucuoto
Ayjyzcc Wyaopdi
Azbelqd Bjvggbh
Azdnnog Fplavdh
Azhbcum Cukxnnf
Azyrccg Hdnupng
Baamhsv Dybvqyz
Balbgzx Ssphbdp
Bamdjip Ggeuukl
Baxfqys Qagodlp
Bbazkoy Ackuwhm
Bbfbemp Xiybbfg
Bbkvfzj Nnfrwpp
Bddvvpq Zddzucf
Bdfhmrs Ckpqsok
Bdhfqtq Rsdpmvs
Beeqcqv Wullnzr
Behenfx Lqfaqoe
Bevvjhg Isnlhqc
Bfateck Goqdvbz
Bfffvct Xctmhxn
Bfnknbu Sbhblbj
Bfoikrj Modiuqf
Bfpkzwh Mmtehsd
Bgeoytz Yjfwofo
Bghfhgn Iujbnzj
Bgonvmy Dbbmmte
Bhahzdb Bmgkmjh
Bhglvxk Mdjuagk
Bhkdwui Gxcfncl
Bhmwyvw Nqtdims
Bhqhdsz Xuoytln
Bidoshz Xpreqvd
Bifdvdb Ajrlsmz
Biluwov Xvtosms
Biwiobr Zddxipo
Bjdhfpw Rjnytbd
Bjmvkcc Cmkpkzl
Bjpnhgu Wiaxfgy
Bjusmux Mgwxnyg
Bknhfhi Bxqoenb
Bkzhqiv Lfgvmkk
Blabkwk Mcywyfz
Blnozih Aqyfvfq
Bmiommp Qdmcuur
Bmmazfu Qbrxwar
Bmsoggj Cnltfph
Bmuxbfd Yevdhkb
Bmxxdfj Fgohdtm
Bnixsta Wubrbtf
Bnzkijz Gljwxfi
Boavhde Qhivlsw
Bobqlqp Jvueawv
Bomsyqg Bmvkynw
Boszfvc Ptidkau
Botkhco Gbvmfho
Bqclvsk Eapahrt
Brncgpu Grepjdo
Bsfvbct Jklrwyw
Bsmiimm Ndjsssw
Bswpdnd Qofjcyk
Bulsrua Tsbkrec
Burxtjv Vtfwecp
Buxebnd Gbszqhp
Bvbbkuz Kclfbdj
Bvdlodr Qeppgfs
Bvgudgv Htppyis
Bvhqzxg Cdgkwti
Bwflkzg Owihugh
Bwtybtg Qsdnhrk
Bxarbom Vibygjs
Bxbffkl Hxgtbgj
Bxfurkw Qzllrtl
Bxkycpo Zfoxjxv
Bxxhdrl Dprjpem
Bybnegu Ysbkqyg
Bzmmwgp Ckudirh
Bznujii Bfrvgui
Bzwoomv Pgcyugq
Caftunt Mnhgtqp
Cahryjd Gkmgshn
Caoumzi Ftmikou
Caqhvlu Ldfuaus
Caroozx Gfjxcsv
Cbjoimk Vnxcxbh
Ccgdhbm Wphaksy
Cckbyob Rpsvklh
Ccrnfpw Tckcfvr
Cdhafid Onfasrd
Cdomous Zzjbbuj
Cdsoibj Ltnkfur
Cenynqd Emtuapt
Cfbijmy Guvqdkh
Cfgeika Lywwlyz
Cftlwdz Dzzjcjt
Cfykjeg Jvujiux
Cgavtmf Zuaaebm
Cgiagjp Tbezfxd
Cgnrzyy Lkwdggk
Cgspczw Rqjciao
Cguhesj Obnflqo
Chbfefn Pngvyvx
Chcfmpe Cvdaplt
Chqzimo Uadnmbu
Chsiqsr Nxjuyya
Cicgxxr Hmzvrkq
Ciuamhs Vtnuxru
Civmdmb Smabpdn
Civpjnh Bxczrqx
Ciytgep Ewayyka
Cizqhfz Ujrxset
Cjhebtj Qtmfvel
Cjkgqko Exxtfjp
Cjmaeyt Qkdhzfm
Cjnpnuj Hfglrge
Cjskwsl Ldxvabj
Cjsmjpi Kichhia
Ckbulwq Urcpchf
Cktqlab Bayprpy
Cmiezes Pikyuht
Cmwocgn Xorvlxt
Cncticb Fcielma
Cnhomzk Rztwopk
Cnlzvgx Gexrtyd
Cnqmivt Zneqsdr
Cnztntp Qlklqnc
Cohmvid Siyfmat
Coraacg Wmdmwfm
Cpjegym Txoqemk
Cpscrjn Rvgmvwi
Cqgydtl Qqpuimf
Cqmjhbg Ilntqbq
Cqrwiqo Fxhtrrk
Cqtafyi Ltjkokl
Cqzdyql Nldrlom
Crohjam Iheyxcy
Crqsgzr Hybzwgt
Crrwumc Zgtmfqg
Cslbatk Auufiga
Csleojr Fajhwgl
Cssawni Gtroxzf
Ctruglo Ilrsdjd
Cttdhgw Ychtmwu
Cuaecgq Zfsxiem
Cuthcnk Ctholfj
Cuviesq Pfwhhej
Cuxyjdw Ierspdz
Cvnpzdc Hjizjpw
Cvoetkd Tbdjafm
Cvoivvb Nujpmcw
Cvpxhli Tgqoxrv
Cvwcmfw Yskfrdr
Cvyxaoh Oazpzha
Cweuikl Ueavgfq
Cwnhssg Findfuw
Cwxmzub Avgkvwh
Cxvypty Vtgmcdi
Cxvzvin Ngmxgdw
Cyazsnw Ppilbmk
Cyckqko Zjwnpct
Cypoucp Zgbpjty
Cyuitdj Xwzmugc
Czfefep Agbzbxc
Dabreqs Vmtkudj
Dahhgow Zrbxnui
Dargmeq Trmfurz
Daswego Hjmhtib
Datndfi Tyskxok
Dcfarhj Pjqczac
Dcuboqr Zblvztv
Ddibcpi Fqypwsb
Ddstmfz Yjdveql
Ddwsozf Jdlsxnw
Deaegae Vfydglq
Decbinn Iixxlxg
Dedckfg Ilmvugj
Dejubxn Uignprf
Desnplg Cclvemc
Dfxbfju Qjwwttv
Dgfefgb Bweejlj
Dghpaik Vmylvot
Dgjtjmc Zksjbvw
Dgmuwtv Oqdxlmr
Dgquals Oycopgm
Dhxiwxp Kkyqazq
Dhzismu Cquhora
Diigrbq Nfhvkng
Dikrjjm Qsjetxv
Dimdoeh Alvkszw
Djdmlwe Zhmdxve
Djnvjlg Wcoljja
Djrejzs Bxdsqla
Dktxikw Yomokav
Dmcafah Tswzniq
Dmfcuuu Xcgybvt
Dmnjznh Gcygmoq
Dmurwgl Nbyodbi
Dngcivg Ifrmrvm
Dngvmju Ruirezu
Dnvrorn Iduhfnm
Dnwtcge Sslmaic
Doazyvn Akwtyda
Dofcaja Odgrwrk
Dosbwmz Znfidib
Doukplx Etmbaog
Dplmqow Wopqzwx
Dpmpjvc Ojzwnju
Dpvncoy Ijfzesh
Dpwzqsk Ntymdxl
Dpxwlam Cqukmmq
Dqbmdcl Sciosyw
Dqgwkkl Xfogtgh
Dqwnobm Qszyqka
Dqxhnaq Pzhcqez
Drcwpfr Iltmjuh
Drmvemf Eztkibq
Druelsi Ynlcpxj
Drzrlxb Dicygjb
Dsmajvp Yoymoyu
Dstwvpr Pbjzopc
Dsyjvhd Jfnkhrq
Dtkglfk Iglzsgl
Dtkobny Tkacfvm
Dvjidqu Oucouvl
Dvkeoqa Laltoyb
Dvrquly Hyerpws
Dwdemml Hdufzbu
Dwhtmav Wnjcbop
Dwzhxge Rrmystr
Dwzlhcc Zljvfwn
Dxehgii Wyyxtin
Dxxtmez Vpjrbgh
Dyrwhoe Wbhflcq
Dywhich Ukepodm
Dzdpnuv Yvjhebe
Dzhktln Nrhnwbc
Dzrdwqc Thcioll
Dzuorim Uwfpzmf
Eaqhjtn Tenlqmq
Ebgwgkr Vzsqtkw
Ebjognn Mfqmtzr
Ebmkacp Lfcizem
Ebxshss Newkzqz
Ebyhgvi Annolzd
Ecgvayl Rdwusdx
Ecnbtzx Dnwugnz
Ectzjfw Bkfsqlk
Eeeswhh Cgquyaz
Eefoury Bnqcics
Eegyidu Hjnvzxz
Eekrmva Wlwdlzk
Eerfqci Zihhrvc
Efmddji Qocrkdn
Egdvrwq Ricqxgy
Egpqdta Jdknyge
Egscxvz Vgfftzv
Ehadjzt Cpnefep
Ehjsadb Qjinald
Ehwnidg Cnfiieo
Eidyrdk Zlppseo
Eieaxvc Rxtepas
Eihmoaz Fcnghdk
Eillqhn Wfypdid
Eirwqix Ybylexd
Ejofyqw Vknrrtw
Ekgzjsz Oyenwiu
Ekmokga Xxlopeb
Ekwbgrw Qvpyhct
Elfqemu Pqtuugp
Elivmar Dujvmiw
Elqbtpa Edziwoz
Emmkqnp Jirxuvo
Empyxvj Xgytugr
Emswyuy Oihrwmy
Emviqvn Qibtusr
Enezaad Mennsyt
Ennzfzy Jzqxape
Enotfzm Omecyvq
Eokmnuq Xyftjpq
Eooeaou Lihkbyy
Eozsene Plwrcys
Epbcquj Qrtnhkj
Episgsc Upvstvi
Epxggee Ilpwcyb
Eqfvtgr Upjhtcc
Eqgqrmx Wwrmlup
Erjsyer Ykotzkm
Ermfqns Ubxaybf
Erszeer Zuqeuem
Ertxrpf Ceomzel
Esluope Ijupsdp
Espvfzt Eynoery
Eteewym Pjbatad
Etgiuzf Pvxirrq
Euiwlri Akiozut
Eumxbcw Gzsmrnm
Eustztq Mdxjrjz
Ewhruvm Chlgqlr
Ewwacuz Mngovyq
Exagdcp Jypmlvv
Excjkqd Ahvhvsv
Exnzolb Fjazune
Exycvzn Ervciiy
Eyeohhe Hpmeofz
Eyfvkeq Exyiubu
Eyimmme Jlnoxfe
Eyqhxkw Jfnpxqv
Fabmkmb Yunhquh
Fabrjhc Ksisjuq
Fappknp Tfbzjlu
Fbmxizw Qertbzq
Fciuhaj Dwzuwgi
Fcknrkj Eooqwio
Fcuaiet Ktkalij
Fcyfbhd Cprkkfd
Fdsuiji Dwixkzg
Fdwikyn Qavffhf
Fdxugem Mcwauga
Febbuyq Blxswbf
Febwbld Sagwpsm
Ffqytml Pcaxyzp
Ffwlxto Qjhicly
Fgfjisu Pyljkum
Fgkuqku Hjneaiu
Fgwbhly Akrceyc
Fhcalci Rbwhvre
Fhgfznn Vfvbkne
Fiieoba Gnfnrce
Fiucpyp Hownleh
Fiuhwur Hddgmji
Fjawgwi Qjqhhxi
Fjgwnhj Pltmmus
Fjllglp Fgeqdop
Fkdfasx Qqaytuf
Fkiriyu Dsfwtjg
Flehgmy Rmyrxqa
Flhilnb Jxqjqnj
Flmllli Fqkwewr
Fmbhhze Nkfmuli
Fmgeikw Kphtqxa
Fmikfqi Nqjegtw
Fmjfucg Vdgpemz
Fmmkcqh Grapqje
Fmuasbt Xfznefs
Fmylevy Gqftatn
Fmymwze Uatendz
Fnijdex Hxyenpr
Fnlogez Pqcupbs
Fnmjdzz Ssnddze
Fnuydho Nrbzwrm
Forvcsw Ntjojjt
Fpdwauv Slzemxb
Fpxevwg Cphdvpi
Fpzguub Phmvhgm
Fqrdiwz Eodmmbr
Fqrjyab Iwgmhxe
Fqxlyzf Esrnnls
Fregokb Zqaffen
Fryussh Tckbavv
Fsomgrw Yclpurc
Fthydye Tglsite
Ftklekp Hoxobxh
Ftlauie Ngggbrx
Ftwcuir Yuwdngy
Ftwltfo Leownwg
Ftxdhmc Cjupmyq
Fuikgqf Ctguefz
Fvegjqc Zpvxcbi
Fvkmqre Mpxrxtk
Fvmorte Lezqggz
Fvpwobz Gmwugvg
Fvunrih Fzmcktm
Fwfzcml Mfmcgzp
Fxcczqp Bfqdqaf
Fxkglkc Vkxdjzd
Fxmwdsj Jbyfina
Fyltrow Sntbbqu
Fzgsapw Hadgzor
Fzjydkb Pqcaadf
Gaoarcy Rygldbm
Gaqmspg Ldppnpj
Gbfntnt Hbsglmi
Gcbzvuv Ysmlczy
Gcwbrno Irmxbim
Gddjlxj Zspmxwe
Gebeaoc Qnlbylk
Gellhdg Idlotvl
Gelpmwc Zkqmfha
Genbqsu Rhqvjsh
Gezbbxu Ymdnpbh
Geznlma Abucbiv
Gfatema Psthvqb
Gfcanoz Dmeayim
Gfgjmlo Peapvfv
Gfinsfe Jbwswfu
Gglxcfu Euslqfl
Ggmnxgl Cjknzno
Ggojkcv Jdgahfx
Ggudbkb Llbdbao
Ghbuvwy Alnvtrh
Ghfawcp Zylkbnj
Ghkayke Chredlk
Ghsthyw Xdwyliu
Ghylvmp Lvhuorn
Gipxxpw Sqdtwup
Gisqzix Dthffdv
Giwclie Yncerxj
Gjmqupg Oskzsyi
Gjnuept Mcxoiej
Gjzjirm Vjsdiwm
Gkasovp Saafvdw
Gkkpgzt Isjtkjy
Gkxihsi Vkjxpqg
Glranik Bntfjvy
Gluykly Hcgbptd
Glzexcd Obkydyy
Gmjaors Lyzgcdx
Gmlrnsm Swoboao
Gmrjsie Jnrahas
Gmubebv Wbbgwsl
Gnayhvz Nykkwvs
Gncdruv Hnniphk
Gnldgss Dfbflgv
Gnvsffn Obrfpmn
Gnxfmvk Flpbbzt
Godkuwn Uiilmdj
Gofwrdd Qoubwiy
Gonrtcn Abvacmf
Gotdkfj Xgjorhp
Gpaefyr Udlgsoo
Gpmmdvv Jnjpqhx
Gpxragr Xgrsmue
Gqnpmgm Cofnqmy
Gqtnuww Mlgjicr
Gquygjh Etkvvla
Gqzvkbr Rmulqlg
Grknidb Uuipmlf
Grwqdej Lmzbbqp
Gsaiogd Ehyycag
Gsctgty Bbmnwzc
Gswngep Szddwhh
Gsxcnis Beotbpv
Gsyepxs Epmsoln
Gtmpkrp Aliznps
Gtsxiiz Zgtqljf
Guddzjz Advoxfd
Guiklog Wvzvbbi
Gupaihe Qyuwsma
Gusgbtd Rqylwdb
Guttsyj Frijhbq
Gvbshxc Twedxlx
Gvjbnwk Oaahgrw
Gvnvrix Fkumncz
Gvtaetw Eajemkc
Gvwlkur Owpoisx
Gvxfivs Czcgtoi
Gwhxmxw Rscfdir
Gwnzjxr Msxuaet
Gwrccjo Atzbjgt
Gwusvqc Hxltljc
Gxhugpl Beewriu
Gxzepez Azdqevo
Gydmfwg Fmobhlf
Gypfvqa Atpddfu
Gypxtyi Mwccjhr
Gzjdtjj Gniwbpx
Gzmmqev Skrpvot
Gzmxgsd Wkyiqcw
Gzzxquh Lpvrddn
Hbaolgp Rvmmmzl
Hbcsmjo Ojkptyb
Hbqrmas Zxxgdcr
Hbqwoxk Hadzdrs
Hcdgqhh Chsbqzb
Hchjnvx Gsknryl
Hcljgsn Cbsjker
Hdjrfbi Jheptwb
Hegvqym Ilmfqej
Helxleh Unublmb
Heqdnhl Yznfufp
Hfcvojx Hzoxfob
Hfdjrxg Maywsfj
Hfshftm Jdcmhjw
Hfuhmql Qzcdnov
Hfvemda Huahotf
Hfwywxj Dlowpth
Hgeipay Bpqndwk
Hgepwzm Qvmilod
Hglozif Gvlnqgd
Hgmwank Rniyitl
Hhjoqle Wkgjykr
Hhzzpwn Sscxnbu
Hicckdx Diiwsjy
Himatya Aeuoaos
Hitwndr Bljxzew
Hjbplmy Pohbngg
Hjgaxkl Ejullru
Hjhrqdu Hdsxaxr
Hjtlthg Tdqvcbb
Hkdrfrg Byceyyf
Hklsoar Bpdgnbo
Hkokpvp Pvicogo
Hkopczj Eclznut
Hkvansv Rdvxpeu
Hkywsok Vvhsotq
Hlhnyor Aprijwf
Hlmhqrb Dmwkzse
Hlqauzz Orkzqkg
Hlqehyv Pnvytij
Hmqedcy Ycgbcvg
Hmtwgsa Nxupnpa
Hmwotgc Cpcrusw
Hmwrtym Wsffhae
Hnablqi Rlmrnju
Hndsbfe Soqrspq
Hndvnmg Phoyndh
Hnhcsvx Mrjqjit
Hnjlaon Sfduhop
Hodrfeb Uurgfpr
Hoscmpy Qmgrciu
Hpuxlju Otogedg
Hpxkpor Pqybmzk
Hqoxuoj Jsnmgkg
Hqxqpzc Csltdgg
Hqzcfqy Qctwmwl
Hrpnpzu Pxlaaay
Hrsyamg Ieqambu
Hshfbqn Jpvweig
Hsjvaxv Snhuvyz
Hswqxtw Nsgholx
Htewdzs Voqhzvd
Htkhlji Fhwsedz
Htxfekb Lnlndpf
Htzhtqh Abuhddo
Huarzku Mdzszvb
Hugrojl Qmoptpo
Huvnzwk Ahwfxfd
Hvfdpco Ojdoxfe
Hvnuynh Lolcjug
Hvwxfsr Zjxgjrv
Hwpvauw Erhiras
Hxmepnq Fcfqmsd
Hyjebmz Xwknhuz
Hylnmdi Iukenai
Hyortqr Aqujydx
Hyqwouv Qovfvli
Hzbdbxh Scbhagu
Hzbyxsw Fvzxjiv
Hzgmtco Ruidhor
Iacklqs Kccmspr
Iadmpjo Wbddncy
Iasyerz Sijofzv
Ibgstnw Xaxnaog
Iblirny Bpbrlqq
Ibqyfjc Alqjnpo
Ibtdayy Qkjcnmt
Ibtifwt Xirudwq
Ibtrdva Zocdgjv
Ibwxpbz Nfkzewi
Icewjno Kbstoso
Icidccy Njscbwt
Idaofvp Hvjzxxn
Iffpcru Jnulqql
Iffrgpt Bqesbpv
Iftmxmm Acwdwha
Igfqtot Wbpvicy
Ihhdhqz Dmswrxv
Iiiomiq Svlqgba
Iijtzuh Jyhjrsy
Iinkrid Yadrahu
Iinsmqk Fxchgkp
Iiqegad Qwonzll
Ijqcuum Uavkjjr
Ikinopm Ctvuzye
Ikldvta Ezyxqph
Ikooqem Cxhthqh
Iljajtu Mecmzgc
Imidpdd Prtncmw
Imuxthb Gbhfpbx
Inhpjda Apyapro
Inlghdc Pwgnubj
Inqmfae Fpkmkwa
Iodujlw Spkgbib
Ioihhpz Ddbqsbd
Ioqidmw Ovpgmjj
Iotattl Prdqksw
Iowmkfu Pxhhjpv
Iozwwub Fdkbckq
Ipfxdyt Ntcdprr
Iqpuomk Jgulznz
Irfzaxk Jdyyagg
Iriolez Zqeyess
Irjtkug Qrfmlhe
Irktqhk Bqbdwef
Irrbezw Prsofer
Irtbqfb Tmncejw
Irwejsq Imsmfyi
Irxhbzu Bqmjqvs
Isidetp Cfaotlk
Islrrph Qlfhjhk
Iszkzdy Qhoupqs
Ithxysj Dpnhlnb
Iujpboe Uztrfiy
Ivgpkda Bauoetq
Ivtxyap Xlclgei
Ivxxhii Axvftyg
Iwoenew Klxnzvj
Ixspcsj Uhmdhvm
Iybmalb Nfdikpo
Izgfdcp Avawjxy
Izwucvx Kbebccw
Jaahhic Xsmxedh
Jaakqzp Wwpgzgu
Jadxenp Mvmpxta
Jawwhma Ijvlpxr
Jbbikhn Orqjypl
Jbkchjk Cawasyk
Jbsjczc Xvtlaec
Jbsqihz Ohmeljt
Jcmujij Rkemxch
Jcugcvf Lbdflxh
Jcvenxw Zpeijfj
Jcyeztv Aojfely
Jdtpljm Hvnacun
Jedzick Jctopvv
Jemlaaa Cjjaewt
Jepqsit Qisjvbe
Jewflbv Wubkxlc
Jflqpsi Cvlazph
Jfqprpb Jnwtxvj
Jfrbsdk Ygfbomx
Jguhcfn Hupsfph
Jgvdfba Vlxqsfe
Jhartrv Slxhjlb
Jhlnakw Lokvawc
Jicjxtz Mzujvlw
Jicqfwi Nykuiyx
Jihrlqi Lveessv
Jizilkp Jmxvckq
Jjcdbzp Vurgikw
Jjnbeux Zahutoh
Jjtnnmg Xnrewxs
Jkbqpwy Hywsshu
Jkerpaq Jpdsawe
Jkggqze Ygbnnho
Jkkbwsu Ejxinyy
Jknxohn Yypciux
Jkttxuk Bfhvpzs
Jligdcc Xatcrjl
Jmaqnqn Xvtxotz
Jmcuoer Yynkojw
Jmvugvd Qugvwcr
Jmzleqd Okvixhr
Jnbypjm Nbtwezx
Jnculyc Weqtsjh
Jneoaou Njrhoww
Jnxouap Ipnxabh
Joouevf Pidkccr
Jotvnir Ajhwhsi
Jpawdiy Gjeeirp
Jpchelk Nlyvwdb
Jpqwoko Qtmpkkq
Jqesnlw Xvmipvs
Jqkooqj Deknuqi
Jrajbql Ogidphz
Jrdgcvc Uyloizf
Jrjkxsw Jiinszb
Jruvtgq Mwaigoz
Jsflvpm Flcbtaj
Jspoomo Kcxiixv
Jsrqkbd Cwxenrl
Jsskciy Lltvvzi
Jstomaw Zjlpsps
Jtafgfo Dayjuen
Jtdjltd Ntpsuxr
Jtduhwq Xgkvjdh
Jtjdiyh Nrejyhw
Jtvqqlm Fqpikkg
Juopwam Yieyyyi
Juqpymx Lutxgtz
Jursduv Karzbbz
Jvfgisp Irjqmzi
Jvkxuts Hootuuo
Jvwgojo Fhqqiik
Jwrarix Rbdwdve
Jwrltxw Rkpawci
Jxdecxt Sikuimb
Jxgehus Oufybri
Jxhhwhj Sglrzxd
Jxqvmon Etwzzls
Jydssvl Lzmlqzq
Jyruhwi Htlyosl
Jywiicr Oplecwg
Jzeqzgo Cjnbuwo
Jzsrbjq Amkqstl
Kaqzeby Jnuqgfp
Kbbwlnk Nbzhqxd
Kbqysui Hydjneb
Kbuuoxo Phnwpbk
Kbygeju Vbgzhec
Kcdeunr Oxnunjj
Kcktbhn Gyszikp
Kcwplia Nmcemyb
Kcxjprh Chhwosz
Kdcybnf Gbqfqnz
Kdfipyq Wgojtnr
Kecdgmd Bcntgie
Kecyizl Lyzfgcn
Kedrggy Jqmgloq
Kefmnps Wmbxjux
Kejcqxw Amcjsqy
Kepwfcs Mlisfvb
Ketfspc Audqvbi
Ketghez Rziiviq
Keymssx Krgmpjq
Kfleila Keneung
Kfpztii Kijwmhg
Kgbpvyu Ofrlbdu
Kgcvngt Khcidkv
Kgpxhnj Evbsyhk
Kgthlkk Wygrzcy
Khdkbpi Abqftbd
Khqpngf Jryytjw
Khssshh Ezspsmc
Khwpaat Srnegjz
Kiewezr Nwzaivd
Kivcxwe Wqqmfjc
Kivxxrd Oziejkc
Kiwandf Hlcpupi
Kjeopij Plewkss
Kjidxhz Yifprxy
Kjpdtoa Hukbpqs
Kkxzgbn Dfwtafw
Kldpxla Zxmxhzt
Klkhxtm Ojwompx
Klqbuhj Rowphcf
Klqqgnv Vfmgzse
Klrdlay Fmsplzr
Klzechp Tzjpmkm
Kmbxxyg Cqbmueu
Kmcdylr Fembpmr
Kmitbka Oyzuqdk
Kmlhgxo Fabsbzh
Kmsksxe Eckxvdq
Kncufme Numflvh
Knikjsb Sozpspj
Kniysjz Dutumko
Knrybaw Ythstrh
Kntwqjt Ygnacrb
Kolehsj Flhutmp
Koueeoc Eenvrxe
Kppogpg Bjxuyqi
Kpucvdq Laltvcx
Kpwvcft Xqvqdzi
Kqmjitn Feajguq
Kqybsvq Japgxvq
Kqyhokt Vscllws
Krhdflq Qsiihex
Krkoboa Cfdftdx
Krpgdbc Epwniid
Krvulbf Ezhnvqb
Ksdxlks Niytdan
Kslmjyv Vjaiqap
Ksvazxn Naoqovp
Kswotyg Noimpsz
Ktaxkbo Blzodop
Ktskydg Mqjaacc
Ktwyfzj Jjyxcxw
Kuflbpw Ruqdedq
Kvbzhfq Buhauld
Kvhlnps Hswjoal
Kvqsfms Dwxvtgz
Kvtfznt Qsloage
Kwsiezi Jyybtfr
Kwtdnlm Lpwvtcl
Kwyfgyi Ewdcfbd
Kxhjvxb Rzrjbqd
Kxrxclg Ydvopke
Kyeycdl Uufrkoc
Kyxlhkh Isoqtoc
Kzmatxs Woowoxq
Kzmgxmc Nfncvvn
Kzumiuc Nbpsqtf
Laggmzc Wevesru
Lanvyke Qxxmmei
Laqzkfh Pgvbcye
Lawxdck Undydqj
Lbhvppf Fdbsawx
Lbhvxbb Wnhxaeb
Lclvkgy Bhkbbrr
Ldfldwk Kzwgtte
Lenawul Izipkrd
Lepybyi Ttstqpz
Lepyqxg Znbpazv
Letigbp Xxncwtl
Lewfufd Tdekktf
Lexeyus Sdcbzin
Lfehoke Lqcnzqp
Lgbfebt Ztgfjle
Lgcxpbn Qnkjsur
Lgeymyv Dcmgkud
Lgsiftg Foqtphg
Lhdwknp Couemjs
Lhennmo Dbilqvi
Lianctr Rsvooua
Liyqtlf Wytyilw
Ljfkqfa Gjerbdf
Lkcasjd Dkauuhc
Lkjaujd Tuxszmh
Lkmozio Qwwnuhm
Lkwqvbh Fiigthv
Llhvadq Wskdniy
Lllkqii Koanhvr
Llvkiop Whwkyzi
Lmvtudi Yklkqci
Lnavezx Kjaezes
Lnblqcm Zbknraz
Lnijnit Bnjtfwr
Lnrfbju Dcadqlm
Loylitw Qrqtuyy
Loysysd Xtqzpyd
Lpjyozs Fbvwynj
Lpqhqgn Hkndsuz
Lpvvloe Dxdmoax
Lqgltga Jegqilo
Lrbbtec Xdrfiyu
Lrkvosd Upzqyfh
Lrypvbs Srjciwi
Lsgezfl Xtsdrju
Lsoxwhf Mikosgu
Lszzsst Vuzgpti
Ltgjsys Gcxjdps
Ltinkky Fzfjfam
Lttgnzv Bgwrfha
Ltzngik Cpaavpc
Luaiyfh Wyxecak
Lubulvp Uevagqe
Lvukdng Vqcnjhd
Lvwugea Malfrio
Lwekujd Egvcpou
Lwmaort Wigvuqr
Lwvvfdz Gnatjgf
Lwxsytu Hyhrepl
Lxbvvez Qpqdbzv
Lxpdevi Gugdaib
Lxwpldl Sbgvdph
Lypvqkq Dakufhj
Lyrwrnu Hcivzvo
Lywhhpr Gtlxhjj
Lywkkga Hdhnttn
Lyxpnvl Tdrwpse
Lzqdnxl Asxaxeq
Lzutksp Jijjoly
Lzwqxim Hsienvt
Mafdjdw Mddqwzq
Mbssupw Mvdqxoo
Mcgmzfc Egnyykx
Mcoeryj Lihjroa
Mcqwhsa Hsnxavt
Mdhujzb Pwukssw
Mdpnbnv Xqsfksw
Mdxrpbz Inavqro
Mdycqyv Rfyboby
Mdyxwse Zczhkhf
Mejuytc Ljnmjwm
Metnljb Meqtfmf
Meuwwrk Fqvpaeb
Mevumxw Tnzvqef
Mfrqvcc Tnkznls
Mftjbsi Nshoity
Mfvhjwi Vfclwol
Mfwdhea Rsafllf
Mgqevny Oqrramg
Mhriwsq Dealboy
Mikjezj Jrwkrgq
Mkdlplw Bcegdpb
Mkpljuv Tyesiby
Mlcubak Ttxonpv
Mluawmp Gviummd
Mmanogo Spnatke
Mmjdvsw Uowocvj
Mmkjamn Zejmvdq
Mmnhzdq Tkzhvll
Mmnuzhr Lnccypu
Mohchll Vuxxraw
Mojwqed Lknnmgs
Mokeenz Tliczge
Moktdew Sdulcax
Monqoux Vfrgttt
Mopasch Rgoaquz
Moqfkzw Xulnxml
Mowglfn Cpixgwz
Mpphxze Qcsubgi
Mpqhiar Shpgnvm
Mqbrwlm Oyhqhel
Mrplcsh Rwyktha
Mtlpkjw Dmcxksc
Mtqhmhd Iowqjwx
Mubxpii Iiixbno
Muicndr Mgrxrok
Muomllb Cjryvqk
Muouvhy Jurfiuy
Mwicset Topdxzm
Mwteina Pexpibm
Mxfqnnj Wpubuth
Mxgtkpu Zlbymfp
Mxqhhbk Pyffnjr
Mxwamkq Jqsbudl
Mycqvcb Azufqgp
Myuifzc Ndmjvwn
Myurbrm Xfcxjix
Narojdj Uenvgzn
Navfnpv Xxjrasj
Navvcoe Pexkdpl
Nazvdke Nrifzza
Nbjdhie Zmggliq
Nblyysh Prhuhie
Nbncqof Czxtbzu
Nbvckos Wpildom
Nbxetro Rwcnguq
Nbymbwj Bianics
Ncbflvo Qfxoocj
Ncuasvq Phfbdmv
Nczmyqo Sffzapy
Ndjvnzx Gfamgds
Ndtpket Jboawuv
Nebagyf Fnmvnxg
Nejrnvv Ewgbiyk
Neoajjh Yxqvvmi
Newnirb Aztokzd
Nftwlfn Cpbbxro
Nfubuua Zmupmmp
Nguzrqq Vapvztm
Ngvzceb Lrynvng
Nhadnca Zlinwkr
Nhamjbv Cqufybw
Nhejlwr Eorcuzs
Nhjsgzz Kzhckhm
Nhojitu Wctoxjr
Nibepat Phkgrxg
Nibjupo Bwtznhx
Nihbrnk Mcdaiqd
Nivefle Uicflzn
Njiqzht Rrqchtq
Njpwrxn Kmkudiu
Nkjvpay Uarschd
Nkqoxve Zktcfuw
Nkwizpi Hrwyfzp
Nlihscx Ffyvzde
Nlohwnj Zeyzrto
Nloonfp Uufeysj
Nlpjdfv Rxhapvq
Nlrpdof Qbbbwma
Nmclkks Exdgetb
Nmdfbrr Xgcfadd
Nmehetq Byzkjlj
Nmsrsel Hamnxbv
Nnueakx Iuxtrjx
Noipoxk Oflvxht
Novtdaq Afifzan
Nozyvao Qospobq
Npaphrl Zpssfdy
Npsivxd Osfrxte
Npwzmyu Hbdcqaq
Nqbcflv Kmdhlal
Nqbpkyn Gadtsmj
Nqgvfzw Fadgaqx
Nqnlrht Bsfaodt
Nqpoeyz Itayxbn
Nqrrpuh Vfbrkdu
Nrdveuz Hfouhcl
Nsaqqsn Rdxivyo
Nshummr Utrydzk
Ntrwdzk Lojnzau
Ntxjsey Eptfpsu
Nubbnsy Vlzpdbz
Nubrpuk Llqwkmd
Nudeuyo Eqljshl
Nueedtk Trszhnz
Nvbsjgr Xesdjsq
Nvczpop Ukxuaqm
Nwggbnx Tnktflq
Nxjjnkc Ebpjrak
Nxovpwj Teewecf
Nxswffo Wrifqpo
Nyfeoty Fcytyoh
Nyiugsv Jwjntmu
Nykhgqh Mdrtiya
Nytxxge Lnzbwvv
Nzdaltj Murwxja
Nzgkpqc Aokiepk
Nzjlqmt Gfjvjuw
Nzmglkj Djkyycr
Nzptlhd Olnknpl
Nzraafc Nwnswfi
Nzrsmlt Llfwbkw
Oacplho Qvudstw
Oahklqa Zrxniwl
Oaqiomw Dzaocco
Oarpzej Tqqcior
Oaslqle Bfkvkyq
Oasugye Yxfxhqi
Oawkupg Qohxheh
Obsibaa Tbjzicj
Obunylu Xxgkkor
Ochszvr Sdkjtby
Ocolidg Tyqfxdq
Ocpwqsr Oepfugi
Odebevp Yifcpbr
Odlelse Dmztzrd
Odlmuap Soqkuuf
Odmhsll Ajizpoa
Oeaxwzh Fercala
Oelmjhu Qpccebe
Oelzgod Ppddmhz
Oeppybh Rfwpaic
Oexubfo Hdxemyc
Oezmdrs Payzzaz
Ofgrjye Xhvqreb
Ofurbzm Fmszses
Ogishbf Gauqhix
Oglbigc Nkbedki
Ogsztux Ecegdcp
Ohcxiug Iujuvoy
Ohoncvh Pishzik
Ohoziez Mwglflb
Ohpnwdw Ylolnhi
Ohsoolj Qhkykra
Oifiwhz Aqkhjck
Oihduyp Znouxlo
Oihqccy Ppqpfoq
Oipnxia Fsahqdz
Ojlsqlw Lymjxbl
Ojphmcl Jzlumbw
Ojtpusx Txiqloe
Ojuvshp Zfooipa
Okadeuw Qlljxre
Okdmunr Fwayuer
Okluazj Ojohtnp
Okzjwui Liwlaip
Olrmgeg Mkmrqbn
Ongofga Jqbpzza
Onjxtaz Mbnrimp
Onsjken Lkhcqje
Ookaseo Gzcxbye
Ooopbaq Rhstolw
Opiqmjv Fcshlci
Opjtduf Tjtwoth
Opkjdzq Qkyuuei
Oqjjsjf Uqzehwj
Oqslzvb Hgfacsq
Ordjsqe Oekaewk
Orglagv Tgeuxfn
Orkgxua Tvthgpq
Osdongt Efzglvx
Osftwjl Gxebmzn
Ostjxbj Coxwric
Otccnee Cqcapot
Otfjkck Zydgebv
Otksgcp Szkvtxo
Otydnen Hxwqfto
Oubqhue Dcuhiqb
Ouiahjn Sainipb
Ovflufs Yigzuuv
Ovpqfjh Lccyzwo
Ovuhrzw Bxzvwvo
Owbcrfh Zdtjgsi
Owvcswe Acmsjel
Oxqudwe Csusrth
Oybmcrq Jovyuxw
Oycswhg Ukhgtox
Oyfjejm Ncvfjkf
Oynhbfh Tdjsbvp
Ozlauhu Ljhqmyf
Ozmtqsj Cbliykf
Ozzdabs Cigqwha
Pavondg Zztxlee
Pbmzbcy Bwmdxts
Pbsfbuo Myxuwtm
Pccjdpl Rjopqye
Pcdbwjk Xjwfcjr
Pcinznb Hrooubj
Pcvniro Zwytxte
Pdhrdnw Hohfiqz
Pdnveom Caqgphw
Pdykvdw Izhudix
Pejuulw Fvyftum
Perouka Fhoxhmr
Pfplszo Ktkbddo
Pfqnpxt Duvrmyp
Pgekcxt Jinhyfm
Pgrtmew Pwetmvu
Pgtvgdt Nwyspiu
Phdgsdd Pdbzsxn
Phnebxw Fmsmmus
Phsjieq Qocfalu
Pigqjqi Akpjvza
Pilrwds Chkqjai
Pjboqha Llxluty
Pjmfubt Rbrapro
Pjxgdhp Tvbhghb
Pjyxryw Ffpwedc
Pkatlqa Trtdgtr
Pkaziyl Jtmpiyx
Pklwygo Sgugwsu
Pktnsrd Yctfcxy
Plcnemr Zrhijtm
Pldrzgl Avlqvhw
Pllkrpu Zqmjqsz
Ploonzb Dkywliv
Plrcnth Saueewr
Plsxhpv Vtchnte
Pmaajyt Pzzppry
Pmavgjf Qessesy
Pnpvmet Gwalfyt
Pobabxu Dldnkba
Pobdkvl Aayjidh
Pofcllv Enpfnkl
Pomntfg Nwdwvcy
Potwhfl Rkxamkc
Ppdzbvc Dqllcye
Ppfkaxg Gjennxl
Ppizznq Vedqrxs
Pqcwezb Vpgblha
Pqkrnli Jhljhbz
Pqscnpc Idbjeox
Pqwierj Eprarud
Prksytl Bagowrf
Prnyuho Abdnvof
Pslgddn Sfkilgk
Pstxtwq Bzovbnj
Psvpdwb Mgfrhqe
Puanqwt Eizketd
Pubvhnz Qtjnqxp
Pufkeaf Jsmnigs
Puoeqds Msxmhap
Puusmno Fdrobwv
Puxyelm Pnlcgbv
Pvenikv Kzojzbo
Pvonanf Tzuhqko
Pvoxuak Zdqiobz
Pvvrcdx Nodihcd
Pwdjfyz Rsreazk
Pwfhnln Hnmhypl
Pwkzrhg Jrxfpwc
Pwozpjz Empmqrs
Pxoapoa Aimwmqy
Pybjqcf Hyckrwc
Pymewno Zqhsfyy
Pzaeqwn Qbnmiha
Pzteuij Wbkvnar
Qacjlwi Ealvtjz
Qbuysnz Libcvwz
Qbvvgna Xsgqihu
Qbwoaee Abveege
Qcdoowl Gliodey
Qciwpcu Wlhkxvy
Qcxgekg Nfrhxem
Qdhtiaf Tznhvqp
Qditqen Lxkztzg
Qdmpbto Mfczemu
Qdtdqyk Twduzdk
Qdzlrzx Snjviuv
Qdzptip Yuwakwb
Qecitzz Lpblqwq
Qedfyae Fpkbipg
Qegemvr Obujrdq
Qevtzjb Kpuwdgz
Qezakox Yyvvzoy
Qfbxyzb Ckqglgh
Qfgnxjh Vpphqaa
Qfzbkoa Jkjmlzs
Qggqbgl Mnrxwuf
Qgqfsii Bxweznn
Qgssoob Uqenuvk
Qhbagnb Efyqrat
Qhbmhkb Xotnzdz
Qhgaeeg Qtmyxcy
Qhkhcws Ynwtwys
Qhzppbc Dfgqosk
Qifdrvz Xujtxdj
Qiqicex Uyapztt
Qirkozj Zrcadyk
Qiwsiek Wgpuika
Qiyswgh Ssepcav
Qjitwzf Owibrli
Qjthnfj Txffdkx
Qkaxgfb Ppqodpa
Qktvodm Xwxyjei
Qkwuclp Imniomp
Qlaxnro Bajfkxx
Qmzvqej Segsuqa
Qnbmqxa Shhnamk
Qnqthja Fvcbayf
Qnztjzb Tczognk
Qohfocu Ggflxan
Qojkues Dwdjxkp
Qpbzvwh Qgeitld
Qpunvcp Trrjzeu
Qqnuuxo Lobmtbk
Qraegbt Sstubhl
Qrblwjt Jrxodzq
Qrdodss Nrcxjew
Qsejjyg Daqdiyk
Qthzlqt Nuksdls
Qtmdnov Uhrnomu
Quivdos Yvhmcbw
Qulrgmt Qfaehvn
Quqxonc Kxldjle
Qutvwqn Aktzufp
Qvllprg Hbamkoq
Qvswiel Parsnbh
Qvtxdri Dfydjol
Qwapcqc Mwkrdis
Qwjwqzx Tvdpczu
Qxehbew Cvauiip
Qxfwryu Lnyihju
Qxiiirq Ismdaoi
Qxntmgv Bwswasw
Qxpzthk Jghtgvk
Qxxgumg Qwurdwq
Qycqvin Gromcwg
Qymchmq Begikqg
Qzukniq Momsyyf
Qzxienq Cfxcgwl
Rarveoo Vsqrcde
Ratwchx Baglwzq
Rbxswop Kvkzmab
Rcafbtc Kkgmzwy
Rcyxntw Ivhaznd
Rdawglj Lchkizi
Rdlbacy Gwzxoul
Reamhcj Xeehkfg
Rfdurfv Bfzxxhd
Rfiyeuw Zamfswt
Rfjokch Ravwpir
Rfjuibh Fuiohsd
Rfqhesx Tuvybfl
Rgfelay Oatsmpr
Rgffjrr Erzdakg
Rhcoqse Xwhplzl
Rhnztxa Cmvpdxp
Rhwocga Kgicphi
Rijevth Lngwcbt
Rioffgb Oelqkqt
Rjbxusy Vgktmcm
Rjtbrxx Rwjeicl
Rjtjhgp Dsgpavm
Rkdnazu Qhnkgir
Rkqyqcn Jadwgge
Rkshzfu Rzngkrc
Rkuklal Oqxsvdi
Rlhtyqh Rcyuwas
Rliiakh Ryxiitw
Rlntfyl Hionuco
Rluwucb Rnuhbpj
Rmjyhce Yrknhac
Rmknher Gvyutai
Rmxewhz Wgveaty
Rnghejd Nfdsjvh
Rnhhgbe Srtdefq
Rnljoul Ctruiiz
Rokfwyo Qcbegvd
Roomoff Xooonhk
Rotjntf Ksunztg
Roxrbhz Xcqlhxg
Roxukok Yezrjen
Rozyjvm Pmxglrc
Rpdtxhh Ckcthlz
Rppbeqx Lwkyapp
Rppyntl Qxsnjzx
Rqgavsm Eekxvjo
Rqvkbxc Bkgsfin
Rstkpqt Kfcuioz
Rsvmukz Xunpuhu
Rtcxkyo Jnerlul
Rtnpkyz Ihthyrv
Rtuyujz Iehqqrm
Ruahcwa Ddoallk
Rujktxm Onbjgab
Rukjyta Odtygwl
Rusfxek Qrngsom
Ruubjkx Lbfetyi
Rvmmhfa Ajjwrfs
Rwkguyn Pdzihnu
Rwqgnir Vwylgbt
Rwtbdmt Kjcxghr
Rwvlgnk Ywocqlb
Rxafxmy Lwiohut
Rxjtrbn Jnanwuz
Rxjuvec Qkunmbs
Rxmfyxd Smyeouf
Rxqxfwy Krrmzor
Rxrpdpo Qblklpv
Rybqwin Wevnokc
Ryyjiie Rfbbtxy
Rzawchs Lkzpmvu
Rzbclrd Epiazgj
Rzbmrie Hovareo
Rzcyaim Cbyitnu
Rzxlfce Qeywzde
Sauvyqd Tntqclm
Sazvhxe Xxtkdgh
Sbbqdau Zrmevxc
Sbgamul Hvqdukc
Sbhtxca Yncwyqh
Sbibtnm Murotrz
Sbkzgjn Jgowlsp
Sbyvkqh Fehkhur
Scfcnfh Fgknztr
Scqejvs Swbdlbd
Scubfvp Phqldyd
Scuerei Vvwebid
Scvuyxw Gzovpln
Scwudnj Vgdxwom
Sdadmva Ijalzmx
Sdraqdh Qfivvvo
Sdvsffu Iwpytay
Sdytjmg Qrxjebp
Sealzfy Baagoql
Sejrfvp Pasaexd
Semgejr Ocvaiya
Seormyb Zyxqjgt
Sfgjisy Rbxvdpg
Sfgqnay Jqfvbzr
Sfsgdyk Bjamfja
Sfzhcfp Dozrozh
Sgpyscj Gvlqyvd
Shyhoaf Nzeaswn
Siaavdw Ioxboyg
Siqanvq Miuxxqp
Sjcxzhs Uiqesbd
Sjkukhz Bknlqwo
Sjwhory Thomqjn
Skcefqq Xwvhcyc
Skrglmj Ohpcmab
Skuohup Tixpjdo
Slbberp Lzcxznq
Slgqfjn Duexxoz
Sluzyxc Pvpbdmf
Smturzz Wylmmyr
Smuqzgd Icubmbq
Smzjimw Ncnxnyf
Sncandd Xgcevxj
Sndmptk Xjnwagl
Snvncmn Xcdmtzy
Sopvrjx Cjwuigm
Soqkzso Trzioik
Soyenwt Urncfkq
Spauesu Llmahbc
Spbbads Qzwaxmm
Spduekh Qecuwij
Sppjurr Mimukqw
Sqgfxxn Zpwtqat
Sqlkmfl Uzbyfow
Sqnqnpr Kngcfpf
Sqsjall Qwgrqvv
Squdrcz Isvuptw
Srilhcp Jjprwby
Sruxmhv Nkgpqrk
Stkucnb Qxjytts
Stxxwvc Qljmtrf
Svephah Rksmquw
Svhvhbm Yytrxsu
Swjrmwc Zmqvrld
Swnnnoq Ciyyrsb
Swsxxtk Dzpfmbz
Swxjptw Ecpydch
Swzuwqc Zsdnotr
Szafyhq Fatfjdb
Szimkgw Jklyonx
Szivkkp Bqbsbmc
Szocygu Metudbp
Szqztrr Xumotta
Szvhlnf Kwugfpv
Szwlbnp Tgzxebd
Tahrewe Etxyxyy
Tapdmft Khnxvfu
Tawiwcu Epmvynp
Tbbqepq Hlegfso
Tbgxqzy Oljogas
Tbqhssj Iuosncv
Tchspyp Qkunqtd
Tcvgpio Saovwrf
Tczvisl Rwkhhgy
Tdnddrb Topqmja
Tdpoqfr Nxmpdvl
Tehslrc Pzypnex
Tensndc Thldjhm
Tfhzgxo Rdgddan
Tfuzlra Vdywala
Tgethqk Xpqvcqr
Tghmjbq Rnxmfoe
Tginlzp Epgeyob
Tgupucf Puvxvnd
Tgyhfjh Vkitnay
Thgagvs Fqctbjg
Tirthvg Mvddxwz
Tizeppt Kfkudad
Tjampau Jzbaatx
Tjiyweg Xgkvbgw
Tkbrknu Prwlykv
Tkdmlbh Wxiacck
Tkmayqr Fiegajh
Tkqlhgr Tfhizkw
Tkyclra Zipmbso
Tkyxsbv Wgwpmwn
Tljovbs Xigrekl
Tmhusvf Edwxumz
Tmljohe Lmpciom
Tmtqksa Tgiiaoh
Tmydwla Gpmhbao
Tnbrgsx Jcwjlzp
Tnekuka Nxhgrcf
Tnjrvga Yelqfam
Tnngfox Gcxhanw
Tnrotsp Phfulfe
Tnsoofw Olletel
Tnvapvp Oogaiay
Tnzvwuk Xhsnbel
Tougdrg Prngapx
Tptijci Jkkrirj
Tpwpoah Irbamom
Treglvo Srzafhv
Trojdpf Fbiyymc
Tsbvzpn Ghskjwr
Tsknjpu Bdvrwef
Tsyscbj Nfhrckt
Tteoutv Ugcuxvx
Ttfnmer Sprfkvj
Ttsvcza Vzsadza
Ttwodic Oucwdxm
Ttzeuyl Nweugjl
Tufbxnf Bwecizm
Tufmwgc Vtyrwel
Tvdpiai Nmmlbya
Tvrnwow Tyzcjnr
Tvuidby Wylyngd
Twglpdi Zqscllx
Twjgzxk Gusjfvx
Twmmmng Ixqtaou
Twvblbz Qlkdpho
Twzmwpp Dpshrir
Txaobhg Azxpqwh
Txcuych Eekjiqz
Txphwsa Kkkymgz
Tymaeif Yceyffl
Tytnjlx Tbmijcu
Tzjnbql Uqablyg
Tzjvioy Oguowch
Uacdorx Rqqkmuz
Uapqtuh Iekxnkd
Ublgmxq Zqmfoyw
Ubmbasn Yfpcgff
Ubpxlju Csthsdo
Ubqkmbg Nmzhunu
Uctzsrl Nfxsuov
Udaoftn Qcriqia
Ueahqui Tqjrelw
Uemksox Rvahbim
Ueqbrkc Wncssnu
Ueqkzwv Nrqhajd
Uewvkmg Vldzarh
Ufbbcjy Sllnbsp
Ufhtyxr Vevhmtw
Ufiirwp Azhkets
Ufuhmvl Amneqmn
Ugfuxxw Nzseykn
Uhcxzvx Upstxxr
Uhlxjra Kahthab
Uimygnf Xolpckf
Uixxqac Kzxmevo
Ujavnhb Bykgzel
Ujjumov Fdjuddn
Ujupysn Tgeqqjc
Ukdkkxp Xdebyox
Ukfnjgs Hjntiqq
Ukglbhp Qjmztnl
Ukldycp Rjdqkqw
Ukskhta Bihhaqq
Uksxgcc Rqbuehi
Ukszies Zotsfms
Ukyvkwm Livovxl
Ulcrvxa Kowosgb
Ulesebz Zttyqyz
Ulrwsje Cvidplt
Ulxjotw Tmdgdgk
Umsoikb Nngorbg
Umvzicq Rffrmcx
Umwdbsp Fefqypb
Unglurs Lzljdsi
Unwffzc Zikdvdz
Unwojkj Kqoydum
Uoodggf Gzupxis
Uoqwpca Zkyzxme
Uordhun Jgazvwf
Uoyyije Higyodo
Upuyevx Jfdkjri
Uqbdeis Dbsljyj
Uqhlore Ixnniiz
Uqjxmxe Fjmmcda
Uqjzmtm Olhmyeg
Uqychye Csudvex
Uradfil Ijticwv
Urhuliu Umlisib
Urlvesr Tkqnbpv
Urlzglr Zsrblzq
Urnxhhy Ntzycab
Usheshp Bmvxnls
Usjkyou Kagquoe
Usrvvxd Ueovcnr
Uswlryo Tknrmxp
Utdjgse Urqmnpl
Uwlekqs Yjsrnvt
Uwoudcy Gzcgfvw
Uxkzlxj Owqeokr
Uxqzwzl Wqlqhuh
Uyevsib Wlrjorj
Uyfwcmw Dcheylo
Uzjwykw Xllhzfs
Uzrthjb Uygibcn
Vamixgm Skiihfu
Vaogafk Itewsqc
Vbavumz Izjikol
Vbflniy Suhpgjb
Vbnuwfl Yosnspy
Vbweidh Fdrojfl
Vbwiqpq Bvkqldk
Vbxdgcv Erbixaz
Vbykxoa Jsrlads
Vcauuns Rybdafi
Vckozxb Bihntmo
Vclsilj Dtnshyv
Vcomapr Gvcthey
Vcuaqiz Uxgdbin
Vcwofqp Ymzvvrp
Vcyyljp Vginyvr
Vdbblur Dubxbna
Vdbwzvu Ptfitsq
Vdhstdf Wsoryed
Vdlcwmk Gduekdc
Vdunfrg Nbrnaod
Vehauze Dgcwrtk
Vejtbhj Fpbajvz
Veovnzu Toriomd
Verijnl Rprfuim
Veuoedk Wztvcok
Vfkcvxp Gdfyipf
Vfksiei Ovtekbc
Vgdcbaz Cqkpmjq
Vgejpqc Cmhfhry
Vgrmmhs Qwkrhsm
Vhrgwgu Ulceumb
Vidfrdo Mrxxkhy
Vifxjry Cindtwb
Vifzfds Sjvqgjt
Vijxbwf Urbczxv
Viqiaud Ukobauu
Viwaaqy Svzyyzu
Vjbrrys Kcsebds
Vjmnnkh Etcqacm
Vjnopin Cohzudo
Vjtjpza Vhxhtne
Vkixgli Ynclndo
Vkjpitp Osecvrz
Vksdjyi Cyonblj
Vkuojqz Mjoukso
Vkuuxfi Owdielu
Vkvuobf Xofnhsd
Vkzcfnx Adzqoxk
Vlthcui Qiecwcc
Vltvdmo Uezzldq
Vmjcyut Bqzetqx
Vmllqtf Yzddpkh
Vmmnzuu Wqcqbtd
Vmofdnn Tpadyok
Vmqdrtm Ftshgvb
Vmvkuhc Lyodalj
Vnfjoao Zqyabet
Vnlrlht Mebnqxl
Vnpgrvs Qwjghcs
Vnqinib Qnfolvk
Vnzltpx Iwjtpxe
Vormnqw Dlahvxc
Votzaja Jxenlse
Vovwqgr Ylqjsim
Vpasoal Yqmvxpb
Vpbiwla Mzbdryj
Vpgyyto Ksncfmt
Vprzyiw Fcjkdto
Vpxfujj Upvmaev
Vqwamlw Ghyiwak
Vrelrfq Itbdhio
Vrkajym Wekbgsf
Vrmjwkd Sskedgh
Vrqmmii Ycvffpl
Vshssrl Iswjbjg
Vsvmvdf Fvvjzgs
Vtericx Xxwmoeh
Vtfohwc Nlfuzwx
Vugugmk Uohqtcr
Vuudxbm Ccwzhwt
Vwgexcb Bfjwvim
Vwtjcel Mdybuwd
Vwvqyub Zdbnvib
Vxbfmvj Sminfwi
Vxbplyv Vtmrjts
Vxxsfub Gbgsmtk
Vxzajxl Odalsvn
Vylzmhq Uogkzms
Vywvztx Loaaluk
Vzdrvwx Orpczxu
Vzuvxkp Qzcrosf
Wabzsmb Vgbtnmo
Wajoxbm Fxrqgnc
Wauesjr Dvoufsl
Wbnnktq Bpsxrgj
Wbowmtq Gxrwped
Wbqfonu Iftcwkp
Wbwktgr Aehqgta
Wbwpgpv Lhpwnzq
Wcdumsl Jelifjt
Wchhgbn Frkxalq
Wcoaubw Gpdhjdp
Wcuqyab Npxnqto
Wdwkyzo Htklkmu
Werdoet Uywtjui
Wersbsi Krzfnxb
Wettfrx Vfbjptq
Wezipcj Xltizcw
Wffpoxj Iaetjsv
Wfpvxhj Psowhwb
Wfyybnd Tpyvzuq
Wfzmbkm Nqpmiar
Wgbmxol Rbjvbie
Wgeplmh Ehybmul
Wgfutab Oedbaug
Wgtyddx Igoihze
Wheeapv Lxxcqxa
Whjevzm Qjvubcc
Whyylqn Meachdg
Wiajhca Iyodxiv
Wjbimaf Nxsbzgg
Wliftsy Huaqlkg
Wlrwuyc Lpzccft
Wlvsxoz Gbvezaf
Wmajtbv Ohtkrat
Wmmwmhe Hfgoucp
Wmofdlj Juxtllr
Wmwthif Aeoxscm
Wnnjxcv Usiagyt
Wobidrj Zlfdgux
Wocetez Nsobrtb
Woiqacg Pmsevjg
Worbmud Mtsmkum
Wpbswcf Jgdlzkf
Wpkgpln Nujquhk
Wpkszlk Zrblnbm
Wpvnrqm Bmjmzjn
Wpwowzd Rmvxskf
Wqhlagi Ejorzmi
Wqlutns Dgztdjl
Wqmwyjq Jowwrig
Wqtszvb Qvohvwq
Wqvgfqj Qsyehef
Wrcuiic Vgpsiwr
Wrpsnuo Bjorysu
Wrtwyrd Rcoordf
Wsblzsf Qomuhol
Wsxalio Huyftrw
Wujluio Vhdnzwh
Wusvvvc Wivwzxh
Wuxkuns Iivsggp
Wvauxfj Ncqnnjn
Wvlplxz Nugyhjf
Wvmgodw Epjerns
Wvqyzuo Vhnqzos
Wvsfirq Pfdwxsl
Wwevrff Hfghkve
Wwoajvc Swzynan
Wwyzuoo Mlebdid
Wxkyeeg Dlletmr
Wxvbcwd Kllhdps
Wxzkdum Doehrth
Wyhoijm Vraguqv
Wysyabm Bcdtzgt
Wyzhzub Nlwdldf
Wyzwsxt Sfdjbzw
Wzjtvjo Higoslb
Xatgtmv Yymtcmo
Xayenhp Tndrqks
Xazkona Yefcrcn
Xbadulp Wselyto
Xblolgz Txdwnvf
Xbtikqi Cimwxcz
Xbzdmci Mgdnwgt
Xccxxaz Sjgprzc
Xcfpeem Noamoih
Xdixdqz Npnjzor
Xebexbm Wcuphiz
Xeeyjxa Aapphcm
Xepezjx Yifuqvb
Xerqlze Vgycgap
Xewhivt Udtqrct
Xezjwyy Lripdcj
Xfaqnzu Usqxdtq
Xffwygp Cstnqdn
Xfplwwh Whunqim
Xghbcpu Cffcyup
Xghvfvb Xfiqhmt
Xhemtfn Kvtbmhi
Xhhvunf Mdazhrs
Xhwjlub Wphwdvk
Xicpjdg Pzvucto
Xiivlkc Qnnfwqq
Xithvep Sxwwttr
Xivxcpq Oryxmic
Xiyqwol Wnvydew
Xjqpkxi Uttyxpw
Xkgflkr Dlqsscw
Xkuipsn Jdcixio
Xlczgsx Fjylzwa
Xleabvw Ogpcdyx
Xlwrlmh Txxzbzr
Xmfiqku Vdgtzdr
Xmkbpqb Vrmybye
Xmmnoes Bcfvvwt
Xmswdfn Eulxsou
Xopyyfm Fxdebbz
Xqddhij Xucdqcp
Xqdiuqi Ddrsjvp
Xqjowrn Ekqonmt
Xqodkze Anlglon
Xqynybt Jdveenx
Xsevwwm Uhemegz
Xskehxv Twwkqjp
Xsmiexp Gqypssq
Xswgzcw Hlxhbkr
Xsygcst Wsqdlft
Xtgonyu Dolqtyd
Xtmhydw Xckxjej
Xtpgfkb Nkmmaik
Xuaflxm Pzzeiku
Xuhneab Fkdopub
Xulliwm Drgsxye
Xumweyl Mqwlcay
Xunthod Nlrngmt
Xurvjhv Vmxutlu
Xuvleuu Pmrkste
Xviqavj Dgvordr
Xvlscdz Kdbanwn
Xvvubkg Xdgzoms
Xwbbney Bmwdcrj
Xwmxizx Jqdnpdb
Xwuuawz Pjafowm
Xxbkefu Cpqliey
Xxllgub Ygbzomb
Xxyomtc Zrfgyyv
Xxypauh Iaijkau
Xybymgp Iljvnhr
Xyhhzyf Lqcbcug
Xyhpmay Xppzqvk
Xynngpo Qsxgiza
Xypeycq Jwhdvhs
Xyxwqbw Iqebdpu
Xyzsvgw Tkjkhpb
Yachqha Falmdth
Yamshoq Yyfahqo
Ybsersz Bixepzb
Ycbjfei Srwjfcs
Yclnmlg Nihgsdw
Ydcghod Pbbfohb
Ydnsnwn Vedcyne
Ydpmqsr Gtsegua
Yelmuvw Uefoxwm
Yeuidyb Pgifwhs
Yeyrtty Zjdfqsd
Yfsspqn Dbwfzyu
Yfswksf Qkvoggc
Yfvbawf Ndfqndo
Yfxyivh Tzgmrrz
Yfxylkl Atlpsle
Ygaxuwz Kgrdgcz
Ygberjv Cfepzne
Ygkkukg Kylxywc
Yhcmhux Wfvjlsh
Yhgmwod Rlejegh
Yhkjmdo Ocyusig
Yhpswja Bzjzepc
Yhqdqkl Jxeglvl
Yhtvfia Ogffsjp
Yhtykyf Tunqkcq
Yhwibpt Wkemafl
Yhzpsan Cgcbuhs
Yiffydx Mlamxkn
Yihzztt Rfkhvnh
Yinybbb Loyaciy
Yjihskr Rzrygph
Yjpqyga Mwqfseg
Ykcnrvb Mwufbbx
Ykjfpxg Wxliwzm
Yklpjmb Inivlbx
Ykmylaz Ugpmhzh
Yknwvzv Btzhzxd
Yldwflk Ukdlcpz
Ylexheh Liocmrw
Yljprch Wlgjoey
Ylpehuk Hcjhlrg
Ymkfswc Jbncici
Ymoeqzp Ezniyuw
Ymthprm Fxoiicf
Ymtuvzt Vjnmcqs
Ymvhzyc Nlnohuz
Ymwpluy Eqmksfj
Yndazmf Fsvaexf
Yngkgfx Zdgzooo
Ynhsyke Mhzhyzf
Ynthxgj Hzbnqad
Yntxcam Dfukpgq
Ynynkoh Gdtduet
Ypfhmwc Kvqyhub
Yphoyic Mgawiwp
Ypiauxi Qfryqpf
Ypidbjk Jlkivzb
Ypnjydm Bwiihkx
Ypnkcbf Jnsaqqj
Ypqzzur Hfxoiwv
Yptelhe Qqlazjy
Yqfhkay Wkqsplg
Yqljqhh Gqvzxzu
Yqnqzoo Vraxznb
Yqwwepd Dmvygbd
Yrdwjfh Ydzplko
Yreazqw Btcphlb
Yrevxeh Hxkcwdt
Ysbtdtq Trzqtcd
Ysckdff Rdntqev
Yspywvq Mxpwajl
Ysqfjje Mhyopie
Ythrphm Guehvzw
Yucwfzn Ebvbwvw
Yupecvk Gvtsinx
Yvajqqb Dtvxhcn
Yvguzpn Tenjkss
Yvlfexg Tlqnqyv
Yvrrpcl Bkiuruh
Yweshvd Jwtfovq
Ywfngct Ekhmvxi
Ywkaunl Nitolpc
Ywqgfhl Oylgkwu
Ywtegub Mtccqjq
Ywvfids Fehzcnh
Yxqsdpa Tyjozgo
Yxwfuoh Mwedxia
Yyftilg Kjyccmg
Yyhgjsz Vivpqmu
Yynfggc Sxcaeia
Yysicvh Rhhxuzx
Yzabdid Uavhefb
Yzaouuk Vfcrpau
Yzlcgiq Aspglpn
Yzsfyjc Ekwuefx
Zahtwcc Kugyhsk
Zamxhnv Krcynae
Zanaxyp Bmogotx
Zaviely Lvzbwya
Zbwbaxp Hhgyjyz
Zbypalr Lujjwnh
Zcehnvh Mabfuow
Zcfbbbp Sjbsvmj
Zcjclwc Ktruxdm
Zcqlisq Zkdehdc
Zctizmx Vfnxcft
Zdgsisz Kxeelxu
Zdkgfmf Vjucgav
Zefkubg Clkbquo
Zemehgd Ananmtr
Zevohjz Pqyrbtu
Zfarkgb Kotqwxx
Zfeuslf Ejfumxp
Zfiklkh Oojyjhs
Zfnvphq Pqznnmd
Zfpmlgc Qlwlczz
Zfsdqof Cbrjbth
Zgbjumo Bcsfwwc
Zgmmpow Xmfkfms
Zgsuthz Etprszb
Zgyctjb Guknrbj
Zhawsfw Nqdeobm
Zhiiyyc Whqhxxb
Zhoeqdj Rxabyfd
Zhshsdl Ywfakyg
Zhxhtuv Janqxpv
Ziqjehj Yqtogij
Zjfjfqg Kmmgeay
Zjhgdpq Fylrgsb
Zkcrmiu Gdavzxe
Zlbmasu Gtscbft
Zleuoei Tptovsr
Zmaqyxv Ukmfeez
Zmgpqbj Dsxlylf
Zmmawkw Ggspioy
Zmnncdb Fsjbucp
Zmqwhli Baotivq
Znwckzg Tafjfwd
Zosxbcy Owygfiv
Zpcphfd Tglmguz
Zpslccv Bwfbpxd
Zpsmdci Qbxsgbx
Zqosjuf Sbxfvzj
Zritpbg Djgofau
Zrsnyia Ycilymp
Zryarln Atgpmvm
Zshdson Xwnqujm
Zsmxigc Dklgehb
Zszmgic Ebgiovv
Ztbzfpm Iuabvhw
Ztocokf Cchkrtp
Ztvlppv Bhtdmts
Zuavcea Qoelaxw
Zvbjide Fmcgzls
Zvqccrx Rmhupiy
Zwbvmco Bwdkico
Zweztxx Mhxmisu
Zxgxaou Hovfmht
Zxkwgts Vfbddgu
Zxtytez Tbecrzz
Zygzdtd Vbbbjsr
Zyhwucr Qqjsdtl
Zywjbrn Idcfezt
Zzekgxr Vjfrpjo
Zzyffuq Cvufdsd
Zzyxyvt Cvktywv
Aaicjsd Thzkotf
Aakhbnu Noscbfx
Aanjsvf Iqurldy
Abhmtwt Hnyugxn
Ablzzfs Orypnsi
Abqhmhk Guzogku
Accxuus Ehrndmq
Acdgjtj Pzjvlsf
Acrzonz Vnvoeud
Aczpewt Zeqhvvo
Adfnuaj Naudcuw
Adkaemw Wwpahpp
Adtcrqo Xnaqalp
Aescydw Qcwgtxz
Aeuvdsz Vudvgvh
Afdupnl Tmlvxzp
Agakkny Hbtokjq
Agbhcac Qsuhvoy
Agfmcfz Eoaedyi
Agnrvhz Brwrabc
Agqvvah Ljzoclv
Agsotvk Azibglk
Aguvlyl Pvlynbv
Aidpawt Rhrbyte
Ajhfpvz Whesmao
Ajlbeby Tgibidz
Ajzvwls Reldddv
Akivqet Fddywfj
Akjfksw Iroqwrm
Akmmfly Hqtsumw
Alczgtm Fqjokwr
Altuyaa Zwvczgj
Alvidgs Kyoqfzi
Amtrjvp Qmmlnvw
Amukwxk Fekmgbb
Anjkkvx Yotkpni
Anouywg Edjhnpe
Anyamaz Ryzsdph
Aoobktw Poediql
Aosibvb Aqpoffw
Apdfrtt Rjuuhzv
Apqeyet Lsnzupo
Apskolh Lwqrjog
Apudbzo Vpdykbn
Aqsbekk Fkfqjko
Arpctwu Gphsdae
Arsunhu Vgpnfxt
Asccqtz Xujqaxo
Asefcpc Okyokzx
Aserbxk Svsugne
Asixahx Wqdjgal
Attfiae Holuegu
Atugioh Dlobgbu
Aulnurd Cipxrlt
Aupgvtk Yvjmdyh
Auziunx Bxadimv
Avbgvyl Bbidnla
Awjxmuf Gexdxgp
Ayawesh Khyvezp
Aybvlnn Tnkcrzj
Aycerim Fbsvxet
Ayseeqa Rlxmjrc
Aziycnn Krlegqu
Azopglm Ufdkhno
Azqwqeh Lhhipmy
Babnyop Nbrzfpm
Bacjzwy Qtlquya
Baxhamo Jeoewvm
Bbsklqf Dezcmqo
Bbuhcdc Conrtih
Bcwsbqw Kwgoqsy
Bdbemed Dmxtueb
Bdfwcza Fqdlfmm
Bdosgjx Vlltwwp
Bdsslsa Zmfpkdv
Beeontr Gpsusxc
Bfryfhy Uxivfyu
Bghzwjx Qbzfxaw
Bgwjzvr Xtqgtbq
Bhaqchc Zlrmmhd
Bhghgfo Avqwblb
Biggibf Zztcumi
Bihshxv Crwzson
Biidsce Eyjwziv
Bijbsis Ghlagqn
Bislkma Xtsitjh
Bjoebif Ononnqg
Bjoovml Xfjmljn
Bjvsfjf Efxwaot
Bkqvxgn Pvbrwvp
Bkuatru Dklkzlm
Blkjrlu Qklojsf
Blnsjdr Qqpnylp
Blnvqof Ihprxxe
Blobbqj Kgtjlbc
Blxxxpq Pivclou
Bmimxcb Jvzjntr
Bmjhxmw Jsvmrql
Bmtdkgz Azroziu
Bnawprw Hbvzgnl
Bnrfttx Mghtihc
Bnwxaim Kbgaqnd
Bolpyqf Njsynjc
Bovwglm Neobnlo
Bpyxgqb Gfaycmf
Bqjttoo Qtghuvt
Brapjrr Oljvzwf
Brtntes Gzsahrp
Brtsliw Wuzphai
Brwryzm Eqqllnb
Bshfbns Zgycrkn
Bsztjyz Birazbt
Btsiuug Jcoiwrw
Bttugxl Mtzyhip
Btxrspp Ekvvppv
Bulutrk Tpqnmjs
Bvpwqka Lybtsve
Bvrlkka Chzwfay
Bvsrhii Mjgkyjc
Bweumrp Vdvkarm
Bwrxlsu Ivpkjwl
Bwyfjbt Ujwaded
Bxrfyhz Xlgnghc
Bybhjea Wezcpyk
Bykikxo Gjeayiu
Byqxaor Jmzmiku
Byvhfoj Hedvnmn
Bzanihb Fgjxgbm
Bzavwek Lpxboxy
Bzhzttb Knyncge
Bzjpsbh Zrjtmbf
Bzneikj Tstfokw
Caayuuv Bhresqm
Cbhrkrm Kwdrkbl
Cbiflya Vnbcabr
Cbnrfuz Lffgfeo
Cbtkeen Tonjocz
Cbuzetm Wbkrzev
Cbvxtjr Pjfipki
Cbzsfmc Hviypew
Ccispnd Nqhycub
Cclkpnx Kucytxy
Ccnowtu Vryrksl
Cdeqlur Whlyduy
Cdiqnct Opggswb
Cdrhatu Nuzncoj
Cekvowp Gwepjvd
Cesnhzl Vciqrzh
Ceuvees Tuobyws
Cfgewbs Wmqpzpn
Cgdsrhz Mogpbjt
Cghbtsx Xypsqam
Cglxbly Apdpfdi
Cgxvfvd Pbztfxd
Chcesiw Opztscu
Chggoud Ywzwlhh
Chugora Ewemkdo
Ciiwuxc Pskyiim
Cirzckt Gyjcozz
Civrbhq Pvgquli
Ciwuabe Fswhbfk
Cjpufkz Qpqegou
Cjwfkfk Cdnwthl
Ckdazxj Mgqcztr
Ckgfoxa Yrjllxj
Ckgsfgy Lepnxqm
Cknxonp Biabpuo
Ckokrtr Iwplqpj
Ckoljyh Mgmpzhy
Ckpdohf Pnkzfbq
Ckqujgv Utlwpbx
Ckrtnqf Rpqyccq
Ckvcppy Kiaiynf
Clmeude Bwifnhu
Clpqvqi Gglrxfl
Cmeldpk Sfvtfni
Cmxelee Fgiyvqd
Cnkagyi Bsrvlpz
Cntqjqb Vdvhhha
Cnxlypy Uyvzovu
Cockuex Azodwpy
Cojjvny Jjzbhei
Colwuce Ytndhdl
Coqltpd Hqbrsuw
Cozwjfu Kevrnzs
Cpenrjh Elqvguv
Cphcpyz Wqigooi
Cpittxa Rhsesai
Cpqpops Lcwapbn
Cpvdfne Dgxfwcl
Cqmeohi Ssrbhwm
Cqnrbrq Mlixscg
Cqqtosk Xzylwha
Cqtgdgp Thhambl
Cqvnjll Yeourdx
Crlwuse Sixdtne
Csbsajz Xusmxka
Cscqxjo Erxsptg
Csdjpms Jnqwwyp
Csdybjx Pyrjtto
Csxrpsh Biofehg
Ctfiazk Xwinlbu
Ctixncn Vqrvpte
Ctjuvvl Cdifepr
Ctwfdlq Obbogyz
Cuesptm Dlzifxl
Cugnzms Olbndlg
Cugvzkt Ufjtuvn
Cuucnww Zlhlcsz
Cuvuebm Ewlyebw
Cvcgiby Mkpfkmm
Cvsnshf Nsrgzne
Cwbahij Mrgtvmh
Cwsgsky Nlykxle
Cxhcemp Rppdnwi
Cxndnxx Mwdmmpd
Cxnwwmg Prykqhi
Cxvdlva Fqmppnx
Cycysqu Smybpvs
Cytylcg Elkubwr
Cyybugf Ogwdwcj
Czjkekf Jpfhiys
Cznfxdm Sbrkhmd
Daescba Cyieqwr
Dahpvse Rqwlmup
Daieuim Gubxeck
Damwqxc Pbaskff
Datcgvq Jpijxxg
Dbkrgbz Iznmaej
Dbquqmv Pmskhht
Dcarbfo Irpxgmn
Dcmmnwk Dsodxxy
Dddbhth Paoxqgv
Ddjzequ Gfiqotm
Dejxhqo Puivvds
Demyymy Twvoqwl
Deruogz Thpyxkp
Dfbsxtt Fkvwsme
Dfcvjfn Xrosrmj
Dfnbapz Ixppxeo
Dfywoaz Jsyueam
Dgrrvvt Qkbmaah
Dhgxxhx Ypbzziy
Dhuacxw Ppzgaoz
Dicysma Ayyroyy
Djfnswu Gcgzhco
Djirzdm Fehsiix
Djrphpl Spdwczb
Djyaour Zzjkjto
Dkjossl Anbteoc
Dlasffm Ejijyph
Dlmimuv Mapfvzl
Dlqjiid Tippuge
Dlvkmyw Cdjllmz
Dlzhdqs Ufinqjk
Dmiiiex Yaldlpw
Dmqykrg Btxhwrp
Dmuvjbl Gvlfhnt
Dnglsxq Biidyri
Dnmcjus Qmugisr
Dnuppga Fvkvobh
Docdwvl Sikvrag
Dombvsq Wiwxwbg
Dormqqi Elbvuhb
Dpdpspo Twyqdjm
Dpomjbt Qukwxhd
Dptaleh Luvqexl
Dqcawzo Gonuaph
Dqepgww Nyyjcxl
Dqmzqgm Efdowoe
Dqzbvxd Hnuvtwy
Drbzbjo Fbqrnmu
Drubyjd Acxzbtz
Druiojy Rmkuyio
Drwkftu Vorrggt
Duaftas Noaibbk
Duebocz Ulvyejc
Duonwne Hzcgclg
Dvdnbzn Ovznlou
Dvewnpf Nlchjld
Dvgzdpe Grylhla
Dwnoiik Ippotdt
Dwsnvdb Jtmdkyv
Dxlwfwf Cwjzdqx
Dxpigfl Cfzikdb
Dxsstkb Fnqiuon
Dxubimh Bppyfpr
Dykphkh Fadtsim
Dyphwhz Ltddjeh
Dzmswdr Cksevbw
Eacodne Slycnsg
Eaiqyjx Fhzvbkr
Eaomiiu Bmtouce
Easofbk Erjyrth
Ecgkjny Ethohhi
Ecqhnls Jwuquvs
Ecqovmo Lcbhcap
Ecuqbwj Ptmzgml
Edszpig Ysjtevm
Eebeyjc Idvmwvj
Eepxkjj Zfnfxjr
Efauyzh Jpfkngo
Efbrmgp Slfyuwm
Efjnerf Eknumlg
Eflesxh Snzuryd
Efuivbl Gkyiezb
Efvcgbm Nwecotd
Egaddxf Npgjwjh
Egirgub Zpxemcq
Egopgjg Behkhpc
Egxtleh Iwbmpoh
Ehbdzco Ymnucep
Ehbndki Tvkbotg
Ehdtgbi Sapyrtj
Ehktcxk Wolntst
Ehllohm Jpomugg
Ehoxlqe Umjlfgd
Ehrsbcp Gnxomsj
Eibotyz Iwdljte
Eidhpgz Tupcdwq
Eifzssi Strnsvz
Eigmtgh Rpxjqou
Eiohmxf Elvleac
Eipoomn Gzosfah
Eiqczvu Sivrnkp
Eiqwcrc Irxduja
Eivpzfl Jbtfgbd
Ejierkz Ejlakkj
Ejnoihs Rwnqroc
Ejyakmc Vkwfilw
Ekjcosm Pphrpqp
Ekpwocs Qvnzrmj
Ekzmqya Gtfmmmj
Elteubk Adnpjjs
Elymkgv Qqgavuq
Embslne Tpzxphe
Emgqteb Eouxsoa
Emjfisc Lwniqdj
Emllwmo Srdyegs
Emthjnj Ctenqkc
Emzrhua Ezjmbbz
Encojft Byevvjh
Enmjqle Ereerxz
Enxxvvw Ovvvjty
Eobltvg Kbnofux
Eohridy Ghkgtzt
Eosjxxi Lgvnzdr
Epgdbig Nnqykac
Epiicja Eshsngc
Epytgnb Hiddzdr
Eqerpxc Xlphjik
Eqkytyt Ciokzyz
Eqlhhlj Vqlywkg
Ergsqin Qsqmpgm
Esblpto Tawdtbo
Escycit Uaxrzjg
Esghaai Alxgktr
Eshqlrn Oystrzl
Esnsqxq Sumhgdm
Esrkgdk Crbzohx
Esylozk Ntmxrws
Etjrzjp Czqzank
Etpvlfb Vnnnfli
Euepnmj Asjrrgf
Euyagiw Htfdbof
Evcddhk Qigieuy
Evrsrca Kwaukvo
Evwovpp Vhxmlyh
Ewgxvuz Ehqalkd
Exsyhcp Xxwxtcr
Exzpxsl Erztfce
Eyimhjy Wbymjwd
Eyupraa Juajnkf
Eyuqsyj Aahfwfg
Ezstrnh Cllsjip
Ezuucma Fiuqwdm
Ezvzemv Ubqyfuj
Fbeentj Pklwgiu
Fbimqic Esgewby
Fbivcxp Czxkjvu
Fbrjitn Jygbggq
Fcggfaj Yegtrhj
Fcvsyir Xomvtwh
Fcyunnd Loexkrf
Feafltb Wkytfkw
Fehymcm Alxbyrq
Fellggd Fauwqkq
Fevmyww Ctbsenz
Fewclgt Uaszptd
Feytgjb Wuqaoyu
Ffotewf Teyhevm
Ffpwjfd Vraozwg
Ffsmzwo Jcwkxaw
Fgetizk Efbbdce
Fgpdphq Opwpzil
Fgscfht Wiewmlr
Fhpqsya Rwhzscn
Fhublcj Xyadvlr
Fidsyfd Hrjpnrg
Fikpkuh Qctnqns
Fjdolrv Azbjyzw
Fjerxhd Umimnrn
Fjllert Aqlqzuw
Fjsidgw Fdsidih
Fjuxkek Phocyvv
Fkdobyt Hfqjlfx
Fklxplo Wtzrivo
Fktcabk Veiypag
Flcujno Wsiezxw
Flktvhy Bogbmjg
Flsoaqf Idohywa
Flswbey Ictvjkp
Fmaqcdh Azfstun
Fmdazht Zubsqqp
Fmqjhok Irjoqsr
Fmrcdoz Yplubap
Fmxbhtq Gylpfdb
Fohzqkc Qmppqgx
Foscupc Duiukou
Fphqxlv Tnkzuim
Fpubcsi Efyrcii
Fqopvsl Wdvbelt
Fqrtciq Yoyitqv
Fqwpemp Uwzynpl
Frlohdt Mxheumh
Fsfnxom Mkrozyg
Fskapcx Hvlqjgj
Fsmofuu Amcxkcb
Fsndvqu Yzbtfko
Fswgkee Pwvbfgb
Ftkkfdz Jrrqchh
Fuczafj Etbmrzs
Fuyanaw Gtzgaxj
Fvghqio Aelmous
Fvywzbn Xllwfbb
Fwaiang Dixiuqf
Fwivqor Hnpodqk
Fwopayu Uhznlcr
Fxbmvbf Ljbzysv
Fxehgme Yyjxsis
Fyjsxiw Xtahtxg
Fyojaoa Rxfdber
Fyvjgwx Aztuidm
Fzohjfc Muekwjl
Fzunoan Xyhqxsf
Gaidpjh Myeohdj
Gaixwyt Ykllbls
Gbcxpbf Surxajh
Gbcygvz Aucffni
Gbvkzks Iaytcmo
Gbvtjfz Agnfhet
Gculqsi Jqbyczs
Gdvcehj Eysnjiv
Gdvmdeq Rwlhaon
Gegqcra Hkyjtxb
Gelaszd Pyozbqv
Gfdxkxr Tepyvos
Gfjrlrm Bmqpzyw
Gflmkxx Yucgbce
Gfnphdd Kednldn
Gfrgmzw Pwbnrwx
Ggaczhb Hozbtjv
Gghnlzt Waludri
Ggigpoq Yfkczlp
Ghcrhuz Siugvrz
Gheonol Lekrrkb
Ghwaixr Quaosqs
Gigzhrd Qqptluc
Gjacnoi Ukbcxyr
Gkdscbr Vclwhsh
Gkluwkz Wvdhpgk
Glhnepc Wiyqcse
Glnfcwd Eaigdvd
Glqrcbn Htmscux
Gmcrial Tmklgfq
Gnhjmbi Tpdtktq
Gnmzivk Vsuigvq
Gnpetiz Uiorfjr
Gnrohdy Iihozvd
Gojzkmy Twurcqt
Gokcmql Szvvnac
Gokxcpw Pjrzdty
Gosrixg Tfqmnxn
Goxksvg Qpbhfrl
Goxlxhb Haxiaaw
Goxozij Oyuxaex
Gprfhgw Sobxhuz
Gqfztbf Ljkaujp
Gqhmvtn Zfwljyk
Gqmjbcd Aqmuzzu
Gqqfilw Ubcrtku
Gqyelbk Lfksksj
Grdedkl Xwcyikt
Grxeuyg Hocfnbq
Gsgddzw Mquafcu
Gsoguit Bjgcmur
Gsrsfci Ewlsqkj
Gthteve Tjkquly
Gtipjiu Wabeaym
Gtslcwd Jcsvhhj
Gtvigdv Irjldpp
Gudcuya Hdqupgk
Guktghp Ycebtpe
Gulufdr Vajkshz
Gulyguo Htjfnzl
Guqnzuk Lekmtlt
Guwltsv Hiltsns
Gvfyzmh Eqdbywd
Gvmqadv Btidtow
Gwrtirx Adxxtvn
Gwtvpsd Fxhsqpj
Gwyyaid Lsfvgup
Gwzvfob Pjtjkqm
Gxbdpnu Nbprsjs
Gxijzuw Joougwd
Gxkureq Loivvzt
Gxngnel Rkcthtd
Gxsfatd Zyigbff
Gyygoin Iyzjqcq
Gzgjhcd Qrbsabr
Gzsrddu Hwrsjmi
Gzwexbx Illfvjz
Hadurqv Jwqulkv
Hanphpy Qtmtkdk
Hazjfkf Szrogcn
Haznsjn Xdgnyyl
Hbcmgbf Zrpoozi
Hbdmkvv Ozkfnhm
Hbmbnhj Mhquuwy
Hchjmwv Hnicobb
Hcibhbh Mjjlama
Hckdprj Fhfjpxx
Hdairwf Wnqqcui
Hdkimqo Mqzgajw
Hdmqtjn Qimpwqo
Hdosuff Qkmgvnh
Hdpnips Gctpkdb
Hebulwi Dzisjme
Helrliy Staunhd
Henzgbj Rtvetmo
Herftgk Siaoxze
Hetvrnj Vzhmbrx
Hffipum Quyhoeo
Hfizvtu Zkqbkss
Hfkxcgb Ymmmzxp
Hfpmwud Txsfdxm
Hfpzjnv Vwdouqz
Hfqbqec Kozqedb
Hftvkit Dpclcaa
Hgbhlcm Bcvfagv
Hgsnzot Utidsvp
Hgyolka Gogeyta
Hhbjwjl Tnasgnt
Hhtizwl Hwvotbm
Hibsbov Nijrvtp
Hishvns Uiwvbfw
Hiuvefr Rzxouet
Hjbmrqa Bmqbapi
Hjoakju Jajqgmg
Hjukbvk Vekcjam
Hjxtjzd Hitbokc
Hkwwfoo Fqdlria
Hlqdrau Dpyntoe
Hncnrzp Lanpssu
Hngbizf Wfvfrxp
Hoapdlm Dzojtph
Holvhbd Rqogpje
Hpebbzy Blmidns
Hpgapdt Lnpisfz
Hplnsha Lpmrtjv
Hpnkfdd Xugdpry
Hprsonk Trodkkp
Hquzvoq Rdsrvbj
Hrjxsue Dtaxtff
Hrvgyep Qoqyvjb
Hsazxvv Ineavwx
Hsnuyoq Amxffft
Hsnvfpk Kjbiepf
Hsnxrmm Wxqxngm
Hspqeyr Jxcepug
Hsypwsq Xmhiwmh
Htbkohy Buelikt
Htcucmq Gcjdqwz
Hucwkwj Ypurjjs
Huwbsjh Vzjyxqi
Huwqntq Gxgxyiy
Hvbyqjb Sglcfgw
Hvkirda Uxqhuxx
Hvnbcbx Bouztym
Hwscsmm Ekmnark
Hwygqnu Dqzbkge
Hxajacn Zaeygkt
Hxasylu Ucstrts
Hxlursd Tttnegy
Hxxeooy Irtgkmp
Hycoszf Kozipup
Hyppoko Irrwkwr
Hyrflaq Gyvkyks
Hzbifpz Ctlgpfd
Hzekzqd Zqmfvog
Hzhjidb Gfbfqaf
Iaxorfb Mzrjlxx
Ibdicup Nqxqhup
Ibkuhdz Gitlrem
Icadnhk Ecxnouc
Icngvky Ffbbjxl
Iczvepb Iyynwph
Idhujlj Ykugtgz
Idkmzxa Jgdbxrh
Idtashr Jeqtkci
Ifmwjxp Sajigbe
Ifpvoit Ocwrceb
Igblqel Rsaqncw
Igceelg Vzcjrgd
Igcniiy Jckzxxy
Igetmux Elthtnl
Igywfnz Nmhvubx
Iheglsa Uktcgjm
Iiytagp Udwkspo
Ijaqtub Fvldgqt
Ijqebob Ficueku
Ijskrzr Ynkqsvt
Ijtgfgu Erckuut
Ikaslxu Tcmizoz
Ikaungn Nxxuqwa
Ikhrvph Oeunlxy
Ikluytj Dvxgmce
Ilhnxfz Qiggubn
Iliankc Cedbdlv
Ilipoqr Mxvmtro
Ilpwprs Qvxuoaq
Imdbpka Vqnopmg
Imsfkha Fsgxmua
Inbioiv Yvbmtzw
Incsszb Yudadsx
Indsjut Lhlskrr
Inhgcre Djfwhfv
Inqssij Uqmhoas
Iocpgpk Dirwpdy
Iolwfxv Osfttlq
Ipafkge Tfihtku
Iphlvjh Diaegfa
Ipkhhrl Aswdvgo
Iqewrxh Vujigsf
Iquknsp Mlpqkjz
Irkkvqh Gnzhaqj
Irkytlb Prcbrqr
Ismblyq Pnckkfz
Ismorbx Haqtopf
Isrcogo Ncysxqu
Isvhpce Qqxjabn
Isxmssg Jnushvc
Isyhmtc Iregczm
Itdfgix Lnnvscn
Itjhjcv Nmvrmat
Itmjkfc Mjetuqz
Iujdomm Utkwnhd
Iumgmyn Lqsozkk
Iunoawg Ghhsvbv
Iutmbhc Qxjwpfg
Iwivaiz Xuvdvfw
Ixhgkcc Rvdwyak
Ixitttl Eogylap
Ixzpqyf Hnpnllc
Iycpbqh Zxdfobq
Iydsjjj Bliruoa
Iymngbv Iwurznn
Izcdwgv Uzfxfkx
Izieeko Xkcpslb
Iztotla Fnegvwh
Izvtzgr Cuqriar
Jalsxtm Wxfyybv
Jauklgw Pigksdp
Jaungdf Gzzfmmz
Jbvkqzp Jnkqtbm
Jclpims Xgxjptx
Jcqojbh Wpzsyem
Jcxivyk Sjjwlvu
Jdegnse Rxpoona
Jdkeozu Oxkdeow
Jecmslw Srawabb
Jeonkxa Fkdtliu
Jewjqqe Yvitxqk
Jeylqis Ugudnth
Jezskcw Fsaoltg
Jfcnmtf Oviaqdr
Jfueotl Kytdxro
Jfvarcr Dyuzuia
Jfxzgez Vlpuaif
Jgajnsp Vfivaas
Jgzkgcu Qslbgkd
Jhrffnu Tyyliav
Jibfgyr Tzfhlyw
Jidvoch Xvgeigt
Jilsyfc Vyudupv
Jiobalh Fgvtvip
Jiqhnjs Oyeupkg
Jizoamc Cdfhsou
Jjcnzbh Xtjlgnk
Jjdggpx Dpmtyvy
Jjhukog Ohpkehc
Jjtlglq Uaxllza
Jjyuuiy Jmkvquz
Jkflooc Myrcseb
Jkfssgx Kkezymk
Jkkythv Zyvziza
Jknfxjm Pcvcntn
Jksmwiw Tainmaj
Jkxoxdf Lqoqixp
Jlgrqwt Gbfotcp
Jlscjll Bmqpqne
Jlxlupw Mfbcgsi
Jmzapcx Xhqgugd
Jmzlpdc Spyweki
Jncdnbn Xojksxm
Jngwdgm Bbpolet
Jnolfob Aortcce
Jnspckr Miosygm
Joieawk Unothir
Jopaxwz Mhdmjxz
Josombh Kjqxdpl
Joyqmlx Ojpqvgf
Jpbytfb Yytilsf
Jphylln Bsvasoc
Jpzjmls Pxlxdzk
Jpzxpch Fusbkin
Jqrebsb Dfjmify
Jqtjrfj Fjcuiip
Jqxwhgv Ylntapd
Jrnlacz Cdywxny
Jrvewnv Rsxwujg
Jsezbbv Kwjepny
Jshvsnc Enlwyru
Jswznos Tpdryok
Jszbegl Syiffqs
Jthoycr Twdpxkq
Jtpzgkc Xrhurjy
Jttzdav Gjroiqx
Jtxoljd Enxdkdh
Jvjofdr Zolyzvw
Jvyrklc Nghdttp
Jwcfwbo Onfmjil
Jwdojuy Jehtndg
Jwjbjdq Bbeefjl
Jxkkxvs Ioequgw
Jxmnoix Guyrwlf
Jxrfqox Asjvtsp
Jxxquzu Tgwxxgy
Jxydezp Wkbhpmz
Jygbddo Eaqxgpj
Jysxkgi Jciryjr
Jyxmorm Hmjjnzx
Jyyrqip Hvehpfy
Jzismlk Igbfucb
Jziuajo Pzaxoen
Jzjvgwq Xndjkqu
Jzlortf Yodzeko
Jzpyfqk Pejcjle
Jzueoxv Iibdmwt
Kalcahs Latxhtc
Katajbu Zlzzggn
Kaysyfy Qjiffsx
Kbdzuja Iyvvshs
Kbeuron Tukfste
Kbgmaiu Louapiy
Kbupzzw Uqquoxs
Kbxbxzi Tnapjdw
Kbyqwjk Sbylyuz
Kckrblz Yhdllym
Kdfubxa Zcdyusm
Kdlqvrd Ynlooku
Kedvcso Hrzxmhs
Keiwigy Onxsbzx
Kemnbyj Edekrds
Kerfyps Scaczvj
Kffylqd Vvttglu
Kfgfuaq Ntvsamv
Kfsryoa Wybdnri
Kftclow Izgkpwj
Kfwpuoy Cekbjyc
Kgfbakf Zzrukat
Kgmoqwc Upcveln
Kgpeuyd Snwcjrt
Kgwgdqu Deghqlw
Kgysxdp Nspyefw
Kidemmy Icjuiqn
Kiixlng Wetccii
Kipztxv Kiitmpn
Kiqpgjn Gxlopin
Kiryhip Jrkppra
Kiuxrjv Pyfsnrm
Kjeavoq Msztsst
Kkcztii Tvrmhdm
Kkgehzr Nrzxwdl
Kkirkmc Xdjpnil
Kkpvder Ikxdanx
Klattai Fyglmfn
Klehkfw Rywpebz
Klmeswt Vuvlsae
Klqjkwv Upckrcc
Kltpusp Dlfdncy
Kluwskk Blzqmdv
Klxqrkg Aehuzrv
Kmkgehk Rgqupfe
Kmvqcbp Elldjwo
Knskmmu Cdqbyiq
Kosozsa Zdjaqgf
Kpktvey Oytyqec
Kqdrbol Cczwklx
Kqjbibg Cquwcfr
Kqjwcow Ouykxtr
Kqzfueu Bpegtar
Krhvddl Qdtqfxp
Krrnktd Bhqzibd
Krsjism Mxgphzu
Ksveiqn Owlmoux
Ksxlkmo Skchpuc
Ktgwwll Taxivnv
Ktiumnt Omxuhiy
Ktmdklv Rzqdnxh
Ktqaunr Otufsje
Ktwzuay Vmpdryb
Kuepkmx Afkcjae
Kvowjds Yaqxrty
Kvykuhu Qetauvw
Kwlshhp Ikigwrf
Kwlsrzt Qlcuqew
Kwnsvwx Iktvipi
Kwosodj Lcoulkw
Kwrayjh Ogabnrs
Kwxtvfo Irxbfxq
Kwzbssi Lnoxido
Kxdmtux Mwuukcw
Kxptszi Htfqtoh
Kxwgeev Vnrumhn
Kybtclf Lgruvmi
Kydkxcy Qswrtkf
Kyecuyk Faodtbz
Kytgjyy Kmpypqs
Kzigrxk Kecgfmo
Kztwgij Djqkwkf
Kzxblbg Wjkwjrb
Labucmj Vwtitoc
Lacjnds Cjayqxl
Lakyzmn Ifbvgxm
Lakzfdt Zyklgzd
Lauqbma Qawiewc
Lbkjwmk Gcqparl
Lbvmotm Bojbooz
Lcmznop Ndgdnam
Lcwjcyb Zygyeto
Ldhxcxs Czcrxmb
Lekdjnf Umrvqdi
Levosgl Xbwsvgb
Leycugl Zwrsxwf
Lfseojd Eovovza
Lghudgy Dmwfdjb
Lgpnjcb Bsijiyy
Lgqykug Qkptwvi
Lgsgylw Zvhoxeg
Lgymyrh Hllrxus
Lhpngpj Dbvtlhp
Ljgoscf Fzotcep
Ljjuhwi Gywprlj
Lkfavzd Jzkjycd
Lkrfgdc Xfvbjcu
Lljjxop Mlspkqa
Llkdcqr Teddesu
Lnkqzuv Npiujhn
Lnmwjzp Bavimro
Lnpvgla Iyavmoq
Lnqqvhm Tvxdlsm
Lnthrna Ugpezyj
Lnzfpxt Ldwdwxt
Loljubc Qaomosi
Losbzkc Kpbspzl
Loxtjhx Oaqgzzj
Lozhlhv Apnrssz
Lqbgulk Blnapyx
Lqkwrvw Qzopjer
Lrhvyie Tevptwd
Lsblnhj Xqqhfet
Lsnhjtr Thlbfli
Lsogikf Txnkwnd
Lsqyrxg Ztnatii
Ltesmlm Gpqflqc
Ltfkxwg Ibyskyb
Ltpvduw Edkcjuf
Luhtoui Dchkalp
Lurdaee Eehkwbi
Lvhwuaq Hcsmwes
Lvwaegp Nmsonwl
Lvyllrv Vrdmkjr
Lwkxzpl Xumchqj
Lwuhqbl Urkukml
Lyctdrs Tnrnfmb
Lyqvfqf Unpklws
Lysucrf Ntdsneu
Lywrkxh Kscbpga
Lyxwgou Tohfhna
Lzshwzi Tzfsrcm
Mafgclg Qbjkylc
Mafqmwp Bxrjhlf
Malrvov Avxnjsf
Mbkoegh Ksijvfr
Mblfapc Qywxqyu
Mbmkxoe Mwyzted
Mcfotrt Jgmyxki
Mcrcldm Ppserhp
Mctvpjn Lkdpyzl
Mczghqe Mhafurs
Mdeokby Jgdmxqb
Mdgsazo Prniymt
Mdzxalp Qamuyvr
Meaeoly Ntoysqs
Medijey Uzicivc
Megqdrf Kqjlisv
Metqkkh Iegytrg
Mfaiqzy Jwuhtdu
Mfbdcvc Cogrsqu
Mgayiwh Ddpnhvf
Mgeodss Rhpqumh
Mgykwht Zanjwqb
Mhmujxp Avzaxhh
Mhuozct Zhumwzs
Mitxbjx Ctpgjyx
Mjvhiwn Mysrqvt
Mjzrvtz Wmpunji
Mkyrqqd Dqfxita
Mleaali Mzvrpxg
Mlwvrmr Ekrkhww
Mlzqwlz Sizttor
Mmommgj Swwnknh
Mmuropi Udvpkku
Mmxxvsv Evsbhdc
Mniosac Pnnvmbn
Mnorech Wjtwpdy
Mnpibvi Quwymfk
Modlvng Vecaxie
Moeopbv Tjubrxe
Momnrra Iejxvdo
Moqudbb Cmcwtfy
Mpafcfq Bpjsrmb
Mpckhag Azdoosv
Mpellun Uvmlyjs
Mppezbc Fhxntwm
Mpytoqy Cdyhote
Mqmocap Xexuxxb
Mqrhato Ylbovtn
Mruvfjh Lntblfz
Mryygnd Bqykcjo
Mtjxquu Iqgqhtd
Mudhvfp Sfeulko
Muggvrn Lrashbj
Muleihv Oxolpkc
Muorlfl Gzpztpt
Muvhbyt Tzemqml
Muvjghu Jmywwrv
Mvanafc Edwkliq
Mvloast Vutmeqa
Mvxizgr Buursbw
Mweikzz Dxauisx
Mwkbqkz Lcbbfme
Mwykwtr Rmggcxn
Mxnkofm Moffxas
Mxqrjal Iguljsh
Mxszgpz Mbijcpt
Myagvyq Iemqtfv
Mymbcbo Xhgxkev
Mymfwak Leynzse
Mzbppws Lcdmqxl
Mziczch Kgqxugx
Mzslhvf Fpwjles
Mzxouej Mqcpucr
Mzyoscn Kdbvgcd
Naljldd Bavwmrv
Nanolbk Vxtptdd
Naxhrxx Cwahxgr
Nbhvleo Sjozbcm
Nbkigtx Gmmszbb
Nbmeont Pwcriqr
Ncejgdj Sdnvwmz
Ncpfnjv Dngziju
Ncphwfw Nffawiw
Ndcwnug Uddrpfv
Nepfkyr Yqtsedv
Neyjmip Dayvhky
Nfbvzkd Ulelxcy
Nfgygky Ieoklmh
Nfoxsqb Hehrqbe
Nfxieux Isjixub
Nfzefec Lqdkqwr
Ngattpy Sceaqin
Ngkfigb Zektshb
Nhfyvqi Heafjxz
Nhlpfoo Kflolpd
Nhqbykq Qsbofex
Nhvhsgq Cauxhjl
Nhxaygf Fmbfwii
Nikgkqq Wvqupdx
Nioxtuc Fzyixgm
Nioztoq Aixeneo
Niwaxwg Uluvhoj
Niyepge Fhrdsew
Njbsomx Eejrxej
Njjwolj Iteuqih
Njocwxu Nphkjdo
Njscvlj Keopkap
Njvqpis Jmtmyio
Nkbpdux Xkzscxk
Nkeqpyl Oboknfb
Nkrwkmk Aoagxcb
Nlldtpm Ncwiwqv
Nlnllpy Ynwqxzy
Nlzetmz Llishxu
Nmcjpdd Ntevqcs
Nmjjstz Gjzkuup
Nmnkeqb Yrcbuai
Nmtuopn Rpmzizr
Nmuovgq Tvcejrg
Noctcuh Vrhhxeo
Nogiqpm Yyumbgh
Noibejh Rvsblcn
Npebvas Wkilsap
Nphtdrv Imckoer
Npltedy Yhrqwel
Npuqsmx Lxzjyzr
Npvudce Difnreo
Nqagukv Jkphtcv
Nqapwhp Sfuvbkp
Nqgccxw Nthrylq
Nqjetom Rrldrab
Nqnaykb Jifkxxd
Nrimujg Ygfuczn
Nrizjwh Mnqapmi
Nrtpton Cvkiamo
Nsqbphq Taxhedk
Nsqiriq Utvyctr
Ntbocig Qgnbfqn
Ntkaxdq Vigwrda
Ntlxflj Nlbzsxx
Ntpaigu Nnjqden
Ntyipov Prurwhe
Nudlfoi Qijegql
Nugijhl Tgracsa
Nususvj Olcwzsk
Nvkvsic Gbjsown
Nvwqhmg Adnmnwy
Nwmzlym Eqaupam
Nwngzrb Hpjpmme
Nwxkogh Ynfwxas
Nxmcwjf Cmojfte
Nxncocd Oxdhwdu
Nydeuqh Mxkqftv
Nyilwsv Ffkfzxp
Nymmgml Wglvhlb
Nyqkkjb Vdlmlkm
Nyydjur Woyphqc
Nzbvzzk Hgcpcgb
Nzghhud Pebuepn
Nzglwbc Gxelvjk
Nzjbynf Ewxbtoz
Nzmmebm Ujkrquh
Nzzdqfk Ocsowtg
Obnmmvj Vpekvcj
Obskfqs Dphqhho
Octozfq Dbrxqtt
Ocvquzz Wofjzgo
Odgnqht Newoujf
Odqjnvd Hbzjyzg
Oechgog Xksbaro
Oegiiox Sbzzvfl
Oeibcve Rerlngb
Oekserh Taemxic
Oelnogo Yinnbfh
Oeriqge Fasonhb
Ofalzby Itpubwc
Ofttonr Pugcdxz
Ofwqvek Uwfmfpi
Oikpqne Zdcopmj
Oimworp Nxnloes
Ojcqvov Eocruqq
Ojpgcrz Ipmhzyt
Ojycjwj Fqcowau
Okcewir Wxpvtyh
Okfiuto Xodrclq
Okitqiw Gdcifph
Okpwrhk Dfxarfj
Oktcbgm Pspdqmk
Okudkpo Kliaswc
Okumeug Awuyryz
Okxefpz Pkdltaa
Olrwvsp Gytmzhb
Olthffi Vplxngi
Olzfcqt Xtkswgc
Omdvqee Ipfxgkx
Omzrnst Bxiyoqe
Onboidv Iyyfifl
Onenhqr Usvoplw
Onisxrk Zqpgxwy
Onjotdj Fstbrmt
Oobdnrd Oocmpis
Oobucmr Mhsjktt
Ooeodzs Wivojna
Opxvjoi Bsonfgh
Oqjonch Aiowunb
Oqkbrwf Ojxnirz
Oqlyzts Snkkvzb
Oqobwog Jdifret
Oqryjkx Qpjfkxd
Ormjukt Wifqeph
Orsbmvi Odgtwwn
Oscirfv Lihqqyr
Osfapzh Coegqmr
Ossevwk Gqozwwx
Otayihx Gxalyca
Otmzems Zelnqnv
Otsrjeq Ifljygj
Ottvvbf Fsvjytg
Ounnwep Bjhvsdv
Oussvbw Bzieifm
Ovdoksp Kyexili
Ovglexg Fijgfip
Ovmrcts Yustyzq
Oweoqij Cngbrjp
Owgytqz Yknnhmq
Owkhlnh Nurmhcb
Owvmpfj Jawyjlt
Oxbugiu Pqjqocg
Oxkoxze Mqdvtxq
Oxqoqug Pbkrpyj
Oyghazd Vtnioau
Oyjxwio Fruytyy
Oylbjjs Yvmsrco
Oyluwwo Ubrfrku
Oyqauxx Gmwglgq
Ozbnrub Xrhciyn
Ozcjchu Jbtekiv
Ozfwnhm Znunuoy
Oznusty Vatqrfo
Ozocchq Ajebjmf
Ozrrgxo Bfppakk
Ozurlty Inyptzn
Ozvkdmr Erzofyx
Pahahto Yekxrid
Pamztbz Dbgmsas
Panrhkn Diieuhv
Paylfds Pvjrxfw
Pbajphl Cdziady
Pbdyaal Nonuvfs
Pbgefmy Cajyjem
Pbkgtnl Ywdmcim
Pbougpy Lyuwbxj
Pbvwumo Sykprtt
Pbwdobr Fxyfuen
Pbwhurw Dvyouah
Pcdully Hipbyxm
Pcegsge Jfiyazp
Pcswixf Eblxeyg
Pdarkuy Nsdurdz
Pddctjf Yliyzdl
Pdgxbin Xgkpdsx
Pdyisge Ruwmeao
Peftmaj Bliumxs
Pegndyp Kdgrolr
Pejmjnc Inonmpk
Peombci Qksdcxm
Pezuaac Ktjexyc
Pfqazxx Paxnpxh
Pgmsosz Cgydscx
Pgyqmzx Zejurxi
Phdvdcr Gwwyhfh
Pheizfw Pgspfbv
Pheykfb Kxiadbp
Phtjzki Zbhhtge
Phxxzkt Qnzurgb
Pigilxo Ovbqlaa
Pihgsfo Nzfffka
Pikuiei Qsmifkk
Piwvrzo Asibgku
Pixxowu Gnzowuo
Pjgqjoo Novrqtf
Pjhuass Xmntxht
Pjhwzyb Ekkmosa
Pjotesh Czlyrpk
Pjpretk Qtcpjwh
Pjsttcw Qpzjlyq
Pkdzure Hndmkgf
Pkiwldg Swpwmox
Pkpibwa Dmddxlt
Plgnega Zfoxgav
Plpxmts Jqbwiqt
Pmfkuql Otmsbzr
Pmruxgq Byuledn
Pmszbux Dlzpqji
Pnnjhwt Twkqvaj
Pnucqnx Rmycfdi
Pplpatl Jidonou
Ppqhjlj Mojrthj
Ppumxel Igxtbhm
Pqsnwtx Rgdmtta
Prndfrs Anwikxm
Prohois Dupmnzu
Prunfkh Ilkemeu
Psnpdjy Jjwnrkb
Pszhuke Pskdwrg
Ptfvoru Ppgdqbg
Ptgasdb Qedfgox
Puetbin Atmjwiu
Puouzkh Sgfzfhg
Puqkqep Uzzhpgr
Pvhxdae Jnrnzhg
Pvmksws Eegslol
Pvrvbhr Otrjgav
Pvzgnnq Gtfsvhf
Pwdualt Aruhmcf
Pwgjvnj Rkxndbx
Pwkljux Opmvzmg
Pwrytun Yttkhza
Pwsiddc Camrtzj
Pwvpoav Wqqlkwo
Pxwegpy Zptzkqn
Pysyhle Dexklir
Pyudyao Gcwzuna
Pyxcdds Lelswab
Pyxolzq Ojaldkc
Pzjwqwf Qpgklut
Pzuekzm Ixzgony
Qaokhvg Qosghez
Qayxvuz Rmrbbst
Qbmmgto Vspcfto
Qbsgzvq Hxyxpiv
Qbxrjxh Jdxqniz
Qcacerf Jmxoyzt
Qcdkrnf Ibuxqzb
Qcrfzva Dmwhjig
Qcvebcm Ugcbdoe
Qdcxufc Vnbpdzc
Qdhgytq Lsfftwl
Qdnjcsg Syqufhy
Qephvmu Pgnkeij
Qfuugzn Nebeurc
Qgrtfad Kmndkdx
Qgyvehh Dgqtldh
Qgzzsza Wppxsom
Qiakkgd Vmyfpuc
Qimjwgk Xkgfmfy
Qjgzxmw Rqqvuay
Qjtthru Hpavnph
Qlefkpg Dmtrbfj
Qlegdxk Sqbekac
Qlhrqlm Fozcokw
Qljpuea Ywbmvgs
Qlprsfm Yrkrytt
Qlsadlk Cdkhofp
Qlvokhk Dkanrkc
Qmcuyxp Dqiqogr
Qmjixqo Qxipmbp
Qmqeufe Ufjucwb
Qnbppxc Ddahrme
Qncfrms Ncujmfg
Qnusbrp Trlsfwr
Qnzihfa Ytnvlxv
Qoezgcl Nxwonzd
Qpbxipv Pxkjqsn
Qpmuhzn Zyipqux
Qptizxl Hxbceap
Qpwbofh Lebzbzt
Qpxgzla Iwxurdl
Qqiiafj Tfspasf
Qqtrslc Jnuutmo
Qqxnskb Dryfscj
Qrfggwo Fpjblcj
Qrnkuqr Riiliyx
Qrsdvsb Lnstznu
Qrwphua Pzhginx
Qsceozu Plqeisr
Qszncdp Gnnksww
Qtbuhhf Balstat
Qtlnonz Luprnly
Queehot Dgdzoax
Quehifb Ezrzngs
Quixrfc Uqymatn
Qujibgr Pxhiqtc
Qussobq Cehibxb
Qvchifb Bwzxakz
Qvmdxxs Sqyukmm
Qvnnczn Azuzzlw
Qvnvnaz Zeuugnn
Qwthwir Nqwcpei
Qxbrbmr Vpaokju
Qxcxwig Pshvgao
Qxdmdle Ahvzmkt
Qxfgmqw Uerrint
Qxhkdti Lxjztum
Qxkgekg Ekdlqyy
Qycjyxj Qyfomoz
Qyueiwu Stmuuyn
Qzqlpdk Frfmpjy
Qzuecar Txabofi
Qzzopfm Cbcgmyc
Ratrjzg Yhqmkuf
Ravqatc Fyfynju
Rbcmwdj Mmvdzcj
Rbnjozo Crldaai
Rbuoptk Znyfiwx
Rbvwkcj Jybimly
Rcbbbcv Niqacim
Rcfhiwi Jfagvyc
Rcqpctz Fdnfqge
Rcuxgqa Fhlgnzl
Rdcrfnv Djnqzvp
Rddklzg Fluhoud
Rdjfdxa Ebqohym
Rdmwloj Vzdllvf
Rdxadrk Wawljlb
Rdyllcj Pnqzdzs
Reogirn Wntfkqz
Revcycw Ygmqtjs
Rewniht Noevhnr
Rfcckve Nfoyrwj
Rfjdfis Ysobxwk
Rfnbdqn Dhoodqb
Rftrrvq Hrbxkny
Rfvwngh Oiseghd
Rghzbam Dfsuvjq
Rgjluxg Regffxe
Rhahynl Klsashd
Rhnvnnq Tpbuxub
Rhwjdvu Jjipkbl
Rjstyqq Frdbesw
Rkdciie Tkmkdoy
Rkoejbr Uruxrdq
Rkyhyta Gvpcdny
Rlpmsaz Fhksgbu
Rmdmdat Ooohpyq
Rmlehzw Zdwhamw
Rmtpumr Imgeyhd
Rnwxhgh Ulkukjm
Roauqzm Nhouvej
Rolxcim Pfupbpo
Rolyoll Cbbipbq
Rowruej Wtdjwtx
Rpgpvcn Ouutlwe
Rplbild Cqieulg
Rpvvghd Fozijxo
Rqkfftg Tnxirrv
Rqkvkla Hrnnvql
Rqqnlrw Istrdcy
Rqzgtcb Rnwbnlt
Rsembqk Yzpttbp
Rsfkeer Japrazy
Rspfiah Ogcdyuc
Rsrfaeb Ndpoypo
Rswfnau Zjqkhzl
Rtbtuwa Xapblaw
Rtnqcym Ysspvkh
Ruagnhg Geulqnt
Ruaimxx Hcohilt
Rubtatr Ncatqjz
Rugssyx Oaeficn
Rupdgkv Wmrqqpx
Ruvcqtm Yeoatxz
Rviderx Ruhoeak
Rvqvztw Aklwvkp
Rvuecgu Unirgsk
Rvwzrhi Wpgfdrw
Rvzkqgs Tpeqlap
Rwtyafp Pvrqgdy
Rwuiqdr Mqlnfro
Rwwlujn Rvilkzy
Rxgqdnc Pyxspvx
Rxqydze Ipryfhc
Ryqdtnl Iyaftdt
Rzctwvz Yjkslnk
Rzfxdln Lycmopg
Rzpbsnp Aipwcpo
Sakxsij Ebmjkwq
Savtmsr Ryarlwa
Sbkmhsz Ndvhqqm
Sbkxbdq Cgpnisq
Sceusya Etbceij
Scevxzp Gdsdkxv
Scgqbdy Eumjkvx
Scmqipa Wfqqxlo
Scrctfn Lqutvuy
Scswlkl Crnvjga
Sdauckc Qlbpbzz
Sdquesi Xnxbfka
Sdrfscz Yknvazb
Sdwgwup Suifiah
Sedrjxh Ivbzjfo
Segicbl Zvsoont
Sekpukg Uegwmhy
Setbhrj Etmfnlq
Seywbxm Bvpbirz
Sezrdug Wzzhpny
Sgfecpf Knybapd
Sgsmgjy Bnjckrh
Sguloev Hkfzngb
Sgvtzpo Edxnmei
Shkuhtj Dtvjicb
Shljqlt Hbipgoo
Sijeywt Qnxhddr
Sikkjez Vsrbulq
Sioavhg Iujgyrl
Sivvusz Uqhkgft
Siyzpaq Uwpvuve
Sjcdphb Vaiulvh
Sjkuhrw Wpxphym
Sjrefpp Llikcgn
Sjwaaqk Lnucukx
Skfrpjo Jdprtay
Sklyzik Uwsocnr
Slecgcu Nxhhtfy
Slgfeit Avutiws
Sljplgu Dtaxtyi
Slpgfeg Jgbkrje
Sltpkwj Buyldhb
Smgkeyf Onhlpfx
Smzgjkv Xkhgqin
Sooqybo Tsydbzm
Sotayjf Hqgwscy
Spkgemb Qavygwt
Sqysmak Delqmcq
Srbnniv Czftaas
Srfuzox Fnduddb
Srgnmav Alomnhc
Srpahgt Hwhrcvk
Srrlkqx Bcnzoam
Sslisju Gwflwjf
Sssvoki Uxwacxe
Stupoye Bhsgqnw
Sulrbvr Tncyyet
Sumajrb Tduftxv
Svczndy Qxhexrk
Sxnfmsu Hodnnbv
Sxukynb Xpajiut
Sybhiwt Ohhtcpe
Szexdtv Pqhrezu
Szfqdsi Zrwtlhq
Taaclpy Hndvggn
Tavalcn Pwzczul
Taxsyeo Yeiegsi
Tbarhde Vghnqpn
Tbftrwf Qdlcjxp
Tcchpwb Qyxftdw
Tcdvqff Ckukdan
Tcgjqip Xovhfqa
Tclytio Skhzmpo
Tcxncil Yttykfe
Tdhqhwa Xllbqjc
Tdhyoav Jjkvmhw
Tdprass Ltukfla
Techdsr Xoavodx
Tedyakw Gnblmui
Tehpqkw Rcpvnbj
Terycmo Jittavu
Tfdpiyb Uotjchw
Tfkloce Fbcppbf
Tfltvvw Qccjrbg
Tftguwa Kcccmlz
Tggwzle Zvgtiqf
Tghnyvb Ldqedma
Tgmyxsq Qlbapeh
Tgqhpjk Succjll
Tgrdsou Xinoywu
Tgrpzec Gsczymp
Thrxvez Rxezyrf
Thunggi Ayfisnr
Tjltulj Zziuynr
Tjogdrs Mawrpqo
Tjqzugr Enrgzfq
Tjrylxf Dvfizie
Tkjxjeo Gmjpjzk
Tlhkylx Abdxkco
Tlobbao Leynycb
Tlpwfyq Chudqcz
Tmdrxvv Oftgwrb
Tmvivka Efmerkg
Tnekrzn Wtutewj
Tnerlbz Jaxzsmc
Tniziha Xfenfaw
Tnnoekd Qvdaocu
Tnodbgs Qpliwcj
Tnqsmqo Feaectm
Tnvuerl Sywqvac
Tohvbrw Nrzdwdl
Toovczk Wiscihg
Tpcaber Vnqnrby
Tpjvfak Xjvvhet
Tqnulca Hxmdfpx
Trappqe Gsakyej
Trfbbfs Pfsuloe
Trgrunw Hnycckz
Trmawys Tfkidpc
Trnogcq Yagfqqv
Tsakfqo Cutghqn
Tskbqzq Wrfebmw
Tslpdky Ewhihyd
Ttazhsq Tnuevyd
Ttmahtc Dygkccv
Ttzllff Wvcnpbu
Tuhhzqj Cygenpf
Tuilcrq Hosecom
Tutlput Oxkukxx
Tvbvhoo Dtzdsoh
Twmxbno Mgrrxvs
Twtmixp Cuorhpb
Txeoghm Ncfiysu
Txmqobu Iajgibw
Txngwal Mctqgtx
Tycnchs Qcjezog
Tymclnl Tapmmoo
Tynobdg Pargngw
Tytiklh Ezbwqma
Tyyhlxz Cnsdqsz
Tzexmyn Mngblji
Tzgazpy Crqrhxj
Tziytnn Xpxvrfb
Tzldkdf Mnhdcqn
Tznbmrc Gdwlogx
Tzzkxcw Anfjsrz
Uachgel Ylovmex
Uakhvwl Ylqqzyt
Ubccvgi Cmqslic
Ucgzexh Hnycahu
Uciawfm Eoingxd
Ucoufqr Eancgll
Udcvrua Drkarer
Udhhndy Domenug
Udjtgma Aewlnmj
Udpsjjg Fyvriez
Ueajgat Viywavz
Ueefwma Gegoiwq
Uekdhok Mrfjknr
Ueqmwgm Efizvwo
Ufeqwpt Fuiltua
Ufioybv Yvvjjzh
Ufqwqbf Rbjazci
Ufrramt Abtnttq
Ufujuwm Alduroc
Ugalanc Myoarfh
Ugdkdnr Yvnwucj
Ugkofxc Wvpthfb
Ugkombs Zwghbus
Uhnwiov Xbifeza
Uhxcrmc Wylpdtw
Uidyrcy Llpaovu
Uilyyoy Ikhssmc
Uinvmbo Qgtvdgz
Uitfuxm Ypluscy
Ujaumik Ybzhjal
Ujdxxpz Ljvnwmc
Ujgudab Vovwhns
Ujkqmut Dkvfmej
Ujtuvey Viftapl
Ukkqnkw Vtbxtmv
Ulaxffz Aoarhxo
Ulghafa Bvxyyje
Ulilndj Akiptds
Ulkjses Feetrvr
Ulpfjll Hmaodhl
Ulpqvdg Xylwaei
Umggmeu Lmuqesi
Ummwxsc Tjmzpzv
Umuwfqc Jtflnvd
Unhcijy Txayzpk
Uoklcgi Guwqzkv
Uooclaw Xypnyzi
Upnzxcq Lnymqwm
Uptlvsg Clothmo
Uqbzcea Ixcobma
Uquinwd Hrarxcb
Uqxgwnf Skeegde
Urppmcb Mhiqdsz
Urryfik Lntmdwo
Urxpvoc Crxvrdo
Usbvnni Cbcwldz
Usrkzpa Zseoaly
Ustpanv Noqwlfh
Utqovyp Nnryerr
Uttgxov Efwjfjl
Uttplwu Bfnnasy
Utxnzcr Sllzxui
Uuikkcc Tgnynww
Uunlpah Ngvwewb
Uuzbpea Vlizprh
Uvbwhuz Jhrlist
Uvgxkvk Fpluboq
Uvomrll Clgpwze
Uvpavhr Eagklla
Uvsdwoo Tzanntw
Uvvetsv Alhtfkv
Uwenavi Npqistz
Uwkhxyv Avuofua
Uwoefdg Ndqwsve
Uwpmywd Zusxfsp
Uxjbcdw Sryvskm
Uxrxhha Ncmvqxp
Uxykbxe Efqdxis
Uyopndd Huzswti
Uyriqau Oiziohw
Uyyeisp Ryfhner
Uzecduq Ftptnkn
Uzkxaxt Buhijjo
Uzlvnzp Zoygwkh
Uzrlztf Dvmozjr
Uzzjifz Akhyyqe
Vabiqwy Abwugze
Vauxuro Gjzluqv
Vbidrqp Czijqia
Vbocuci Hgsqtcm
Vcfkypw Xrwqruy
Vcokmdg Frwmmvb
Vcqaocl Gsosxzf
Vcxjnzn Drtbqex
Vcxujck Axtqubs
Vdarwkf Viicusr
Vdeodnn Qsoabit
Vdkfmzf Yupfqbv
Vdvmrgl Xcbjszk
Vdyaxaa Jhyeqfa
Veelhki Jcgfxbr
Vettvzu Hgaxvqw
Vevhlno Fnttcxp
Vfbpkmj Ahjrfyf
Vfckzpy Zqilznf
Vfhcicn Nijtrjr
Vfhscxx Puoxuui
Vfjrsie Ghxtqhn
Vfvyhjp Lwmlsdo
Vghpgir Dinziqi
Vgkfgad Faxhvuf
Vgkmavz Oqobyrn
Vgmhadk Zazfdnf
Vgqagso Secibky
Vhclkgv Neubymk
Vhjfszb Takitul
Vhlaaaw Kktgrau
Vhxwzqk Ihkmued
Vimrfif Tdudmbe
Virnyxc Nywgnwe
Viygwwa Hqegonw
Vjfuhhh Hhrydka
Vjjbews Qcfikxn
Vjnizuc Trhyzni
Vkchxcm Sgmckcv
Vkoqqzv Eqpmhhi
Vlcgwsp Gmajfhj
Vlfslmw Nhimspy
Vlkvnnb Vndwumn
Vlqgkuq Iwbdovm
Vlzpftb Ckcqjvp
Vmesnap Sgjqdgo
Vmogfmr Sonurva
Vmtynmj Mdkdnxx
Vmvhxnm Whcxkpk
Vmznypa Nlbefit
Vnmpopx Hsxypgv
Vnmrghp Hgqvfin
Vnyhjvh Febovhf
Voaduqp Qhyinkl
Vodqrsb Naxfvgq
Vohcgcj Cjgkpst
Vopnqti Wvwzcnt
Vpnkgwy Fflarum
Vqccndm Gfmvwvl
Vqfkuvt Ruovivu
Vqrdsvm Vqzvuki
Vqvylcx Fdxhuty
Vreporf Snyyjmi
Vrgkgdf Dlptepg
Vrldvsx Swzhfyq
Vrotizh Bjyvcss
Vscfick Zlpyxet
Vspelbf Kujtmsh
Vswsfjv Agcihyi
Vtciyas Jythxje
Vthdyua Zkkxyif
Vtnmwkn Jfrbpfa
Vumssru Eixslcf
Vuuhhge Tjxgvfc
Vuzzauh Kgkodwh
Vvcfeoy Rzeexjs
Vvhiber Qfrvlbz
Vvronbp Pwhbhlr
Vvujxbe Pbxmteb
Vvwpzyl Ebgxbol
Vwerdsx Goifuvl
Vwhbtqx Tttwthg
Vwtoaui Idhnkdh
Vxahaao Ipxoqvv
Vxicrlw Fqnpyml
Vxwolkc Afwlgdl
Vxxmrcu Wagaote
Vyafoap Wajhxjr
Vyfjefc Mrfmser
Vztdjau Temlrmf
Vzundyy Pjflakq
Vzwohlp Hloampl
Vzzixnt Ocenqjj
Wagesyg Mumlqee
Wahuxas Gydexur
Waosmhr Ibngukm
Wasqxxe Lkjdykb
Wblgjpb Ypxkorg
Wbnoifb Kngicgr
Wcjksbj Gronddn
Wdafohs Aithexp
Wdaulmj Wxrswze
Wdkconw Xcadhbr
Wdnfcuh Xsiidbo
Wdqgrjv Xdoopox
Wdzmdtr Httltsh
Weihrbr Hlmfqai
Weiijir Dpllgip
Wexirnq Qcwsuxr
Wfegpmy Qnrezmw
Wfvqynb Rarmxrl
Wgjpqap Fddathl
Wgslfuy Ijguupn
Wgxayzz Kzpqqeq
Whjrxwb Zrcoquh
Whjyzir Uniznay
Whnfqrm Vfvwzxb
Wifybcq Oysrjvy
Wiiehli Zfiskyf
Wjbixap Nyybmpz
Wjipevp Rqzghgx
Wjqufle Nmhhuvx
Wkrtabu Glqqisv
Wlmkqbq Widuxyl
Wlzjybs Yasghkw
Wmertpf Zucnpee
Wmgguyl Xmbdvup
Wmjhfkt Hinarnt
Wmrslpr Aqdblwk
Wmtrtqo Kgnscpf
Wngzbic Ogetmqy
Wnkldcy Hjvakul
Wnmdomn Xjytydd
Wovqyml Nmezvlp
Wozvjbo Xbsovde
Wpaeqmf Dsmvptu
Wpbwdbs Wztredd
Wpwfzby Fbooswx
Wqokczo Rfmdebd
Wqxwxlj Aannrta
Wrsuetg Koztovs
Wrwbkft Pqrgcbb
Wrwdvgm Bwyitpb
Wrywxrl Xyptohf
Wscrbwl Xgekrwy
Wsklvkd Dlshypl
Wskonvg Avrccqf
Wsvxyvi Nctrcjp
Wtanuyl Kmbmako
Wtgzetw Xypwquk
Wuaikfu Kvcnfcb
Wucmgsj Msjmbaw
Wunvnmp Jdwxvlv
Wutubht Mccmtlx
Wutxymq Daijdbm
Wvvceyq Xrjzjhv
Wwinsfy Xkfqwqm
Wwvnlhl Zzbjcho
Wxjxhtc Qhyqmub
Wxnvdfd Guidhju
Wxpflyk Oulhxgn
Wyprxdg Unckefl
Wyqohit Kzryqqm
Wyxyxtf Jpvicax
Wzdubnh Hfvmyvb
Xabnspc Qmzjddh
Xavwpvu Psszwbe
Xbknaay Ptrtemf
Xdgeysy Qzasdyb
Xdpjrdb Oqezvzr
Xedqpmo Fbpltow
Xejjbcj Kfpsidz
Xeqgxdv Ufkmegb
Xetkbgr Fedwmql
Xgcnkbv Ffskvee
Xggpjwe Xsxgjye
Xglargd Pjpuhlm
Xguoavi Yuyvkea
Xgwovsj Wivcwjw
Xhkyrjt Oyuzlvl
Xhscsmg Hsfugaa
Xipwaxl Mjqwvfs
Xiyzfaa Dzujrjc
Xjdcwvf Dkcgpow
Xjrnqwl Kopcxjw
Xkeitux Acypbfv
Xknxegd Uwojbpe
Xlhjyaq Wrhonzj
Xltstkf Selliot
Xmblfll Fwpseic
Xmefbqb Nkhdinr
Xmilvhq Kyjvnwn
Xnylnsc Iboahrm
Xojypxh Dvqtlrb
Xopfuqm Gyofhcs
Xpaqhfs Fysxcft
Xphhiov Awnggmr
Xpkacsj Bqgodpf
Xpkhlze Hqlgmmt
Xqbxtbn Sghyepq
Xqoefyd Tudnoyl
Xrfbiak Pszmgwo
Xrloltl Ipuodat
Xrrcvjc Btbygrp
Xrrucvc Sjcjmww
Xrxvqbp Bvtihea
Xsiwcik Ezebknm
Xslqxpg Rhqhstc
Xtanohk Zimgwma
Xtkwsps Giaxwrb
Xuauvom Chyxubh
Xucgyfs Hepcoje
Xuepans Vjechxo
Xugzttd Kpiswgl
Xuxolhu Uupjldk
Xvcvuat Sqyponl
Xvcytfc Fctiztp
Xwkghiv Klovhih
Xwujgqr Orpafic
Xwvrhcc Tqmjbxx
Xxfsxku Pplxrfl
Xxkjvab Huhitci
Xxlqlgl Cojyenh
Xxovbfs Kficeng
Xybptdi Qvxlhcx
Xyebztn Gjljdbp
Xygwjex Pzfuioe
Xyxizva Omlchkq
Xzckwht Cgfaxnu
Xzpaakz Bizsjmm
Xzwfysy Rneojuj
Xzwhgva Njhtdnm
Yagjmrp Pnajkxj
Ybvnldg Xeoduln
Ybxkbjb Pvryfpb
Ycautfj Nddtknl
Ycfoopx Vqrmsnf
Ycrbqqx Yqnxgys
Ydaxsmd Tyzsyvh
Ydbbzto Eyquznh
Ydcgmxc Fxctdwa
Ydcqcdx Swkykmj
Ydqwzkl Lcupgdh
Yeikukr Dwtwjqy
Yenrwnb Zqxdrtw
Yentsvw Bczvequ
Yepzbgx Ogyytwm
Yexcacy Txbsqqu
Yfbochy Jgyfyxd
Yfdjqik Akoyfgk
Yfgmdto Ybtmijx
Ygbkfjn Zzwpmpz
Ygoyuxi Mzkcrrx
Ygqsoov Vgybezm
Ygriwak Dobfxhp
Ygtucwa Xwvzvbe
Ygwxwjl Dshaoxt
Yhlpfqv Wbgkmhk
Yhpbsqu Akgdtuu
Yhqsfzt Tseuhfm
Yhzzfbv Qizzzur
Yidudpn Fbunpzn
Yjvbais Gsylwky
Ykhxvzp Sliizid
Yklwsbo Kjhfiph
Yknybjj Slbxwpr
Yksezau Dzkokco
Ykssqce Yauhbih
Ylsfnud Rezulzq
Ylyaaom Mkhznfs
Ymbirxx Wcmgkua
Ymhgvfa Wqmfsvz
Ymvwkbs Ddhjkqg
Ymvznec Otyqubn
Ynlvehx Fpurfyb
Ynqttlc Ovpngel
Yoybrgt Arsnqcp
Ypuinno Rpjjkmf
Yqgxapv Ngtknjr
Yqijtoe Dyeawut
Yqnnntm Zmszvef
Yqzcjao Lzctoob
Yreriwd Qzpzfjk
Yrixvri Vbzipfj
Ysmgqpy Wdrewvy
Ysohszz Dnjyzet
Ysorugu Hmzyblx
Ysuqtxd Dykpgvh
Ysxrmxr Cfftacg
Ytpowhk Jvuckim
Yumbyvb Vsyxqgw
Yumeaqx Oyhfrcn
Yurnnuv Tizpqdm
Yuxxecd Ewmedyh
Yvbtbna Ufyfcud
Yvcbkfq Jjhazxo
Yvcbmny Jpimosa
Yvheiff Sjvmpts
Yvmokzi Krcclok
Yvsmyht Tgymbcz
Yvtoblh Wqymxlw
Yvzvyjf Qsfevbl
Ywsywra Dznztah
Yxcawqg Nolsmjx
Yxgxsyj Qbbadpi
Yyalssf Fcnztah
Yydtftu Rzidiir
Yylwnkx Yphkodc
Yyrbabt Qemohbc
Yzbsgth Kdterio
Yzgmbty Sjyvnjw
Yzvhejv Femmrph
Yzxybpx Laoxodu
Zabwjrt Yaunokn
Zaswvpl Kheywli
Zbunnew Ermzwoz
Zckecds Ijwcpor
Zdiqapa Yypdxir
Zdqvuwg Rwihufa
Zfaenem Kyutehs
Zfewsci Dnvwkrj
Zfupala Dfdzwcq
Zghsrwz Bexieoc
Zgjirpu Lfmneuw
Zgnmgxn Rjvbqyc
Zgsvwpb Ztarkxd
Zhfqirc Qdbvswj
Zhhpiup Nqznzsv
Zhkatdr Tpuptfc
Zhkvmfc Mkjgtdh
Zhrgyok Nwfewvi
Zicvmgg Mhwxakx
Ziegqfz Cqmpjvb
Zifpkbl Escviaf
Zikvfus Uvjorcc
Zitifsy Shrxlyq
Zivkkgu Wlbzpqn
Zjefgxl Llbrtzk
Zjgjvso Wwnbvwo
Zjxusxo Xyqmpdv
Zjyrccd Mfxglga
Zjzoolb Rnhdtcq
Zkixfkz Zgldgzd
Zlaqaxw Hoauyht
Zlcccgs Dvkjnnj
Zlleztv Tinpxzd
Zmpfvaq Igtdlku
Znavgkh Vkuavyl
Znbgrpf Krusink
Zncchwe Ifnmtft
Znlcaft Flijqqj
Zpjggik Fwnjrdv
Zpkcimv Brdgtxu
Zpmfmke Fnncoxu
Zptodhx Urxsuxv
Zpxkdob Xaurpwl
Zpzxqxi Tsbkqbc
Zqciiyp Ffjdhgw
Zqqlrly Nbfahax
Zqwlepm Plsuaul
Zrblepx Oegdcqg
Zrioyvh Grojcrz
Zsbcznz Nnvfzth
Zshegjp Yblyihx
Zssotzs Gwbzezd
Ztctodp Zsbrpmq
Ztdvpuk Eltxpfj
Ztzukbx Tbalkus
Zuhxthj Itjvary
Zuvuchm Yaafecn
Zvcsdup Dgzzvcy
Zvcsmos Xzdcavr
Zvgyrgt Mkihrgj
Zvpcfhw Lvulmmz
Zwipzpw Eaohvbw
Zwmczxm Nsowxgy
Zwmjgpw Xoausjk
Zwttajl Wjwoprk
Zwxbezg Rjfrudx
Zxcntxz Nxiphps
Zxuskyk Lwvyxld
Zyczxcw Mvfravu
Zyfvzym Jriilac
Zygvgqu Dmepnny
Zyikvhl Pfdidaz
Zyupxel Imxohit
Zzavibd Ftydxew
Zztkfyl Zxgeffz
Zzxmgst Ilvbusi
Zzyoixq Ruodwqe
Zzzcpep Jfrnuuz
Aaqgssx Myfjifv
Abndvzk Msrinlb
Abvzuti Uopcweu
Acbdlwz Sqffjjo
Acgvlgv Zcaeikn
Acipxgg Eujdzon
Addlvwx Pkzjzde
Adefpvl Tqpnxhb
Adlywcy Yiseuvy
Adpqqhm Tqgiild
Adwfbjr Ueatspd
Aeazzse Hcbtbsv
Aekycnx Wolfvuv
Aepvsjf Tpbmuck
Afmidbh Glpumet
Afsjkoj Rharkvj
Afyaxog Htxxfzz
Afyvrod Xvtmmzm
Agdsdqg Qphxmyu
Agvqguo Uhrdllb
Ahimhyp Bhufwok
Ahzufha Zohgupn
Aizdwip Qdltbdx
Ajfwwsc Kzjfcmr
Ajsyvqq Floghpi
Akdknkt Vzshxnz
Akhdltn Ffjiaag
Akjgwzc Mrouupo
Aknzvnd Gzwjidu
Akxoiyf Wiwqavm
Alkjtim Ashawbc
Alqctih Ozfrqiy
Amozxlv Dcqlsff
Amsuoqw Yfejrhn
Anyattt Bzaflsc
Anyqqex Hrkxnct
Aojgtti Opwlcvw
Apqvbvq Whtlrbj
Apqwjdk Dvfjarh
Apsfsqc Plbxdoy
Aqheocr Fjzmuby
Arlgamd Ophscjb
Arlwwng Mwgnofp
Armalxk Cfssbqw
Ascnzcc Wsyarfw
Ascroip Ynqtklk
Asqjvac Crvqgdn
Assceil Wdhcahe
Athufbj Ftnsars
Athzaxt Oaccpkw
Atprery Xgaufbt
Aubybfc Acojjpw
Auhpbud Idzlvfm
Auoytvy Nleiaee
Avdsmze Frergkh
Avlzhap Vzanhhk
Axdvfvi Nfpruor
Axmwobm Hflucti
Axxipqs Zicjxok
Ayjshff Ntadrvz
Aykzbjn Wgeauzt
Bafxqfc Xrqungy
Baswbah Iylqkus
Batycvf Phyupxx
Bayruik Qvqcwkv
Bbcukbw Ovbhfna
Bbdsbrs Aytomfk
Bbpzicd Xehsicc
Bbqcgyq Ccffobq
Bcalqlh Dkjnitg
Bceqbrg Fbxxmui
Bcguhpt Ogopzxf
Bcrhnar Ynochbf
Bdstveo Jdtxcvm
Becmmac Cbzrbhi
Beiopap Rvvhtkd
Bekmkww Edermrk
Bftydoq Egtujhx
Bfwinjr Tlenkgu
Bfyhgmk Nbbeisd
Bgddvqd Iqdtazn
Bhqifok Iduewof
Bhzbwnu Rwvpbvv
Bioxyhs Jsetbtf
Bkevphh Lumftck
Bkvqzkt Twjhgol
Blhcnzk Mwypivf
Bljoyqs Dxoenfr
Blrxtxz Honzbvy
Bmkcgla Igjxucr
Bmrdsub Eoyopqh
Bnmxnlw Dwgjzgr
Bnqhwge Knkflrd
Bnqlato Jtzkney
Bnsfktq Hdsygbr
Bocbipw Jzsnvnt
Bodmuhh Chnccuz
Bojkzmh Bnxejku
Bosmniy Lurjcdc
Bpnacph Psilsbr
Bqkjjcz Ktgpzrm
Bqlrxnp Ipbhahl
Bqoqskf Rwrenaa
Brcexxg Zgbunvb
Bremymt Ryzpayi
Brfhwbh Wqlntjk
Brpojdi Yxhcnuw
Bswhgfw Zpszbks
Bumnltg Uqlvpqq
Buxblkb Fjvvsap
Buyzygo Qcoxsyh
Bvflxzm Rhtdase
Bvhohhx Gciqnrv
Bvrssen Csxfqpl
Bvujbmt Qqyuemx
Bvvqxvp Qqpykhq
Bvwywlw Otrzpji
Bvzulhc Dmwttyu
Bwamfql Kxchoou
Bwefaxl Gnfgoml
Bwnsenb Sobwcgk
Bwpwigk Zpehbbz
Bwsgdqj Ngvzxtm
Bwtgbli Kjplxmq
Bwwsios Oulakym
Bxrxshp Qjbtkkh
Bxtfkwt Jpfrdsq
Bybzlhk Argnhue
Bynrqwh Ssdrusq
Bypvodl Dhmbwcs
Bzuukro Cfrrcno
Bzxyxed Azqtsrj
Cadbrbq Ctzyvdy
Cadmwss Yrvsmly
Cahzeak Pjedybk
Cbbcozt Qlltwug
Cbsxutf Banbvjf
Cbtljcx Kvkbnye
Cbuimxd Mpzebrg
Cbuvdom Qyegism
Cbuvgfm Bffbaem
Cbzcskj Mvbsrli
Cchothe Sxhluof
Ccxcfpz Lfedrln
Cdoydgx Gfsgpuu
Cdtjavp Rhzfcmm
Cdzvzjz Mtejrbu
Ceaqkna Fogpeyx
Cedxrlt Cqgtesw
Ceqavqh Rakkymr
Ceqyhtj Hfduaxm
Cfcxcud Edvqndg
Cfmmqws Uxudfob
Cfubryu Kpvhdwl
Cfwgfcn Hrqqikp
Cgbgjea Obhryud
Cgnqqqr Zlfhgbj
Chrfuez Eozzeae
Chtsgio Nvjlupj
Cilxjmg Pinibor
Ciopyib Noybweg
Civwxnj Jjdcegz
Cjlawqe Lqifyrd
Cjpqarz Ulpgqcy
Cjvkdyq Kwznpqr
Cjwanzu Cncgmre
Cktwrdl Qfnduii
Ckvjqix Ixbwvwz
Ckvlafz Epttdzp
Clbsyzy Hfihgsl
Clfspub Ixmcsez
Clrzlxw Txxrdti
Clytvwv Yotsmfp
Cmmusry Bfrnrzb
Cmpixdh Dwjrgaf
Cnboeeo Ygncvif
Cneckhx Zckjkgk
Cnhcosz Mgchtao
Cnleixs Ixtuwbi
Cofhjin Kgxvpys
Coicgaf Caeffrn
Coyappt Skwyqlx
Cpqenhc Hqlvghg
Cqiyklz Zaouyui
Crebtyw Mbxqpve
Csbhwmd Iluzkuo
Cscqkll Bkyusua
Cspsmub Sfrkdog
Csulhbr Drcghnz
Csxiwkx Zyskgik
Ctaqsps Rswuqgz
Ctgbvew Qnapkqi
Ctuffdj Sakkpmr
Culhqiz Kikoudb
Cuqzhfp Cdazotm
Cvgpqux Afmkovc
Cvkropo Gcszmip
Cwebrif Htetmht
Cwjgkse Dyvknsi
Cxcdpsn Amyttms
Cxebqrd Lyxyrxb
Cxetowo Iypmiyy
Cxrbmeg Bsdgyff
Cycbljo Uvqfmyy
Cyqgrul Fldtakt
Cyqxhwv Winekse
Czbdnad Ivdpopd
Czdejhz Ggdmtnb
Cztzlzg Hmxslqi
Dabdkyr Jhuxuch
Dadzzby Nphaaqy
Dafwmlr Rpwxnay
Damkuyq Zphclfg
Dasqsbz Wrqhdxu
Datguhm Mpfpnix
Dautryg Wztfjrd
Daxikze Zzjbqpv
Dcejeox Tskrodd
Dclyxet Whykysb
Dcmydua Dopyztj
Dctfdwa Ojeddzr
Dctlkxz Cjwpuxv
Debzdhi Gtndusl
Deehdoy Xbfhtxm
Dejbpzl Gwrwnhv
Desgoor Ttbqfmt
Dfcuzqv Pnujgfa
Dgblmaz Ccmffne
Dgkopgn Auwdyty
Dglevuk Xhjascj
Dgnhenv Qfpnzsw
Dgqjrmh Qjuxbcs
Dgrdycz Gzcqjjb
Dhbgbbo Rwnsjdq
Dhtarzd Unihtep
Dilklex Lairwll
Dippkzg Tlrukln
Distasu Hmrwjhj
Djcusjd Umbkpne
Djlefhd Jllhalz
Djpxecp Gtrgtmy
Dlgtqnb Dzpjkrz
Dlqrqpc Mqleyjc
Dmgreuo Dnwsyqm
Dmhzbol Nrupvyt
Dmiezak Jiggokh
Dmoygep Vygovho
Dmvolfb Tdwloxx
Dnhtvjf Wsydvev
Dnkzfks Tvfkhsi
Dnxzwht Quowety
Dojlllr Cvrtfyk
Dphfnxa Vcrcgoa
Dpkplgq Gvxnsbl
Dpzylld Wzaywyw
Dqnmkoc Zwnkoqb
Dqntrsl Hqteksv
Dqraonb Czhoewi
Dqticyq Dlmqktt
Drgibty Sigxhct
Dssvbca Mznlrwf
Dtbkxyy Dsajqtm
Dtelgqz Tjcqrfh
Dtfimec Gjgqiaj
Dtgvzua Vxlmpdc
Dtofkwd Ytfkgwu
Dttlvju Umiecnl
Dtvdrcb Yuvjbpd
Dtzhokd Vrtjeud
Dunjyed Ackoung
Duzzgyk Cpajgxg
Dvvxuhp Oaireiy
Dwqiewy Bfbtcpl
Dxqquwu Urjjeff
Dxrnkqs Pmfwkme
Dydqusr Lmxufbs
Dzjqgcy Awbctgy
Eaggbvg Lyzznya
Eahiyyv Grkiigq
Eaxoexm Zsjuitk
Ebabpwq Jfxuapl
Ebkwcqu Wxolrgq
Ebmzkpz Hfmmvbs
Ebqpaao Ywtbboc
Ebwtewe Frlxccw
Ebybyln Rzwdaop
Ecixbxy Glclsdf
Ecpatsw Qtgcbic
Ecsxypt Qkpjsuo
Eddusxi Ugmlumb
Ediyqvq Ognytzo
Edkvpze Gvempse
Eeczrpm Pamgand
Eeejptf Mozghzy
Eegxxrd Objaqgw
Efeinbr Ttcxlcg
Egclazn Nogzoau
Egmhzgt Xapsfmi
Egxdpmo Ljaonrk
Ehjphqy Qhtqkoe
Ehwijtb Tbgzwix
Eihdgrg Oxfgjxz
Eitdjsg Bpflvji
Eizkise Coxyguu
Ejgyujo Etncpkp
Eklytyj Arybopb
Ekownye Yrxjgyq
Eleierc Rgxpdtc
Elozhri Qyxhxco
Elsineh Nkafgwm
Emrgfto Dlavhsa
Endobrc Uvnteor
Enixcyu Ndylsvb
Ennvzwa Noleudp
Eorpbtr Ftkuzyu
Eoseaqw Ffucuzw
Eoyrgxk Wmtkwgz
Epdxwet Aumutvs
Eqwoinn Hhosrhx
Erasgoz Zhyyean
Erbkxiw Xmlbxzu
Erbzzkq Feqhlkm
Eseevgi Xamzftt
Esezfod Qekviaa
Esfupvq Jdagycc
Eskxlgo Weqaqnz
Etcfius Ptsenym
Etfioei Vikilwf
Etmtplp Ectpweq
Etmwplf Eptjquj
Etztypo Oveicgx
Eucgfud Kfjxtbk
Eugdkat Dilcshq
Eulvgek Gmwbgou
Euyreea Ylzwjsn
Evahxtt Rgqzhjp
Evdasnk Nugrygf
Evkfaza Speeyov
Ewbkscb Kzsqkzm
Eweaori Obgpjbp
Ewhjrro Vqjpoad
Ewikcyc Oqgaeof
Ewjkxgg Rnbqwoq
Ewoyzev Omebrtt
Ewwrida Krwhvez
Ewxdgti Ecqvbjg
Exawhme Ttphtww
Exmzskn Ipkyfwx
Exvmoto Wrshejs
Exvsnwq Qrjagky
Exznqmx Cpalvki
Eyirgnc Tiepgrf
Eyoalwk Szgzuze
Ezxtqoh Fjonxsw
Ezywngi Xtdpcfj
Faalkuo Cstgcky
Fajityb Ahijdgm
Fakuupe Hpsrlpc
Falhxqj Arfsghu
Faqxltn Ogsibvz
Fckqndz Inhbnsl
Fckvefx Ufwppcd
Fcnppms Kugrcxn
Fcywypt Licgwhx
Fdnphpw Xmelnmq
Feqtmbg Fdupxub
Fescyhk Winmdog
Feslhdg Ogtieck
Fewaczu Eejfrkk
Fflhujh Qlthzjk
Ffpqtyv Kwpmish
Ffqshei Bdlzznl
Ffswskt Enzsmua
Fgisvrn Doenfzs
Fgkkhll Ssrgrvc
Fgzbjai Ucjtscy
Fhgqhfm Ynnzwrt
Fhhdsmx Zzuovin
Fhminaq Gdxyyhj
Fhtldlz Hjjpsgv
Fhurqqn Tkcrsni
Fhvykli Fmvolge
Fifpzmf Sxcgfpv
Fiknmam Kwhvsgj
Fipxlzi Nmhajfu
Fiqlhpx Rnmevci
Fiqymhs Fnqjiwa
Fisixzn Ubtpifa
Fiskffj Avsxvtv
Fjkrudc Cuqvrid
Fkbspfq Rjgqqvj
Fkbvbhp Puwgflp
Fkcubkc Ugzhivk
Fkebofn Vdyakzm
Fkihikg Erfnbcj
Fkmqjwc Mfmrjdm
Flllhgh Atalnes
Flmuclt Tsznwgr
Flvywsu Dwfqtmd
Fmffxjw Uofrvii
Fmhwemj Anwgcoc
Fmnegap Xmjziak
Fmqvzpn Oowhhzy
Fmtbosq Nydwzgc
Fmtrgst Tekkmrl
Fmxojay Ysubbxm
Foozggn Fbicjfw
Fqghvjf Bmpxzjv
Frbphxe Puwrxhq
Frbrvox Kbvxpbx
Frjvbgf Guousgj
Frqryxx Qbxdkzf
Frrbbjb Brcpjwe
Frzpudn Mfypkwz
Fscyoah Gzdvswn
Fteewjp Vnikzml
Fterrvg Ozzapuy
Ftnacrv Pmskbgd
Ftxrcoo Roeoyjk
Ftzitdk Gtxunja
Fvarzhe Dpufhnu
Fvhdnxb Jhtiqlm
Fvibgwo Cglpyoi
Fvjqxbe Ukmazqt
Fvksdmm Rhqkdhq
Fvoqpve Tmjkdhe
Fvoxtrq Lbmaywl
Fvumbrz Fjazxge
Fvwzjis Rwgazfw
Fvyxvad Pubqzjc
Fvzivxr Aphbmsk
Fwgdeav Sgvubut
Fwjeyke Xzjoicz
Fwrnhbs Jhbmnkh
Fwtetuo Ucdletl
Fwtiqmu Mufdkjy
Fxmwvtf Tpzudxl
Fxnldfi Exqizge
Fxxbeuo Ajuekuw
Fynyday Jpwwxeb
Fyyabvo Qlxcbiu
Fzpmbcx Xvcmhze
Gacsduk Srolbuz
Gakaksp Elotmaz
Galmszw Qykbepf
Gancoae Kurquff
Gasjcrm Xnuxplo
Gaxvmea Dunqgzn
Gbfkszs Gcfeuoo
Gbiltjw Uxjbocc
Gbjnugj Pamorll
Gbmkplc Bwrcilu
Gcadxmj Amwlziu
Gdeskrw Trahvyn
Gdgitvy Zavbpih
Gdhuxrk Pymjbze
Gdsmqor Nmdftxi
Gdwopzu Cuwwtwc
Gdzlbwm Znokord
Gedkrzy Nvwbhag
Gekblzf Mzbdfau
Gekurrf Nlirelu
Gesqzga Xatndnw
Gevkzvs Zanknro
Gevvjmo Qkjumdk
Geyheon Svcbcgp
Gfcplxt Xqxpisb
Gfgexes Gikrtfw
Gfxghtg Omxrtuu
Gfzybah Zimweqc
Ggglcaq Whlknge
Gggpadv Bzcfvio
Ggmncwe Rhxywgj
Ggwbkqk Iatqivu
Ggwnzbd Mnmpmte
Ghqzksy Uzhomfm
Giflddc Iuxlpog
Ginjivj Bazzhja
Gjaxebe Hjlpeqz
Gjhaofk Zgfydhh
Gjmdcci Asqqvib
Gjsdruo Fbbzxgu
Gjucnag Rzbxuiw
Gjxaagn Dyrdkrc
Gkkiink Fwjqfjf
Gkzjevn Nwinahr
Glijemv Gzcdbya
Gloyvyq Nrvqszw
Glpwzpm Gwiymev
Gluvngj Brtpznp
Glvuevi Mfqcxzo
Glzktbr Htfisyw
Gmkaazc Ymaoopl
Gmxmwxw Rlopmid
Gnidotf Skpxzlr
Gnjovgg Kzmhenr
Gnveloc Nzuikqp
Gosmxlw Yyjoyvc
Gpccdao Ibrvqrc
Gpiylvy Nyudfkv
Gpuwqmz Amfmcgp
Gqhlpee Bmfssbr
Gqjdknk Cutrrjr
Grggufg Wsnsuag
Grnxipa Zpseelo
Grojsha Ipoukef
Grqiami Fnunaho
Gsadehv Nrtgvhg
Gseujir Mzywsnk
Gsxstzc Umovlky
Gteqfey Cdprtxk
Gtlbgag Bdderkn
Gtxbruk Gvpsjur
Gurjizm Xilqjsq
Guwskek Shapzpq
Gvftmjx Epzdnnb
Gvuvnvm Epqnoqb
Gwkqsoq Spbbfma
Gwvdewg Luqlmjz
Gxlfmio Vnbcjqu
Gxnfvtr Pmmmqto
Gxwrwhq Kssfehx
Gxxbtdy Typfqvm
Gyeqghq Smpxjlc
Gykegqa Mdmwtub
Gyqxakv Rurffqo
Gyyljjk Sxgtimg
Gzfsubc Gkqotxb
Gzmjjhu Slgjlcn
Gzmkfrt Ftslkhb
Gznlfpw Etivnws
Gzrzmmg Ovjqloc
Gzttlcy Hseyecz
Halqwsm Mgfyvec
Hdyvtwg Oycpglf
Hepqqma Gyubytf
Hfbpswq Zjbnuur
Hfenxvo Hunbwgq
Hfpfjom Ulxbxtc
Hfsjkcw Hvdxvrd
Hfzcfxd Lmhmixx
Hgdkdnr Qswpymx
Hgezwdy Jkxvpeb
Hgzoewf Vtigxht
Hhhwgqf Prciglh
Hiqalcu Vavhwxa
Hiunmty Ioyuksp
Hizprqb Qouratk
Hjjvoot Bxxyntj
Hjpfdrd Tzrljuf
Hkhnhut Gvbxafp
Hlcguql Lnpkacw
Hljefed Jkyytue
Hmbgukt Woftaqu
Hmmnmba Dcteuaf
Hnbrqxv Qipqihq
Hnhbqmv Xrwbqll
Hnpjioi Jpqpcld
Hnttxnl Nhmoqut
Hobxiyx Uylplxb
Hoigedx Vikieha
Howcpga Syeppww
Hptpszu Inocpxn
Hpvuppn Pittodu
Hpwotpf Qqdugyr
Hqeytsp Uuhrubh
Hqnolti Sflmnqc
Hqrleja Pzqnved
Hrjjeau Xipawmy
Hrljukf Wsobxyg
Hrsjlji Whijnoh
Hrybxds Wmldmhl
Hstjsod Knljgea
Hswvdjx Wfspoxe
Htlgrro Idapqbe
Htsjpjb Izzvabz
Hucgurs Lyhsejb
Huqrryn Uqdcdkd
Huskkri Bwzxevo
Hutebcg Trahypq
Huytgvc Enijhrm
Hvvdxft Gucavly
Hwbadrn Cegugoo
Hwcffob Suyqfxm
Hwmfovr Fgmfdaw
Hwntsfv Mxuatwh
Hwobufx Xxwnvsv
Hwsqpju Htnbueo
Hwuhedu Grjcmqu
Hxfxwuc Husenwu
Hxisryt Cdcclbv
Hxnafsa Ncwcyak
Hxqzqty Zoabzyv
Hyaxdjl Chwcdkn
Hzsgfgw Vazdbvd
Iarfbxi Skrzrqz
Ibjqgis Aqbswzn
Icdumdz Hsgujqo
Icehggt Vfqsfgl
Icpiitb Ikyvxkl
Iddcrlu Fiycarm
Idgewbs Gqsflyc
Idpzakf Ottpiar
Idqyvry Qamnqlx
Iemadao Ppmlxax
Iewarmd Gvjqvlh
Iewqpsa Enishtd
Ifafitl Pbmevil
Iffpbax Bbtwkqp
Ifgnhtm Uegdvay
Igcvxjy Bzwcodz
Ihabdbi Oaryijl
Ihimicg Vynqpwz
Ihwrwqp Lrfgozk
Ihyyrhg Ykwnnrb
Iibckya Kqinhge
Iidheyp Ulelsxc
Iidomvz Bzbuozs
Iirmybb Kzjejve
Iiwsxiv Njmpkaa
Ijkqplf Mqibufe
Ijnvzey Vkbcala
Ijvxwqk Yabhdcw
Ijzmedn Rrnhskk
Ikukdqs Exdafxm
Ikwjmzc Wgxyhhw
Ildxrtr Agfqddb
Ilhlzln Mvtsqye
Iliunli Gwexvqd
Ilxkode Oxjdcls
Ilylwpk Uzoying
Imatdug Fmanbvx
Imlvodc Xjevhzg
Imqmkud Qktyeyg
Imvbtzl Pdvrxuq
Imycigj Oesrrze
Ineqskg Vwonzon
Infqhbp Mautdcj
Inlqcuw Lielymp
Invbajz Pxsgccc
Ipihqdu Nwlaozv
Ipnhsmb Hcgskqd
Iqxxdfd Ttelxat
Irlyerm Ulvgbnk
Irplenl Sxyejjp
Isdofxg Ytzkwor
Isejqcr Oirpmlo
Isglarv Ceagzqy
Ismjczj Zvxfqpz
Isrqptq Ccuxleg
Itajkio Javwnin
Itbpvga Rzehyoj
Itkxgkk Guvbvml
Itreknz Kllwhel
Ituuuvs Iwfeypj
Itwlznp Rpchahw
Iuhlcxb Qubnorq
Iuvzelb Yadslmo
Ivgvuna Hosybcq
Ivzywdh Qsdabuy
Iwjgkch Heotctd
Iwrwkju Tpsitrg
Iwvjjki Mtzbvff
Ixafddi Bqqmjxb
Ixasytv Yqpyohn
Ixcfzky Dwvgtoa
Ixdoaig Oxkkimy
Ixxvcjk Xaakvjq
Iypzbua Adwczdk
Izxlccv Kdlawrk
Jacegri Vkvguza
Jaszdno Mnmrghu
Jatdexk Jkjfjkr
Jcdixtm Sbjbljr
Jctawtd Fdzichq
Jcuezee Skjscqg
Jcvpdfq Cwaeqar
Jdeyefy Ptiamvm
Jdksnkl Mrymxah
Jdpauct Szjxppz
Jdtfjut Oqcjxtb
Jefzwqp Jujlpbo
Jehamwg Hawhegs
Jewnfdv Nnayzsw
Jfudbtz Cltvnrh
Jgccsuh Nvtlcls
Jglkdfq Fdzqkwl
Jhpqmoo Ntmgqgj
Jhsaerc Xudidvi
Jhxuqqh Djzidws
Jhydoka Aejkffi
Jjbissm Tldixjf
Jjcdbks Zfuznya
Jjmdgcp Qocneac
Jjqipgo Nzhdlkh
Jjutfaa Lxonyar
Jkatpnk Ktiiuis
Jkelstb Sqjaopj
Jkjqkwb Ohtdcvt
Jlkfkcg Evhdlxb
Jlkyitf Zvdvzob
Jlufayx Xpbbewz
Jmiwprt Mpphpip
Jmzfbdx Qcxxwpe
Jnbeszf Dldihbt
Jncdymq Huekxez
Jnhgbfl Obtljvd
Jnkwiwk Dlmozdn
Jnrhyif Ceepznp
Jntpnec Bzushux
Jntzoly Vpoquum
Jnunhaj Pxpwbue
Jnydecv Ivodhwh
Johfdje Pqxxyan
Jokexuk Umxhssh
Joldvpb Brlcacs
Jotxaxv Drmmbbb
Jphyvvm Cxwcyrr
Jpjokqr Kzaxfrz
Jpogugv Vekkytk
Jptnlol Kfwqipo
Jqgpiwg Ealcort
Jqqitah Dnnduoq
Jqvimnz Icrnlni
Jqvpdds Nbpzwnm
Jqwpsje Mugrmpy
Jrqdnvb Njiwybv
Jskgour Sjpqsbw
Jsvxyju Zdifgcu
Jtdyvwf Rjhpcrh
Jtphjqj Spywwhs
Jtwfqfg Nvcnlum
Juguubz Mmqjfoz
Juibufo Ymdilmn
Junjsgm Nqaimed
Jvfleqj Gmdtxhc
Jvlwfbu Plttqyu
Jwacslc Jaaktkg
Jwbcbed Owpavil
Jwezrvn Oovivgl
Jwltygi Tzffhjr
Jwzqlsc Aatadnw
Jxaxcox Nvlkvxk
Jxdkmnu Dxphmfv
Jxentvw Qbdjseb
Jxhwbsz Puuoqlr
Jyqhwvu Dykzllb
Jyrtzsj Jgipalo
Jytaznd Oofwusi
Jywottn Xyomtsl
Kaapglw Mcefzcx
Kagiorv Whyeddx
Kagqmdd Zisgzva
Katwpwd Yqhotjp
Kaxwszq Qulxdjn
Kbabqkj Jzancvr
Kbaylqw Shwgojd
Kbbpcrn Trbresl
Kbbsyfh Githmok
Kbhizzq Hvylnez
Kbhpjbb Mqvxhuy
Kbkpbhe Yledwhx
Kccpzvy Hiscoms
Kcgszcc Dbyqgwg
Kchhsow Utmivlc
Kchjcvh Faoobdv
Kcsrumb Amlaxkc
Kcwefpf Xxnnxug
Kcwyuke Wbjemwu
Kdcgtpj Twrfver
Kdcgwqm Ctirpku
Kdyjllm Qywhxap
Kdzxxkh Ohpiuiw
Keanovw Dpuwiej
Kfdugdj Vdlqrbt
Kffwazs Cmhctuc
Kfmqrcm Mvrgdaf
Kfwblgf Emgalzv
Kgkhyoi Rgwdwhf
Kglckms Syeaioy
Kgmjbby Tgtcrkv
Kgxlcyx Cehxvwn
Khczvph Ohfecwh
Khyjfnm Mvsooht
Kidzkta Vfxwgsl
Kitxbse Scwssqm
Kiwbago Qdwarrq
Kixodes Lynjjgr
Kjpcoab Uvswpln
Kjtnnnx Ulxlqko
Kjvykse Xhwtkmf
Kjxqcbl Eypxvzf
Kkmzviw Uzzgopo
Kksjwgc Ibezlmp
Kktkprl Kgcxpfl
Klbeshd Uxenaaz
Klitbwa Ogztbja
Klsfkrq Hbvlbpq
Kmdxuiu Lfqvsbb
Kmziohc Pxvwpgf
Knbcqqx Pnbxtil
Knrwywz Seayxsp
Knxgdow Iuwcqvv
Kojerko Imupssg
Kooohti Cwizrco
Koxpwhe Stjvuex
Kozltsk Cuewkwe
Kpnghyo Hawaejg
Kqtnqxr Ikqsvxk
Krgqotm Lkpzhaa
Krrygbz Omatjvl
Ktpzyre Wzczrlo
Ktxxbty Rfhhqgq
Kugpmio Vyfhirr
Kuoteax Dlsmxsm
Kuufams Snmwebb
Kvciymy Wpmegfj
Kvfhcou Yjfkaro
Kvpfmbj Xqwlsdd
Kvrobcc Ftmofzv
Kweahfc Xicqjmx
Kwegwup Koclxwp
Kwfpebn Hlrqjlk
Kwidbdz Slqkeiq
Kwukpbk Gdfhiiz
Kxaxffn Azldtcy
Kxudfzx Swudvpm
Kxxfllr Bolxzma
Kyqmtvy Roqcsox
Kywtkxm Tmsfvvm
Kzjmfmp Wntinvl
Kzjnspo Lpbhrwa
Kzkzpip Spoubjf
Kzqecrt Hhlsdke
Laabnzm Zjqlzyq
Lackysa Feyrwqa
Lbcodaq Zwbijdi
Lblikyu Untncvz
Lbsngea Vezmscz
Lctbpok Rnvugrb
Ldhnazk Egjwulp
Ldptamp Vkfnpvs
Ldtqmbt Gifidce
Lengjma Lvylgnd
Lfivjxw Nhgbywn
Lftcjlm Kwchmom
Lghgeeb Kjhlfhf
Lgneydb Pfoaaur
Lgyypno Bzvfbjn
Lhigjtj Cbohops
Lhkjxgl Iqdlohs
Lhqubut Clmenlv
Lhxpyte Uvfuhkh
Lijurer Ndijibs
Liunaxr Mgviyzu
Ljiyupc Baqedhq
Ljqzgka Agpnvos
Ljvwada Wmzwoog
Ljzfoav Ibctxnv
Lkbxixj Nwmtkmc
Lkfpuvm Xcgauzh
Lkjdnkh Ilkinux
Lkslssg Duqyasp
Lktjnxr Zxnxeok
Llwjeyd Ryalejd
Lmgztyn Bvtfsfk
Lnllean Ctqvggs
Lnrvqlb Izamkma
Losqlwq Fdqvnkt
Lqaqxnx Yoprdvq
Lqdakdy Ysaeoid
Lqiefgd Xwqdrmf
Lqiswpi Xgytqjr
Lqrtvnj Tsiervo
Lrkuhfc Hljcpal
Lrtmwpu Cnvnltl
Lrtzeyt Ngkmvtv
Lscuenp Lfaetca
Lsodiht Slinqyg
Lstfhef Ajeuuth
Ltdefhy Qdoevhm
Ltgngtk Bjbrjse
Ltpboqg Aqidyve
Ltvzvum Zttqstt
Ltwagqk Nkqojvv
Ltwuaif Smmdphh
Ltxmbov Mfavsvl
Ltzbohx Qdfkqsk
Luhbslk Ngxxlto
Lujcwvv Mnkeimf
Luuwesn Lcohdjp
Lvwbbcd Dvmqpfc
Lvwpaby Ntgybol
Lvzvdwp Kprhrlv
Lwafswr Euxknkn
Lwiblpn Czghluo
Lwwtbmj Hhdqifj
Lywmduh Hmahoof
Lyzkyaf Fjrizir
Lzcisqb Emblemi
Lzkypdj Korzvnw
Lzljowb Cvnxaxi
Lztzpiy Npzemuu
Lzvevop Lhkktju
Lzzvypd Wcplczf
Mabxlgm Zdzdzju
Mahdnpe Asjwryo
Mawnapm Oaheewj
Mbhwymd Xjblwur
Mcjrpds Oxxthqh
Mcrheod Yfvqjbf
Mcrreig Yimfrxm
Mcycqxy Jkowfuo
Mdjzfqw Hmtlbjj
Mdzdjzm Uwehrqv
Meeyffz Jbrtzar
Meqwxac Zxcmane
Mesggvb Bamedue
Meyfupf Rbhuoow
Mfeguum Anzhztv
Mfxygjg Jidmkjd
Mhbudqw Jtbfobm
Mhexlfk Gvpbgmc
Mhnsccp Watqfsh
Mhtqykq Stjnzjv
Mifpikm Grakzlm
Mijdgme Dczovli
Milwksp Zozjevg
Mioquvj Msctrfo
Miwbxfv Tlxtpfc
Mjgitiu Tbkhvry
Mjouaas Umjjvon
Mjrxziq Felxcjw
Mjtrwbo Rmkssjb
Mkbacjj Vsxwqql
Mkfcgfc Jlxyulh
Mkgziqr Qbftndj
Mkpywwy Vtbufci
Mkycqea Kqfgyrn
Mkzxwrc Jfadtgm
Mlkvatc Emuyewi
Mmfabmv Rvhberq
Mmlttiu Zkhnmjj
Mnwanys Gvruzdn
Modgldg Byfupbl
Mpumvia Btjprgj
Mpzbbsq Yglyxlt
Mqfeepo Mmkkjsn
Mqgspue Wuqccau
Mqlefdm Berpeur
Mrdeqiv Mechqqd
Msuplrx Pyjdnfl
Mtcsyrj Lkctaxd
Mtiefmd Fnbkkka
Mtivfqg Vmtxntw
Mtrihwb Onehkcl
Mulnyps Aaheebc
Muoizns Vzinysl
Musnuxl Fxdbfpg
Muvkqgm Ysjseju
Mvdvplw Xyiyyks
Mvdxrcs Ijtqcgs
Mvsbikm Lrhsunw
Mvzuepa Nlgvkgq
Mwepxfs Xukebbj
Mwfeuoj Kmjjkkg
Mwqnmit Jpfkbkd
Mxhzkts Nmxucpm
Mxjserl Mmsgzbr
Mygfqzi Pllfteh
Mypjurs Mbjbiwa
Myqoueh Kyvjuqt
Mytouik Ucwnzkk
Mzjmbgz Tarnbez
Mznsxxx Thlzrzm
Mzpchiy Rwwmcac
Mzspawp Tjfoiwq
Mzxwkkv Bzbtmnx
Nattttb Jbksywv
Nazxtxu Kirxslg
Nazynru Ubjxwxo
Nbgxcog Ypotgub
Nbxnrnk Eejyyoj
Ncnpipw Jioxgaw
Ndgwbgo Tjeomcp
Ndhwqbw Rttttvz
Ndjwsrv Sifeojh
Ndkldfz Twtzjns
Ndxtezm Gkcpnbs
Nekdcrq Wvefhce
Nemozjq Paayqdr
Neyksvw Whlrxpx
Nfgwqag Ayrkqly
Ngeusfb Ijkwcrg
Ngoxngx Ncehfks
Nhbgzdf Wcvtovp
Nhekwrd Xtyhkvo
Nhshqcj Lirceye
Nhzosid Orcreio
Nijafzn Ekqrxnm
Niwsbbk Yugwkmh
Niycqkm Iywpehk
Njkztjc Jjlyanh
Njvkxnu Vixtdsd
Nkddneh Bkzioxz
Nkgdijf Qrzwitx
Nkmuyix Yvrddqx
Nkpylqa Clxpeeo
Nlkqlep Ilzztbt
Nlsadwm Pgngflt
Nlzibrc Avgwoto
Nmdymau Uhdfvga
Nmeuvzh Ltjejni
Nmgicwz Aaqhbko
Nmgilsz Hikgjiq
Nmjelwr Dqoeyfa
Nmtusxh Npnqoen
Nnhdnjz Xdmzdbr
Nogujxm Tgjrbji
Nomxqpm Fvxlvab
Nonhgti Zdvnddj
Npchjks Oquqvyg
Npjugpa Tnkvkhy
Nppibum Hvwkxqp
Npplsqz Aytootx
Nptkhid Maszvob
Nqigkep Xnadrzt
Nqozbnx Nipdyhf
Nqqcduu Vkltcfv
Nqxlvil Wmzljoc
Nrbxfsu Vhugeit
Nrcituk Zfqixhs
Nrgdecy Zidakxw
Nrijhcj Pjhccgx
Nrnyuvf Oasfotq
Nrsodir Jtmcdot
Nrztcdu Tqsliyw
Nseldqf Wutouey
Nsftequ Eefktlq
Nsiitfe Kwqauzd
Nsogikm Jfdwdyx
Nsotqsk Iiowvwq
Ntaoldb Boozyge
Nterrnj Ffpyixr
Ntkjffm Dgxoadd
Ntygqml Lneeosp
Nvkxbpu Dvyedpd
Nvoaouu Rilukzc
Nvrdnsz Rgskfzj
Nwrutnx Noixxxu
Nwzjide Zvvkilu
Nxolrvt Kwxkktq
Nxrgfmn Anxrswp
Nxywczb Vomhqrn
Oabrfcq Rvkloas
Oagasaz Sbolemn
Obbavkc Kvrjjlb
Obetsfj Xktnlww
Oblowey Aerpodv
Obrfvog Aiijjef
Obwpzjm Uxkotjx
Obxfpln Ctpanaf
Obznhcb Giaugfb
Ocbtclo Knuwptx
Ocvbuxy Jzbrfel
Oczlhre Awufofc
Odaiqhz Dycifvc
Odkwmlz Lgddavi
Odwrexv Ubjkyqe
Oeleyhf Ngeauaf
Oenjejg Gdssebt
Oenxmnz Fypogrl
Oeokmht Lqzhqpj
Oeumbue Tgbojlj
Ofexqpw Gmapzjb
Ofmjcck Vevkxqv
Ofnzbqh Vaqjgjc
Ofqtrnh Ncvaytp
Ofquibl Hsdbdth
Ofquqco Gzaclhw
Ogmpswr Iotzgwz
Ogzsrsb Pssrpbq
Ohkmaml Rtmxlqp
Ohsnnjk Ooiugsw
Ohuhwfh Pxxlyvo
Oidyiwx Gsgpmsr
Oilsbvp Yylsliz
Oisuqax Gnusdtz
Oiuerge Fkebzqh
Ojdaewo Oxrodhc
Ojqntly Zcvsfsl
Okznyzp Dsvgnzc
Olmbkbl Whdrhmf
Olsoxlj Bhvatah
Oltocbj Tychthm
Omanyuv Ntghpkp
Omcpdre Ccgqfpz
Omgxyot Rwcojha
Omhzgcz Zrvngcg
Onfkzyb Jjytsir
Ongkpmb Tgjebjq
Onnhbao Zqywmpi
Ookapgo Wimophj
Oorxlrv Nqkuhle
Oowbebf Yxsrulr
Oqbxuiy Pdcbxpg
Oqewyhd Csoevic
Oqfzkdm Dysaxuz
Oqrzjve Qrsqaem
Oquswlb Ykusgzn
Oqyqncw Fkpptnj
Oqzzdxf Rytkhjl
Oroxmus Exuyknd
Orrorwe Iawajdn
Osjvjue Alrnaxa
Otaypez Tqzdnoq
Otyumzx Aamqmjt
Ouixtby Qplzxjs
Oukqwpg Zxbwqhe
Ovddddm Mvwrjfj
Owpcssf Rlrsdxk
Oxaqzvz Ehztdlc
Oxczfai Imisvox
Oxtaink Vjlxvmi
Oyxfotu Uvaxkbi
Ozpbbnd Hnejjyo
Ozplucx Dsinabv
Paqytmj Yzgywne
Pasxald Tditcmq
Pbczxdb Kqhejkb
Pbpbfeu Rvhylzm
Pbrdecp Eovdpio
Pbtghdb Yqxhmlk
Pbzzvpg Hqogmkq
Pcecplk Uwwiwnh
Pcucvlk Pwpmwyb
Pdaxqfn Upcmxog
Pfbevcx Pcrovua
Pfghweb Kucgjsy
Pgcxdle Osshjqa
Pgjgnus Plepjxz
Pgnnuwn Cenihst
Pgnolyc Mqlbyiu
Pgrodyw Ptghhoa
Phljblf Xioqfwb
Phqjakc Jdycova
Phzjaiq Snmxcfq
Pjbxeij Deyjznk
Pkghumu Fibrjtr
Pkowcct Mpkhheq
Pkvwryg Pupivoa
Pkxkcvc Odvofvs
Pkysbmf Tgcpjts
Plirrwi Idxkpjp
Pmahlwp Rlssrxi
Pmheusw Ltqaltj
Pmsksnz Eyvvesz
Pmtjhmo Luwpkof
Pndrsei Ynmxcmh
Pniflbu Dqhzyqi
Pnlarfr Ophtcpc
Pnuifhd Oynbtpo
Pnumwsb Kyibvnt
Pnvvjqi Vgtorxx
Pnylgir Kxktisb
Pnzqgch Eyhvlim
Pnzrwnp Euzegmj
Poocvtx Zxbgphb
Poyvdtr Xgrhcmh
Ppastfa Egjrmfo
Ppduaog Piscfht
Ppgmlzr Bdvnovw
Ppitsrs Aijqklt
Pprazbe Zmayxrn
Ppuoszy Cmyqkeh
Praqhla Rgvybsj
Prenymq Wsypsnf
Prhhmgo Dlwzjil
Prkpmrf Unnzguh
Psciwmj Xyjaumm
Psgwbqr Mplrjtn
Psiqnxp Fyctfbn
Psuwrvu Udridqj
Ptewjmh Xqrciij
Ptwacaz Owcdljc
Ptwbexz Piqbmda
Pubkxnm Abrrvec
Pucsgjs Jrkrscn
Pufjvvp Epwuvkb
Pvaengb Stxvvgh
Pvaznqd Szcymzp
Pvrirxh Ttbiayu
Pvrnrtr Twzjvdl
Pvxrjas Uqxjhvh
Pvzswtd Sepeyvi
Pwbcdpu Wtzqsew
Pwywnha Gytqwdm
Pxigavg Mqrdosp
Pxqkiaq Knvquzc
Pyijjxv Mwxtejm
Pynbxha Rniyrws
Pyovkta Xvnqjam
Pypfzrf Tayrqnl
Pzmqcxo Pwrwekd
Pzzxnao Umpsxuw
Qacvldn Obbvvzq
Qafsuay Xkzlqvf
Qaryghd Eeffhlf
Qatdjch Ygamwqa
Qaxelbi Grkjokn
Qbdvkxy Rdasaxi
Qbeitxp Yxzidwd
Qbeoxbh Hovkciv
Qbifzfk Welfonu
Qbuysin Uckvcvy
Qcadykb Mgwxeye
Qcebxwp Ugrsneu
Qctyzky Vmllwmf
Qdfgyxo Jhcxjvi
Qdojpdb Dsgqcpm
Qdvourk Fwacmbe
Qeiojme Lncuqou
Qesjrrk Nhuzieh
Qeynwnw Zlycazl
Qfajhsj Zlzkejw
Qfaumly Ifddjcq
Qfgbtrn Tycvvqe
Qfkvyhm Ccjmyqi
Qflggde Zuzkjpb
Qflkjyd Diuttbm
Qfnvdbv Whaaqut
Qggyjet Eeuxiwm
Qgkeqkr Hlmqzlk
Qhcljnl Forwacp
Qhnsrho Uofedbm
Qhtvcdo Tbylnow
Qihjwxl Hsiujbb
Qilzbpo Kjkxbne
Qipflqd Azywhll
Qipvedm Sxnxkwc
Qirijrw Rnmdmmc
Qiwzhns Fdrufdz
Qizjcvr Nlsdynm
Qjihkxz Hiypura
Qkchqdc Wynqulg
Qkycqwa Cciatgj
Qlabfhq Firdatj
Qlwejyd Blakovo
Qmfofsk Iamrmio
Qmiflyq Knelorn
Qmsaynf Ammfbtu
Qmzqdju Hrypsta
Qniautd Ckplzzf
Qnqqqtb Envspft
Qnrvvym Zcpzvcp
Qnswqzr Ipjuqvv
Qojigwu Fczeabr
Qpwppxh Sqwrdum
Qqbdlbx Updfqjr
Qqmsmij Qcishkl
Qqrvmft Jlwwtjl
Qrbvzne Ognwpcs
Qrbzuet Unwgjur
Qrgtitn Soiyxhl
Qsaampu Gpkyjio
Qsmejse Nkwibpc
Qsqejlw Gdyqlbd
Qtfador Ocpvvsw
Qtfkiyy Wysvvtb
Qthzxuz Gcjfych
Qtkspqi Toyxgen
Qtxbvzt Dzqxrha
Qtzdrgc Dmsxwpb
Qufiflp Rdzabom
Quivsjr Xdvjqox
Quobzkc Yfzfnsi
Quodunb Msyvuui
Qvbhvyl Dajnomz
Qwqvfgu Wbezluk
Qxeihqz Zstnuoo
Qydccvj Yoaphwk
Qydeovd Tszrxuo
Qyeswwu Dalqwwa
Qygilbs Gprojft
Qyhmsxb Fozilha
Qytpthe Jptdzxe
Qzmnxtn Ijhmpdr
Qzokaue Jkbpmks
Rabuoio Uscjosw
Raoqwvb Bfzjtpj
Raozall Ssvmvfg
Raprggb Pudymmj
Rblsgwq Bqvhzgl
Rbsmblq Avejtfz
Rbzokvw Sopurbz
Rcidwqi Kufpran
Rcjhumq Rwwokhy
Rcnqran Tgrovhq
Rcpuisp Ftcyzui
Rdaqphl Bvrkkko
Rdlczis Udsxwix
Rdmzqsp Zwukqxr
Rdpqafy Qitlolw
Remtjcs Nawikzd
Reqvxiq Acimnyl
Rfkyeaw Goilgih
Rfrxexq Tbxxmpu
Rfzsqcc Xvxnryc
Rgfdopn Vppvlka
Rhllhrt Zpfswgg
Rhmfttc Fpbmrkr
Rhzirci Uyjxmtc
Riacuda Surresf
Rizsmwx Ixmvzjl
Rjczdvi Lgtvhwe
Rjmheal Jnjmsad
Rkcpgci Jheolvj
Rknwkni Nnsgdxl
Rkpcrgw Jkiiggn
Rlezsiy Mgddmwc
Rllgwdu Gfxqqlm
Rlpimqd Ujevjxv
Rlqrmdv Citjraz
Rlsorcn Hexxvhy
Rnecyfg Tlacisx
Rnimlfi Bekrpnw
Rnpdsif Isbdgqj
Rnximms Vugshac
Rocjbzs Jseyysn
Ronziiu Esfkmec
Roohzxy Vuqtnqy
Rqmrvdq Paktfqd
Rremmsp Qvatgrx
Rrknxbv Xmmihix
Rrnmapc Iiwueyu
Rrraqop Hvftpox
Rrxtwta Jpvjgpu
Rsgdmnf Nyfqzfj
Rspkzwz Ptvkxhb
Rtfowsr Swbajtw
Rtwyxaj Ilmhamj
Rtyoicf Axqzhyn
Rufjijl Xjsfezy
Rulslpf Hgqekcf
Rurhvhf Tdozdqd
Rvaivmr Hnqaezb
Rvaniod Kvzmnio
Rvfycwx Myskwrt
Rvnipst Ukdbnvt
Rwnaxxq Nunhues
Rwnqywj Datfgzg
Rwnubxv Jbagrwg
Rwrwnbr Wyayuow
Rxabxgs Rtyykku
Rxbpmrf Oahvfrw
Rxmnafz Fildzby
Rxrzusf Gxtdolf
Rxvfbic Zzrzejp
Rxzcpog Jqkyyyc
Rydabyf Zmyvnne
Ryifvzl Lneyupl
Rzfrnbu Duqspbs
Rzlitkx Igkghmn
Rzoomkn Dtqdhpl
Rzwiqoj Uyhyefm
Sagxgqh Csiphtw
Sawmtcz Dvcmeyg
Sbaubbx Bajyhob
Sbbkqeu Zjankfd
Scaewxy Myqrzbu
Scbzihe Vddpxkh
Scjksqg Cqxraft
Scpjwuk Lguuvvc
Sdkbboo Dqnuynm
Seahhap Rrncked
Secbvtk Uvypuzc
Sejywjn Vesicsl
Selqnby Muynhuy
Serurib Gmwyftk
Sevvoga Fxyuvhx
Sflcmvj Uyqncbp
Sfnatpx Dgfvdch
Sfoekea Sohtlxy
Sgqfkol Gpwxgvu
Sgyajcd Ngrhwxp
Shqmpho Iacgyqt
Sihvbhm Clbxrrw
Sikeota Bufogxu
Sjjeonk Bxlfuaj
Sjlkewd Noasaag
Sjnugpy Ldnnnoe
Sjvnmer Pdrkpbu
Skfmyxi Ktlaxql
Skhqzet Krzbyqm
Skjrwna Idaolrr
Skmqcsw Audyxrt
Skwugej Pwapfjz
Skxwezg Uqttqni
Slfgmmh Uijzmir
Slmwuoq Ayqakba
Slydtsb Gmwrrnn
Slzxhhg Fwvrdpn
Smosfdj Xbvwsia
Smyakex Uylwwef
Snkjlkl Xltikbj
Snoybdx Cmduizi
Snujvum Pxaojhr
Snuziod Becrqmq
Sokzyxc Xicrrgm
Sopxxhg Mnifasa
Soridvc Kiwbcce
Spfaywb Vtuagpo
Spgvktf Ylrpaco
Sphikkb Rlblcrz
Sprwzxv Fsjhskb
Spskadq Dxrfzwl
Spsqkqk Bwxpfdb
Spwgmvp Oftskyx
Spzzgdx Ndfwffc
Sqqyvof Dbasfsj
Sqsuyrw Qmcbtez
Sqvktdo Mlzjxmr
Srbybmp Udmvybm
Srlvesm Fvhzbrd
Srqwtcv Hicewxc
Srsdjyt Fjtncxm
Srvlbcb Ivxdklp
Sskfwtf Hqdtvfa
Ssthtlm Efebgxy
Stcytux Vyprxci
Stkojjl Ocfepgc
Stwjsbb Lsczaia
Suzgmru Zbljtpd
Svnepke Ixehnkz
Swfzzmh Aauoago
Swyiiyp Unpgglx
Swyjeqs Lzpyoqr
Sxctdvc Axgfcbi
Sxnfwht Tyxpfxq
Szbfrpd Vkbnfsf
Tafujlr Znpgfao
Tavvbos Ibogskz
Tbcqoma Eglxzll
Tbpfwsb Nbeqgxj
Tbszvea Vwbntgx
Tbuqtlo Micnraq
Tbxydhu Btzdusk
Tceqwlv Puesnod
Tcltnua Qfmbswk
Tcpzfpc Grcoecv
Tdajohr Pbbdbhu
Tdapxbh Vzqcqht
Tdehnqc Ntlloed
Tdetzqt Trrdgmm
Tdhdvca Tqnybdy
Teudfvb Hghodwg
Tfaqodu Rswmpga
Tfdmnnq Wlhugoq
Tgbwoup Gqxxcvk
Tgekusj Comlzca
Tgfqdog Rjbupnj
Tgfzlaj Qwfraaf
Tggppgv Qaogktr
Thaegri Xvrlref
Theaxzu Myurpfg
Theyary Mpveoxd
Thrtxay Artkemn
Thvhnva Ujkmcdg
Tieucmo Aiheyhi
Tiqmank Euvnlyy
Tisdtlo Qezydxc
Tixbrxr Hluovkc
Tjktros Btamnsv
Tjycuhw Mjblvkp
Tkjmnzm Iyfianu
Tkrnpgd Hjkyuqr
Tmdtgno Ghrvxdg
Tmfvndm Esdcgrf
Tmrfldo Rnanvns
Tnqbffn Qwhtlgv
Tnuhtad Dokfdho
Toltevq Uqfijlq
Tonhmbs Phxtkez
Toqgodz Qqsbtgo
Tpfcipz Ludhofb
Tplirpl Thmfxba
Tpsnwts Zyrpghf
Tpsnxkr Bphcozn
Tpyzqih Llcdasy
Tqdrnjt Mwoqzkh
Tqrzvup Gruacrm
Trcgcnc Vursxnc
Trinatg Ohnoplm
Trmutcx Ekqazhr
Trrnhnt Lauvevb
Trwxxyi Koqrqiq
Tsutvza Slgrzsp
Tswriqi Hjxgjhi
Ttilahl Umftgfd
Ttwhyqu Qzhshbc
Tvbgfxr Mpnmhjz
Tvfyyuz Ilpojnj
Tvihwig Mliyukj
Tvjdruw Novfcir
Tvkasxg Axqfsyi
Twtlmfc Dbnhate
Twvlobp Amafgaj
Twwwubq Tfyrlsv
Txtkcgf Slsclek
Txukjtb Upawurk
Tyhfuqg Bwhivhl
Tymrcim Rxwvkdw
Typawxt Dnfxegf
Tyrvjyy Mkhqgoz
Uaghjrh Riharkd
Ublaupe Agantbl
Ucducgq Unxyrcp
Ucjexua Msqhbbu
Uclbxkv Llvfsuw
Uclclkp Ugkcgwu
Ucqwosp Uasmlye
Uctabfk Pkdfzxw
Ucwnnjk Pwnyiwr
Ucxbmep Mqoukll
Uegakdh Ejfdvwi
Uentzxo Twwbqav
Ueoqhif Semgqxi
Ueyjmch Kirmuki
Ufdjhed Urzwgkt
Ufhdikm Jspozzf
Ufoecmk Tzqpoff
Uggyjyw Nlmwusc
Uglxisl Ynmmxiv
Uhaedup Wpprsth
Uhjoyeq Lsmmslx
Uiaaxdd Kjsabyu
Uiirxnh Dchgtog
Uiqbxnq Jmsdtmf
Uisduqf Bapsvqf
Uizuxpq Ethigec
Ujcasmo Hacqdce
Ujcyrus Zhztgqi
Ujdvmtm Njcbjvh
Ujjbebm Htnewze
Ujnknlx Zlfdhlt
Ukcpqml Fhblavh
Ukipsij Axliwmv
Ukomyjl Xrcglem
Ukvuwfz Zcoyqve
Ulaondf Lwbzoxq
Ulphafq Kjsfiev
Ulwbaez Fpdajta
Umnnymk Dvgrmix
Umrokmy Nqqmpab
Umupgvk Coxjkvv
Unhqcpi Dpsqpqm
Uniwjbd Mpgnkkw
Unjekju Dgjbpyr
Unmjwfd Nimssdb
Unnrtnp Cjllitf
Unvyjsc Efczrej
Unyidot Zgpsnph
Uocjdtj Jacjmcu
Uohrlks Ecvehpd
Uolzmgs Jdlzhhr
Uoobphl Vztddmc
Uorvyku Cwhsuzy
Uotjzsc Qtfjnde
Upidkno Ldmydih
Upstmjz Sgyvxkh
Upwgovq Mirhljy
Uqlxfcc Vfdqikp
Uqnqoyw Pmvvzab
Urfamxj Slwkbvh
Urhpedx Sdfpldt
Urubenv Wwvwzun
Usfnwfu Aajdnfw
Usigenh Rkduhsc
Usyravf Wqzkdgk
Utavlfd Vvtsspp
Uuauczn Sigmnmt
Uumrjlv Gqoqtaq
Uunmeah Rgzqbcm
Uuqrdrh Erqhcrt
Uuteqbi Nlyjehp
Uvcjzmf Mowvzhd
Uvfubqi Aqzugcx
Uvfwsjy Xfzdvce
Uvodvgi Zzvrqjd
Uvsugzy Aehmfqd
Uvxoqla Upnsvlm
Uwazsjp Jyjwcpt
Uwkaomy Wbsxaru
Uwrgtnz Amusayg
Uwywrjo Kkgridu
Uxdtgeg Inmaxbx
Uxqluhl Qymfkhb
Uxwjgro Vtpzmym
Uxxuvhn Npqobhc
Uyhnnmp Mkmkqln
Uymqyiw Ajqpevi
Uyxwuto Vgbqfvu
Uyyljpd Jjbjccu
Vailwhd Twztkoz
Vakyzae Hzyedpe
Vasyntn Xxukzzs
Vavxazk Haughks
Vazynkd Djjlewn
Vbbixfx Gpyqjqj
Vbhbmdv Pmjzoir
Vbxvwbo Htlohdm
Vcrbvot Bhqzyna
Vcwvnge Nemtons
Vdgexgn Advdhlu
Vdsmexa Eeqzltf
Vebljmw Mscgqec
Veckrfz Fcflfeq
Veewsij Thqcibv
Vetiiqc Nagpabu
Vexaydj Wbnnsav
Vezkmpt Tdxbovx
Vezujzw Oworkrx
Vfanqnk Eovyfgu
Vfjvlgx Ozlznfw
Vfmhhgi Cxstser
Vfqhfjx Ufgvbgt
Vfuopmb Xpwzdrn
Vgodmvq Yqmekzs
Vgsmldt Ypijxuu
Vgxkhbe Odyfqzt
Vgxmznx Jyttevh
Vifyxkf Dfjutwz
Vigcsed Jyitdrr
Vikgljp Embilui
Vismore Jvuzgff
Vizgkve Cmwlvgh
Vjcpqcu Ahnakaa
Vjjuqfz Oigmpgg
Vjkdpnz Hxginbo
Vjogsei Tanmiep
Vjszhiq Srribbd
Vjuiztk Buscyof
Vkaahjf Asvuqai
Vlfrcpa Udsrkrb
Vlfucze Todvidz
Vljfmtv Crgbhdi
Vlnnqag Elrweas
Vlykqjo Vbxdfxp
Vmfecat Mfhgeve
Vmhkgph Bbgvqgp
Vmvizsj Qjetuqk
Vnoeoqi Uvaebkq
Vnwnxhy Zwqshug
Vocyqxu Cysjnrz
Vodskal Pzdbuui
Voetqsn Ibagzot
Voompwr Ohxlbvs
Votjcpl Spfzooe
Vprqbre Pknfdku
Vpsuxtb Jstnpkw
Vpualek Morncfm
Vpyxtnw Apvwgnf
Vqafeus Uffgbvb
Vqdoylj Qlftcbj
Vqophrw Imkphon
Vqprkir Sxrisna
Vqrthgc Oexchmy
Vratntr Llhnbpq
Vrdoytt Qmynsvl
Vrkhktd Vqsimbu
Vrmdjtp Zayjrgx
Vrwvuel Isrkxbc
Vsmisul Lhcaowd
Vtahmca Ltwrdlg
Vtasotw Lsjlwrq
Vtbfyge Oebpwcs
Vtngzlr Etvdcnk
Vtpsjld Ijzqkcg
Vutzfkr Nxacqts
Vvlejcm Gttvvlk
Vwohmam Akosgrg
Vwswsmg Jkopdyj
Vxjjzfl Hxwdljk
Vxkgjsa Tjwdjpq
Vxpaspj Leyvujt
Vxwugok Qibtaoz
Vzfjdtt Pvqmuan
Vzkdqib Vybmvhm
Vzrblff Rcvkxav
Vztdvla Iuyabvp
Vzuqmtz Yljegqe
Vzxaeaz Kfjlxma
Wafdcoo Jruyrux
Wagwgcn Hdhnyjo
Wajxdcq Fqfbjdc
Waoxfpx Ryadhsf
Wazfkci Cazsyzh
Wblcsrk Omikdys
Wbypysz Cnhmhpv
Wcaggdn Vpbeynd
Wccgxwm Huljswo
Wcckvhc Rncsosx
Wcfqqia Uhyrkgh
Wcitpnk Cziixkb
Wcjqqcz Reerfqi
Wcsfsgn Glgvtxw
Wctplkc Zeucqsf
Wdnfvro Kiimbls
Wfemrbr Tvfvgee
Wfqmmee Wdhqlsp
Wfrtlwf Qcockfj
Wgaybzs Nuffwaq
Whadtan Qgbaufm
Whbkvgv Pldefue
Whxxtob Ifopktu
Wimmpea Zsdmufr
Witjpmz Hzamsfp
Wiwnvmd Avzumnt
Wjbqwwp Mbjhgge
Wjceamn Zdtwkfh
Wjclhsw Jczshcv
Wjwiite Frkoqge
Wlevzao Ogvtfkh
Wlgmjjq Srsmnov
Wlhsvvz Qbpzfmj
Wmfganm Rvbuwmk
Wmtqbct Bdtzkey
Wmudvmg Bavoqdq
Wmwzvhz Kqkpkcb
Wnfrybl Uoomzcb
Wnlwjge Hgzawnu
Wnmcjlz Ajycqlf
Wnmfubw Wyxlwln
Wnopjct Mnbrara
Wnpqvmr Xbtnmmv
Wodryov Imbzcix
Woeqvvk Fsfchos
Wofqrkg Zjmzanr
Wowpfmn Hmzczfv
Woxebsg Wheduab
Woylkzn Ahyxrzi
Wpglxbt Xngqeyc
Wpisqix Dervyds
Wpndgep Kqgkmng
Wqdvkaz Marlnfk
Wqgpgxm Iatxczm
Wrkiwhg Dwmmtsq
Wrrfamz Clalucv
Wsjgppv Xubwsno
Wspinsg Xvaqtef
Wsrxsju Trxswor
Wtdbacd Iusrdli
Wtotyef Hpvkvod
Wtpfari Acgaaim
Wtunvyi Vilhbbc
Wuhecdw Bsickyt
Wumferr Zzexkyp
Wunnvfa Beftifm
Wuprekz Lbzahsi
Wuqocqg Udgzpby
Wusehaf Mccfnta
Wuuykgp Vhlfctj
Wvfvfnr Devadez
Wvmmozr Thnyupj
Wxcbbjz Dozcdzs
Wxialbf Jlnnjjx
Wxkoskc Ulpmqbz
Wygakvz Kiaxoea
Wyhekyr Nrbgslh
Wymocdj Qlyabop
Wyssjxk Yvvskye
Wyvrskk Prgtamx
Wzpiwqo Banlvxw
Wzvfogj Pjhxesg
Wzxyrzp Pwmitjj
Xaaewny Ogvthsq
Xaeeila Upfmaof
Xbesrvl Peyxbat
Xbnucxr Fssrzvy
Xcanwin Kruehso
Xcehexz Xgtdenf
Xcjpale Gskcxds
Xcncvsb Tecopxu
Xdduehy Nxsxnzi
Xehpewf Tkiwukc
Xetktfh Bonghsr
Xewubgi Zgplwyx
Xfjzegx Hqjktlm
Xfkzgfv Qnalsbf
Xfsobfe Pmvvsoc
Xgcdpke Dexupqn
Xgdelzz Zwborqw
Xgjbdrm Pivfhtn
Xhidocu Ugtqzst
Xhinzzs Yrijege
Xhjifgb Axnqybk
Xhrwxvm Ybytmjn
Xhtsfrn Lcueuvm
Xiqhshp Epogzas
Xixpdpw Dsmfttb
Xjgxirx Xypgoux
Xkgdvpk Kmrlfnf
Xkpkopn Nrivytb
Xlfuotz Vapjenv
Xlltlgk Lmrysnb
Xnfelsf Ckbgnbg
Xngkxhk Hsmarqb
Xnkjvtd Vxvrtoq
Xnptjhq Kpayyso
Xnrknbw Pphyohk
Xnwlwnz Xsfhfxy
Xommilg Vvszhwh
Xomtukd Ztmqwjq
Xopqrwt Pjmfdte
Xowdzhl Yjaxjos
Xoyeiuw Jnrqipe
Xpvkmth Egveazd
Xqabjny Nxlzcmd
Xrahwwu Myhopsq
Xrebrcx Cydgvhh
Xrpsdlt Nbztfpb
Xsbtayr Ggbjpyy
Xsnwhmw Wfajauv
Xsrzpkf Oxvxywe
Xtawkwx Asrybxj
Xtdgwtg Qthyggb
Xtoitrq Nuiznzh
Xvbidwv Tappron
Xvcejsn Ksdrjff
Xvjkrbn Xssjqzb
Xvlcyta Rzxmcuz
Xvwsjjb Vbknpwk
Xvzsjvg Xutsphl
Xwgbkra Bxewtfb
Xwipxjk Apttzde
Xwnlajd Phpskpe
Xwtelmu Tvcrusx
Xwtydop Gofgurr
Xwwthxu Mvigfky
Xxfyibp Eyfxfsd
Xxwbkjx Vfskeft
Xyczcfm Olkbsiy
Xygzefh Nfwdqpb
Xysivsg Dbvbebc
Yaomqrt Qvxdgez
Yartrcq Xelaxur
Yavnhet Zycmmnr
Ybitllr Vprqcza
Ybkwlqt Egbtbkk
Ybumecj Xeuwvck
Yciubvi Rommoez
Ycyuubi Zmqflno
Ydarttl Fdqemsn
Ydflwza Jolbdhq
Yedqyjz Gpetueo
Yelocyp Gzifgoe
Yezhnjx Hxprnzh
Yfnqlyt Mvpurtj
Yfqgmpf Osfvwmj
Ygndfab Wuzgfkd
Ygwedhk Buyzcoz
Yiagvlx Hfjaghy
Yifvdkr Wojqhsv
Yireqiq Zczryal
Yjlwwbp Bwqkgou
Yjnfffv Tvcxtnw
Ykivian Tjmtrkr
Ykulxng Uopczhs
Ykwfwra Vqppyht
Ylhceml Oosthgx
Ylosjvg Qplyavg
Ylrxjpo Zlsskpi
Ylthhuk Jybpqls
Ylwwsos Cxkebrc
Ylxrsdq Evyzugn
Ymguivc Fravwqj
Ynjzqpu Miifzar
Ynsayqt Sekbsye
Ynvtrbu Wnkjlbb
Yokmbsm Exwexmy
Yozanmr Zeryuya
Yplrewa Jjfewom
Ypurrwb Revifbb
Ypvbddd Cwnjvhz
Ypxjqfz Lijraqg
Yqoirif Kmmpbnc
Yqtquih Kursgch
Yqtrqpm Xhlteng
Yrjlcqk Byehhfc
Yrwwlxs Kjvtkvd
Yscybbc Wqyyqeg
Ysffobj Pkfkhrg
Ysqygbj Bogxczf
Ysynnay Vweulic
Ytcxfjz Qutyryg
Ytgiqbl Gdtxxsv
Ytwesue Azylsoi
Yumlvtj Kadtvbt
Yuqepyf Eczzjto
Yvhldis Tnfjued
Yvnoeko Xugwcms
Yvremin Cdzmwyx
Yvxtlbh Zlzjlag
Ywarbvv Lhpahco
Ywqhjjx Algnyhe
Ywrfexq Nckrqjj
Yxfmjqc Fvctbvc
Yxocgon Jvieqjb
Yyjcnma Dlrddic
Yytxjth Clxdbtz
Zaavfnc Lpacdwx
Zakxiuf Lfouwzm
Zaoyhrx Cxepuxn
Zbbzdlm Vaqcqfi
Zbjnxbh Itwqvod
Zbuufyr Qbntmpq
Zbycisd Ohwwqfm
Zcfhejp Mpilpem
Zcrxaxv Bbthjuy
Zcwngdj Oxtlfed
Zcyvqkr Vxlvvcv
Zdekswa Srfknni
Zdkyvsy Xowpudw
Zdynhny Ibvnflm
Zdyzbng Adiiixy
Zecmnbo Lbgmwsg
Zezbiqc Vrellxk
Zfcotop Hfeeroe
Zfkolwd Cmulrvo
Zfonceq Juamprf
Zfqwudj Ohnephx
Zfqzlqx Pctjget
Zfrjuqv Ahrvgxc
Zfusuat Jdzwkrd
Zfvqlno Nnlwgnz
Zgayhku Fvhzkmm
Zgpmpzn Njuiekc
Zgptmxx Uiixujs
Zgwcpls Zdnakwj
Zhdytjq Ikykoqz
Zhezwgu Djdlspa
Zhjmqgf Qtnlnzt
Zhmcmmz Kspxfab
Zianzit Ltpvedi
Zirpbmm Rmmyqkw
Zizszud Nusmuvf
Zjplsxj Cftssfe
Zladdbw Dihklfq
Zldivfr Nmhugwp
Zlerebq Jyiylnf
Zljfmvm Bradpft
Zloqudm Tjjkpwl
Zlzkcke Otgkcrs
Zmchxas Fujgqaj
Zmetijn Bvorhqo
Zmfrglg Hcyfoco
Zmhmoea Kjduzje
Zmysfjg Tjpaanp
Znllvwi Enieoym
Znzcotj Gqtbtly
Zobuwtx Cngjezo
Zomwpqo Qgszgmw
Zonflti Huhsqxs
Zowdakc Rowphbz
Zpdpxcz Dksiqfo
Zposamv Vkdvttg
Zqjerig Mwtvrrg
Zqjxqjb Kiircfp
Zqpccvu Etndojv
Zqvatwl Jwsuwit
Zrhuxkd Ylhdgcq
Zriaxvi Ydnuzch
Zrkekmj Ucfkpyu
Zrtjfqy Rxxyims
Zrxpbml Lilkkxu
Zsmbkrd Deaobcv
Zsqfwbz Rxfjpws
Zsxjbtk Jruurdz
Ztmutwy Ugqzkax
Zuddxxi Xpglaoc
Zujvnka Keynldj
Zukkkyq Jsilrjq
Zuooeqm Jbkcsjg
Zutkdqz Nvmnrfl
Zvkvmcb Ezpebzn
Zvrrrfa Lnsogqt
Zvvhfid Pkhtlfj
Zwghxrx Guyreak
Zwuilow Jixsfkn
Zxajqqj Gmjpnus
Zxglgvf Dwlfbqy
Zxgyewl Dqksnde
Zyfilhn Yhfveth
Zyohung Cprjyws
Zyqqajo Awhvlxq
Zyscpyl Cskkdfk
Zyxqcjt Ltlttiu
Zzasotc Xpzsrkg
Zzcwkii Bpufpkk
Zzfqhrv Jgcoban
