12
0
6
9
6
3
3
22
2
10
5
14
5
22
5
7
15
19
11
10
5
11
1
3
19
12
10
10
21
13
16
21
6
8
3
11
11
17
10
15
10
10
11
14
8
13
4
11
9
5
16
22
16
17
15
11
17
2
19
16
0
6
21
15
14
21
15
13
15
13
19
10
2
21
7
2
0
12
3
8
4
2
5
5
2
4
20
12
5
20
5
19
9
5
15
7
19
16
2
21
17
2
18
15
4
13
14
13
20
12
10
10
6
9
3
11
11
13
6
9
18
18
11
9
6
22
19
0
13
10
17
13
12
14
9
5
1
14
11
19
1
11
5
21
21
13
9
22
8
17
13
22
2
3
13
8
18
12
10
19
19
1
14
4
13
16
21
19
6
14
20
12
21
17
11
15
2
15
16
15
19
12
2
20
8
5
13
22
18
18
8
16
6
5
6
8
7
0
7
16
