140, 10, 10, 10, 15, 15, 55, 10, 15, 10, 40, 25, 15, 10
Number of fish expected: 1480

150, 205
Number of fish expected: 1149

0, 0, 0, 0, 0, 5, 165, 0, 0, 0, 0
Number of fish expected: 2143

220, 60, 20, 20, 10
Number of fish expected: 912

555, 25, 10
Number of fish expected: 232

0, 0, 0, 0, 0, 0, 0, 0, 0, 0, 0, 0, 0, 0, 0, 0, 895, 0, 0, 0, 0, 0, 0, 0, 0
Number of fish expected: 15931

10, 10, 20, 430, 10, 60, 10, 20, 165, 10, 10, 70
Number of fish expected: 6398

235, 15, 10, 10, 20, 5, 30, 20, 20
Number of fish expected: 722

750, 15, 15, 10, 20, 10, 20, 10, 40, 10
Number of fish expected: 963

150, 15, 10, 115, 15, 10, 5, 10, 20, 10, 10, 60, 5, 190, 10, 30, 25, 10, 15
Number of fish expected: 3613

0, 0, 0, 0, 0, 0, 0, 0, 0, 0, 0, 0, 0, 0, 0, 0, 25, 10, 10, 0
Number of fish expected: 422

10, 10, 5, 10, 30, 10, 20, 5, 5, 110, 5, 10, 30, 35, 15, 10
Number of fish expected: 2132

810, 25
Number of fish expected: 1080

0, 0, 0, 0, 0, 0, 0, 0, 0, 0, 0, 0, 0, 0, 0, 0, 0, 355, 0, 0
Number of fish expected: 5751

0, 10, 20, 10, 10, 25, 30, 25, 15, 615, 5, 40, 10
Number of fish expected: 2482

960, 0, 0, 0, 0, 0, 0, 0, 0, 0, 0, 0, 0, 0, 0, 0, 0, 0, 0, 0, 0, 0
Number of fish expected: 11328

550, 15, 60, 10
Number of fish expected: 227

0, 0, 0, 0, 0, 0, 0, 0, 5, 5, 10, 10, 0, 0, 0
Number of fish expected: 390

10, 10, 20, 10, 30, 15, 10, 20, 5, 10, 35, 5, 150, 55, 5, 10, 85, 15, 15, 10, 10, 10, 10, 10
Number of fish expected: 4317

620, 25, 10, 15, 10, 10
Number of fish expected: 505

50, 5, 55, 10, 45, 20, 5, 20, 10, 5, 10, 10, 25, 0, 0, 0
Number of fish expected: 2496

0, 0, 0, 0, 0, 0, 0, 0, 0, 0, 0, 0, 0, 0, 0, 25, 5, 10, 0, 0, 0, 0, 0, 0
Number of fish expected: 574

635, 15
Number of fish expected: 856

0, 0, 0, 0, 0, 0, 0, 0, 5, 10, 50, 5, 10, 10, 15, 5, 10, 0, 0, 0
Number of fish expected: 1288

460, 100, 10, 10, 10, 10, 10, 20, 5, 10, 50, 35, 20
Number of fish expected: 1792

0, 5, 70, 5, 10, 5, 5, 5, 5, 10, 10, 30, 0
Number of fish expected: 1228

15, 10, 10, 15, 10, 10, 10, 775
Number of fish expected: 695

0, 0, 15, 140, 5, 10, 10, 5, 5, 15, 25
Number of fish expected: 2330

415, 40, 10, 25, 10, 105, 40, 10, 10
Number of fish expected: 1246

355, 10, 15, 15, 10, 15, 10
Number of fish expected: 655

0, 0, 0, 0, 0, 15, 20, 10, 0, 0, 15, 10, 0, 0, 10, 0, 0, 10, 20, 120, 0, 0, 0, 0, 0
Number of fish expected: 1322

365, 10, 15, 10, 0, 0, 0, 0, 0, 0, 0, 0, 0, 0, 0, 0, 0, 0, 0, 0, 0, 0, 0, 0, 0
Number of fish expected: 675

220, 65, 10, 10, 10, 10, 0, 0, 0, 0, 0, 0, 0, 0, 0, 0, 0, 0, 0, 0, 0, 0, 0, 0, 0
Number of fish expected: 1082

0, 0, 765, 0, 0, 0, 0, 0, 0, 0, 0, 0, 0, 0, 0, 0, 0, 0, 0, 0, 0, 0, 0, 0, 0
Number of fish expected: 8721

0, 0, 0, 0, 805, 0, 0, 0, 0, 10, 20, 10, 25, 0, 0, 0, 15, 10, 0, 0, 20, 100, 0, 0, 680
Number of fish expected: 11832

0, 0, 0, 65, 10, 0, 0, 30, 10, 10, 10, 0, 0, 0, 900, 0, 0, 0, 0, 0, 0, 0, 0, 0, 0
Number of fish expected: 7020

0, 0, 0, 0, 45, 15, 20, 15, 0, 0, 0, 45, 5, 10, 0, 0, 0, 15, 590, 10, 0, 625, 0, 765, 0
Number of fish expected: 6885

0, 0, 190, 0, 10, 10, 20, 0, 0, 0, 0, 10, 15, 20, 0, 815, 0, 0, 0, 0, 0, 0, 0, 0, 0
Number of fish expected: 1141

0, 0, 950, 0, 10, 35, 15, 0, 10, 15, 30, 35, 55, 0, 0, 0, 0, 0, 0, 0, 0, 0, 0, 0, 0
Number of fish expected: 1079

0, 0, 0, 0, 10, 10, 35, 0, 5, 15, 0, 0, 15, 10, 5, 0, 35, 5, 175, 0, 0, 0, 0, 0, 0
Number of fish expected: 1078

0, 0, 0, 10, 5, 0, 0, 5, 25, 10, 120, 10, 0, 0, 0, 0, 0, 0, 0, 0, 0, 0, 0, 0, 0
Number of fish expected: 1317

10, 10, 5, 10, 30, 0, 0, 0, 0, 0, 0, 0, 0, 0, 0, 0, 0, 0, 0, 0, 0, 0, 0, 0, 0
Number of fish expected: 689

0, 0, 0, 0, 0, 10, 15, 0, 0, 0, 0, 10, 10, 10, 10, 0, 15, 10, 0, 0, 15, 25, 20, 30, 0
Number of fish expected: 520

0, 0, 0, 0, 845, 0, 15, 0, 270, 0, 0, 10, 30, 0, 0, 0, 10, 10, 15, 0, 0, 900, 0, 0, 0
Number of fish expected: 2160

0, 0, 595, 10, 0, 0, 10, 10, 0, 490, 0, 0, 0, 0, 0, 0, 0, 0, 0, 0, 0, 0, 0, 0, 0
Number of fish expected: 6076

0, 530, 55, 0, 215, 10, 10, 30, 0, 0, 0, 0, 0, 0, 0, 0, 0, 0, 0, 0, 0, 0, 0, 0, 0
Number of fish expected: 2072

0, 755, 0, 680, 0, 0, 0, 0, 0, 0, 0, 0, 0, 0, 0, 0, 0, 0, 0, 0, 0, 0, 0, 0, 0
Number of fish expected: 3944

0, 0, 690, 15, 0, 0, 5, 10, 20, 20, 0, 30, 440, 0, 0, 0, 0, 0, 0, 0, 0, 0, 0, 0, 0
Number of fish expected: 4039

240, 10, 10, 10, 10, 0, 0, 0, 0, 0, 0, 0, 0, 0, 0, 0, 0, 0, 0, 0, 0, 0, 0, 0, 0
Number of fish expected: 463

0, 0, 0, 0, 755, 0, 0, 10, 40, 10, 0, 0, 0, 0, 0, 60, 0, 0, 520, 0, 0, 0, 0, 0, 0
Number of fish expected: 9256

0, 0, 0, 0, 940, 0, 25, 20, 0, 0, 10, 10, 0, 0, 0, 50, 5, 10, 0, 10, 5, 200, 0, 0, 0
Number of fish expected: 2241

0, 0, 885, 0, 0, 0, 0, 0, 0, 0, 0, 0, 0, 0, 0, 0, 0, 0, 0, 0, 0, 0, 0, 0, 0
Number of fish expected: 10089

0, 0, 180, 0, 35, 10, 0, 0, 15, 70, 0, 0, 415, 5, 245, 0, 0, 0, 0, 0, 0, 0, 0, 0, 0
Number of fish expected: 3019

0, 0, 0, 0, 140, 0, 15, 25, 0, 0, 0, 5, 10, 10, 10, 10, 10, 15, 740, 0, 145, 25, 0, 0, 0
Number of fish expected: 795

0, 0, 0, 840, 10, 0, 0, 50, 10, 15, 10, 15, 0, 20, 35, 10, 30, 0, 635, 0, 0, 0, 0, 0, 0
Number of fish expected: 8763

0, 570, 15, 0, 0, 920, 0, 0, 0, 0, 0, 0, 0, 0, 0, 0, 0, 0, 0, 0, 0, 0, 0, 0, 0
Number of fish expected: 14720

0, 925, 0, 740, 0, 0, 0, 0, 0, 0, 0, 0, 0, 0, 0, 0, 0, 0, 0, 0, 0, 0, 0, 0, 0
Number of fish expected: 9916

0, 0, 0, 440, 15, 15, 0, 35, 10, 15, 0, 0, 10, 25, 10, 0, 675, 0, 0, 0, 0, 0, 0, 0, 0
Number of fish expected: 3780

0, 0, 0, 0, 10, 15, 10, 0, 0, 10, 0, 10, 0, 0, 10, 10, 10, 30, 0, 0, 0, 0, 0, 0, 0
Number of fish expected: 500

0, 0, 805, 0, 0, 0, 40, 115, 0, 20, 550, 35, 0, 0, 0, 0, 0, 0, 0, 0, 0, 0, 0, 0, 0
Number of fish expected: 2283

0, 0, 0, 0, 0, 0, 0, 10, 30, 0, 475, 10, 0, 10, 0, 20, 15, 0, 0, 0, 15, 0, 830, 0, 0
Number of fish expected: 1992

0, 0, 0, 0, 150, 455, 0, 0, 0, 0, 0, 0, 0, 0, 0, 0, 0, 0, 0, 0, 0, 0, 0, 0, 0
Number of fish expected: 5740

0, 0, 0, 0, 825, 0, 0, 25, 10, 10, 0, 0, 0, 5, 10, 55, 20, 5, 0, 30, 5, 5, 0, 595, 0
Number of fish expected: 2499

0, 0, 0, 925, 0, 20, 115, 10, 0, 0, 10, 15, 0, 635, 0, 0, 0, 0, 0, 0, 0, 0, 0, 0, 0
Number of fish expected: 6223

0, 0, 420, 40, 0, 0, 15, 10, 10, 0, 0, 515, 0, 0, 0, 0, 0, 0, 0, 0, 0, 0, 0, 0, 0
Number of fish expected: 824

0, 0, 0, 0, 700, 0, 75, 0, 90, 0, 5, 10, 10, 55, 0, 5, 10, 20, 10, 0, 0, 35, 165, 0, 0
Number of fish expected: 1757

0, 0, 710, 10, 0, 0, 10, 10, 20, 10, 0, 0, 15, 400, 0, 0, 0, 0, 0, 0, 0, 0, 0, 0, 0
Number of fish expected: 3946

0, 0, 0, 20, 10, 20, 10, 5, 0, 70, 10, 10, 30, 25, 15, 0, 0, 0, 0, 0, 0, 0, 0, 0, 0
Number of fish expected: 980

0, 815, 0, 835, 0, 0, 0, 0, 0, 0, 0, 0, 0, 0, 0, 0, 0, 0, 0, 0, 0, 0, 0, 0, 0
Number of fish expected: 7014

130, 10, 10, 10, 15, 10, 25, 0, 0, 0, 0, 0, 0, 0, 0, 0, 0, 0, 0, 0, 0, 0, 0, 0, 0
Number of fish expected: 667

0, 0, 565, 0, 0, 0, 0, 0, 0, 0, 0, 0, 0, 0, 0, 0, 0, 0, 0, 0, 0, 0, 0, 0, 0
Number of fish expected: 11187

0, 0, 690, 0, 0, 10, 10, 35, 10, 85, 0, 0, 900, 0, 0, 0, 0, 0, 0, 0, 0, 0, 0, 0, 0
Number of fish expected: 2880

0, 0, 0, 0, 520, 0, 0, 0, 35, 0, 0, 10, 40, 0, 10, 10, 10, 0, 0, 695, 0, 0, 0, 0, 0
Number of fish expected: 2085

0, 0, 110, 315, 0, 0, 255, 25, 10, 0, 835, 0, 0, 0, 0, 0, 0, 0, 0, 0, 0, 0, 0, 0, 0
Number of fish expected: 12859

0, 0, 0, 0, 15, 15, 0, 0, 0, 10, 0, 520, 0, 0, 0, 0, 0, 0, 0, 0, 0, 0, 0, 0, 0
Number of fish expected: 1248

0, 0, 0, 0, 0, 5, 45, 40, 10, 0, 20, 70, 20, 0, 0, 500, 0, 0, 790, 0, 0, 0, 0, 0, 0
Number of fish expected: 3950

0, 0, 85, 5, 5, 0, 0, 0, 0, 0, 0, 0, 0, 0, 0, 0, 0, 0, 0, 0, 0, 0, 0, 0, 0
Number of fish expected: 883

0, 0, 0, 20, 10, 10, 15, 0, 0, 410, 0, 0, 0, 0, 0, 0, 0, 0, 0, 0, 0, 0, 0, 0, 0
Number of fish expected: 3403

0, 685, 10, 25, 0, 910, 0, 0, 0, 0, 0, 0, 0, 0, 0, 0, 0, 0, 0, 0, 0, 0, 0, 0, 0
Number of fish expected: 8554

180, 50, 10, 25, 0, 0, 0, 0, 0, 0, 0, 0, 0, 0, 0, 0, 0, 0, 0, 0, 0, 0, 0, 0, 0
Number of fish expected: 770

0, 285, 0, 10, 20, 15, 0, 0, 10, 15, 20, 125, 0, 0, 0, 0, 0, 0, 0, 0, 0, 0, 0, 0, 0
Number of fish expected: 1708

0, 785, 0, 870, 0, 0, 0, 0, 0, 0, 0, 0, 0, 0, 0, 0, 0, 0, 0, 0, 0, 0, 0, 0, 0
Number of fish expected: 11658

0, 0, 0, 890, 0, 0, 25, 25, 5, 0, 10, 30, 0, 0, 870, 0, 0, 0, 0, 0, 0, 0, 0, 0, 0
Number of fish expected: 2088

0, 0, 0, 790, 10, 0, 10, 50, 0, 0, 10, 10, 10, 0, 15, 10, 5, 80, 20, 60, 0, 0, 0, 0, 0
Number of fish expected: 804

0, 870, 0, 0, 10, 20, 15, 0, 0, 0, 0, 0, 0, 0, 0, 0, 0, 0, 0, 0, 0, 0, 0, 0, 0
Number of fish expected: 498

0, 875, 0, 215, 50, 0, 0, 0, 0, 0, 0, 0, 0, 0, 0, 0, 0, 0, 0, 0, 0, 0, 0, 0, 0
Number of fish expected: 1784

0, 0, 0, 0, 665, 0, 10, 10, 15, 0, 0, 0, 50, 15, 10, 20, 0, 30, 10, 0, 10, 60, 10, 0, 0
Number of fish expected: 687

0, 0, 0, 5, 25, 15, 10, 10, 0, 0, 55, 535, 0, 0, 0, 0, 0, 0, 0, 0, 0, 0, 0, 0, 0
Number of fish expected: 1565

0, 0, 0, 65, 5, 0, 45, 10, 10, 0, 0, 0, 40, 15, 0, 0, 0, 5, 15, 0, 0, 0, 505, 0, 0
Number of fish expected: 7575

0, 0, 0, 680, 10, 0, 0, 5, 5, 20, 15, 0, 0, 10, 15, 0, 10, 55, 55, 50, 10, 140, 0, 0, 0
Number of fish expected: 648

60, 0
Number of fish expected: 156

20, 25, 0
Number of fish expected: 112

320, 30, 20, 10, 10, 10, 15
Number of fish expected: 896

10, 5, 115, 10, 5, 20, 0, 0, 0, 0, 0, 0, 0, 0
Number of fish expected: 1608

0, 0, 0, 0, 0, 415, 0, 0, 0, 0, 0, 0, 0, 0, 0
Number of fish expected: 5976

50, 25, 5, 90, 10, 5, 25, 0, 0
Number of fish expected: 1183

0, 0, 0, 0, 0, 0, 0, 0, 0, 10, 5, 315, 10, 0, 0, 0, 0, 0, 0, 0, 0, 0, 0
Number of fish expected: 3043

640, 10, 15
Number of fish expected: 188

50, 25, 40, 0, 0, 0, 0, 0, 0, 0, 0
Number of fish expected: 649

40, 270, 5, 120, 5, 5, 45, 35, 0, 0, 0, 0, 0, 0, 0
Number of fish expected: 4299

0, 305, 320, 10, 10, 15, 5, 5, 20, 0, 0, 0, 0, 0, 0, 0, 0, 0, 0, 10, 10, 5, 15, 65
Number of fish expected: 819

0, 945, 0, 0, 0, 0, 0, 0, 0, 0, 0, 210, 0, 0, 0, 0, 0, 0, 0, 0, 0, 0, 0, 0, 0
Number of fish expected: 1953

0, 0, 0, 0, 0, 0, 0, 0, 0, 0, 5, 10, 5, 10, 35, 5, 10, 5, 5, 10, 10, 0, 0
Number of fish expected: 838

15, 25, 5, 15, 70, 10, 10, 0, 0, 0, 0, 0, 0, 0, 0, 0, 0, 0, 0, 0, 0, 0, 0, 0, 0
Number of fish expected: 1025

0, 0, 230, 0, 0, 0, 0, 0, 0, 0, 0, 0, 0, 0, 0, 0, 0, 0, 0, 0, 0, 0, 0
Number of fish expected: 3542

0, 530, 10, 100, 10, 10, 160, 0, 0, 0, 0, 0, 0, 0, 0, 0, 920, 0
Number of fish expected: 6992

610, 15, 15, 35, 10
Number of fish expected: 700

0, 0, 0, 0, 0, 0, 0, 0, 0, 0, 0, 30, 70, 0, 0, 0, 0, 0, 0
Number of fish expected: 766

0, 0, 0, 15, 20, 15, 75, 5, 0, 0, 0, 0, 0, 0, 0, 0
Number of fish expected: 1186

635, 10, 35
Number of fish expected: 184

0, 0, 0, 0, 0, 380
Number of fish expected: 5168

0, 0, 0, 0, 0, 0, 0, 0, 0, 120
Number of fish expected: 984

440, 20, 10, 10, 15, 10, 20, 15, 10
Number of fish expected: 841

35, 170, 0
Number of fish expected: 2622

230, 35, 15, 5, 10, 15, 10
Number of fish expected: 346

0, 0, 0, 0, 0, 700, 0, 0, 0, 0, 0, 0, 0, 0, 0, 0, 0, 0, 0, 0, 0, 0, 0
Number of fish expected: 2520

0, 720, 20, 100, 0, 0, 0, 0, 0, 0, 0, 0, 0, 0, 0, 0, 0, 50, 0, 0
Number of fish expected: 475

420, 0, 0, 0
Number of fish expected: 4242

65, 15, 20, 10, 10, 15, 10, 5, 55, 15
Number of fish expected: 848

265, 45, 10, 10
Number of fish expected: 440

10, 5, 160, 30, 0, 0, 0, 0, 0, 0, 0, 0, 0
Number of fish expected: 844

935, 10
Number of fish expected: 117

0, 0, 50, 0, 0, 0, 0, 0, 0, 0, 0, 0, 0, 0
Number of fish expected: 565

240, 5, 5, 10, 0, 0, 0, 0, 0, 0, 0, 0, 0, 0, 0, 0, 0, 0, 0, 0, 0, 0, 0, 0
Number of fish expected: 2154

435, 10, 20, 10, 25, 15, 10, 5, 15, 45
Number of fish expected: 1125

10, 5, 20, 20, 5, 10, 5, 10, 0, 0, 0, 0
Number of fish expected: 703

10, 15, 10, 135, 15, 15, 80, 10, 15, 15, 120, 45, 10
Number of fish expected: 3297

0, 0, 0, 0, 0, 0, 0, 0, 140, 0, 0, 0, 0, 0
Number of fish expected: 476

80, 35, 5, 85, 10, 10, 20, 10, 50, 10
Number of fish expected: 1368

450, 10, 20, 10, 10, 25, 15, 10
Number of fish expected: 728

0, 0, 0, 0, 0, 0, 0, 0, 825, 0, 0, 0, 0, 0, 0, 0, 0
Number of fish expected: 14025

0, 0, 0, 0, 0, 0, 0, 0, 0, 0, 75, 25, 15, 55, 15, 5, 15, 35, 10, 15, 10, 10, 85
Number of fish expected: 2507

0, 0, 0, 0, 0, 0, 0, 0, 0, 0, 0, 765, 0, 0, 0, 0, 0, 0, 0
Number of fish expected: 3978

10, 30, 5, 5, 5, 10, 0, 0, 0, 0, 0, 0, 0, 0
Number of fish expected: 665

450, 10, 35, 95, 5
Number of fish expected: 892

5, 10, 30, 10, 105, 15, 35, 5, 30, 365, 0
Number of fish expected: 1954

0, 0, 0, 0, 860, 0, 0, 0, 0, 0
Number of fish expected: 15136

0, 0, 0, 0, 0, 0, 0, 125, 10, 0, 0, 0, 0, 0, 0, 0, 0, 0, 0, 0, 0
Number of fish expected: 1600

95, 745, 0, 0, 0, 0, 0, 0, 0, 0, 0, 0, 0, 0, 0, 0, 0
Number of fish expected: 3198

5, 5, 10, 240, 5, 60, 40, 5, 10, 45, 5, 75, 0, 0
Number of fish expected: 2364

0, 0, 0, 0, 0, 0, 0, 35, 25, 10, 5, 5, 5, 45
Number of fish expected: 934

285, 10, 30, 10, 15, 10, 10, 10, 15, 10, 10, 10
Number of fish expected: 863

0, 0, 0, 0, 0, 0, 0, 250, 0, 0
Number of fish expected: 2975

0, 0, 185, 0, 0, 0, 0, 0, 0, 0, 0, 0, 0, 0, 0, 0, 0
Number of fish expected: 2109

0, 0, 0, 0, 645, 10, 15, 10, 10, 25, 0
Number of fish expected: 1532

25, 15, 10, 10, 145, 15, 20, 40, 100, 10, 0, 0, 0, 0, 0, 0, 0, 0, 0, 0, 0
Number of fish expected: 2085

0, 950, 0, 0, 0, 0, 0, 0, 0, 0, 0, 15, 20, 0
Number of fish expected: 324

10, 50, 0, 0, 0, 0, 0, 0, 0, 0, 0
Number of fish expected: 475

0, 55, 10, 10, 15, 65, 10, 20, 30, 60, 360, 0, 0, 0, 0, 0, 0, 0, 0, 0, 10, 115, 0, 0, 0
Number of fish expected: 1246

0, 0, 0, 0, 0, 0, 795, 70, 0, 0, 0, 0, 0
Number of fish expected: 6424

0, 0, 0, 455, 5, 5, 10, 5, 10, 15, 60
Number of fish expected: 1484

0, 885, 10, 30, 0, 0, 0, 0, 0, 0, 0, 0, 10, 5, 20, 0
Number of fish expected: 457

10, 5, 5, 10, 45, 5, 20, 10, 10, 10, 10, 10, 45, 5, 10, 5, 5, 15, 5, 15, 10, 10, 5, 10, 40
Number of fish expected: 2773

10, 20, 5, 15, 20, 65, 10, 15, 10, 10, 25, 10, 10, 10, 10, 10, 20, 5, 10, 5, 50, 10, 15, 0, 0
Number of fish expected: 2382

0, 0, 0, 0, 0, 0, 0, 0, 45, 20, 10, 45, 10, 5, 5, 5, 10, 20, 10, 10, 5, 195, 45, 10, 10
Number of fish expected: 4242

10, 20, 5, 20, 5, 30, 15, 25, 5, 10, 10, 10, 10, 10, 10, 20, 10, 5, 5, 5, 5, 10, 10, 10, 10
Number of fish expected: 1948

10, 5, 10, 10, 20, 10, 10, 10, 10, 10, 45, 5, 5, 5, 10, 50, 5, 10, 5, 5, 10, 10, 10, 0, 0
Number of fish expected: 2643

0, 625, 10, 10, 10, 10, 80, 0, 0, 0, 0, 0, 0, 0, 0, 0, 0, 0, 940, 0, 0, 0, 0, 0, 0
Number of fish expected: 4324

0, 0, 20, 5, 5, 40, 15, 5, 10, 15, 10, 15, 10, 5, 20, 10, 10, 5, 5, 10, 20, 5, 10, 10, 0
Number of fish expected: 1834

0, 875, 10, 10, 0, 0, 0, 0, 0, 0, 0, 0, 0, 0, 0, 950, 0, 0, 0, 0, 0, 0, 0, 0, 0
Number of fish expected: 6840

0, 925, 10, 0, 0, 0, 0, 0, 0, 0, 0, 0, 30, 5, 860, 0, 0, 0, 0, 0, 0, 0, 0, 0, 0
Number of fish expected: 3996

0, 480, 10, 10, 10, 25, 15, 5, 45, 20, 15, 10, 0, 0, 0, 0, 0, 0, 0, 0, 0, 900, 0, 0, 0
Number of fish expected: 8280

0, 0, 0, 0, 0, 925, 0, 0, 0, 0, 0, 0, 0, 0, 0, 0, 0, 0, 0, 0, 0, 0, 0, 0, 0
Number of fish expected: 12210

0, 640, 10, 15, 5, 10, 10, 15, 25, 0, 0, 0, 0, 0, 0, 0, 235, 5, 15, 5, 5, 5, 530, 0, 0
Number of fish expected: 6418

0, 0, 0, 25, 10, 5, 5, 30, 5, 10, 10, 5, 25, 15, 15, 10, 5, 5, 5, 30, 30, 10, 10, 10, 5
Number of fish expected: 2439

30, 5, 5, 5, 5, 10, 15, 15, 10, 10, 15, 35, 5, 10, 5, 5, 40, 10, 15, 40, 0, 0, 0, 0, 0
Number of fish expected: 2275

0, 0, 0, 0, 0, 0, 0, 0, 0, 0, 0, 0, 900, 0, 0, 0, 0, 0, 0, 0, 0, 0, 0, 0, 0
Number of fish expected: 11340

15, 20, 15, 10, 55, 5, 5, 15, 5, 15, 5, 10, 10, 5, 5, 10, 10, 5, 5, 5, 10, 5, 10, 5, 10
Number of fish expected: 2402

0, 735, 105, 10, 0, 0, 0, 0, 0, 0, 0, 0, 0, 40, 40, 195, 45, 15, 5, 25, 5, 10, 40, 10, 135
Number of fish expected: 4969

15, 5, 10, 10, 5, 10, 20, 5, 5, 30, 25, 5, 5, 15, 5, 20, 55, 220, 0, 0, 0, 0, 0, 0, 0
Number of fish expected: 2773

45, 20, 5, 20, 15, 20, 120, 5, 5, 10, 10, 15, 5, 35, 10, 5, 10, 10, 0, 0, 0, 0, 0, 0, 0
Number of fish expected: 2652

0, 865, 10, 10, 0, 0, 0, 0, 0, 0, 0, 0, 0, 0, 0, 0, 915, 0, 0, 0, 0, 0, 0, 0, 0
Number of fish expected: 11346

0, 0, 575, 10, 5, 5, 40, 5, 20, 5, 5, 0, 0, 0, 0, 0, 0, 0, 0, 0, 0, 0, 905, 0, 0
Number of fish expected: 14118

0, 115, 10, 10, 120, 15, 10, 5, 250, 10, 10, 10, 20, 0, 0, 0, 0, 0, 0, 0, 920, 0, 0, 0, 0
Number of fish expected: 6992

0, 0, 0, 0, 0, 20, 10, 10, 10, 10, 5, 5, 5, 55, 20, 35, 5, 30, 5, 5, 5, 30, 60, 0, 0
Number of fish expected: 3030

0, 0, 0, 0, 0, 925, 0, 0, 0, 0, 0, 0, 0, 0, 0, 0, 0, 0, 0, 0, 0, 0, 0, 0, 0
Number of fish expected: 7400

0, 0, 10, 40, 10, 15, 10, 10, 5, 5, 10, 515, 0, 0, 0, 0, 0, 0, 0, 0, 940, 0, 0, 0, 0
Number of fish expected: 18612

0, 915, 0, 0, 0, 0, 0, 0, 0, 0, 0, 0, 0, 0, 915, 0, 0, 0, 0, 0, 0, 0, 0, 0, 0
Number of fish expected: 8784

0, 355, 10, 30, 10, 10, 45, 15, 10, 10, 5, 10, 10, 20, 30, 0, 0, 0, 0, 0, 0, 0, 0, 0, 925
Number of fish expected: 4440

0, 0, 0, 940, 0, 0, 0, 0, 0, 0, 0, 0, 0, 0, 0, 0, 0, 0, 0, 0, 0, 0, 0, 0, 0
Number of fish expected: 7144

0, 295, 15, 15, 20, 35, 15, 30, 65, 10, 10, 15, 10, 40, 0, 0, 0, 0, 0, 0, 0, 0, 905, 0, 0
Number of fish expected: 17919

0, 0, 0, 0, 0, 0, 0, 35, 10, 10, 10, 40, 10, 10, 10, 5, 20, 20, 15, 10, 10, 5, 10, 10, 75
Number of fish expected: 2405

15, 10, 10, 10, 10, 10, 10, 15, 25, 5, 10, 30, 10, 15, 30, 10, 10, 5, 5, 5, 20, 5, 0, 0, 0
Number of fish expected: 1876

0, 655, 10, 10, 10, 20, 75, 15, 0, 0, 0, 0, 0, 0, 0, 0, 900, 0, 0, 0, 0, 0, 0, 0, 0
Number of fish expected: 5760

0, 0, 0, 0, 0, 0, 0, 160, 5, 20, 10, 10, 5, 10, 5, 10, 20, 25, 255, 0, 0, 0, 0, 0, 0
Number of fish expected: 5376

0, 860, 10, 0, 0, 0, 0, 0, 0, 0, 70, 5, 10, 40, 20, 5, 10, 15, 5, 10, 15, 140, 65, 15, 10
Number of fish expected: 3344

10, 5, 5, 10, 10, 5, 5, 5, 10, 10, 10, 5, 5, 15, 20, 10, 10, 5, 15, 15, 5, 40, 0, 0, 0
Number of fish expected: 1662

5, 50, 5, 5, 5, 10, 20, 5, 10, 5, 10, 5, 10, 5, 10, 5, 20, 5, 5, 10, 5, 5, 5, 80, 0
Number of fish expected: 2563

5, 5, 5, 20, 15, 5, 5, 15, 5, 5, 10, 5, 5, 20, 10, 10, 85, 10, 5, 10, 5, 5, 5, 10, 0
Number of fish expected: 1911

0, 265, 15, 10, 100, 30, 10, 15, 10, 40, 25, 10, 10, 15, 5, 0, 0, 0, 0, 0, 0, 0, 0, 0, 900
Number of fish expected: 11160

10, 70, 10, 10, 30, 10, 10, 15, 10, 5, 5, 5, 5, 5, 5, 10, 5, 10, 20, 5, 10, 5, 0, 0, 0
Number of fish expected: 1844

0, 630, 25, 5, 15, 10, 10, 15, 0, 0, 0, 0, 0, 0, 0, 0, 0, 955, 0, 0, 0, 0, 0, 0, 0
Number of fish expected: 7258

960, 0, 0, 0, 0, 0, 0, 0, 0, 0, 0, 0, 0, 0, 0, 0, 0, 0, 0, 0, 0, 0, 0, 0, 0
Number of fish expected: 2112

0, 0, 715, 10, 5, 10, 10, 0, 0, 0, 0, 0, 0, 0, 0, 0, 0, 920, 0, 0, 0, 0, 0, 0, 0
Number of fish expected: 6624

20, 20, 40, 10, 10, 5, 10, 5, 5, 10, 5, 70, 35, 5, 10, 5, 5, 90, 25, 10, 0, 0, 0, 0, 0
Number of fish expected: 2823

15, 25, 15, 15, 10, 55, 10, 5, 10, 10, 5, 10, 5, 10, 20, 5, 5, 15, 5, 10, 150, 5, 0, 0, 0
Number of fish expected: 2549

0, 855, 35, 10, 0, 0, 0, 0, 0, 0, 0, 10, 35, 15, 5, 25, 5, 35, 50, 25, 125, 30, 5, 10, 20
Number of fish expected: 3338

0, 0, 0, 0, 0, 0, 5, 300, 5, 5, 5, 5, 5, 10, 10, 45, 5, 5, 5, 5, 25, 5, 10, 10, 40
Number of fish expected: 5309

0, 0, 0, 0, 0, 0, 0, 0, 5, 60, 10, 10, 10, 15, 115, 10, 5, 5, 5, 145, 0, 0, 0, 0, 0
Number of fish expected: 3156

20, 10, 15, 5, 10, 5, 10, 10, 5, 55, 5, 20, 5, 5, 5, 15, 45, 5, 5, 20, 15, 10, 5, 10, 0
Number of fish expected: 2536

5, 20, 65, 5, 5, 5, 5, 5, 5, 5, 20, 10, 45, 10, 5, 15, 10, 10, 35, 15, 5, 15, 20, 10, 10
Number of fish expected: 3320

0, 265, 15, 15, 5, 10, 45, 30, 10, 25, 10, 75, 35, 0, 0, 0, 0, 0, 0, 0, 0, 940, 0, 0, 0
Number of fish expected: 2632

0, 495, 10, 15, 10, 15, 10, 10, 35, 50, 0, 0, 0, 0, 0, 0, 0, 0, 25, 670, 175, 0, 0, 0, 0
Number of fish expected: 8068

40, 15, 5, 5, 10, 15, 5, 5, 40, 5, 5, 20, 15, 10, 10, 5, 10, 5, 30, 35, 10, 5, 10, 10, 0
Number of fish expected: 2819

0, 0, 0, 0, 0, 0, 0, 10, 15, 15, 10, 35, 10, 10, 60, 20, 15, 5, 20, 10, 10, 10, 10, 10, 115
Number of fish expected: 3396

0, 385, 10, 10, 25, 10, 15, 25, 10, 10, 10, 10, 0, 0, 0, 0, 0, 0, 0, 0, 0, 10, 600, 305, 0
Number of fish expected: 4912

0, 10, 5, 15, 10, 5, 15, 5, 10, 5, 10, 30, 10, 5, 15, 15, 25, 5, 5, 30, 15, 15, 25, 15, 0
Number of fish expected: 2537

45, 15, 10, 775, 0, 0, 0, 0, 0, 0, 0, 0, 0, 0, 0, 0, 0, 0, 0, 0, 0, 0, 0, 0, 0
Number of fish expected: 2959

0, 0, 0, 85, 15, 20, 5, 10, 5, 15, 35, 10, 5, 55, 10, 10, 10, 5, 10, 20, 5, 10, 0, 0, 0
Number of fish expected: 2650

0, 0, 0, 0, 0, 940, 0, 0, 0, 0, 0, 0, 0, 0, 0, 0, 0, 0, 0, 0, 0, 0, 0, 0, 0
Number of fish expected: 6580

0, 0, 0, 0, 0, 0, 0, 0, 0, 0, 0, 0, 10, 10, 525, 10, 25, 25, 5, 10, 5, 15, 35, 0, 0
Number of fish expected: 3244

0, 0, 0, 30, 5, 10, 10, 10, 10, 15, 25, 5, 5, 15, 10, 10, 10, 20, 5, 25, 5, 5, 5, 10, 0
Number of fish expected: 1862

85, 15, 15, 20, 25, 10, 10, 10, 15, 10, 25, 25, 10, 40, 95, 15, 10, 10, 45, 10, 15, 15, 30, 205, 15
Number of fish expected: 4832

10, 10, 10, 15, 5, 195, 5, 5, 10, 10, 25, 10, 5, 5, 25, 80, 10, 110, 20, 15, 15, 10, 15, 165, 0
Number of fish expected: 6424

10, 10, 20, 75, 375, 20, 15, 30, 10, 10, 10, 25, 10, 10, 5, 10, 5, 45, 10, 10, 10, 10, 5, 15, 30
Number of fish expected: 2863

0, 0, 10, 15, 5, 10, 5, 5, 10, 5, 15, 485, 15, 5, 5, 5, 5, 5, 10, 70, 15, 10, 15, 5, 45
Number of fish expected: 4196

0, 0, 25, 10, 5, 10, 10, 75, 35, 10, 10, 10, 10, 10, 10, 10, 15, 45, 10, 10, 375, 40, 10, 10, 20
Number of fish expected: 2144

310, 45, 15, 15, 10, 30, 10, 65, 25, 10, 110, 5, 10, 5, 10, 15, 5, 10, 10, 15, 10, 30, 10, 10, 10
Number of fish expected: 3541

0, 0, 0, 0, 0, 0, 0, 0, 0, 0, 0, 0, 0, 0, 950, 0, 0, 0, 0, 0, 0, 0, 0, 0, 0
Number of fish expected: 9120

10, 15, 45, 10, 10, 5, 10, 5, 20, 10, 105, 65, 20, 10, 10, 15, 5, 5, 15, 10, 5, 5, 30, 345, 10
Number of fish expected: 5765

0, 0, 0, 0, 0, 0, 0, 0, 0, 0, 0, 0, 0, 0, 0, 0, 0, 0, 950, 0, 0, 0, 0, 0, 0
Number of fish expected: 9690

0, 55, 30, 15, 10, 130, 60, 10, 5, 10, 20, 5, 125, 10, 10, 10, 10, 40, 115, 10, 65, 15, 10, 10, 15
Number of fish expected: 5384

0, 495, 5, 10, 10, 35, 15, 10, 10, 15, 15, 10, 15, 65, 5, 15, 10, 10, 10, 10, 5, 5, 10, 5, 5
Number of fish expected: 2746

0, 0, 0, 0, 0, 0, 0, 0, 0, 0, 0, 0, 0, 0, 0, 0, 0, 0, 0, 0, 0, 0, 955, 0, 0
Number of fish expected: 16044

515, 10, 10, 10, 10, 80, 5, 5, 5, 5, 20, 5, 5, 5, 15, 5, 10, 10, 5, 5, 15, 10, 5, 10, 0
Number of fish expected: 3704

0, 0, 0, 0, 950, 0, 0, 0, 0, 0, 0, 0, 0, 0, 0, 0, 0, 0, 0, 0, 0, 0, 0, 0, 0
Number of fish expected: 19000

10, 10, 20, 60, 15, 10, 10, 10, 10, 30, 10, 10, 375, 10, 5, 10, 5, 75, 15, 10, 50, 10, 10, 10, 20
Number of fish expected: 5497

0, 0, 0, 0, 0, 0, 0, 0, 0, 0, 0, 0, 0, 0, 0, 950, 0, 0, 0, 0, 0, 0, 0, 0, 0
Number of fish expected: 7410

0, 0, 0, 0, 0, 0, 0, 0, 0, 0, 935, 15, 0, 0, 0, 0, 0, 0, 0, 0, 0, 0, 0, 0, 0
Number of fish expected: 5754

5, 10, 15, 10, 10, 35, 10, 15, 10, 15, 515, 30, 5, 10, 5, 5, 5, 15, 20, 10, 5, 10, 10, 5, 5
Number of fish expected: 2540

0, 0, 0, 0, 0, 0, 0, 950, 0, 0, 0, 0, 0, 0, 0, 0, 0, 0, 0, 0, 0, 0, 0, 0, 0
Number of fish expected: 10830

20, 10, 5, 150, 5, 5, 5, 100, 5, 145, 40, 160, 10, 5, 5, 5, 85, 5, 20, 10, 5, 5, 10, 0, 0
Number of fish expected: 7107

15, 5, 25, 10, 10, 10, 15, 10, 10, 25, 5, 20, 10, 45, 10, 20, 5, 280, 160, 10, 20, 5, 15, 5, 15
Number of fish expected: 3763

10, 10, 15, 430, 10, 70, 5, 5, 10, 5, 10, 5, 5, 5, 10, 5, 5, 5, 5, 10, 35, 5, 25, 45, 35
Number of fish expected: 4423

0, 0, 0, 0, 0, 0, 0, 950, 0, 0, 0, 0, 0, 0, 0, 0, 0, 0, 0, 0, 0, 0, 0, 0, 0
Number of fish expected: 8930

5, 10, 10, 45, 20, 10, 5, 10, 40, 10, 10, 10, 10, 10, 320, 15, 10, 25, 10, 15, 10, 10, 100, 40, 15
Number of fish expected: 2574

250, 10, 30, 10, 15, 25, 10, 10, 70, 15, 10, 10, 10, 20, 10, 10, 115, 10, 15, 20, 20, 20, 45, 15, 10
Number of fish expected: 3160

0, 0, 0, 0, 0, 0, 0, 955, 0, 0, 0, 0, 0, 0, 0, 0, 0, 0, 0, 0, 0, 0, 0, 0, 0
Number of fish expected: 18145

15, 15, 50, 35, 50, 20, 5, 5, 20, 15, 10, 10, 10, 15, 5, 5, 10, 5, 10, 20, 410, 35, 5, 10, 10
Number of fish expected: 5788

95, 10, 10, 5, 10, 10, 5, 5, 5, 5, 50, 75, 125, 5, 40, 5, 65, 5, 5, 5, 15, 5, 5, 210, 5
Number of fish expected: 7561

10, 170, 20, 25, 160, 10, 10, 90, 10, 115, 10, 10, 10, 15, 10, 10, 10, 10, 10, 10, 10, 10, 5, 15, 5
Number of fish expected: 4333

130, 10, 5, 10, 10, 10, 10, 5, 10, 25, 10, 10, 30, 10, 5, 15, 30, 15, 10, 10, 20, 360, 10, 15, 5
Number of fish expected: 6219

225, 20, 5, 15, 35, 10, 10, 165, 15, 10, 10, 15, 10, 35, 15, 25, 15, 10, 10, 10, 20, 30, 10, 15, 15
Number of fish expected: 3353

15, 5, 10, 20, 15, 10, 10, 10, 10, 15, 5, 10, 25, 10, 40, 20, 10, 70, 305, 10, 10, 95, 5, 10, 10
Number of fish expected: 3103

5, 5, 5, 875, 10, 10, 10, 0, 0, 0, 0, 0, 0, 0, 0, 0, 0, 0, 0, 0, 0, 0, 0, 0, 0
Number of fish expected: 5437

10, 15, 10, 5, 10, 10, 10, 10, 10, 45, 10, 30, 15, 10, 20, 20, 5, 10, 15, 5, 335, 10, 135, 10, 10
Number of fish expected: 5152

5, 10, 5, 10, 20, 10, 5, 10, 5, 65, 545, 5, 5, 20, 5, 5, 40, 5, 10, 10, 10, 0, 0, 0, 0
Number of fish expected: 4260

5, 10, 5, 30, 5, 5, 30, 475, 15, 10, 5, 5, 10, 5, 5, 5, 10, 5, 30, 5, 5, 20, 15, 15, 55
Number of fish expected: 4642

0, 0, 0, 0, 0, 0, 0, 0, 0, 0, 0, 0, 950, 0, 0, 0, 0, 0, 0, 0, 0, 0, 0, 0, 0
Number of fish expected: 15960

40, 5, 5, 420, 35, 5, 45, 5, 15, 5, 20, 15, 5, 10, 15, 10, 5, 65, 10, 5, 5, 10, 10, 5, 0
Number of fish expected: 3208

0, 0, 0, 0, 0, 0, 955, 0, 0, 0, 0, 0, 0, 0, 0, 0, 0, 0, 0, 0, 0, 0, 0, 0, 0
Number of fish expected: 17190

0, 0, 0, 0, 0, 0, 0, 0, 0, 0, 0, 0, 15, 720, 5, 5, 5, 5, 5, 5, 120, 0, 0, 0, 0
Number of fish expected: 5947

5, 30, 15, 75, 80, 5, 5, 10, 100, 15, 25, 45, 10, 10, 105, 10, 25, 30, 10, 5, 105, 5, 55, 15, 5
Number of fish expected: 4475

5, 20, 5, 40, 860, 0, 0, 0, 0, 0, 0, 0, 0, 0, 0, 0, 0, 0, 0, 0, 0, 0, 0, 0, 0
Number of fish expected: 5270

0, 0, 0, 0, 0, 0, 0, 0, 0, 0, 0, 0, 0, 0, 10, 30, 810, 5, 5, 55, 0, 0, 0, 0, 0
Number of fish expected: 4983

40, 10, 15, 5, 10, 5, 15, 15, 10, 5, 15, 10, 15, 45, 130, 10, 15, 65, 5, 5, 10, 120, 10, 225, 0
Number of fish expected: 4636

20, 35, 5, 15, 5, 5, 30, 10, 20, 10, 10, 10, 5, 5, 20, 15, 10, 5, 15, 5, 15, 10, 495, 5, 10
Number of fish expected: 4738

360, 35, 15, 10, 15, 30, 10, 25, 5, 20, 10, 20, 25, 10, 70, 10, 10, 10, 10, 30, 10, 20, 10, 10, 5
Number of fish expected: 2457

5, 10, 15, 10, 30, 20, 10, 10, 10, 5, 15, 25, 5, 5, 15, 5, 25, 15, 465, 5, 10, 40, 10, 10, 15
Number of fish expected: 2674

0, 0, 0, 0, 0, 0, 0, 10, 20, 10, 5, 10, 10, 45, 10, 5, 15, 5, 15, 30, 630, 10, 5, 10, 0
Number of fish expected: 5109

45, 5, 10, 5, 5, 395, 5, 5, 5, 5, 20, 5, 25, 5, 5, 10, 10, 95, 5, 10, 15, 5, 5, 10, 90
Number of fish expected: 4734

155, 15, 10, 10, 5, 170, 15, 20, 95, 10, 10, 30, 10, 10, 10, 5, 5, 60, 10, 20, 15, 10, 25, 10, 25
Number of fish expected: 3647

0, 0, 0, 0, 0, 0, 0, 0, 0, 0, 0, 0, 0, 0, 0, 0, 0, 0, 0, 0, 940, 10, 0, 0, 0
Number of fish expected: 9378

15, 5, 10, 550, 10, 5, 5, 20, 10, 20, 10, 10, 10, 5, 10, 10, 10, 10, 15, 15, 20, 5, 10, 10, 10
Number of fish expected: 2500

10, 10, 10, 10, 15, 420, 25, 5, 10, 10, 10, 10, 10, 20, 10, 80, 10, 20, 10, 10, 10, 40, 10, 10, 10
Number of fish expected: 1818

485, 10, 25, 15, 10, 10, 15, 20, 25, 10, 15, 10, 10, 10, 10, 15, 10, 10, 10, 10, 10, 10, 10, 10, 10
Number of fish expected: 2107

25, 5, 5, 5, 20, 10, 20, 10, 50, 10, 35, 5, 35, 25, 10, 10, 15, 20, 5, 5, 15, 315, 10, 130, 0
Number of fish expected: 5642

0, 0, 0, 0, 0, 0, 0, 0, 0, 0, 0, 0, 0, 0, 0, 0, 0, 0, 0, 935, 15, 0, 0, 0, 0
Number of fish expected: 8245

5, 10, 930, 0, 0, 0, 0, 0, 0, 0, 0, 0, 0, 0, 0, 0, 0, 0, 0, 0, 0, 0, 0, 0, 0
Number of fish expected: 5813

15, 5, 55, 10, 60, 75, 10, 50, 5, 5, 5, 5, 5, 5, 200, 15, 10, 50, 60, 15, 10, 5, 20, 90, 15
Number of fish expected: 5032

0, 0, 0, 0, 0, 0, 0, 10, 140, 5, 10, 20, 610, 10, 10, 5, 20, 10, 15, 0, 0, 0, 0, 0, 0
Number of fish expected: 6154

40, 20, 10, 10, 65, 35, 10, 15, 70, 15, 10, 10, 5, 130, 5, 10, 30, 120, 15, 20, 100, 15, 10, 10, 15
Number of fish expected: 5094

45, 5
Number of fish expected: 31

240, 0, 0, 0
Number of fish expected: 480

115, 10, 50, 35
Number of fish expected: 724

305, 10, 10, 0, 0, 0, 0, 0, 0, 0
Number of fish expected: 2408

0, 0, 640, 0, 0, 0, 10, 10, 0, 0, 560, 0, 0, 0, 0, 0, 0, 0, 0, 0, 0, 0, 0, 0, 0
Number of fish expected: 3584

0, 0, 0, 0, 25, 10, 40, 0
Number of fish expected: 541

0, 0, 0, 0, 30, 15, 0, 0, 0, 10, 5, 0, 0, 25, 25, 75, 0, 0, 0, 0, 0, 0, 0, 0, 0
Number of fish expected: 865

85, 30, 0, 0, 0, 0, 0, 0, 0, 0, 0, 0, 0, 0
Number of fish expected: 163

0, 900, 0, 0, 15, 15, 0, 0, 0, 0, 0, 0, 0, 0, 0, 0
Number of fish expected: 252

0, 0, 0, 0, 35, 15, 10, 10, 0, 0, 10, 10, 5, 0, 90, 0, 0, 0, 0, 0, 0, 0, 0
Number of fish expected: 1206

240, 0, 0, 0, 0, 0, 0, 0, 0, 0, 0, 0, 0, 0, 0, 0, 0, 0
Number of fish expected: 1056

0, 865, 0, 490, 0, 0, 0, 0, 0, 0, 0, 0, 0, 0, 0, 0, 0, 0, 0, 0, 0, 0
Number of fish expected: 4851

20, 5, 5, 10, 0
Number of fish expected: 292

0, 0, 0, 0, 0, 25, 10, 0, 0, 0, 10, 10, 0, 0, 10, 85, 0, 0, 0, 0, 0, 0, 0, 0, 0
Number of fish expected: 1006

0, 0, 485, 10, 0, 0, 10, 10, 10, 0, 0, 60, 30, 25, 0, 0, 0, 0
Number of fish expected: 708

50, 140, 30, 10, 0, 0, 0, 0, 0, 0, 0
Number of fish expected: 859

115, 35, 10, 15, 0, 0, 0, 0, 0, 0, 0, 0
Number of fish expected: 404

0, 405, 35, 0, 0, 20, 30, 10, 0
Number of fish expected: 299

0, 495, 35, 70, 0, 20, 10
Number of fish expected: 173

505, 20
Number of fish expected: 358

0, 0, 15, 0, 0, 0, 0, 0, 0, 0
Number of fish expected: 132

285, 10, 0, 0, 0
Number of fish expected: 687

0, 0, 0, 20, 90, 0, 0
Number of fish expected: 875

0, 735, 0, 0, 15, 20
Number of fish expected: 196

0, 840, 0, 310, 0, 0, 0, 0, 0, 0, 0, 0, 0, 0, 0, 0, 0
Number of fish expected: 1860

0, 0, 0, 0, 30, 5, 20, 0, 275, 0, 0, 0, 0, 0, 0, 0, 0, 0, 0, 0
Number of fish expected: 1595

415, 10, 0, 0, 0, 0, 0
Number of fish expected: 237

0, 0, 0, 10, 10, 0, 0, 0, 10, 15, 40, 10, 0, 0, 755, 0, 0, 0, 0, 0, 0
Number of fish expected: 906

0, 695, 10, 0, 0, 150, 0, 0, 0, 0, 0, 0, 0, 0, 0, 0, 0, 0, 0
Number of fish expected: 900

0, 545, 10, 0, 570, 0, 0, 0, 0, 0, 0, 0, 0
Number of fish expected: 4104

125, 10, 40, 0
Number of fish expected: 133

0, 0, 0, 0, 0, 475, 10, 0, 0, 170, 0, 0, 0, 0, 0, 0, 0, 0
Number of fish expected: 1292

0, 430, 5, 70, 0, 400, 0, 0, 0, 0, 0, 0, 0
Number of fish expected: 1520

0, 0, 0, 0, 15, 15, 15, 0, 0, 500, 0, 0
Number of fish expected: 5000

475, 20
Number of fish expected: 219

10, 50, 10, 0, 0, 0, 0, 0, 0, 0, 0, 0, 0, 0, 0, 0
Number of fish expected: 334

0, 0, 0, 145, 10, 20, 15, 0, 10, 15, 0, 15, 10, 15, 0, 480, 0, 0, 20, 95, 0, 0, 0
Number of fish expected: 646

0, 0, 0, 0, 0, 0, 20, 0, 0, 120, 10, 10, 0, 0, 0, 860, 0, 0, 0, 0, 0, 0, 0, 0
Number of fish expected: 17028

140, 10, 10, 0, 0, 0, 0, 0, 0
Number of fish expected: 832

0, 0, 820, 0, 0, 10, 20, 15, 0, 565, 0, 0, 0, 0, 0
Number of fish expected: 452

135, 10, 15, 30, 0, 0, 0, 0
Number of fish expected: 288

0, 735, 0, 0, 10, 10, 10, 15, 0, 0, 0, 0, 0, 0
Number of fish expected: 337

0, 100, 0, 30, 30, 0, 0, 275, 10, 0, 0, 0, 0, 0, 0, 0, 0, 0, 0, 0
Number of fish expected: 1560

0, 0, 0, 0, 170, 0, 0, 0, 10, 10, 10, 0, 0, 650, 0, 0, 0, 0, 0, 0, 0, 0
Number of fish expected: 6630

0, 0, 15, 170, 30, 0, 0, 10, 0, 0, 0, 0, 0, 0, 0, 0, 0, 0
Number of fish expected: 100

60, 0, 0, 0, 0, 0, 0, 0, 0
Number of fish expected: 46

0, 0, 25, 170, 0, 0, 60, 0, 0, 0
Number of fish expected: 522

0, 460, 15, 15, 0, 20, 25, 15, 0, 0, 0, 0, 0, 0, 0, 0, 0, 0, 0, 0, 0, 0, 0, 0, 0
Number of fish expected: 390

0, 0, 0, 0, 0, 15, 0, 0, 0, 165, 0, 0, 0, 0, 0, 0, 0, 0, 0, 0, 0, 0, 0
Number of fish expected: 1683

0, 0, 0, 810, 0, 15, 10, 10, 0, 10, 10, 10, 0, 0, 255
Number of fish expected: 3570

355, 45
Number of fish expected: 751

0, 485, 10, 0, 0, 15, 0, 0, 0, 0, 0, 0, 0
Number of fish expected: 150

0, 0, 695, 0, 0, 10, 0, 10, 15, 0, 235, 0, 0, 0, 0
Number of fish expected: 658

60, 0
Number of fish expected: 77

0, 0, 425, 45, 0, 0, 10, 10, 15, 0, 40, 10
Number of fish expected: 275

0, 0, 640, 10, 0, 0, 10, 10, 15, 0, 35
Number of fish expected: 476

60, 0, 0, 0, 0, 0, 0, 0, 0, 0, 0, 0, 0, 0, 0, 0, 0, 0, 0, 0, 0
Number of fish expected: 246

240, 0
Number of fish expected: 111

90, 15, 10, 10, 10, 0, 0, 0, 0, 0, 0, 0, 0, 0, 0, 0, 0, 0, 0, 0, 0
Number of fish expected: 1106

0, 0, 160, 5, 10, 10, 0, 0, 30, 10, 30, 0, 0, 0, 60, 0, 0
Number of fish expected: 468

0, 0, 0, 0, 0, 0, 10, 0, 0, 0, 10, 10, 0, 0, 15, 10, 0
Number of fish expected: 215

260, 10, 0, 0, 0, 0, 0, 0, 0, 0, 0, 0, 0, 0, 0, 0, 0, 0, 0, 0, 0, 0
Number of fish expected: 718

300, 0, 0, 0
Number of fish expected: 60

0, 815, 15, 0, 0, 10, 50, 0, 0, 0, 0, 0, 0, 0, 0, 0, 0
Number of fish expected: 582

0, 0, 0, 0, 10, 15, 10, 0, 0, 10, 60, 15, 0, 0, 0, 0, 0, 0, 0, 0
Number of fish expected: 590

70, 10, 0, 0, 0
Number of fish expected: 154

0, 0, 60, 0, 0, 0, 0, 0, 0, 0, 0, 0, 0, 0, 0, 0, 0, 0, 0, 0, 0, 0
Number of fish expected: 324

0, 0, 0, 75, 0, 10, 10, 0, 65, 70, 0, 0, 0, 15, 5, 0, 0, 0, 30, 60, 10, 0
Number of fish expected: 740

0, 0, 10, 15, 10, 10, 0, 0, 0, 0, 0, 0, 0, 0, 0, 0
Number of fish expected: 453

0, 0, 165, 0, 0, 0, 0, 0, 0, 0, 0, 0, 0, 0
Number of fish expected: 1815

0, 400, 15, 10, 0, 35, 0, 0, 0, 0, 0, 0, 0, 0, 0, 0, 0, 0, 0, 0, 0, 0, 0, 0
Number of fish expected: 287

0, 695, 0, 0, 10, 30, 0, 0, 0, 0, 0, 0, 0, 0, 0
Number of fish expected: 336

0, 770, 15, 0, 0, 0, 20, 0
Number of fish expected: 224

0, 0, 0, 0, 0, 0, 10, 0, 5, 10, 10, 0, 0, 0, 10, 15, 20, 0, 0, 45
Number of fish expected: 279

0, 830, 0, 0, 835, 0, 0, 0, 0
Number of fish expected: 5678

0, 0, 0, 0, 0, 10, 10, 10, 40, 0, 0, 0, 50, 10, 0, 15, 165
Number of fish expected: 1749

15, 15, 40, 0, 0, 0, 0, 0, 0
Number of fish expected: 142

0, 0, 0, 740, 0, 0, 10, 10, 5, 0, 0, 15, 50, 0, 80, 0, 0, 0, 0
Number of fish expected: 896

0, 0, 0, 0, 0, 0, 25, 10, 5, 0, 640, 0, 0, 0, 0, 0, 0, 0, 0, 0, 0, 0, 0
Number of fish expected: 8192

0, 0, 0, 0, 0, 5, 10, 20, 0, 0, 800, 0
Number of fish expected: 4320

900, 0
Number of fish expected: 900

0, 0, 900, 15, 0, 10, 10, 0, 0, 75, 0, 0, 0, 0, 0
Number of fish expected: 330

0, 425, 15, 0, 10, 10, 0, 0, 0, 0, 0, 0, 0
Number of fish expected: 168

60, 0, 0, 0, 0, 0, 0, 0, 0, 0, 0, 0, 0, 0, 0, 0, 0, 0, 0, 0, 0, 0, 0, 0
Number of fish expected: 0

0, 0, 0, 0, 15, 15, 10, 10, 20, 0, 0, 655, 5, 0, 0, 25, 80, 10, 10, 10, 0, 0, 0
Number of fish expected: 1285

0, 0, 10, 5, 30, 0
Number of fish expected: 367

175, 10, 10
Number of fish expected: 702

0, 0, 10, 10, 5, 10
Number of fish expected: 292

0, 250, 10, 25, 0, 0, 15, 50, 10, 15, 0, 0
Number of fish expected: 711

50, 20, 0, 0, 0, 0, 0, 0, 0, 0, 0, 0, 0
Number of fish expected: 166

0, 0, 0, 0, 0, 10, 25, 0, 0, 15, 50, 10, 15, 0, 15, 30, 5, 10, 0, 0, 10, 45, 0, 0, 15
Number of fish expected: 186

60, 0, 0, 0, 0, 0, 0, 0, 0, 0, 0
Number of fish expected: 80

0, 955, 0, 10, 15
Number of fish expected: 180

85, 10, 10, 0, 0, 0, 0, 0, 0, 0, 0, 0, 0, 0, 0, 0, 0, 0, 0, 0
Number of fish expected: 243

30, 5, 40, 0, 0, 0, 0, 0, 0, 0, 0, 0, 0, 0, 0, 0, 0, 0
Number of fish expected: 964

40, 10, 0, 0, 0, 0, 0, 0, 0, 0, 0, 0, 0, 0, 0, 0, 0, 0, 0, 0, 0, 0
Number of fish expected: 184

300, 0, 0, 0, 0, 0, 0, 0, 0, 0
Number of fish expected: 330

0, 565, 0, 0, 90, 0, 0, 0, 0, 0, 0, 0, 0, 0, 0, 0, 0, 0, 0, 0, 0, 0, 0, 0
Number of fish expected: 1422

390, 15, 10, 15, 0, 0, 0, 0, 0
Number of fish expected: 433

215, 20, 90, 20, 10, 0, 0
Number of fish expected: 948

0, 765, 0, 420, 0, 0, 0, 0, 0, 0, 0, 0, 0, 0, 0, 0, 0, 0, 0, 0
Number of fish expected: 1932

125, 35, 30, 0, 0, 0, 0
Number of fish expected: 546

60, 0, 0, 0
Number of fish expected: 27

60, 0
Number of fish expected: 70

150, 10, 0, 0, 0, 0, 0, 0, 0
Number of fish expected: 156

0, 625, 20, 0, 0, 15, 10, 0, 0, 0, 0, 0, 0, 0, 0
Number of fish expected: 238

0, 75, 0, 10, 0, 0, 0, 10, 60, 0, 0, 0, 0, 0, 0
Number of fish expected: 641

0, 595, 20, 0, 0, 0, 85, 0, 0, 0, 0, 0, 0, 0, 0, 0, 0, 0, 0, 0, 0
Number of fish expected: 612

0, 0, 165, 0, 0, 0, 0, 0
Number of fish expected: 561

0, 0, 0, 0, 10, 10, 0, 0, 0, 10, 15, 10, 15, 75, 0, 0, 0
Number of fish expected: 791

0, 610, 20, 0, 0, 435, 0, 0, 0, 0, 0, 0, 0, 0
Number of fish expected: 8265

0, 430, 15, 0, 0, 60, 20, 0, 0, 0, 0, 0, 0, 0, 0, 0, 0, 0, 0, 0, 0, 0
Number of fish expected: 432

120, 0, 0, 0, 0, 0, 0, 0, 0, 0, 0, 0, 0, 0, 0, 0, 0
Number of fish expected: 202

180, 0, 0
Number of fish expected: 800

5, 5, 0, 0, 0, 0, 0, 0, 0, 0, 0, 0, 0, 0, 0, 0, 0, 0, 0, 0, 0, 0, 0, 0, 0
Number of fish expected: 82

5, 280, 0, 0, 0, 0, 0
Number of fish expected: 3788

0, 0, 40, 0, 0, 0, 0, 0
Number of fish expected: 356

120, 0
Number of fish expected: 392

120, 0, 0, 0, 0
Number of fish expected: 129

0, 0, 0, 60, 0, 0, 0, 0, 0, 0, 0, 0, 0, 0, 0, 0, 0, 0, 0, 0, 0, 0, 0, 0, 0
Number of fish expected: 522

85, 50, 20, 20, 0, 0, 0, 0, 0, 0, 0, 0, 0, 0, 0, 0, 0, 0, 0, 0
Number of fish expected: 804

0, 0, 0, 0, 20, 10, 0, 0, 10, 0
Number of fish expected: 119

240, 0, 0
Number of fish expected: 55

335, 10, 10, 10, 15, 15, 45, 10, 15, 10
Number of fish expected: 1112

0, 0, 0, 0, 55, 0, 0, 0, 0, 0, 0, 0, 0, 0, 0, 0, 0, 0, 0
Number of fish expected: 858

145, 10, 15, 10, 40, 40, 10, 20, 20, 10, 5, 15, 15, 15, 10, 15, 15, 10, 10, 10, 10
Number of fish expected: 1507

0, 0, 0, 770, 0, 0, 0, 0, 0, 0, 0, 0, 0, 0, 0
Number of fish expected: 12782

15, 10, 20, 20, 15, 30, 5, 35, 45, 5, 10, 15, 35, 10, 20, 70, 10, 5, 25, 40, 10
Number of fish expected: 2744

15, 5, 90, 30, 10, 10, 10, 5, 5, 35, 20, 10, 10, 10, 10, 25, 100, 10, 10, 10, 10, 10
Number of fish expected: 2365

5, 10, 40, 565, 20, 15, 10, 10, 5, 10, 5, 10, 70, 5, 25, 0, 0
Number of fish expected: 3520

30, 25, 10, 15, 25, 80, 10, 15, 15, 10, 15, 55, 10, 10, 10, 15, 10, 5, 10, 70, 35, 15, 50, 10
Number of fish expected: 2266

0, 0, 0, 0, 0, 0, 0, 0, 0, 0, 0, 0, 0, 410
Number of fish expected: 2788

190, 10, 10, 10
Number of fish expected: 186

0, 0, 0, 0, 0, 0, 0, 0, 0, 115, 0, 0, 0, 0, 0
Number of fish expected: 2001

0, 0, 0, 0, 0, 0, 0, 355, 0, 0, 0, 0, 0, 0
Number of fish expected: 5112

220, 10, 10, 10, 40, 10, 10, 15, 15, 10, 10, 10, 30, 40, 15, 10, 10
Number of fish expected: 1776

10, 5, 5, 5, 135, 5, 15, 15, 45, 40, 5, 5, 5, 10, 10, 5, 5, 25, 0, 0, 0
Number of fish expected: 2996

10, 10, 5, 20, 550, 45, 100, 50, 10, 10, 15, 0
Number of fish expected: 2499

225, 10
Number of fish expected: 295

815, 10, 10, 5, 10, 75
Number of fish expected: 1017

0, 0, 0, 0, 0, 30, 10, 5, 290, 0, 0, 0, 0, 0, 0, 0, 0, 0, 0
Number of fish expected: 2052

0, 15, 65, 5, 5, 5, 5, 15, 10, 5, 25, 10, 35, 10
Number of fish expected: 1862

20, 35, 10, 10, 10
Number of fish expected: 306

65, 10, 10, 10, 10, 10, 10, 10, 45, 10, 10, 10, 10, 30, 15, 30, 10, 10, 10, 15, 10, 20, 30, 10
Number of fish expected: 2307

0, 0, 0, 15, 15, 695, 15, 0, 0, 0, 0, 0, 0, 0, 0, 0
Number of fish expected: 5435

280, 10
Number of fish expected: 741

315, 10, 10, 20, 10, 10, 10, 10, 10, 10, 20, 10, 10, 5, 10, 20, 15, 10, 20, 10, 20, 10, 10, 15, 10
Number of fish expected: 2210

10, 10, 5, 90, 5, 35, 10, 10, 5
Number of fish expected: 888

0, 0, 0, 0, 0, 0, 0, 0, 0, 0, 0, 0, 0, 0, 0, 0, 0, 0, 0, 650
Number of fish expected: 7150

205, 45, 10, 15, 15, 25, 25, 15, 50, 10, 10, 10, 10, 10, 25, 15
Number of fish expected: 1584

5, 10, 10, 5, 15, 5, 5, 5, 5, 5, 10, 15, 5, 10, 5, 20, 5, 5, 15, 15, 10, 50, 120, 15
Number of fish expected: 2139

10, 10, 15, 420, 205, 10, 5, 30, 15, 40, 10
Number of fish expected: 2359

125, 15, 10, 10, 10, 10, 10, 10, 10, 30
Number of fish expected: 804

15, 10, 10, 40, 10, 10, 5, 10, 10, 30, 35, 160, 5, 15, 15, 10, 15, 430
Number of fish expected: 3002

340, 15, 45, 10, 30, 10, 35, 10
Number of fish expected: 1228

0, 0, 0, 0, 0, 0, 0, 0, 0, 20, 5, 10, 25, 5, 125, 10, 25, 5, 0, 0, 0, 0
Number of fish expected: 2027

0, 15, 15, 35, 5, 5, 5, 10, 5, 10, 10, 10, 10, 10, 15, 10, 10, 15, 10, 5, 90, 10, 195
Number of fish expected: 2475

5, 5, 5, 5, 5, 10, 10, 30
Number of fish expected: 724

20, 10, 15, 5, 5, 5, 15
Number of fish expected: 715

5, 10, 10, 10, 45, 10, 10, 5, 785
Number of fish expected: 853

20, 15, 15, 25, 30, 20, 5, 10, 10, 70, 15, 10, 5, 5, 10, 10, 5, 5, 35, 0
Number of fish expected: 1930

255, 10, 10, 10
Number of fish expected: 685

10, 5, 5, 105, 5, 5, 5, 35, 5, 5, 20, 5, 5, 5, 5, 5, 5, 5, 10
Number of fish expected: 2178

10, 10, 255, 5, 20, 15, 5, 15, 10, 10, 10, 10, 15
Number of fish expected: 1155

480, 10, 10, 10, 10, 45
Number of fish expected: 758

0, 0, 0, 0, 0, 0, 0, 0, 305, 10, 5, 50, 5, 10, 5, 10, 15
Number of fish expected: 3783

315, 20, 10, 45, 15, 70, 10, 10, 15, 35, 10, 5, 15, 15, 15, 10
Number of fish expected: 2001

25, 5, 5, 695, 20
Number of fish expected: 2397

0, 0, 0, 0, 0, 475, 0, 0, 0, 0
Number of fish expected: 7600

90, 10, 15, 10, 25, 10, 10, 15, 10, 5, 15, 10, 10, 10, 30, 5, 10, 5, 30, 10
Number of fish expected: 1949

5, 15, 10, 225, 10, 5, 0, 0, 0, 0, 0
Number of fish expected: 1177

10, 10, 25, 5, 5, 10, 320, 15, 10, 10
Number of fish expected: 878

675, 40
Number of fish expected: 254

0, 0, 0, 0, 0, 0, 0, 0, 0, 0, 0, 0, 0, 0, 0, 5, 5, 85
Number of fish expected: 1228

0, 0, 0, 715, 0, 0, 0, 0, 0, 0, 0, 0, 0
Number of fish expected: 10439

275, 5, 35, 10, 15, 10, 10, 20, 30, 5
Number of fish expected: 685

50, 20, 20, 10, 10, 130, 5, 10, 25, 20, 390, 15, 10, 10, 10, 20, 15, 15
Number of fish expected: 2654

210, 10, 15, 10, 35, 10, 20, 10, 10, 20
Number of fish expected: 1148

420, 0, 0, 0, 0, 0, 0, 0, 0, 0, 0, 0, 0, 0, 0, 0, 0, 0, 0, 0, 0
Number of fish expected: 3528

0, 0, 0, 0, 0, 0, 10, 5, 25, 0
Number of fish expected: 321

25, 5, 715, 15, 0, 0, 0, 0, 0, 0, 0, 0, 0, 0, 0
Number of fish expected: 5446

100, 10, 20, 10, 15, 15, 75, 5, 20, 20, 10, 10, 5, 10
Number of fish expected: 1426

140, 35
Number of fish expected: 393

0, 0, 230, 20, 5, 5, 10, 5, 15, 40, 5, 25, 10, 5, 10, 5, 10, 5, 45, 0, 0, 0, 0
Number of fish expected: 3525

520, 10
Number of fish expected: 181

740, 10, 15
Number of fish expected: 217

10, 10, 20, 10, 5, 10, 5, 10, 5, 5, 10, 5, 15, 10, 5, 0, 0, 0, 0, 0, 0
Number of fish expected: 1172

465, 45, 10, 10, 10, 15
Number of fish expected: 377

80, 50, 10, 10, 10, 10, 10, 10, 20, 15, 25, 20, 15, 175, 10, 10
Number of fish expected: 2862

5, 45, 10, 5, 15, 60, 0, 0, 0, 0, 0, 0, 0, 0, 0, 0, 0, 0, 0
Number of fish expected: 1204

0, 0, 0, 0, 0, 170, 0, 0, 0, 0, 0, 0, 0, 0, 0, 0, 0, 0, 0, 0, 0, 0, 0, 0, 0
Number of fish expected: 2822

0, 0, 0, 50, 0, 0, 0, 0, 0, 0, 0, 0, 0, 0, 0, 0, 0, 0, 0, 0, 0, 0, 0
Number of fish expected: 625

220, 5, 5, 10, 5, 5, 10, 0
Number of fish expected: 1043

255, 10, 10, 5, 10, 10, 10
Number of fish expected: 450

25, 60, 10, 15, 435, 15
Number of fish expected: 4671

255, 10, 30, 100, 10, 20, 10, 10, 15, 25, 15, 20, 10, 10
Number of fish expected: 2085

0, 0, 5, 95, 30, 5, 10, 10, 25, 0, 0, 0, 0, 0, 0, 0, 0, 0, 0, 0, 0, 0
Number of fish expected: 1894

0, 0, 85, 5, 5, 5, 130, 5, 5, 10, 5, 5, 140, 0, 0, 0, 0, 0, 0, 0, 0, 0, 0
Number of fish expected: 5000

160, 5, 5, 10, 5, 5, 10, 5, 5, 5, 5, 20, 20, 0, 0, 0, 0, 0, 0, 0
Number of fish expected: 2858

5, 10, 70, 10, 5, 10, 5, 5, 10, 0, 0, 0, 0, 0, 0, 0, 0
Number of fish expected: 1128

940, 10
Number of fish expected: 161

5, 5, 75, 40, 10, 10, 25, 25, 15, 10, 10, 10, 30, 70, 5, 30, 20, 20, 10, 60, 5, 10
Number of fish expected: 3190

0, 0, 0, 0, 0, 0, 0, 0, 0, 0, 0, 655, 0
Number of fish expected: 9301

535, 35, 10, 10, 10, 10, 15
Number of fish expected: 700

0, 0, 0, 0, 0, 0, 0, 0, 0, 0, 30, 35, 5, 5, 10, 5, 15, 10, 0, 0
Number of fish expected: 1058

0, 0, 0, 0, 535, 0, 0, 0, 0, 0, 0, 0, 0
Number of fish expected: 4815

20, 15, 25, 10, 20, 5, 5, 5, 5, 25, 15, 50, 5, 10, 10, 30
Number of fish expected: 1484

65, 10, 10, 15, 10, 10, 15, 15, 25, 10, 15, 20, 155, 10
Number of fish expected: 2373

285, 5, 10, 10, 10
Number of fish expected: 208

845, 10, 15, 10
Number of fish expected: 349

30, 10, 10, 285, 10, 10, 40, 15, 5, 15, 10, 15, 5, 10, 205
Number of fish expected: 5259

0, 0, 20, 5, 5, 5, 5, 5, 5, 10, 5, 15, 30, 25, 0, 0, 0, 0, 0, 0, 0
Number of fish expected: 1340

0, 0, 0, 0, 0, 0, 0, 0, 0, 0, 0, 0, 0, 0, 0, 50, 0, 0, 0, 0, 0, 0, 0, 0
Number of fish expected: 815

25, 5, 10, 0, 0, 0
Number of fish expected: 327

440, 15, 50, 10, 55
Number of fish expected: 651

5, 10, 15, 10, 5, 10, 20, 10, 5, 10, 15, 305, 5, 15, 5
Number of fish expected: 1700

15, 5, 10, 5, 25, 595, 15
Number of fish expected: 3444

0, 0, 0, 0, 0, 0, 0, 0, 0, 0, 0, 110, 0, 0, 0, 0, 0, 0, 0, 0, 0
Number of fish expected: 1518

0, 0, 0, 0, 500, 10, 5, 0, 0, 0
Number of fish expected: 2575

520, 15, 10, 10, 15, 10, 10, 10, 15, 20, 10
Number of fish expected: 965

165, 10
Number of fish expected: 162

120, 10, 35, 15, 5, 20, 0, 0, 0, 0
Number of fish expected: 1928

35, 5, 5, 0, 0, 0, 0, 0, 0, 0, 0
Number of fish expected: 597

940, 10
Number of fish expected: 80

75, 10, 20
Number of fish expected: 169

0, 0, 0, 0, 0, 0, 0, 0, 0, 0, 0, 0, 0, 0, 0, 0, 0, 0, 0, 0, 175, 0, 0
Number of fish expected: 2870

0, 0, 0, 0, 0, 0, 0, 0, 0, 0, 0, 55, 0
Number of fish expected: 770

160, 50, 10, 40, 25, 10, 10, 15, 20, 20
Number of fish expected: 2017

10, 20, 25, 10, 30, 10, 15, 15, 10, 25
Number of fish expected: 1114

10, 35, 50, 10, 195, 30, 10, 10, 15, 10, 10, 10, 10, 10, 20, 40, 20, 20, 20, 15, 145
Number of fish expected: 4386

10, 5, 15, 5, 10, 5, 10, 5, 95, 40, 10, 5, 125, 5, 10, 5, 5, 15, 5, 65, 10, 0
Number of fish expected: 4020

5, 165, 0, 0, 0, 0, 0, 0, 0, 0, 0, 0, 0, 0, 0, 0, 0, 0, 0, 0, 0
Number of fish expected: 2250

15, 5, 40, 10, 5, 10, 15, 5, 735
Number of fish expected: 1868

165, 10, 10, 20, 10, 10, 10, 10, 10, 10, 10, 10, 10, 60, 15, 5, 10, 10, 10, 10, 10, 20, 35
Number of fish expected: 2681

180, 25, 10, 15, 10, 10, 10
Number of fish expected: 803

120, 0, 0, 0, 0, 0, 0
Number of fish expected: 1188

0, 0, 0, 0, 0, 0, 0, 0, 0, 0, 0, 0, 0, 0, 0, 0, 595, 0, 0, 0, 0, 0, 0
Number of fish expected: 6188

15, 25, 5, 10, 5, 5, 30, 30, 0, 0
Number of fish expected: 811

505, 10, 10, 10, 25, 75, 10, 15, 15, 10, 10, 15, 15, 10, 5, 5, 15, 10, 10
Number of fish expected: 2070

10, 15, 730, 5, 10, 10, 10, 5, 5, 10, 10
Number of fish expected: 1061

15, 10, 10, 15, 240, 10, 10, 10, 10, 15
Number of fish expected: 727

0, 0, 0, 0, 0, 0, 0, 0, 0, 0, 0, 110, 0, 0, 0, 0, 0, 0, 0, 0, 0, 0
Number of fish expected: 1199

0, 0, 0, 0, 0, 0, 0, 0, 0, 0, 0, 0, 0, 0, 0, 0, 5, 5, 5, 5, 5, 5, 65, 5, 5
Number of fish expected: 1309

