140, 10, 10, 10, 15, 15, 55, 10, 15, 10, 40, 25, 15, 10
Number of fish expected: 1480

150, 205
Number of fish expected: 1149

5, 0, 0, 0, 0, 5, 135, 0, 0, 0, 0
Number of fish expected: 1969

220, 60, 20, 20, 10
Number of fish expected: 912

555, 25, 10
Number of fish expected: 232

0, 0, 0, 0, 0, 0, 0, 0, 0, 0, 0, 0, 0, 0, 0, 0, 780, 0, 0, 0, 0, 0, 0, 0, 0
Number of fish expected: 13884

10, 10, 20, 430, 10, 60, 10, 20, 165, 10, 10, 70
Number of fish expected: 6398

235, 15, 10, 10, 20, 5, 30, 20, 20
Number of fish expected: 722

750, 15, 15, 10, 20, 10, 20, 10, 40, 10
Number of fish expected: 963

150, 15, 10, 115, 15, 10, 5, 10, 20, 10, 10, 60, 5, 190, 10, 30, 25, 10, 15
Number of fish expected: 3613

60, 745, 0, 5, 0, 0, 0, 0, 0, 5, 5, 0, 30, 0, 70, 0, 0, 0, 0, 0
Number of fish expected: 156

10, 10, 5, 10, 30, 10, 20, 5, 5, 115, 0, 10, 30, 35, 15, 10
Number of fish expected: 2136

810, 25
Number of fish expected: 1080

5, 0, 0, 0, 0, 5, 5, 0, 0, 0, 0, 10, 5, 5, 0, 5, 0, 190, 0, 0
Number of fish expected: 3786

0, 10, 20, 10, 10, 25, 30, 25, 15, 615, 5, 40, 10
Number of fish expected: 2482

960, 955, 955, 960, 955, 955, 960, 960, 955, 960, 960, 960, 955, 955, 955, 955, 955, 960, 960, 960, 955, 955
Number of fish expected: 11328

550, 15, 60, 10
Number of fish expected: 227

5, 15, 0, 5, 5, 0, 10, 20, 10, 10, 615, 5, 10, 10, 15
Number of fish expected: 311

10, 10, 20, 10, 30, 15, 10, 20, 5, 10, 35, 5, 150, 55, 5, 10, 85, 15, 15, 10, 10, 10, 10, 10
Number of fish expected: 4317

620, 25, 10, 15, 10, 10
Number of fish expected: 505

50, 5, 55, 10, 45, 25, 0, 20, 10, 0, 10, 10, 30, 720, 215, 10
Number of fish expected: 2527

5, 5, 5, 0, 0, 15, 10, 20, 10, 10, 630, 10, 10, 30, 160, 5, 760, 195, 790, 45, 15, 10, 5, 0
Number of fish expected: 432

635, 15
Number of fish expected: 856

0, 0, 10, 10, 10, 10, 5, 0, 5, 10, 50, 675, 10, 30, 200, 10, 760, 190, 790, 10
Number of fish expected: 1207

460, 100, 10, 10, 10, 10, 10, 20, 5, 10, 50, 35, 20
Number of fish expected: 1792

0, 5, 80, 10, 10, 0, 0, 5, 0, 10, 10, 30, 695
Number of fish expected: 1269

15, 10, 10, 15, 10, 10, 10, 775
Number of fish expected: 695

0, 0, 15, 140, 5, 10, 10, 0, 0, 15, 25
Number of fish expected: 2298

415, 40, 10, 25, 10, 105, 40, 10, 10
Number of fish expected: 1246

355, 10, 15, 15, 10, 15, 10
Number of fish expected: 655

145, 10, 15, 20, 10, 200, 225, 230, 140, 225, 65, 245, 20, 210, 130, 200, 45, 535, 10, 20, 250, 40, 305, 80, 160
Number of fish expected: 331

365, 10, 15, 10, 15, 110, 75, 285, 40, 305, 260, 245, 180, 15, 320, 360, 35, 375, 250, 95, 260, 150, 260, 290, 275
Number of fish expected: 675

220, 65, 10, 10, 10, 10, 485, 175, 20, 0, 355, 260, 35, 165, 10, 250, 35, 75, 230, 10, 20, 35, 130, 5, 25
Number of fish expected: 1082

20, 0, 315, 855, 565, 905, 470, 905, 600, 555, 520, 960, 850, 725, 600, 700, 935, 765, 515, 705, 640, 760, 545, 665, 850
Number of fish expected: 3865

215, 35, 15, 10, 5, 65, 60, 15, 10, 15, 10, 25, 0, 15, 50, 15, 380, 0, 65, 375, 95, 165, 285, 435, 150
Number of fish expected: 628

120, 65, 10, 10, 135, 50, 170, 210, 50, 150, 50, 40, 85, 5, 10, 0, 0, 0, 0, 720, 815, 830, 485, 585, 830
Number of fish expected: 168

115, 15, 30, 20, 15, 15, 240, 140, 240, 10, 25, 285, 15, 150, 225, 100, 65, 70, 15, 5, 5, 15, 290, 770, 525
Number of fish expected: 615

105, 30, 10, 10, 20, 160, 185, 10, 10, 70, 55, 365, 55, 170, 155, 15, 235, 105, 75, 35, 5, 935, 815, 730, 730
Number of fish expected: 528

25, 5, 25, 10, 10, 255, 415, 30, 85, 20, 75, 30, 75, 0, 285, 270, 60, 260, 315, 155, 175, 10, 105, 165, 55
Number of fish expected: 367

50, 10, 10, 35, 15, 55, 235, 130, 215, 60, 30, 325, 50, 40, 10, 10, 285, 60, 250, 45, 225, 125, 115, 345, 40
Number of fish expected: 974

715, 10, 10, 540, 475, 525, 865, 905, 815, 790, 875, 710, 620, 15, 160, 170, 105, 20, 10, 145, 0, 115, 115, 95, 310
Number of fish expected: 294

10, 10, 0, 10, 35, 85, 30, 55, 160, 325, 65, 10, 120, 310, 10, 10, 10, 10, 275, 65, 100, 40, 90, 45, 20
Number of fish expected: 705

160, 10, 10, 15, 230, 225, 270, 195, 290, 360, 325, 5, 35, 170, 10, 190, 15, 290, 120, 200, 285, 175, 325, 260, 295
Number of fish expected: 425

235, 10, 20, 15, 10, 240, 20, 380, 200, 75, 115, 295, 75, 350, 10, 10, 255, 275, 45, 370, 155, 170, 85, 50, 60
Number of fish expected: 503

215, 10, 10, 40, 25, 150, 255, 180, 255, 0, 155, 300, 65, 40, 0, 295, 495, 470, 565, 935, 810, 555, 635, 950, 775
Number of fish expected: 425

340, 55, 25, 180, 10, 5, 450, 45, 100, 280, 190, 140, 140, 135, 10, 5, 45, 440, 495, 480, 45, 215, 220, 40, 310
Number of fish expected: 667

230, 20, 85, 55, 285, 720, 470, 835, 905, 740, 755, 945, 505, 585, 690, 485, 735, 825, 650, 575, 825, 505, 680, 760, 820
Number of fish expected: 1021

45, 15, 10, 5, 10, 30, 260, 120, 85, 5, 315, 70, 90, 155, 5, 0, 60, 455, 60, 130, 135, 50, 410, 160, 250
Number of fish expected: 811

240, 10, 10, 10, 10, 10, 45, 130, 50, 285, 25, 85, 165, 280, 150, 360, 55, 120, 125, 185, 40, 50, 255, 140, 120
Number of fish expected: 463

175, 10, 10, 10, 10, 85, 10, 135, 325, 0, 390, 150, 35, 35, 190, 55, 380, 345, 55, 170, 335, 60, 150, 415, 40
Number of fish expected: 280

140, 60, 10, 25, 20, 155, 155, 15, 375, 110, 75, 260, 205, 400, 260, 360, 305, 20, 25, 45, 20, 90, 385, 80, 25
Number of fish expected: 676

0, 0, 615, 805, 860, 515, 760, 915, 905, 770, 485, 570, 745, 530, 610, 600, 640, 925, 490, 895, 690, 845, 615, 905, 760
Number of fish expected: 7011

200, 10, 35, 10, 10, 130, 270, 30, 225, 190, 360, 185, 160, 150, 0, 5, 5, 90, 465, 5, 70, 255, 400, 240, 95
Number of fish expected: 438

5, 10, 5, 15, 90, 10, 20, 115, 280, 45, 55, 205, 10, 35, 350, 5, 125, 300, 55, 125, 145, 205, 100, 230, 185
Number of fish expected: 498

40, 10, 10, 15, 15, 15, 50, 295, 160, 60, 50, 110, 155, 200, 260, 160, 105, 115, 35, 15, 310, 120, 0, 280, 0
Number of fish expected: 341

0, 0, 0, 0, 5, 160, 650, 685, 760, 745, 540, 705, 525, 510, 895, 510, 880, 805, 495, 535, 640, 845, 835, 720, 895
Number of fish expected: 2653

0, 0, 5, 290, 630, 600, 820, 605, 925, 695, 520, 770, 855, 480, 675, 545, 800, 925, 830, 670, 720, 820, 840, 485, 855
Number of fish expected: 3977

55, 15, 10, 10, 15, 70, 265, 140, 175, 270, 235, 405, 245, 5, 425, 50, 185, 380, 25, 85, 210, 280, 40, 0, 15
Number of fish expected: 565

35, 10, 10, 15, 105, 5, 120, 195, 25, 145, 270, 20, 305, 20, 175, 105, 165, 85, 280, 80, 115, 175, 45, 205, 125
Number of fish expected: 274

5, 5, 0, 20, 15, 240, 85, 195, 260, 95, 120, 0, 45, 20, 680, 75, 110, 10, 15, 70, 415, 60, 340, 165, 125
Number of fish expected: 423

95, 45, 10, 185, 10, 180, 290, 120, 5, 10, 0, 840, 515, 540, 45, 265, 310, 275, 20, 315, 195, 10, 330, 120, 5
Number of fish expected: 228

0, 10, 20, 5, 150, 160, 685, 810, 510, 710, 725, 545, 695, 490, 595, 805, 530, 625, 840, 830, 510, 560, 510, 795, 500
Number of fish expected: 3862

185, 10, 10, 15, 25, 30, 315, 10, 340, 115, 260, 10, 10, 70, 275, 25, 290, 60, 270, 205, 205, 405, 105, 360, 20
Number of fish expected: 273

10, 810, 810, 920, 540, 860, 680, 935, 485, 525, 795, 675, 535, 640, 755, 760, 495, 825, 780, 760, 845, 620, 475, 800, 600
Number of fish expected: 5632

125, 40, 10, 10, 480, 575, 875, 750, 810, 670, 825, 520, 575, 55, 50, 130, 45, 255, 160, 320, 130, 235, 5, 420, 10
Number of fish expected: 566

15, 5, 15, 305, 485, 545, 660, 885, 610, 495, 605, 675, 925, 960, 480, 485, 915, 660, 910, 820, 645, 720, 605, 755, 715
Number of fish expected: 900

10, 10, 5, 85, 60, 10, 5, 5, 15, 215, 10, 300, 135, 150, 5, 410, 5, 360, 0, 200, 665, 815, 795, 580, 645
Number of fish expected: 894

30, 10, 20, 10, 20, 10, 240, 205, 45, 10, 30, 80, 70, 145, 85, 55, 145, 290, 75, 185, 250, 105, 225, 20, 0
Number of fish expected: 380

5, 0, 0, 280, 570, 635, 605, 745, 875, 490, 790, 850, 590, 510, 830, 685, 835, 955, 810, 940, 780, 710, 800, 960, 960
Number of fish expected: 2395

130, 10, 10, 10, 15, 10, 25, 10, 160, 15, 150, 5, 440, 70, 125, 300, 335, 310, 145, 335, 335, 20, 90, 10, 60
Number of fish expected: 667

0, 0, 125, 790, 710, 555, 920, 935, 550, 720, 705, 555, 625, 795, 935, 515, 805, 720, 660, 485, 645, 470, 625, 705, 470
Number of fish expected: 2475

120, 15, 15, 10, 10, 10, 15, 10, 10, 60, 65, 15, 30, 10, 10, 615, 765, 500, 490, 495, 650, 480, 720, 625, 925
Number of fish expected: 372

150, 10, 20, 30, 320, 115, 30, 215, 180, 105, 100, 330, 65, 145, 250, 185, 195, 30, 40, 140, 100, 390, 35, 95, 470
Number of fish expected: 629

5, 540, 520, 655, 515, 900, 900, 635, 795, 570, 840, 545, 840, 565, 530, 915, 520, 570, 650, 735, 615, 775, 775, 935, 815
Number of fish expected: 4142

70, 15, 15, 15, 15, 285, 245, 225, 70, 400, 480, 10, 210, 15, 240, 410, 85, 440, 350, 5, 520, 585, 630, 545, 665
Number of fish expected: 383

150, 10, 5, 45, 10, 195, 305, 195, 5, 40, 140, 145, 290, 100, 120, 95, 190, 115, 425, 95, 20, 20, 580, 910, 575
Number of fish expected: 518

0, 5, 25, 90, 45, 100, 110, 145, 95, 180, 195, 110, 10, 440, 10, 435, 780, 690, 560, 550, 595, 500, 790, 475, 690
Number of fish expected: 484

960, 700, 815, 690, 630, 870, 910, 525, 805, 480, 750, 840, 660, 595, 615, 765, 955, 485, 525, 790, 875, 745, 545, 955, 940
Number of fish expected: 576

5, 5, 0, 5, 5, 55, 675, 650, 745, 505, 575, 625, 715, 855, 840, 750, 940, 715, 505, 770, 585, 495, 475, 880, 930
Number of fish expected: 789

180, 50, 10, 25, 55, 120, 140, 35, 0, 260, 140, 30, 50, 375, 140, 10, 155, 50, 15, 15, 0, 10, 265, 370, 130
Number of fish expected: 770

15, 10, 10, 20, 35, 20, 110, 20, 90, 15, 100, 5, 445, 0, 155, 415, 475, 175, 75, 35, 215, 35, 240, 30, 235
Number of fish expected: 324

65, 10, 15, 0, 860, 900, 725, 600, 750, 670, 765, 870, 670, 565, 885, 830, 575, 935, 500, 860, 645, 810, 615, 935, 860
Number of fish expected: 126

15, 465, 645, 595, 755, 725, 610, 695, 885, 520, 515, 625, 715, 840, 875, 580, 635, 840, 535, 620, 565, 560, 755, 720, 875
Number of fish expected: 690

20, 10, 200, 775, 930, 635, 505, 635, 635, 555, 590, 805, 910, 590, 915, 855, 890, 725, 815, 820, 715, 745, 615, 685, 900
Number of fish expected: 338

160, 15, 10, 10, 230, 255, 255, 120, 100, 55, 35, 265, 90, 115, 330, 350, 200, 155, 170, 125, 125, 330, 95, 250, 220
Number of fish expected: 117

960, 845, 590, 570, 665, 645, 690, 775, 705, 665, 590, 700, 860, 675, 670, 505, 675, 515, 910, 610, 590, 475, 665, 775, 875
Number of fish expected: 1344

70, 20, 10, 10, 10, 240, 25, 15, 135, 85, 15, 425, 140, 60, 185, 40, 40, 150, 10, 20, 335, 175, 300, 25, 440
Number of fish expected: 360

30, 45, 10, 25, 15, 10, 10, 0, 135, 75, 5, 5, 55, 150, 510, 555, 960, 485, 575, 825, 835, 695, 745, 505, 560
Number of fish expected: 675

150, 5, 10, 60, 55, 35, 395, 75, 15, 170, 5, 40, 5, 275, 35, 350, 50, 60, 80, 330, 290, 350, 145, 100, 65
Number of fish expected: 659

75, 10, 20, 10, 225, 230, 20, 55, 115, 65, 160, 240, 210, 230, 165, 120, 240, 370, 270, 310, 245, 385, 40, 10, 15
Number of fish expected: 350

60, 55
Number of fish expected: 156

20, 25, 145
Number of fish expected: 112

320, 30, 20, 10, 10, 10, 15
Number of fish expected: 896

10, 5, 115, 10, 5, 20, 5, 5, 265, 105, 240, 55, 15, 65
Number of fish expected: 1608

5, 0, 0, 0, 0, 275, 5, 0, 270, 95, 225, 25, 60, 5, 30
Number of fish expected: 4042

50, 25, 5, 95, 10, 0, 25, 20, 285
Number of fish expected: 1186

0, 5, 0, 5, 0, 5, 0, 10, 0, 5, 0, 130, 170, 280, 435, 5, 10, 15, 155, 55, 55, 50, 30
Number of fish expected: 2098

640, 10, 15
Number of fish expected: 188

50, 25, 40, 135, 165, 460, 35, 205, 220, 50, 5
Number of fish expected: 649

40, 270, 5, 120, 5, 5, 45, 35, 325, 110, 60, 25, 15, 30, 175
Number of fish expected: 4299

10, 20, 10, 20, 0, 5, 30, 15, 260, 155, 10, 25, 0, 5, 40, 10, 45, 25, 10, 55, 55, 50, 5, 65
Number of fish expected: 573

20, 0, 10, 10, 10, 10, 215, 165, 35, 10, 25, 25, 30, 10, 10, 20, 25, 15, 10, 55, 55, 50, 10, 0, 395
Number of fish expected: 436

10, 5, 0, 20, 10, 10, 10, 15, 5, 0, 10, 235, 420, 0, 15, 65, 10, 15, 5, 55, 55, 50, 10
Number of fish expected: 740

15, 25, 5, 15, 70, 10, 10, 45, 265, 125, 30, 5, 0, 15, 10, 15, 5, 0, 20, 0, 55, 30, 10, 220, 385
Number of fish expected: 1025

0, 0, 170, 165, 170, 5, 5, 50, 30, 5, 40, 10, 40, 25, 5, 480, 410, 10, 15, 10, 55, 195, 50
Number of fish expected: 2618

0, 10, 65, 5, 5, 100, 5, 20, 5, 0, 5, 5, 10, 5, 0, 5, 190, 905
Number of fish expected: 4640

610, 15, 15, 35, 10
Number of fish expected: 700

45, 10, 10, 10, 10, 5, 100, 5, 20, 5, 0, 5, 5, 10, 5, 0, 5, 375, 925
Number of fish expected: 516

0, 10, 0, 0, 10, 10, 45, 5, 20, 5, 0, 5, 5, 10, 5, 0
Number of fish expected: 979

635, 10, 35
Number of fish expected: 184

5, 5, 5, 360, 5, 5
Number of fish expected: 4928

45, 10, 15, 65, 755, 20, 5, 100, 5, 20
Number of fish expected: 108

440, 20, 10, 10, 15, 10, 20, 15, 10
Number of fish expected: 841

35, 170, 10
Number of fish expected: 2622

235, 35, 15, 0, 10, 15, 10
Number of fish expected: 346

5, 40, 0, 5, 10, 530, 100, 720, 60, 20, 5, 0, 5, 5, 10, 345, 45, 10, 20, 50, 25, 0, 10
Number of fish expected: 2344

15, 10, 10, 65, 540, 10, 190, 100, 5, 760, 5, 5, 0, 5, 5, 10, 5, 0, 5, 515
Number of fish expected: 68

420, 0, 10, 65
Number of fish expected: 4242

65, 15, 20, 10, 10, 15, 10, 5, 55, 15
Number of fish expected: 848

265, 45, 10, 10
Number of fish expected: 440

10, 0, 165, 30, 5, 5, 100, 675, 45, 20, 5, 0, 5
Number of fish expected: 854

935, 10
Number of fish expected: 117

0, 10, 955, 960, 910, 930, 955, 960, 955, 920, 960, 955, 915, 920
Number of fish expected: 98

240, 5, 5, 10, 5, 5, 100, 670, 45, 20, 5, 0, 5, 5, 10, 305, 40, 0, 0, 0, 115, 55, 50, 10
Number of fish expected: 2154

435, 10, 20, 10, 25, 15, 10, 5, 15, 45
Number of fish expected: 1125

10, 10, 20, 20, 0, 10, 5, 10, 20, 5, 0, 5
Number of fish expected: 705

10, 15, 10, 135, 15, 15, 80, 10, 15, 15, 120, 45, 10
Number of fish expected: 3297

20, 15, 15, 10, 5, 5, 605, 5, 0, 100, 5, 0, 5, 5
Number of fish expected: 321

80, 35, 5, 85, 10, 10, 20, 10, 50, 10
Number of fish expected: 1368

450, 10, 20, 10, 10, 25, 15, 10
Number of fish expected: 728

0, 0, 0, 0, 0, 0, 0, 0, 555, 5, 0, 5, 5, 665, 10, 20, 25
Number of fish expected: 9435

15, 10, 5, 5, 25, 5, 10, 5, 5, 20, 50, 25, 10, 0, 5, 5, 10, 30, 915, 960, 940, 910, 930
Number of fish expected: 1885

10, 5, 10, 10, 0, 75, 40, 25, 0, 0, 0, 280, 5, 10, 5, 740, 20, 15, 915
Number of fish expected: 3210

10, 35, 0, 10, 0, 10, 100, 40, 25, 0, 0, 0, 605, 5
Number of fish expected: 677

450, 10, 35, 95, 5
Number of fish expected: 892

5, 10, 30, 10, 105, 15, 35, 5, 30, 365, 915
Number of fish expected: 1954

0, 0, 0, 0, 750, 105, 695, 10, 15, 25
Number of fish expected: 13200

25, 95, 10, 30, 0, 850, 105, 650, 5, 65, 5, 865, 30, 840, 905, 940, 910, 955, 915, 920, 930
Number of fish expected: 1062

95, 745, 10, 75, 90, 10, 25, 25, 15, 10, 30, 10, 15, 10, 40, 5, 35
Number of fish expected: 3198

5, 0, 10, 245, 5, 60, 40, 5, 10, 45, 5, 75, 5, 10
Number of fish expected: 2366

10, 0, 0, 10, 0, 30, 15, 30, 5, 30, 505, 150, 5, 0
Number of fish expected: 771

285, 10, 30, 10, 15, 10, 10, 10, 15, 10, 10, 10
Number of fish expected: 863

0, 0, 0, 15, 10, 15, 10, 35, 390, 390
Number of fish expected: 648

5, 0, 125, 30, 325, 200, 5, 5, 5, 30, 5, 915, 935, 915, 955, 940, 955
Number of fish expected: 1488

10, 10, 10, 0, 525, 10, 15, 10, 10, 25, 945
Number of fish expected: 1486

25, 15, 10, 10, 145, 15, 20, 40, 100, 10, 920, 920, 920, 935, 940, 910, 910, 935, 925, 920, 915
Number of fish expected: 2085

25, 10, 10, 30, 0, 610, 15, 20, 15, 20, 10, 920, 925, 950
Number of fish expected: 223

10, 50, 10, 10, 0, 565, 10, 20, 0, 40, 10
Number of fish expected: 475

25, 10, 10, 15, 35, 105, 605, 0, 40, 20, 30, 805, 960, 925, 935, 955, 960, 905, 945, 915, 915, 960, 915, 935, 930
Number of fish expected: 816

5, 0, 15, 10, 15, 5, 540, 70, 5, 615, 55, 15, 0
Number of fish expected: 5193

10, 5, 10, 350, 5, 5, 10, 5, 10, 15, 60
Number of fish expected: 1470

5, 20, 10, 10, 5, 105, 485, 10, 10, 25, 0, 5, 5, 25, 10, 715
Number of fish expected: 224

10, 5, 5, 10, 45, 0, 20, 10, 10, 10, 10, 10, 45, 5, 10, 5, 10, 15, 10, 15, 10, 10, 0, 10, 40
Number of fish expected: 2786

10, 20, 0, 15, 20, 65, 10, 15, 10, 10, 25, 10, 10, 10, 10, 10, 25, 5, 10, 5, 50, 10, 15, 860, 15
Number of fish expected: 2384

0, 0, 0, 10, 0, 5, 5, 0, 15, 15, 10, 35, 10, 5, 5, 5, 5, 10, 0, 5, 0, 160, 35, 820, 65
Number of fish expected: 3777

10, 20, 5, 20, 5, 30, 15, 25, 0, 10, 10, 10, 10, 15, 10, 20, 10, 5, 5, 5, 5, 10, 10, 10, 10
Number of fish expected: 1954

10, 5, 10, 10, 20, 10, 10, 10, 10, 10, 45, 0, 10, 5, 10, 55, 0, 10, 5, 5, 10, 10, 10, 890, 0
Number of fish expected: 2661

0, 10, 5, 5, 0, 50, 5, 0, 5, 10, 5, 10, 0, 0, 5, 0, 15, 10, 245, 910, 945, 915, 910, 960, 920
Number of fish expected: 2453

10, 0, 20, 0, 5, 25, 15, 0, 10, 15, 10, 15, 10, 5, 15, 10, 10, 5, 5, 5, 15, 0, 5, 10, 860
Number of fish expected: 1822

0, 0, 5, 5, 10, 0, 5, 5, 0, 10, 5, 5, 0, 10, 15, 485, 930, 905, 905, 960, 905, 930, 940, 915, 930
Number of fish expected: 4424

10, 5, 0, 15, 10, 5, 5, 5, 5, 10, 5, 20, 30, 0, 395, 925, 925, 960, 955, 955, 940, 945, 905, 915, 935
Number of fish expected: 3022

5, 0, 0, 5, 0, 0, 0, 20, 10, 0, 5, 20, 10, 15, 5, 0, 0, 0, 0, 10, 5, 170, 915, 930, 935
Number of fish expected: 2995

5, 0, 0, 5, 0, 735, 930, 910, 915, 955, 935, 945, 945, 915, 935, 905, 940, 910, 930, 960, 935, 910, 915, 910, 920
Number of fish expected: 9839

0, 10, 0, 5, 5, 10, 10, 5, 5, 15, 5, 5, 5, 0, 5, 35, 295, 235, 0, 15, 5, 0, 0, 540, 945
Number of fish expected: 4038

20, 5, 10, 25, 10, 5, 5, 35, 5, 10, 10, 10, 25, 15, 15, 10, 5, 0, 0, 30, 30, 10, 790, 40, 35
Number of fish expected: 2393

30, 5, 10, 5, 0, 10, 15, 15, 10, 10, 15, 35, 0, 10, 5, 5, 45, 10, 15, 40, 645, 30, 85, 25, 0
Number of fish expected: 2294

0, 5, 5, 10, 0, 5, 0, 5, 5, 0, 5, 0, 545, 930, 930, 945, 950, 905, 905, 905, 915, 910, 960, 935, 925
Number of fish expected: 7482

15, 20, 20, 10, 60, 0, 0, 20, 0, 15, 0, 15, 15, 5, 0, 10, 10, 0, 5, 5, 10, 10, 10, 5, 10
Number of fish expected: 2431

5, 75, 5, 5, 0, 5, 5, 35, 10, 40, 10, 30, 5, 40, 40, 200, 215, 50, 15, 15, 35, 0, 10, 45, 10
Number of fish expected: 4947

15, 5, 10, 10, 5, 10, 20, 5, 5, 30, 25, 5, 0, 15, 10, 20, 55, 220, 560, 15, 0, 0, 110, 65, 830
Number of fish expected: 2777

45, 25, 5, 20, 15, 20, 120, 5, 5, 10, 10, 15, 0, 35, 10, 5, 10, 10, 660, 15, 5, 5, 0, 45, 30
Number of fish expected: 2654

0, 0, 0, 5, 0, 5, 5, 0, 5, 0, 0, 0, 0, 0, 5, 20, 470, 925, 930, 930, 920, 960, 915, 955, 920
Number of fish expected: 6531

0, 0, 0, 0, 0, 5, 0, 5, 0, 5, 0, 0, 5, 0, 5, 5, 0, 0, 0, 0, 5, 0, 260, 955, 955
Number of fish expected: 4665

25, 10, 10, 120, 15, 10, 0, 250, 10, 10, 10, 20, 15, 10, 5, 0, 0, 0, 5, 5, 10, 625, 945, 905, 930
Number of fish expected: 4199

5, 15, 10, 10, 5, 15, 5, 0, 10, 5, 5, 0, 0, 35, 15, 25, 0, 20, 5, 5, 5, 25, 50, 810, 40
Number of fish expected: 3029

0, 0, 0, 0, 10, 725, 955, 960, 930, 920, 940, 955, 935, 935, 960, 910, 915, 925, 910, 950, 945, 915, 915, 945, 925
Number of fish expected: 5896

0, 0, 0, 0, 0, 0, 0, 0, 0, 0, 0, 0, 0, 0, 0, 0, 0, 0, 0, 0, 310, 925, 910, 950, 940
Number of fish expected: 6138

0, 0, 0, 15, 5, 0, 5, 5, 0, 0, 105, 5, 0, 0, 430, 960, 925, 920, 960, 960, 915, 905, 935, 940, 920
Number of fish expected: 6046

0, 10, 0, 0, 10, 35, 15, 0, 5, 0, 5, 10, 15, 20, 10, 0, 5, 30, 0, 10, 10, 5, 15, 15, 15
Number of fish expected: 2241

5, 10, 0, 850, 955, 945, 925, 960, 945, 920, 950, 960, 920, 940, 950, 945, 930, 935, 905, 910, 950, 910, 950, 915, 915
Number of fish expected: 6672

0, 0, 0, 0, 0, 0, 0, 0, 0, 0, 0, 0, 0, 0, 0, 0, 0, 0, 0, 0, 0, 0, 215, 945, 955
Number of fish expected: 4257

10, 10, 5, 5, 5, 10, 10, 0, 10, 5, 10, 35, 10, 5, 10, 5, 20, 15, 10, 10, 10, 655, 10, 35, 10
Number of fish expected: 2076

15, 10, 10, 15, 10, 10, 10, 15, 25, 5, 10, 30, 10, 15, 30, 10, 10, 5, 5, 0, 20, 5, 760, 5, 65
Number of fish expected: 1876

0, 5, 0, 5, 15, 45, 5, 10, 5, 0, 5, 0, 0, 10, 5, 5, 315, 955, 905, 930, 955, 905, 940, 955, 930
Number of fish expected: 3340

10, 5, 5, 0, 5, 5, 15, 130, 0, 0, 0, 5, 5, 5, 0, 10, 0, 20, 185, 540, 25, 120, 30, 20, 0
Number of fish expected: 4931

0, 10, 10, 10, 15, 5, 10, 15, 10, 0, 15, 5, 10, 40, 20, 0, 10, 15, 455, 0, 10, 30, 155, 55, 35
Number of fish expected: 1585

10, 5, 10, 10, 10, 0, 0, 10, 10, 10, 10, 10, 0, 15, 20, 10, 10, 5, 15, 15, 5, 40, 795, 15, 45
Number of fish expected: 1674

10, 50, 5, 5, 5, 10, 20, 5, 10, 5, 10, 0, 10, 0, 10, 5, 20, 10, 5, 10, 5, 5, 5, 80, 925
Number of fish expected: 2574

5, 5, 5, 25, 15, 0, 10, 15, 5, 5, 10, 5, 5, 20, 10, 10, 85, 15, 0, 10, 0, 5, 5, 10, 10
Number of fish expected: 1929

0, 5, 0, 0, 15, 0, 0, 5, 0, 0, 0, 0, 5, 0, 0, 0, 5, 0, 5, 5, 0, 5, 0, 0, 125
Number of fish expected: 2342

10, 70, 10, 10, 35, 10, 10, 15, 10, 5, 0, 5, 10, 5, 5, 10, 0, 10, 20, 5, 10, 5, 750, 35, 20
Number of fish expected: 1856

0, 20, 0, 10, 5, 5, 10, 345, 5, 5, 0, 110, 95, 55, 5, 5, 10, 5, 625, 960, 950, 935, 940, 915, 955
Number of fish expected: 6219

960, 920, 905, 950, 950, 905, 930, 905, 940, 925, 920, 920, 915, 945, 910, 920, 925, 930, 950, 940, 955, 950, 925, 960, 955
Number of fish expected: 2112

0, 0, 5, 0, 5, 5, 0, 5, 10, 0, 5, 35, 0, 0, 5, 5, 0, 295, 930, 930, 955, 960, 960, 935, 955
Number of fish expected: 3042

20, 20, 40, 10, 10, 5, 10, 0, 5, 10, 5, 75, 35, 5, 10, 5, 5, 90, 25, 10, 640, 15, 15, 20, 15
Number of fish expected: 2829

15, 25, 15, 15, 10, 55, 10, 5, 10, 10, 5, 10, 5, 10, 20, 5, 5, 15, 5, 10, 150, 5, 750, 10, 5
Number of fish expected: 2549

15, 30, 10, 25, 25, 5, 5, 115, 20, 10, 0, 10, 40, 15, 5, 25, 155, 15, 60, 80, 25, 135, 90, 50, 0
Number of fish expected: 2231

5, 10, 0, 10, 5, 20, 10, 340, 5, 0, 5, 0, 0, 10, 15, 55, 65, 515, 25, 10, 35, 35, 10, 15, 15
Number of fish expected: 4862

45, 5, 10, 0, 10, 5, 10, 5, 5, 60, 15, 10, 10, 15, 120, 10, 320, 25, 10, 40, 155, 10, 40, 5, 30
Number of fish expected: 2276

25, 10, 20, 0, 10, 0, 10, 10, 5, 55, 0, 20, 5, 0, 10, 15, 50, 5, 5, 20, 15, 10, 5, 10, 845
Number of fish expected: 2578

5, 20, 70, 0, 5, 0, 0, 0, 5, 5, 20, 10, 45, 10, 10, 15, 10, 10, 40, 15, 5, 20, 20, 10, 10
Number of fish expected: 3356

0, 10, 10, 5, 10, 5, 0, 10, 20, 5, 55, 30, 5, 30, 10, 20, 0, 0, 15, 10, 10, 5, 835, 905, 950
Number of fish expected: 1756

60, 5, 5, 0, 10, 5, 0, 15, 10, 5, 0, 0, 5, 5, 0, 10, 5, 0, 15, 0, 110, 760, 10, 5, 25
Number of fish expected: 3777

40, 5, 0, 5, 10, 15, 0, 0, 40, 5, 0, 20, 10, 10, 10, 5, 10, 0, 30, 30, 10, 5, 10, 10, 15
Number of fish expected: 2867

5, 5, 5, 5, 5, 15, 0, 10, 15, 15, 10, 30, 10, 10, 60, 20, 15, 5, 20, 10, 10, 615, 10, 10, 10
Number of fish expected: 2402

5, 5, 0, 0, 0, 5, 5, 5, 5, 5, 0, 0, 0, 0, 0, 0, 0, 5, 0, 5, 5, 5, 0, 80, 830
Number of fish expected: 1959

0, 10, 5, 15, 10, 5, 15, 5, 10, 5, 10, 30, 10, 5, 15, 15, 25, 0, 5, 30, 15, 15, 25, 20, 885
Number of fish expected: 2547

45, 15, 10, 775, 910, 950, 920, 940, 955, 915, 925, 925, 935, 960, 960, 955, 905, 915, 925, 905, 905, 955, 955, 920, 910
Number of fish expected: 2959

5, 5, 10, 90, 15, 20, 0, 10, 0, 15, 35, 10, 5, 55, 10, 10, 10, 5, 10, 575, 55, 10, 10, 10, 10
Number of fish expected: 2426

0, 65, 5, 5, 0, 690, 960, 930, 955, 945, 925, 910, 940, 955, 925, 950, 930, 920, 955, 930, 945, 935, 930, 950, 945
Number of fish expected: 5558

15, 5, 5, 10, 0, 0, 0, 30, 10, 50, 5, 5, 10, 10, 140, 10, 25, 25, 5, 10, 0, 15, 35, 795, 10
Number of fish expected: 2879

60, 10, 0, 30, 5, 10, 10, 10, 10, 15, 25, 0, 5, 15, 10, 10, 10, 20, 5, 25, 720, 15, 5, 30, 10
Number of fish expected: 1846

85, 15, 15, 20, 25, 10, 10, 10, 15, 10, 25, 25, 10, 40, 95, 15, 10, 10, 45, 10, 15, 15, 30, 205, 15
Number of fish expected: 4832

10, 10, 10, 15, 5, 200, 0, 0, 10, 10, 25, 10, 10, 5, 25, 80, 10, 110, 20, 15, 15, 10, 15, 165, 935
Number of fish expected: 6433

10, 10, 20, 75, 375, 20, 15, 30, 10, 10, 10, 25, 10, 10, 5, 10, 5, 45, 10, 10, 10, 10, 5, 15, 30
Number of fish expected: 2863

0, 5, 10, 15, 5, 10, 5, 5, 10, 5, 15, 485, 15, 5, 5, 0, 5, 0, 10, 70, 15, 10, 15, 5, 45
Number of fish expected: 4204

5, 0, 25, 10, 5, 10, 10, 75, 35, 10, 10, 10, 10, 10, 10, 10, 15, 45, 10, 10, 360, 40, 10, 10, 20
Number of fish expected: 2143

320, 45, 15, 15, 10, 30, 10, 65, 25, 10, 110, 5, 10, 0, 10, 15, 0, 10, 10, 15, 10, 30, 10, 10, 10
Number of fish expected: 3541

5, 10, 5, 5, 0, 0, 0, 5, 0, 0, 0, 5, 0, 0, 820, 960, 955, 960, 955, 955, 960, 960, 960, 955, 955
Number of fish expected: 8379

10, 15, 50, 10, 10, 10, 10, 5, 20, 10, 105, 70, 20, 10, 10, 15, 0, 0, 20, 10, 0, 0, 30, 345, 10
Number of fish expected: 5774

5, 5, 0, 5, 0, 0, 10, 5, 5, 0, 10, 0, 0, 10, 0, 10, 0, 5, 760, 960, 955, 960, 955, 960, 955
Number of fish expected: 8684

0, 55, 30, 15, 10, 130, 60, 10, 5, 10, 20, 5, 125, 10, 10, 10, 10, 40, 115, 10, 65, 15, 10, 10, 15
Number of fish expected: 5384

0, 495, 5, 10, 10, 35, 15, 10, 10, 15, 15, 10, 15, 65, 5, 15, 10, 10, 10, 10, 5, 5, 10, 5, 5
Number of fish expected: 2746

0, 0, 5, 0, 0, 0, 0, 0, 0, 0, 0, 0, 5, 5, 0, 0, 0, 5, 5, 0, 0, 0, 750, 960, 960
Number of fish expected: 13075

535, 10, 10, 10, 10, 80, 5, 5, 0, 0, 20, 5, 5, 5, 15, 5, 10, 10, 0, 5, 15, 10, 0, 10, 945
Number of fish expected: 3735

0, 0, 0, 0, 930, 955, 960, 960, 960, 955, 955, 960, 960, 955, 960, 960, 955, 960, 955, 960, 955, 955, 955, 955, 955
Number of fish expected: 18600

10, 10, 20, 60, 15, 10, 10, 10, 10, 30, 10, 10, 375, 10, 5, 10, 5, 75, 15, 10, 50, 10, 10, 10, 20
Number of fish expected: 5497

0, 25, 0, 10, 0, 0, 5, 0, 5, 0, 0, 0, 5, 5, 10, 795, 955, 960, 960, 960, 955, 955, 955, 955, 955
Number of fish expected: 7090

15, 0, 10, 10, 0, 0, 25, 10, 0, 0, 795, 15, 645, 20, 10, 10, 5, 20, 25, 10, 25, 10, 10, 15, 35
Number of fish expected: 5592

5, 10, 15, 10, 10, 35, 10, 15, 10, 15, 530, 30, 0, 10, 0, 5, 5, 15, 20, 10, 5, 10, 10, 0, 5
Number of fish expected: 2551

0, 5, 0, 5, 0, 5, 0, 890, 960, 960, 955, 960, 955, 955, 955, 955, 955, 955, 955, 955, 960, 960, 960, 960, 955
Number of fish expected: 10396

20, 10, 5, 150, 5, 5, 0, 105, 5, 150, 40, 160, 10, 0, 5, 5, 85, 5, 20, 10, 5, 5, 10, 15, 915
Number of fish expected: 7131

15, 5, 25, 10, 10, 10, 15, 10, 10, 25, 5, 20, 10, 45, 10, 20, 5, 285, 160, 10, 20, 0, 15, 5, 15
Number of fish expected: 3764

10, 10, 15, 455, 10, 70, 5, 0, 10, 0, 10, 5, 5, 5, 10, 0, 5, 0, 5, 10, 35, 0, 25, 45, 35
Number of fish expected: 4475

0, 5, 0, 5, 0, 5, 0, 885, 960, 955, 955, 960, 955, 960, 960, 960, 960, 955, 955, 955, 960, 955, 955, 960, 955
Number of fish expected: 8492

5, 10, 10, 45, 20, 10, 5, 10, 40, 10, 10, 10, 10, 10, 320, 15, 10, 25, 10, 15, 10, 10, 100, 40, 15
Number of fish expected: 2574

250, 10, 30, 10, 15, 25, 10, 10, 70, 15, 10, 10, 10, 20, 10, 10, 115, 10, 15, 20, 20, 20, 45, 15, 10
Number of fish expected: 3160

0, 0, 0, 0, 0, 0, 0, 905, 955, 960, 955, 960, 960, 960, 960, 960, 955, 955, 955, 955, 960, 960, 955, 960, 955
Number of fish expected: 17195

15, 15, 50, 35, 50, 20, 5, 5, 20, 15, 10, 10, 10, 15, 5, 5, 10, 5, 10, 20, 410, 35, 5, 10, 10
Number of fish expected: 5788

100, 10, 10, 0, 10, 10, 5, 5, 5, 5, 50, 80, 130, 0, 40, 0, 65, 5, 5, 5, 15, 5, 0, 215, 5
Number of fish expected: 7654

10, 170, 20, 25, 160, 10, 10, 90, 10, 115, 10, 10, 10, 15, 10, 10, 10, 10, 10, 10, 10, 10, 5, 15, 5
Number of fish expected: 4333

130, 10, 5, 10, 10, 10, 10, 5, 10, 25, 10, 10, 30, 10, 5, 15, 30, 15, 10, 10, 20, 360, 10, 15, 5
Number of fish expected: 6219

230, 20, 0, 15, 35, 10, 10, 165, 15, 10, 10, 15, 10, 35, 15, 25, 15, 10, 10, 10, 20, 30, 10, 15, 15
Number of fish expected: 3353

15, 5, 10, 20, 15, 10, 10, 10, 10, 15, 5, 10, 25, 10, 40, 20, 10, 70, 310, 10, 10, 95, 0, 10, 10
Number of fish expected: 3103

5, 5, 5, 875, 10, 10, 10, 485, 10, 10, 10, 10, 10, 10, 10, 10, 20, 10, 20, 20, 15, 10, 10, 30, 80
Number of fish expected: 5437

10, 15, 10, 5, 10, 10, 10, 10, 10, 45, 10, 30, 15, 10, 20, 20, 5, 10, 15, 5, 335, 10, 135, 10, 10
Number of fish expected: 5152

5, 10, 5, 10, 20, 10, 5, 10, 0, 65, 550, 5, 5, 20, 5, 5, 40, 5, 10, 10, 10, 850, 0, 10, 30
Number of fish expected: 4263

5, 10, 5, 30, 5, 5, 30, 495, 15, 10, 0, 5, 10, 0, 5, 0, 10, 0, 30, 5, 5, 20, 15, 15, 55
Number of fish expected: 4687

10, 5, 0, 0, 0, 0, 0, 0, 5, 0, 0, 0, 845, 960, 955, 955, 960, 960, 955, 955, 955, 955, 955, 955, 955
Number of fish expected: 14563

40, 0, 5, 435, 35, 5, 45, 0, 15, 5, 20, 15, 5, 10, 15, 10, 5, 65, 10, 0, 5, 10, 10, 5, 950
Number of fish expected: 3225

5, 0, 0, 0, 0, 0, 915, 960, 955, 960, 955, 955, 960, 955, 955, 955, 955, 955, 960, 955, 960, 960, 960, 960, 955
Number of fish expected: 16566

10, 0, 10, 0, 10, 10, 10, 0, 10, 5, 5, 0, 15, 585, 5, 0, 0, 5, 0, 0, 120, 195, 675, 30, 15
Number of fish expected: 5908

5, 30, 15, 75, 80, 5, 5, 10, 100, 15, 25, 45, 10, 10, 105, 10, 25, 30, 10, 5, 105, 5, 55, 15, 5
Number of fish expected: 4475

5, 20, 0, 40, 865, 955, 955, 960, 955, 955, 955, 960, 955, 955, 960, 955, 960, 955, 960, 960, 960, 960, 960, 960, 960
Number of fish expected: 5296

5, 10, 10, 10, 10, 10, 10, 0, 0, 5, 5, 20, 0, 5, 10, 30, 610, 5, 0, 55, 75, 10, 5, 15, 795
Number of fish expected: 4865

40, 10, 20, 0, 10, 5, 15, 15, 10, 5, 15, 10, 15, 45, 130, 10, 15, 65, 5, 5, 10, 120, 10, 225, 935
Number of fish expected: 4637

20, 35, 5, 15, 5, 5, 30, 10, 20, 10, 10, 10, 0, 5, 20, 15, 10, 5, 15, 5, 15, 10, 500, 5, 10
Number of fish expected: 4754

365, 35, 15, 10, 15, 30, 10, 25, 0, 20, 10, 20, 25, 10, 70, 10, 10, 10, 10, 30, 10, 20, 10, 10, 5
Number of fish expected: 2457

5, 10, 15, 10, 30, 20, 10, 10, 10, 0, 15, 25, 5, 5, 15, 5, 25, 15, 475, 0, 10, 40, 10, 10, 15
Number of fish expected: 2685

10, 5, 0, 10, 10, 5, 0, 10, 20, 10, 0, 10, 10, 45, 10, 5, 15, 0, 15, 30, 545, 10, 5, 10, 925
Number of fish expected: 5056

45, 5, 10, 5, 0, 430, 0, 5, 0, 5, 20, 5, 25, 0, 5, 10, 10, 95, 0, 10, 15, 0, 0, 10, 90
Number of fish expected: 4828

155, 15, 10, 10, 5, 170, 15, 20, 95, 10, 10, 30, 10, 10, 10, 5, 5, 60, 10, 20, 15, 10, 25, 10, 25
Number of fish expected: 3647

0, 0, 5, 5, 5, 0, 0, 5, 0, 0, 15, 0, 0, 10, 5, 0, 5, 5, 15, 0, 745, 10, 910, 10, 10
Number of fish expected: 8568

15, 5, 10, 550, 10, 5, 5, 20, 10, 20, 10, 10, 10, 5, 10, 10, 10, 10, 15, 15, 20, 5, 10, 10, 10
Number of fish expected: 2500

10, 10, 10, 10, 15, 420, 25, 5, 10, 10, 10, 10, 10, 20, 10, 80, 10, 20, 10, 10, 10, 40, 10, 10, 10
Number of fish expected: 1818

485, 10, 25, 15, 10, 10, 15, 20, 25, 10, 15, 10, 10, 10, 10, 15, 10, 10, 10, 10, 10, 10, 10, 10, 10
Number of fish expected: 2107

25, 5, 5, 5, 20, 10, 20, 10, 50, 10, 35, 5, 35, 25, 10, 10, 15, 20, 5, 5, 15, 315, 10, 130, 935
Number of fish expected: 5642

10, 0, 0, 10, 5, 5, 5, 5, 5, 0, 10, 5, 0, 5, 0, 0, 0, 0, 5, 730, 15, 860, 10, 10, 20
Number of fish expected: 7382

5, 10, 930, 960, 955, 960, 955, 960, 960, 960, 955, 960, 960, 955, 955, 960, 960, 960, 955, 955, 955, 955, 960, 960, 960
Number of fish expected: 5813

15, 5, 55, 10, 60, 75, 10, 50, 0, 0, 5, 5, 5, 0, 215, 15, 10, 50, 60, 15, 10, 5, 20, 90, 15
Number of fish expected: 5053

0, 15, 10, 0, 5, 0, 5, 10, 140, 5, 10, 20, 535, 10, 10, 5, 20, 10, 15, 20, 15, 795, 5, 5, 25
Number of fish expected: 6044

40, 20, 10, 10, 65, 35, 10, 15, 70, 15, 10, 10, 5, 135, 0, 10, 30, 120, 15, 20, 100, 15, 10, 10, 15
Number of fish expected: 5097

45, 5
Number of fish expected: 31

240, 40, 20, 10
Number of fish expected: 480

115, 10, 50, 35
Number of fish expected: 724

305, 10, 10, 475, 155, 20, 150, 20, 55, 145
Number of fish expected: 2408

345, 20, 40, 35, 360, 145, 150, 110, 25, 230, 100, 65, 50, 5, 0, 365, 475, 305, 530, 770, 485, 480, 245, 65, 55
Number of fish expected: 792

65, 55, 10, 155, 250, 105, 370, 115
Number of fish expected: 422

45, 10, 35, 15, 160, 255, 240, 50, 230, 300, 105, 90, 60, 380, 885, 910, 95, 85, 100, 150, 310, 65, 405, 50, 0
Number of fish expected: 305

85, 30, 270, 165, 340, 70, 35, 90, 60, 305, 80, 185, 270, 120
Number of fish expected: 163

240, 335, 150, 135, 90, 120, 55, 175, 390, 160, 290, 545, 15, 180, 280, 10
Number of fish expected: 45

360, 260, 295, 410, 165, 115, 200, 0, 65, 265, 95, 125, 275, 15, 195, 855, 405, 230, 950, 5, 315, 15, 250
Number of fish expected: 45

240, 420, 20, 305, 55, 220, 0, 285, 80, 365, 40, 80, 195, 480, 515, 180, 230, 15
Number of fish expected: 1056

0, 0, 0, 85, 675, 180, 0, 170, 110, 95, 145, 150, 50, 55, 160, 25, 255, 25, 0, 500, 20, 15
Number of fish expected: 1530

25, 5, 0, 10, 470
Number of fish expected: 295

120, 10, 5, 5, 100, 0, 25, 105, 130, 520, 150, 165, 65, 825, 830, 30, 95, 125, 425, 470, 100, 85, 165, 40, 105
Number of fish expected: 104

80, 10, 70, 385, 60, 115, 40, 255, 175, 70, 235, 265, 45, 110, 55, 165, 5, 350
Number of fish expected: 574

50, 140, 30, 10, 205, 10, 190, 250, 95, 105, 10
Number of fish expected: 859

115, 35, 10, 15, 180, 80, 280, 15, 10, 530, 160, 175
Number of fish expected: 404

170, 15, 255, 130, 25, 20, 105, 105, 185
Number of fish expected: 180

65, 10, 220, 105, 115, 0, 5
Number of fish expected: 63

505, 20
Number of fish expected: 358

120, 330, 185, 180, 370, 25, 30, 50, 15, 175
Number of fish expected: 18

285, 10, 315, 275, 335
Number of fish expected: 687

255, 15, 365, 135, 55, 275, 150
Number of fish expected: 84

150, 25, 10, 10, 20, 425
Number of fish expected: 124

360, 50, 135, 70, 5, 395, 400, 45, 40, 165, 60, 160, 30, 220, 475, 20, 270
Number of fish expected: 498

90, 30, 205, 135, 35, 575, 225, 115, 480, 10, 715, 810, 730, 750, 110, 70, 165, 5, 90, 420
Number of fish expected: 948

415, 10, 15, 75, 125, 10, 330
Number of fish expected: 237

60, 10, 10, 40, 220, 120, 15, 175, 15, 260, 15, 275, 40, 180, 280, 190, 0, 50, 55, 15, 45
Number of fish expected: 587

130, 30, 25, 345, 140, 35, 5, 190, 50, 90, 310, 220, 20, 10, 35, 65, 370, 20, 0
Number of fish expected: 505

900, 720, 565, 670, 635, 785, 650, 715, 660, 545, 860, 580, 860
Number of fish expected: 3240

125, 10, 40, 330
Number of fish expected: 133

155, 20, 10, 0, 600, 560, 265, 500, 730, 895, 870, 655, 475, 500, 690, 810, 795, 520
Number of fish expected: 326

245, 5, 20, 10, 180, 275, 15, 280, 615, 835, 820, 765, 605
Number of fish expected: 396

25, 320, 640, 735, 675, 635, 35, 70, 90, 25, 10, 80
Number of fish expected: 4146

475, 20
Number of fish expected: 219

10, 50, 10, 45, 95, 10, 15, 150, 285, 135, 265, 105, 5, 0, 195, 610
Number of fish expected: 334

85, 10, 595, 575, 635, 650, 205, 50, 190, 20, 100, 50, 300, 0, 40, 105, 0, 70, 25, 355, 220, 710, 770
Number of fish expected: 247

5, 30, 50, 475, 75, 20, 190, 270, 270, 305, 15, 5, 265, 155, 35, 5, 0, 25, 0, 0, 5, 5, 0, 165
Number of fish expected: 1137

140, 10, 10, 95, 280, 140, 65, 170, 10
Number of fish expected: 832

70, 10, 15, 235, 170, 210, 125, 330, 190, 5, 15, 325, 10, 10, 325
Number of fish expected: 186

135, 10, 15, 30, 20, 305, 300, 235
Number of fish expected: 288

100, 20, 405, 25, 115, 130, 290, 0, 360, 125, 175, 45, 155, 80
Number of fish expected: 200

125, 10, 30, 95, 85, 215, 45, 55, 215, 5, 470, 95, 675, 875, 785, 785, 185, 150, 175, 30
Number of fish expected: 169

165, 15, 170, 10, 80, 40, 90, 170, 160, 235, 190, 10, 10, 280, 170, 15, 5, 165, 0, 10, 445, 565
Number of fish expected: 1377

60, 165, 115, 180, 330, 60, 160, 400, 75, 95, 20, 180, 65, 10, 10, 50, 170, 150
Number of fish expected: 76

60, 30, 135, 160, 385, 50, 435, 20, 145
Number of fish expected: 46

325, 25, 185, 155, 290, 35, 150, 160, 10, 240
Number of fish expected: 369

300, 40, 330, 35, 220, 140, 335, 305, 70, 20, 240, 80, 70, 130, 200, 910, 225, 960, 200, 0, 0, 330, 125, 35, 245
Number of fish expected: 11

375, 10, 45, 90, 505, 480, 75, 350, 345, 470, 55, 5, 260, 130, 425, 245, 10, 10, 380, 0, 355, 10, 5
Number of fish expected: 155

195, 10, 60, 155, 5, 145, 210, 205, 50, 55, 85, 175, 105, 915, 10
Number of fish expected: 44

355, 45
Number of fish expected: 751

180, 75, 20, 795, 835, 800, 645, 590, 245, 125, 60, 235, 305
Number of fish expected: 60

240, 160, 190, 520, 720, 675, 245, 100, 130, 215, 445, 145, 165, 155, 175
Number of fish expected: 20

60, 495
Number of fish expected: 77

250, 10, 630, 815, 15, 305, 155, 20, 295, 200, 70, 110
Number of fish expected: 128

60, 175, 270, 685, 685, 95, 305, 10, 385, 185, 140
Number of fish expected: 11

60, 180, 90, 650, 155, 345, 10, 265, 15, 55, 25, 190, 15, 370, 125, 935, 510, 585, 10, 350, 210
Number of fish expected: 246

240, 205
Number of fish expected: 111

90, 15, 10, 10, 10, 185, 5, 155, 110, 160, 95, 100, 45, 55, 310, 85, 395, 85, 200, 85, 175
Number of fish expected: 1106

340, 5, 85, 145, 70, 215, 15, 235, 420, 40, 110, 40, 70, 320, 190, 180, 45
Number of fish expected: 57

90, 10, 90, 10, 75, 15, 140, 245, 130, 180, 105, 215, 85, 15, 310, 110, 115
Number of fish expected: 199

260, 10, 65, 135, 60, 65, 120, 10, 5, 160, 290, 0, 215, 300, 140, 310, 295, 20, 405, 10, 15, 250
Number of fish expected: 718

300, 295, 10, 110
Number of fish expected: 60

20, 10, 55, 115, 210, 20, 35, 95, 135, 325, 50, 175, 310, 300, 70, 5, 280
Number of fish expected: 71

165, 10, 45, 105, 105, 0, 415, 160, 10, 10, 195, 145, 120, 95, 10, 140, 70, 200, 35, 285
Number of fish expected: 223

70, 10, 40, 15, 60
Number of fish expected: 154

300, 145, 135, 70, 115, 135, 45, 55, 345, 225, 60, 190, 115, 60, 305, 160, 165, 120, 50, 115, 35, 145
Number of fish expected: 82

155, 10, 45, 230, 65, 120, 15, 410, 190, 25, 80, 0, 295, 60, 30, 215, 95, 50, 190, 40, 410, 15
Number of fish expected: 59

25, 0, 10, 10, 45, 130, 80, 40, 315, 5, 0, 85, 215, 50, 225, 145
Number of fish expected: 448

5, 90, 50, 55, 5, 35, 5, 175, 260, 10, 430, 105, 240, 275
Number of fish expected: 359

125, 15, 25, 45, 70, 30, 20, 30, 200, 130, 175, 190, 220, 75, 325, 225, 20, 120, 180, 310, 235, 115, 240, 230
Number of fish expected: 126

60, 10, 10, 10, 85, 100, 135, 30, 225, 55, 305, 80, 5, 30, 330
Number of fish expected: 218

130, 5, 20, 205, 15, 65, 290, 0
Number of fish expected: 126

60, 160, 110, 65, 110, 90, 5, 155, 385, 80, 255, 220, 245, 320, 180, 110, 290, 15, 260, 295
Number of fish expected: 58

5, 5, 0, 20, 335, 775, 640, 905, 890
Number of fish expected: 2603

120, 10, 15, 10, 10, 190, 300, 415, 175, 15, 65, 210, 305, 20, 15, 80, 55
Number of fish expected: 539

15, 15, 40, 15, 195, 180, 60, 200, 285
Number of fish expected: 142

65, 10, 5, 100, 0, 60, 150, 865, 175, 115, 395, 15, 795, 0, 65, 815, 475, 55, 470
Number of fish expected: 182

5, 715, 5, 250, 75, 150, 330, 950, 930, 225, 160, 390, 10, 745, 715, 250, 40, 5, 365, 5, 0, 190, 695
Number of fish expected: 5642

0, 5, 10, 30, 20, 115, 50, 155, 225, 790, 120, 835
Number of fish expected: 418

900, 755
Number of fish expected: 900

120, 655, 895, 5, 590, 615, 580, 625, 840, 5, 85, 75, 20, 845, 210
Number of fish expected: 84

420, 495, 475, 485, 5, 720, 705, 620, 480, 540, 745, 575, 570
Number of fish expected: 18

60, 865, 900, 540, 515, 745, 495, 815, 680, 565, 470, 875, 560, 495, 595, 705, 900, 880, 485, 695, 880, 885, 690, 470
Number of fish expected: 0

25, 70, 900, 665, 640, 730, 820, 830, 5, 90, 30, 40, 150, 360, 0, 35, 855, 80, 5, 5, 70, 25, 690
Number of fish expected: 925

335, 10, 10, 10, 45, 115
Number of fish expected: 297

175, 10, 10
Number of fish expected: 702

155, 15, 10, 105, 70, 150
Number of fish expected: 218

160, 10, 25, 10, 410, 155, 240, 90, 15, 15, 50, 10
Number of fish expected: 485

50, 20, 45, 110, 20, 315, 170, 440, 45, 20, 140, 15, 190
Number of fish expected: 166

60, 415, 80, 350, 10, 95, 75, 220, 85, 405, 210, 75, 75, 110, 50, 10, 95, 40, 10, 565, 755, 795, 475, 710, 935
Number of fish expected: 0

60, 95, 40, 120, 255, 145, 215, 175, 95, 260, 10
Number of fish expected: 80

85, 10, 250, 60, 25
Number of fish expected: 122

85, 10, 10, 25, 85, 10, 55, 370, 70, 15, 15, 50, 10, 15, 175, 10, 390, 670, 790, 505
Number of fish expected: 243

35, 0, 40, 110, 190, 245, 70, 0, 15, 130, 50, 10, 15, 115, 10, 530, 865, 690
Number of fish expected: 966

40, 10, 325, 80, 15, 125, 180, 35, 50, 150, 185, 50, 25, 165, 15, 10, 110, 850, 685, 880, 960, 615
Number of fish expected: 184

300, 135, 15, 10, 75, 30, 285, 65, 5, 10
Number of fish expected: 330

85, 10, 10, 170, 75, 345, 145, 135, 35, 140, 15, 50, 60, 10, 145, 15, 10, 25, 320, 65, 300, 170, 165, 5
Number of fish expected: 228

390, 15, 10, 15, 105, 45, 85, 315, 30
Number of fish expected: 433

215, 20, 90, 20, 10, 335, 155
Number of fish expected: 948

330, 15, 480, 140, 50, 25, 135, 65, 10, 125, 45, 860, 10, 235, 15, 85, 940, 660, 110, 95
Number of fish expected: 1513

125, 35, 30, 50, 105, 590, 320
Number of fish expected: 546

60, 90, 360, 50
Number of fish expected: 27

60, 145
Number of fish expected: 70

150, 10, 185, 190, 360, 45, 365, 45, 345
Number of fish expected: 156

360, 70, 70, 420, 195, 150, 85, 90, 120, 190, 190, 900, 610, 815, 710
Number of fish expected: 114

10, 30, 5, 280, 325, 230, 195, 220, 245, 215, 50, 785, 885, 845, 675
Number of fish expected: 158

5, 5, 400, 200, 195, 270, 280, 95, 275, 120, 465, 135, 870, 235, 165, 40, 760, 510, 640, 485, 670
Number of fish expected: 87

75, 35, 190, 280, 355, 205, 345, 5
Number of fish expected: 244

230, 10, 205, 140, 345, 170, 175, 15, 60, 30, 860, 795, 40, 465, 50, 875, 930
Number of fish expected: 162

35, 15, 60, 350, 140, 340, 5, 125, 490, 535, 15, 270, 805, 815
Number of fish expected: 617

300, 135, 355, 35, 10, 70, 345, 15, 100, 410, 30, 785, 65, 345, 640, 555, 130, 5, 90, 15, 5, 290
Number of fish expected: 77

120, 215, 100, 70, 10, 45, 0, 80, 75, 505, 30, 785, 720, 85, 145, 5, 60
Number of fish expected: 202

180, 130, 225
Number of fish expected: 800

5, 5, 240, 120, 115, 235, 180, 75, 75, 275, 150, 280, 890, 845, 60, 280, 635, 540, 580, 120, 960, 0, 65, 5, 10
Number of fish expected: 82

5, 280, 240, 35, 5, 180, 135
Number of fish expected: 3788

135, 5, 240, 160, 25, 240, 0, 345
Number of fish expected: 140

120, 10
Number of fish expected: 392

120, 125, 320, 160, 335
Number of fish expected: 129

150, 15, 120, 245, 65, 275, 20, 140, 460, 10, 165, 780, 55, 510, 515, 490, 60, 790, 5, 0, 10, 10, 25, 60, 125
Number of fish expected: 148

85, 50, 20, 20, 100, 155, 70, 305, 80, 390, 275, 250, 120, 170, 100, 25, 220, 115, 300, 310
Number of fish expected: 804

120, 160, 95, 285, 125, 55, 365, 40, 320, 20
Number of fish expected: 103

240, 25, 40
Number of fish expected: 55

335, 10, 10, 10, 15, 15, 45, 10, 15, 10
Number of fish expected: 1112

0, 5, 0, 0, 35, 200, 40, 220, 435, 0, 10, 10, 275, 240, 430, 10, 255, 115, 70
Number of fish expected: 651

145, 10, 15, 10, 40, 40, 10, 20, 20, 10, 5, 15, 15, 15, 10, 15, 15, 10, 10, 10, 10
Number of fish expected: 1507

5, 0, 0, 750, 270, 305, 75, 10, 20, 10, 10, 10, 85, 10, 10
Number of fish expected: 12550

15, 10, 20, 20, 15, 30, 5, 35, 50, 5, 10, 15, 35, 10, 20, 70, 10, 0, 25, 40, 10
Number of fish expected: 2745

15, 5, 95, 30, 10, 10, 10, 0, 5, 35, 20, 10, 10, 10, 10, 25, 100, 10, 10, 10, 10, 10
Number of fish expected: 2366

5, 10, 40, 570, 20, 15, 10, 10, 5, 10, 5, 10, 70, 0, 25, 20, 60
Number of fish expected: 3521

30, 25, 10, 15, 25, 80, 10, 15, 15, 10, 15, 55, 10, 10, 10, 15, 10, 5, 10, 70, 35, 15, 50, 10
Number of fish expected: 2266

40, 20, 0, 0, 10, 0, 5, 5, 0, 5, 5, 0, 0, 235
Number of fish expected: 2559

190, 10, 10, 10
Number of fish expected: 186

0, 0, 0, 0, 0, 0, 0, 0, 0, 60, 60, 700, 0, 0, 165
Number of fish expected: 1110

5, 0, 10, 0, 0, 0, 0, 290, 200, 525, 150, 10, 20, 10
Number of fish expected: 4411

220, 10, 10, 10, 40, 10, 10, 15, 15, 10, 10, 10, 30, 40, 15, 10, 10
Number of fish expected: 1776

10, 5, 0, 5, 135, 0, 20, 20, 45, 40, 5, 0, 5, 10, 10, 10, 5, 25, 340, 400, 175
Number of fish expected: 3015

10, 10, 0, 20, 555, 45, 100, 50, 10, 10, 15, 275
Number of fish expected: 2503

225, 10
Number of fish expected: 295

815, 10, 10, 5, 10, 75
Number of fish expected: 1017

5, 5, 10, 10, 5, 30, 10, 0, 225, 165, 730, 0, 0, 10, 10, 270, 395, 215, 15
Number of fish expected: 1997

0, 15, 65, 5, 10, 5, 5, 15, 10, 0, 25, 10, 35, 10
Number of fish expected: 1862

20, 35, 10, 10, 10
Number of fish expected: 306

65, 10, 10, 10, 10, 10, 10, 10, 45, 10, 10, 10, 10, 30, 15, 30, 10, 10, 10, 15, 10, 20, 30, 10
Number of fish expected: 2307

0, 0, 5, 15, 15, 670, 15, 55, 805, 80, 160, 735, 5, 15, 5, 10
Number of fish expected: 5299

280, 10
Number of fish expected: 741

320, 10, 10, 20, 10, 10, 10, 10, 10, 10, 20, 10, 10, 0, 10, 20, 15, 10, 20, 10, 20, 10, 10, 15, 10
Number of fish expected: 2210

10, 10, 0, 95, 5, 35, 10, 10, 5
Number of fish expected: 893

0, 0, 5, 5, 25, 15, 0, 0, 0, 5, 70, 5, 10, 0, 0, 5, 5, 0, 5, 350
Number of fish expected: 6063

205, 45, 10, 15, 15, 25, 25, 15, 50, 10, 10, 10, 10, 10, 25, 15
Number of fish expected: 1584

5, 10, 10, 0, 15, 5, 5, 5, 5, 5, 10, 15, 5, 10, 5, 20, 5, 0, 15, 15, 15, 50, 125, 15
Number of fish expected: 2150

10, 10, 15, 425, 205, 10, 0, 30, 15, 40, 10
Number of fish expected: 2362

125, 15, 10, 10, 10, 10, 10, 10, 10, 30
Number of fish expected: 804

15, 10, 10, 40, 10, 10, 5, 10, 10, 30, 35, 160, 5, 15, 15, 10, 15, 430
Number of fish expected: 3002

340, 15, 45, 10, 30, 10, 35, 10
Number of fish expected: 1228

10, 10, 0, 5, 10, 5, 0, 0, 0, 20, 0, 10, 15, 5, 95, 15, 10, 15, 895, 955, 960, 955
Number of fish expected: 1852

0, 15, 15, 35, 5, 5, 5, 10, 0, 10, 10, 10, 10, 10, 15, 10, 10, 15, 10, 5, 90, 10, 200
Number of fish expected: 2480

5, 5, 5, 0, 5, 10, 10, 35
Number of fish expected: 738

20, 10, 15, 10, 0, 5, 15
Number of fish expected: 715

5, 10, 10, 10, 45, 10, 10, 5, 785
Number of fish expected: 853

20, 15, 15, 25, 30, 20, 0, 10, 10, 75, 15, 10, 5, 5, 10, 10, 5, 5, 35, 730
Number of fish expected: 1939

255, 10, 10, 10
Number of fish expected: 685

10, 5, 5, 105, 0, 5, 10, 40, 0, 5, 20, 10, 5, 0, 5, 5, 5, 5, 10
Number of fish expected: 2212

10, 10, 260, 0, 20, 15, 5, 15, 10, 10, 10, 10, 15
Number of fish expected: 1156

480, 10, 10, 10, 10, 45
Number of fish expected: 758

0, 10, 10, 5, 0, 5, 0, 0, 245, 5, 0, 40, 5, 5, 5, 10, 15
Number of fish expected: 3767

315, 20, 10, 45, 15, 70, 10, 10, 15, 35, 10, 5, 15, 15, 15, 10
Number of fish expected: 2001

25, 0, 0, 705, 20
Number of fish expected: 2414

0, 0, 5, 0, 0, 440, 10, 10, 5, 905
Number of fish expected: 7135

90, 10, 15, 15, 25, 10, 10, 15, 10, 5, 15, 10, 10, 10, 30, 5, 10, 0, 30, 10
Number of fish expected: 1950

5, 15, 10, 225, 10, 5, 10, 10, 5, 905, 960
Number of fish expected: 1177

10, 10, 25, 5, 0, 10, 325, 15, 10, 10
Number of fish expected: 880

675, 40
Number of fish expected: 254

5, 5, 10, 85, 10, 45, 10, 10, 5, 835, 955, 960, 960, 960, 960, 955, 955, 960
Number of fish expected: 958

0, 5, 0, 695, 10, 45, 10, 10, 5, 850, 955, 960, 960
Number of fish expected: 10235

280, 0, 35, 10, 15, 10, 10, 20, 30, 5
Number of fish expected: 685

50, 20, 20, 10, 10, 130, 5, 10, 25, 20, 390, 15, 10, 10, 10, 20, 15, 15
Number of fish expected: 2654

210, 10, 15, 10, 35, 10, 20, 10, 10, 20
Number of fish expected: 1148

420, 5, 10, 10, 10, 10, 130, 5, 10, 25, 20, 510, 20, 0, 5, 0, 0, 0, 15, 5, 30
Number of fish expected: 3528

0, 0, 0, 0, 5, 0, 5, 5, 5, 950
Number of fish expected: 231

25, 5, 715, 15, 10, 45, 130, 10, 15, 10, 15, 5, 515, 45, 55
Number of fish expected: 5446

105, 10, 20, 10, 15, 15, 75, 0, 20, 20, 10, 10, 5, 10
Number of fish expected: 1426

140, 35
Number of fish expected: 393

10, 0, 220, 20, 0, 0, 10, 5, 15, 35, 5, 20, 10, 0, 5, 0, 10, 5, 40, 0, 15, 955, 955
Number of fish expected: 3582

520, 10
Number of fish expected: 181

740, 10, 15
Number of fish expected: 217

10, 10, 20, 10, 5, 10, 0, 5, 5, 0, 10, 5, 10, 10, 5, 10, 10, 15, 915, 960, 960
Number of fish expected: 1206

465, 45, 10, 10, 10, 15
Number of fish expected: 377

80, 50, 10, 10, 10, 10, 10, 10, 20, 15, 25, 20, 15, 175, 10, 10
Number of fish expected: 2862

5, 45, 10, 5, 15, 60, 10, 10, 5, 910, 960, 960, 955, 960, 955, 955, 960, 955, 960
Number of fish expected: 1204

0, 0, 5, 0, 0, 140, 10, 10, 5, 910, 955, 960, 955, 960, 960, 955, 955, 960, 960, 955, 960, 955, 955, 960, 955
Number of fish expected: 2421

5, 5, 0, 20, 10, 45, 130, 10, 15, 10, 15, 5, 525, 10, 20, 0, 0, 0, 5, 5, 5, 0, 15
Number of fish expected: 456

230, 0, 0, 10, 5, 5, 10, 10
Number of fish expected: 1060

255, 10, 10, 5, 10, 10, 10
Number of fish expected: 450

25, 60, 10, 15, 435, 15
Number of fish expected: 4671

255, 10, 30, 100, 10, 20, 10, 10, 15, 25, 15, 20, 10, 10
Number of fish expected: 2085

0, 10, 5, 85, 25, 5, 10, 5, 25, 955, 960, 955, 960, 960, 955, 955, 955, 955, 960, 960, 955, 955
Number of fish expected: 1878

0, 0, 85, 5, 5, 5, 130, 0, 0, 10, 0, 5, 150, 5, 15, 15, 850, 5, 20, 960, 955, 960, 960
Number of fish expected: 5003

170, 5, 5, 10, 0, 0, 10, 0, 5, 5, 5, 25, 20, 5, 15, 15, 850, 15, 15, 955
Number of fish expected: 2897

5, 10, 70, 15, 5, 10, 5, 0, 10, 960, 955, 955, 960, 960, 960, 955, 960
Number of fish expected: 1146

940, 10
Number of fish expected: 161

5, 5, 75, 40, 10, 10, 25, 25, 15, 10, 10, 10, 30, 75, 0, 30, 20, 20, 10, 60, 5, 10
Number of fish expected: 3192

0, 0, 5, 5, 0, 5, 0, 0, 0, 0, 0, 555, 160
Number of fish expected: 8152

535, 35, 10, 10, 10, 10, 15
Number of fish expected: 700

5, 5, 15, 5, 0, 5, 15, 5, 10, 0, 30, 35, 160, 660, 5, 15, 5, 10, 10, 955
Number of fish expected: 1012

10, 10, 0, 0, 500, 45, 10, 5, 10, 25, 20, 665, 115
Number of fish expected: 4738

20, 15, 25, 10, 20, 5, 5, 5, 5, 25, 15, 50, 5, 10, 10, 30
Number of fish expected: 1484

65, 10, 10, 15, 10, 10, 15, 15, 25, 10, 15, 20, 155, 10
Number of fish expected: 2373

285, 5, 10, 10, 10
Number of fish expected: 208

845, 10, 15, 10
Number of fish expected: 349

30, 10, 10, 290, 10, 10, 40, 15, 5, 15, 10, 15, 0, 10, 205
Number of fish expected: 5265

0, 10, 20, 0, 5, 5, 0, 0, 5, 10, 5, 15, 25, 25, 15, 15, 10, 875, 0, 10, 730
Number of fish expected: 1391

5, 50, 955, 955, 960, 960, 955, 955, 960, 955, 955, 955, 955, 955, 955, 955, 960, 960, 960, 955, 960, 960, 960, 960
Number of fish expected: 536

25, 5, 10, 10, 10, 45
Number of fish expected: 327

440, 15, 50, 10, 55
Number of fish expected: 651

5, 10, 15, 10, 5, 10, 20, 10, 5, 10, 15, 305, 5, 15, 5
Number of fish expected: 1700

15, 0, 10, 0, 25, 605, 15
Number of fish expected: 3467

10, 40, 0, 45, 10, 45, 130, 380, 10, 5, 10, 15, 240, 5, 10, 10, 15, 10, 15, 900, 960
Number of fish expected: 875

5, 5, 0, 5, 455, 10, 5, 10, 5, 930
Number of fish expected: 2503

520, 15, 10, 10, 15, 10, 10, 10, 15, 20, 10
Number of fish expected: 965

165, 10
Number of fish expected: 162

95, 5, 20, 15, 0, 20, 5, 0, 5, 10
Number of fish expected: 1936

35, 5, 5, 10, 10, 45, 130, 365, 295, 15, 20
Number of fish expected: 597

940, 10
Number of fish expected: 80

75, 10, 20
Number of fish expected: 169

0, 175, 955, 960, 955, 960, 955, 960, 960, 960, 955, 960, 955, 960, 960, 960, 960, 955, 960, 955, 960, 955, 960
Number of fish expected: 2310

5, 0, 0, 0, 0, 20, 10, 10, 5, 915, 955, 960, 955
Number of fish expected: 352

160, 50, 10, 40, 25, 10, 10, 15, 20, 20
Number of fish expected: 2017

10, 20, 25, 10, 30, 10, 15, 15, 10, 25
Number of fish expected: 1114

10, 35, 50, 10, 195, 30, 10, 10, 15, 10, 10, 10, 10, 10, 20, 40, 20, 20, 20, 15, 145
Number of fish expected: 4386

10, 5, 15, 5, 10, 5, 10, 0, 95, 40, 10, 5, 125, 5, 10, 5, 5, 15, 5, 70, 10, 955
Number of fish expected: 4030

5, 165, 960, 955, 955, 955, 960, 955, 960, 955, 955, 955, 955, 955, 955, 960, 960, 955, 955, 960, 960
Number of fish expected: 2250

15, 0, 40, 10, 5, 10, 15, 5, 740
Number of fish expected: 1869

165, 10, 10, 20, 10, 10, 10, 10, 10, 10, 10, 10, 10, 60, 15, 5, 10, 10, 10, 10, 10, 20, 35
Number of fish expected: 2681

180, 25, 10, 15, 10, 10, 10
Number of fish expected: 803

120, 940, 10, 960, 955, 955, 955
Number of fish expected: 1188

5, 0, 0, 0, 5, 5, 5, 0, 5, 0, 0, 70, 5, 10, 0, 5, 380, 15, 935, 960, 960, 955, 955
Number of fish expected: 5542

15, 25, 5, 10, 5, 5, 30, 30, 5, 945
Number of fish expected: 811

505, 10, 10, 10, 25, 75, 10, 15, 15, 10, 10, 15, 15, 10, 5, 5, 15, 10, 10
Number of fish expected: 2070

10, 15, 735, 5, 10, 10, 10, 0, 5, 10, 10
Number of fish expected: 1061

15, 10, 10, 15, 240, 10, 10, 10, 10, 15
Number of fish expected: 727

5, 0, 5, 0, 0, 0, 5, 5, 0, 25, 30, 35, 760, 5, 5, 5, 5, 5, 5, 20, 730, 0
Number of fish expected: 507

0, 5, 5, 5, 15, 10, 10, 5, 0, 0, 5, 30, 5, 5, 15, 15, 845, 5, 5, 10, 725, 0, 30, 35, 100
Number of fish expected: 725
